   0.0000000000000000       0.55829773465452015       0.30289208390110123       0.29695598081515612        97.026412963867188     
  0.10000000000000002       0.55822616564405292       0.29779685433329045       0.29696151972740936        93.277673632601477     
  0.20000000000000004       0.55806674894182151       0.28882834899012511       0.29697454471825757        90.787738524449452     
  0.30000000000000004       0.55799703966548453       0.27980705739352602       0.29698149197348567        89.098015826235212     
  0.40000000000000008       0.55804939664484632       0.27005745851222623       0.29697929568725345        87.910133282522494     
  0.50000000000000011       0.55826716981173163       0.26074405723967042       0.29696387401754087        87.042553480357796     
  0.60000000000000009       0.55866442049770115       0.24681718275683731       0.29693322766513969        86.354103610289130     
  0.70000000000000007       0.55923033057256122       0.23050119133452496       0.29688724147058093        85.729880163186863     
  0.80000000000000004       0.56002952932683747       0.21450200824256729       0.29682024033173715        85.137253430204566     
  0.90000000000000002       0.56125950442857830       0.19970824985181498       0.29671647325145589        84.566240030660467     
   1.0000000000000000       0.56307739649135158       0.18692203819713790       0.29656282358631358        84.016773643012286     
   1.1000000000000001       0.56549600644677744       0.17650092081395627       0.29635650662497681        83.493122754009406     
   1.2000000000000002       0.56840987369125429       0.16860309444272004       0.29610300709877391        83.001697715237668     
   1.3000000000000003       0.57159495019253459       0.16327618224644347       0.29581586563479589        82.551133460182584     
   1.4000000000000004       0.57471485016674673       0.16050472095536372       0.29551641442874033        82.152813682710232     
   1.5000000000000004       0.57703967539325318       0.16024247688659438       0.29525362702353081        81.824335575246963     
   1.6000000000000005       0.57775798342531370       0.16242428152050697       0.29509004093867686        81.593845122364357     
   1.7000000000000006       0.57653555649642863       0.16695967362277475       0.29506699882180043        81.490154071385689     
   1.8000000000000007       0.57348982756261213       0.17371064822016399       0.29519912140450572        81.532396967103494     
   1.9000000000000008       0.56913824406315250       0.18244564091759294       0.29546603794912252        81.723996553523108     
   2.0000000000000009       0.56439132658392155       0.19288154119679399       0.29580078371100282        82.049105343287266     
   2.1000000000000010       0.56012236371117485       0.20480192314459386       0.29612574758164001        82.475140283637401     
   2.2000000000000011       0.55676670800027495       0.21797551492210379       0.29639749787936742        82.965695750431777     
   2.3000000000000012       0.55447637034268127       0.23210311424686667       0.29659772490922498        83.488920705501883     
   2.4000000000000012       0.55321446732249824       0.24681711694098146       0.29672497487987770        84.019643645859404     
   2.5000000000000013       0.55276274984447293       0.26167762426286956       0.29679307056541354        84.540025512708581     
   2.6000000000000014       0.55271502272825024       0.27617880501998232       0.29683106578399882        85.039987111275380     
   2.7000000000000015       0.55270975257331101       0.28975977447885559       0.29686583637529174        85.515700497721440     
   2.8000000000000016       0.55260832558465134       0.30184277860336400       0.29690831385686772        85.963208713993168     
   2.9000000000000017       0.55236403436363379       0.31193696013063177       0.29696293016239877        86.375678923896544     
   3.0000000000000018       0.55196862526975188       0.31965567107271003       0.29703136821711879        86.744390709643994     
   3.1000000000000019       0.55146261802779228       0.32472862006089120       0.29711135848851356        87.060214827390055     
   3.2000000000000020       0.55089921144700726       0.32699444544195017       0.29719922942350585        87.313372024396941     
   3.3000000000000020       0.55057908150346158       0.32642393755694810       0.29727093758944095        87.493807479873269     
   3.4000000000000021       0.55104128942162334       0.32310984094107909       0.29728215690382248        87.585783028822036     
   3.5000000000000022       0.55264248026651108       0.31726582057407898       0.29720312628920698        87.571373918879885     
   3.6000000000000023       0.55544849441598421       0.30921785403875035       0.29702713943485354        87.438024019809177     
   3.7000000000000024       0.55927612613627486       0.29939350238560258       0.29676538785045320        87.183303561162930     
   3.8000000000000025       0.56368258372002755       0.28828387287056378       0.29644568915737091        86.817560890408274     
   3.9000000000000026       0.56833072700010223       0.27634862002787219       0.29608911158693785        86.361621547275135     
   4.0000000000000027       0.57314955220358488       0.26401238767334650       0.29570029048318275        85.837173985182417     
   4.1000000000000023       0.57807303390247666       0.25166934104051714       0.29528369117415071        85.263806252101105     
   4.2000000000000020       0.58300291625756218       0.23967372741645465       0.29484582937330972        84.659922627284459     
   4.3000000000000016       0.58780718995866799       0.22833831243431371       0.29439534552385105        84.043387650364338     
   4.4000000000000012       0.59233653901279282       0.21793020671609409       0.29394210553838551        83.431669911011653     
   4.5000000000000009       0.59623850609224105       0.20868504004276522       0.29350833193023390        82.843623473298734     
   4.6000000000000005       0.59907113646322097       0.20085314488628181       0.29312372697190614        82.302723306138788     
   4.7000000000000002       0.60063558053011890       0.19542120148259473       0.29280657407092403        81.837310619715041     
   4.7999999999999998       0.60099149332972202       0.19352207427905557       0.29256069604281137        81.479489865947542     
   4.8999999999999995       0.60043174551473666       0.19609139479364912       0.29237375158072193        81.257189304126413     
   4.9999999999999991       0.59947948657010142       0.20402608743171627       0.29221446616120406        81.189721556926045     
   5.0999999999999988       0.59870376757151578       0.21829999778391052       0.29204449998959181        81.287888091337635     
   5.1999999999999984       0.59847249645477307       0.24001504144517793       0.29183741706631550        81.560435493742403     
   5.2999999999999980       0.59895776769858933       0.27033324382110230       0.29157992754419576        82.020337963347600     
   5.3999999999999977       0.60018564192104518       0.31024114767064143       0.29126869143638079        82.686084555536425     
   5.4999999999999973       0.60203857868353206       0.36009109812764917       0.29090974102834893        83.578163338235740     
   5.5999999999999970       0.60427495598646386       0.41894953619635067       0.29051681565302057        84.710834252284940     
   5.6999999999999966       0.60648873104924117       0.48296760926948767       0.29011388307351688        86.073329115776957     
   5.7999999999999963       0.60813557190084067       0.54640100257733226       0.28973506264244608        87.612988537020811     
   5.8999999999999959       0.60878736638515407       0.60363568875828932       0.28941124339594793        89.242136589444939     
   5.9999999999999956       0.60826772936110673       0.65115182649294645       0.28916147067834069        90.859818709043864     
   6.0999999999999952       0.60662163094356258       0.68748791703726686       0.28899237097010128        92.376839114451215     
   6.1999999999999948       0.60409420851307005       0.71246891233120901       0.28889609701071944        93.724958344832714     
   6.2999999999999945       0.60114439232151151       0.72654177155633837       0.28884581566346940        94.855435487099072     
   6.3999999999999941       0.59817140008695546       0.73023171197045467       0.28881455703796183        95.733188605415179     
   6.4999999999999938       0.59528480834355724       0.72386068489271960       0.28879487351113292        96.335629455387874     
   6.5999999999999934       0.59248622962364605       0.70751092158301143       0.28878720560325599        96.649590973592126     
   6.6999999999999931       0.58976135598014068       0.68121201448478230       0.28879319655087998        96.667103331389967     
   6.7999999999999927       0.58706888922142475       0.64532179577254234       0.28881651673470327        96.385510165285496     
   6.8999999999999924       0.58435605362209520       0.60091000076796419       0.28886178501196952        95.812203446760762     
   6.9999999999999920       0.58149253143001833       0.54931774206660189       0.28894021395504044        94.967526037211655     
   7.0999999999999917       0.57827903678268333       0.49247202793838213       0.28907014555486932        93.885810278304461     
   7.1999999999999913       0.57457282077106664       0.43305251568879732       0.28926771553911790        92.618692175309903     
   7.2999999999999909       0.57031864126070053       0.37411826096834222       0.28954365377703722        91.233469321228000     
   7.3999999999999906       0.56553708434260330       0.31858498464798513       0.28990300125582236        89.806983461523203     
   7.4999999999999902       0.56031854215060262       0.26872464125340018       0.29034413636051043        88.416044701004225     
   7.5999999999999899       0.55481550815049674       0.22588968381040822       0.29085781858642984        87.127023431862270     
   7.6999999999999895       0.54923762367113882       0.19053276496684771       0.29142640711110895        85.988152141858933     
   7.7999999999999892       0.54384883662099270       0.16241611233035738       0.29202347425910052        85.026066461835185     
   7.8999999999999888       0.53906859507865490       0.14101459289575741       0.29260358907486772        84.245984569231425     
   7.9999999999999885       0.53528312244174159       0.12592601474995901       0.29312251133876988        83.636961123735034     
   8.0999999999999890       0.53257381655421998       0.11667842343968673       0.29356643899834867        83.182622029444644     
   8.1999999999999886       0.53073616868114537       0.11286548228004147       0.29394946235286629        82.868846079440559     
   8.2999999999999883       0.52928578633812029       0.11437422063893041       0.29431191016046748        82.691074118691716     
   8.3999999999999879       0.52763090698359549       0.12149467999174605       0.29470663693892957        82.659207618107970     
   8.4999999999999876       0.52532718925594313       0.13497020424855696       0.29517900492015869        82.796339554730565     
   8.5999999999999872       0.52214165361422160       0.15597699265185097       0.29576113082432010        83.134960442600743     
   8.6999999999999869       0.51802655449561508       0.18595852677535710       0.29647153548859123        83.713502330800992     
   8.7999999999999865       0.51310176862373180       0.22621162057650226       0.29731229238225526        84.571355328021369     
   8.8999999999999861       0.50762756036422430       0.27696566762112068       0.29826671475841504        85.738915656033484     
   8.9999999999999858       0.50199158598794058       0.33595123428191909       0.29929640857397144        87.217541256902550     
   9.0999999999999854       0.49642620901875861       0.39835379811612315       0.30037459898426483        88.960085790360239     
   9.1999999999999851       0.49094751677784837       0.45820744474688019       0.30149855908928197        90.872711692460214     
   9.2999999999999847       0.48558184280349376       0.51068521133462275       0.30266413913184925        92.834073405838112     
   9.3999999999999844       0.48037285211382524       0.55274297412522666       0.30386471610489785        94.723259655982787     
   9.4999999999999840       0.47539960590315217       0.58296721439638266       0.30508832802827301        96.437637290867556     
   9.5999999999999837       0.47072215266895945       0.60118551332585457       0.30632445243139483        97.902352239014533     
   9.6999999999999833       0.46687279451101976       0.60793631509075563       0.30749946888262825        99.066883011767118     
   9.7999999999999829       0.46475613293606577       0.60415064692655351       0.30849331997952689        99.890232175848396     
   9.8999999999999826       0.46486069753183251       0.59109602849984311       0.30924889283520024        100.34350642170290     
   9.9999999999999822       0.46712313509525077       0.57051049292461642       0.30977789453146176        100.42073315604860     
   10.099999999999982       0.47095542891868680       0.54484436195550068       0.31013955497070661        100.14859085305496     
   10.199999999999982       0.47522755946843392       0.51696892706682018       0.31043256853431589        99.592847318756867     
   10.299999999999981       0.47909882514075963       0.48923029917919425       0.31072887850005548        98.847013913678012     
   10.399999999999981       0.48238652728121512       0.46420364772453204       0.31104675005734161        98.006109079455612     
   10.499999999999980       0.48500716526157850       0.44468892052372794       0.31139730348317135        97.164078025834101     
   10.599999999999980       0.48691381072379891       0.43243260046721677       0.31178959417173202        96.408013131158796     
   10.699999999999980       0.48807240218496356       0.42790968810866131       0.31223262126773843        95.806052324882700     
   10.799999999999979       0.48850772425993000       0.43048414339232338       0.31273083881875186        95.400456248136507     
   10.899999999999979       0.48767189447538734       0.43839603195405008       0.31334835858376037        95.208906489919300     
   10.999999999999979       0.48465571290691378       0.44908723047505666       0.31420959715104263        95.235787144855195     
   11.099999999999978       0.47915431750464571       0.46008056615971510       0.31541053863337604        95.468425559715669     
   11.199999999999978       0.47148255565948383       0.46910193469423650       0.31698972009435361        95.872354301062813     
   11.299999999999978       0.46244685011555287       0.47408015004018461       0.31889619387757945        96.389672299288492     
   11.399999999999977       0.45321915181769740       0.47272891135160955       0.32096489300437436        96.938683423673609     
   11.499999999999977       0.44550037962555467       0.46269427815681424       0.32288547020121761        97.410206492210108     
   11.599999999999977       0.44095437185262870       0.44280821009356364       0.32437369035969060        97.676412886778593     
   11.699999999999976       0.44035948331181063       0.41354650103545482       0.32535426593315592        97.626898022336391     
   11.799999999999976       0.44346726357784155       0.37708207521546971       0.32590629833944412        97.201354147186777     
   11.899999999999975       0.44885632071066078       0.33719032371173563       0.32619879427675574        96.413344775561072     
   11.999999999999975       0.45439670250573466       0.29838114907087981       0.32642711545004205        95.358181877051706     
   12.099999999999975       0.45884502774508329       0.26411554712708979       0.32670400257442117        94.179014089793228     
   12.199999999999974       0.46191539442830482       0.23606817485940884       0.32706660123655068        93.007780250966050     
   12.299999999999974       0.46347705254747185       0.21482023286460730       0.32754384096993572        91.944527629648917     
   12.399999999999974       0.46363679896043175       0.20038718561189856       0.32814469617713654        91.056273467419587     
   12.499999999999973       0.46269819821581804       0.19254341957178675       0.32885533093297387        90.380039834735371     
   12.599999999999973       0.46102042607791882       0.19107117326819950       0.32964925390044647        89.929657231926512     
   12.699999999999973       0.45881801423037405       0.19588333067660482       0.33051101619553541        89.706340716240604     
   12.799999999999972       0.45619705673073230       0.20703526264399130       0.33143637659707414        89.707789064794412     
   12.899999999999972       0.45322090681546701       0.22463607704933714       0.33242601612084993        89.931914275040995     
   12.999999999999972       0.44990363201579142       0.24862411231684317       0.33348670941254105        90.377035914249973     
   13.099999999999971       0.44621777148015473       0.27878101384101273       0.33463092083140905        91.040433940335348     
   13.199999999999971       0.44201188687462217       0.31504782890632582       0.33589016641120711        91.920630511688131     
   13.299999999999971       0.43712456511584663       0.35715932900764907       0.33730272362940494        93.019255335503232     
   13.399999999999970       0.43157264827754099       0.40436367878600704       0.33888465661874206        94.333088694993677     
   13.499999999999970       0.42553241953252519       0.45538891141905602       0.34062486251474000        95.846588526665002     
   13.599999999999969       0.41931324401891484       0.50849500755994359       0.34248128220370377        97.527703874711349     
   13.699999999999969       0.41334978308826342       0.56166212685534866       0.34437702815648580        99.326853156252000     
   13.799999999999969       0.40807737078451567       0.61286736321016744       0.34622482785176484        101.18004627821665     
   13.899999999999968       0.40376189369807697       0.66036314838513888       0.34796532817966819        103.01788439218777     
   13.999999999999968       0.40047715813289492       0.70287277871822640       0.34957387650050958        104.77581673996067     
   14.099999999999968       0.39812360934452040       0.73965753298165060       0.35105564267461037        106.40193748474540     
   14.199999999999967       0.39642778710033705       0.77046393072633979       0.35244368082608435        107.86180165503656     
   14.299999999999967       0.39498550291591616       0.79538844510271500       0.35379258864182311        109.14015152781059     
   14.399999999999967       0.39345812347493109       0.81477068913601791       0.35515147155180282        110.23793441578675     
   14.499999999999966       0.39168101309217573       0.82909582088398937       0.35654906297255889        111.16556890472235     
   14.599999999999966       0.38962465248430428       0.83884742880182006       0.35799855739176262        111.93716319209535     
   14.699999999999966       0.38738722913852069       0.84441626590294316       0.35949380098729367        112.56578987742940     
   14.799999999999965       0.38518288759196906       0.84606079974570680       0.36100589021917184        113.06005598947458     
   14.899999999999965       0.38341402154749193       0.84389129129996143       0.36246802221047658        113.42096430444100     
   14.999999999999964       0.38250730035141234       0.83787217608606501       0.36380511880666883        113.64004434287952     
   15.099999999999964       0.38268860559297824       0.82784056453349164       0.36497624383885008        113.70390964898539     
   15.199999999999964       0.38399245279808708       0.81354170248976843       0.36597268398623112        113.59898345360635     
   15.299999999999963       0.38624909510550964       0.79469427482512645       0.36681534825124573        113.31508463974606     
   15.399999999999963       0.38918230243641716       0.77102768592265725       0.36753792730160179        112.84777378938696     
   15.499999999999963       0.39270202257608461       0.74230389470080815       0.36814946176828495        112.19547890192194     
   15.599999999999962       0.39681317828385476       0.70842604957040312       0.36864723479087952        111.35538546740018     
   15.699999999999962       0.40139218598560822       0.66955831743222394       0.36904392776531003        110.32743716285820     
   15.799999999999962       0.40622587491218926       0.62621560011960098       0.36936194982004961        109.11897128481033     
   15.899999999999961       0.41099456082508351       0.57931491414682301       0.36963515323685980        107.74837137743206     
   15.999999999999961       0.41538975152349428       0.53015062547167480       0.36989742461647163        106.24674468026224     
   16.099999999999962       0.41931578083499771       0.48028401365869194       0.37016175263379653        104.65424902397316     
   16.199999999999964       0.42279719692046491       0.43136529229105286       0.37042848940996426        103.01478205287466     
   16.299999999999965       0.42584412393806453       0.38493198562363523       0.37069900106529008        101.37387495301046     
   16.399999999999967       0.42847452049018370       0.34223806792332290       0.37097345003978632        99.775808765438242     
   16.499999999999968       0.43069926810043357       0.30415953116339428       0.37125266440948601        98.260325827995487     
   16.599999999999969       0.43254657873918773       0.27118389674584764       0.37153572755809239        96.859753180483438     
   16.699999999999971       0.43372801627073698       0.24346249873929146       0.37185897658706907        95.600218255880520     
   16.799999999999972       0.43373551963151286       0.22092923454514635       0.37229342660873094        94.508495778860961     
   16.899999999999974       0.43232692825993496       0.20317732803100844       0.37289273448303334        93.607079218094242     
   16.999999999999975       0.42954458126834688       0.18959214157848112       0.37368357509743483        92.906348560172617     
   17.099999999999977       0.42566920843228528       0.17959410412209031       0.37465862590793964        92.402751989643093     
   17.199999999999978       0.42119346666577895       0.17268796189659394       0.37576633445504598        92.079969135482244     
   17.299999999999979       0.41666526646465812       0.16845373072682432       0.37692802657466090        91.911066686157199     
   17.399999999999981       0.41230972599880744       0.16653251303039626       0.37810629397626866        91.866094220020528     
   17.499999999999982       0.40812543651400240       0.16660509590990250       0.37929910938633382        91.920766611921280     
   17.599999999999984       0.40413963207664461       0.16836586396085115       0.38049903974986576        92.055750986816847     
   17.699999999999985       0.40037208301965965       0.17150142989545408       0.38169939790215052        92.254801917981752     
   17.799999999999986       0.39684613813663622       0.17564654592855336       0.38289264691069452        92.503217073540355     
   17.899999999999988       0.39358678094159694       0.18057245183586307       0.38407109142910956        92.787682570121262     
   17.999999999999989       0.39070071428241865       0.18620303942163813       0.38521299227024980        93.096856497928670     
   18.099999999999991       0.38833985621647787       0.19248590977720792       0.38628815158743546        93.419769081524777     
   18.199999999999992       0.38657685981429729       0.19935845306660685       0.38727990485577468        93.746363945028662     
   18.299999999999994       0.38540674683362841       0.20675105876301492       0.38818490855439292        94.068797079554258     
   18.399999999999995       0.38474986602283506       0.21458405733591832       0.38901212600988511        94.382145744265046     
   18.499999999999996       0.38445277388552801       0.22276675408570451       0.38978243067767049        94.684817568483098     
   18.599999999999998       0.38431986822581321       0.23119651904053354       0.39052424314525003        94.978549984178244     
   18.699999999999999       0.38424906701321598       0.23975855708012889       0.39125307246194585        95.266565321683359     
   18.800000000000001       0.38422783551666367       0.24832600665393351       0.39197113895910762        95.550459389909250     
   18.900000000000002       0.38424329566344989       0.25676108851554819       0.39268056444359023        95.830094296893051     
   19.000000000000004       0.38429137448816575       0.26491555071965633       0.39338183618585976        96.103897759360734     
   19.100000000000005       0.38437613294442807       0.27263347541463878       0.39407397694447444        96.369242405173736     
   19.200000000000006       0.38449832088327179       0.27975112882598796       0.39475642704986430        96.622580577833133     
   19.300000000000008       0.38472583741333094       0.28610647907024434       0.39541838942397833        96.859300437744736     
   19.400000000000009       0.38523497043113691       0.29145477762411304       0.39603200673320915        97.071529581122050     
   19.500000000000011       0.38617461020932431       0.29541378458674178       0.39657270207165574        97.246937570765553     
   19.600000000000012       0.38759041190160182       0.29764273021901394       0.39703094129937105        97.371523896897799     
   19.700000000000014       0.38944125267235608       0.29791072739293556       0.39740949148818910        97.433234357135305     
   19.800000000000015       0.39161196810527110       0.29609674464066654       0.39772073967595201        97.424211000105316     
   19.900000000000016       0.39405892041425467       0.29219688051906495       0.39796742895923293        97.340683185191651     
   20.000000000000018       0.39680094133955446       0.28632435691922420       0.39814384780323359        97.180740715311785     
   20.100000000000019       0.39979569199030879       0.27870263696695297       0.39825193071176884        96.945321112135872     
   20.200000000000021       0.40294944860608689       0.26965934867402491       0.39830033566761369        96.639577275419541     
   20.300000000000022       0.40611718874220065       0.25960184546188575       0.39830490442949196        96.273425943390350     
   20.400000000000023       0.40908779454623856       0.24907811115993822       0.39829069399330796        95.862098473684185     
   20.500000000000025       0.41140333693647135       0.23879127515570686       0.39831470123706858        95.429248939225175     
   20.600000000000026       0.41258383919848624       0.22942418985794705       0.39844580394062551        95.008656850301463     
   20.700000000000028       0.41246178469240008       0.22165473195742405       0.39872563318132648        94.636042396483560     
   20.800000000000029       0.41113888944901517       0.21605992272165386       0.39916578172248324        94.341850337202004     
   20.900000000000031       0.40894856841171662       0.21308919292673431       0.39974128190826658        94.146458077236730     
   21.000000000000032       0.40643593023750418       0.21311949922641288       0.40038314429350202        94.058077120473968     
   21.100000000000033       0.40419906693387664       0.21650075301794855       0.40100056229657610        94.073411263490527     
   21.200000000000035       0.40266404948781670       0.22359309698149524       0.40152351085333249        94.183366008850811     
   21.300000000000036       0.40207300917474753       0.23478666842426149       0.40191092952879626        94.379473347393059     
   21.400000000000038       0.40252706318771098       0.25050063116698573       0.40214490288717591        94.657283597821944     
   21.500000000000039       0.40398850480421938       0.27115281768643396       0.40222824913901195        95.018034005808303     
   21.600000000000041       0.40626684471032026       0.29708377406098813       0.40218331303891430        95.469287880744758     
   21.700000000000042       0.40914876633307729       0.32836670634137866       0.40203433903464753        96.022869889690341     
   21.800000000000043       0.41258286711166337       0.36480648697664597       0.40178608226795531        96.688214973711936     
   21.900000000000045       0.41656422276985716       0.40591876925939541       0.40143798712428225        97.467736690544001     
   22.000000000000046       0.42101343739809360       0.45086430345290579       0.40099776158500722        98.356517031561751     
   22.100000000000048       0.42580020783183031       0.49844952346332638       0.40047832514408099        99.342227512013864     
   22.200000000000049       0.43073208132122803       0.54720453250935142       0.39989872406197768        100.40546323974139     
   22.300000000000050       0.43558966726381182       0.59553367760775922       0.39928085849737155        101.52093792489239     
   22.400000000000052       0.43987257981786726       0.64190403248246897       0.39867524417048850        102.66207641190717     
   22.500000000000053       0.44292319245728667       0.68502113968602252       0.39815496264056127        103.80945263398114     
   22.600000000000055       0.44441013880374908       0.72394649626851415       0.39777233822310260        104.94880492211449     
   22.700000000000056       0.44437583218907545       0.75813477093466897       0.39754783641612906        106.06573152631671     
   22.800000000000058       0.44317675064180423       0.78739954354115360       0.39746431926983772        107.14283660754128     
   22.900000000000059       0.44147454322033491       0.81182982253622715       0.39745563096251091        108.15782195927144     
   23.000000000000060       0.43995466998459615       0.83168917379015117       0.39743851604914082        109.08362494835274     
   23.100000000000062       0.43899269906394400       0.84734295217596023       0.39736287689197813        109.89539680695171     
   23.200000000000063       0.43873720997730686       0.85933271304313985       0.39720668100469375        110.57728327636110     
   23.300000000000065       0.43921448806742802       0.86819462319864282       0.39696330187753298        111.12356201576181     
   23.400000000000066       0.44032485720385817       0.87436593943095953       0.39664111693760229        111.53673231031131     
   23.500000000000068       0.44183801145473045       0.87819408354920081       0.39626294932724565        111.82620742150827     
   23.600000000000069       0.44350274164891329       0.87994781531547905       0.39585375586993077        112.00674838630535     
   23.700000000000070       0.44521730483940375       0.87983451653912548       0.39542255052218900        112.09406563074843     
   23.800000000000072       0.44695758649317741       0.87801923112919555       0.39497000563961626        112.10117403888769     
   23.900000000000073       0.44868317658143952       0.87464636771519777       0.39449878798652760        112.03877782542934     
   24.000000000000075       0.45034875945049824       0.86986278176073129       0.39401284202132547        111.91621478140360     
   24.100000000000076       0.45191388442379338       0.86382094078523763       0.39351684007998061        111.74205730074044     
   24.200000000000077       0.45325578332701499       0.85653650035038864       0.39302546997424181        111.52430106334330     
   24.300000000000079       0.45417499601256089       0.84795614442341327       0.39256384079592804        111.27138911923068     
   24.400000000000080       0.45454878210219046       0.83802397463255862       0.39215166395799739        110.99162396499085     
   24.500000000000082       0.45436846239979523       0.82668201577380163       0.39179788097130613        110.69098248655334     
   24.600000000000083       0.45372427325916564       0.81387749497933015       0.39150012151325109        110.37178418668957     
   24.700000000000085       0.45279379460872932       0.79956835670787252       0.39124392684887666        110.03215515686759     
   24.800000000000086       0.45185321913057996       0.78372996524778560       0.39100012586755167        109.66579127547448     
   24.900000000000087       0.45125414734746566       0.76636187222650021       0.39072746782321160        109.26177111455210     
   25.000000000000089       0.45128508713424537       0.74749449092280551       0.39039042207248426        108.80636644526187     
   25.100000000000090       0.45209479294168142       0.72719490729424907       0.38996967581788050        108.28688865748474     
   25.200000000000092       0.45371012361948271       0.70557158673966436       0.38945999439335344        107.69445696932412     
   25.300000000000093       0.45603786949272884       0.68277659291227588       0.38886898218144872        107.02560630203884     
   25.400000000000095       0.45887615717594221       0.65900551541884889       0.38821474470033768        106.28320162069099     
   25.500000000000096       0.46190067882351460       0.63449421305145104       0.38752646077734126        105.47702632865496     
   25.600000000000097       0.46483041417442622       0.60951260825871956       0.38682940685109873        104.62290960133349     
   25.700000000000099       0.46759469648889135       0.58435575496575121       0.38612965320881326        103.73756580377319     
   25.800000000000100       0.47020123457152602       0.55933316100890762       0.38542604680283465        102.83533548226450     
   25.900000000000102       0.47264698585893078       0.53475707533986927       0.38471886504873454        101.92881160912188     
   26.000000000000103       0.47493003197822725       0.51093098097300782       0.38400913243937823        101.02953969094617     
   26.100000000000104       0.47704795190579258       0.48814080710290775       0.38329870152621304        100.14819204132938     
   26.200000000000106       0.47899410192076486       0.46664475496716779       0.38259020093454482        99.294728651963652     
   26.300000000000107       0.48077560048237833       0.44667227879257937       0.38188514522506578        98.478202079470535     
   26.400000000000109       0.48224735917493255       0.42842057881009382       0.38119947440642593        97.707837510880196     
   26.500000000000110       0.48309023051190320       0.41205054556380816       0.38056773609614825        96.996879843766379     
   26.600000000000112       0.48305447043756544       0.39771781949958940       0.38002224498119808        96.361775418431122     
   26.700000000000113       0.48201480460329821       0.38548227188317397       0.37958751583840844        95.817759766076861     
   26.800000000000114       0.47995405905970323       0.37627142146298737       0.37928022430005515        95.380879950920061     
   26.900000000000116       0.47695720683838250       0.37191694195471031       0.37910715480980212        95.077081002880220     
   27.000000000000117       0.47319411502407505       0.37420967242769065       0.37906385153458055        94.940935927679718     
   27.100000000000119       0.46891797492605009       0.38477356206522828       0.37913141532679051        95.008684200635699     
   27.200000000000120       0.46430871712644728       0.40519325941491396       0.37929518110579175        95.316393679971171     
   27.300000000000122       0.45941949257705661       0.43697469843306463       0.37955452799174427        95.902249256655082     
   27.400000000000123       0.45430497548643223       0.48128784255277857       0.37990752906861930        96.804715947266757     
   27.500000000000124       0.44903867664251873       0.53838419469267162       0.38034818724018438        98.055287918867208     
   27.600000000000126       0.44370900165599786       0.60670492178314406       0.38086648969979703        99.665293872086664     
   27.700000000000127       0.43841724020381684       0.68221534718223942       0.38144835964886981        101.60879405851887     
   27.800000000000129       0.43327533351576053       0.75776215373623923       0.38207586690642992        103.80370412160283     
   27.900000000000130       0.42839238796572165       0.82536478569839999       0.38272956817594894        106.10762925697193     
   28.000000000000131       0.42381146124299351       0.87988677437995200       0.38339948635951415        108.35393399519836     
   28.100000000000133       0.41952751396427940       0.92016617966805203       0.38408340234321592        110.40281643770827     
   28.200000000000134       0.41554645281359465       0.94795558127238400       0.38477741643574992        112.17059653987370     
   28.300000000000136       0.41187949785594530       0.96621640727779423       0.38547661472786565        113.63146133127789     
   28.400000000000137       0.40854438123427400       0.97784716964758689       0.38617470700017781        114.80159902568136     
   28.500000000000139       0.40556526356000627       0.98512690532190417       0.38686390458618491        115.71949399849697     
   28.600000000000140       0.40296696098577506       0.98964583320603150       0.38753581809126014        116.43020995776673     
   28.700000000000141       0.40076202673824185       0.99244532537054475       0.38818380780266321        116.97631702392397     
   28.800000000000143       0.39895493799460791       0.99419689067959793       0.38880262329022436        117.39411039620038     
   28.900000000000144       0.39754389700578591       0.99530126241013472       0.38938818521094876        117.71249921141396     
   29.000000000000146       0.39653990867580002       0.99599007134302320       0.38993464779793452        117.95321243180334     
   29.100000000000147       0.39589919629376830       0.99639843940806172       0.39044469648826580        118.13245132151536     
   29.200000000000149       0.39599106968618225       0.99660610363462687       0.39086120531053853        118.25953632299820     
   29.300000000000150       0.39813854924434311       0.99665574040069083       0.39100262362588961        118.32239476375342     
   29.400000000000151       0.40357728958991707       0.99658335669182951       0.39073999134851239        118.28414639325230     
   29.500000000000153       0.41250384928494044       0.99636425667617834       0.39009585343066483        118.10708509446006     
   29.600000000000154       0.42418588872114710       0.99607878946197759       0.38916784671302446        117.77466721687030     
   29.700000000000156       0.43670044785198037       0.99235865045469474       0.38811318501424186        117.28929197428664     
   29.800000000000157       0.44845174736152765       0.97154882710839363       0.38704718293363488        116.60967563186584     
   29.900000000000158       0.45899427419267275       0.84660374901817470       0.38600486172750537        115.26244510267351     
   30.000000000000160       0.46807282634744568       0.39601728502909095       0.38501079086676260        110.96654634838697     
   30.100000000000161       0.47555502390207038        6.1148774596234384E-002  0.38408382433725885        103.10005973165835     
   30.200000000000163       0.48140819137473095        4.8802428573413367E-003  0.38323806176574249        96.152261496966290     
   30.300000000000164       0.48569533086522559        2.8425012085627740E-004  0.38248170720018226        91.378519544559595     
   30.400000000000166       0.48854235773548321        1.3588233406116067E-005  0.38181802609182230        88.229397785017170     
   30.500000000000167       0.49004993216262643        5.6713415445622608E-007  0.38125205784943345        86.164441654266170     
   30.600000000000168       0.49021554078602469        2.0978471725428770E-008  0.38079894781066764        84.822567062813192     
   30.700000000000170       0.48918664750649282        8.2743003842143114E-010  0.38046064835483989        83.970727855369120     
   30.800000000000171       0.48718744590473773        4.6604016408495537E-011  0.38022922867972753        83.454889243168424     
   30.900000000000173       0.48425770175039995        4.6899385803238181E-012  0.38011471219573234        83.173941165984616     
   31.000000000000174       0.48038844082508753        7.8315754995359374E-013  0.38013429460558074        83.063079805862316     
   31.100000000000176       0.47560329488063324        1.9228917298036945E-013  0.38030364878830952        83.080808065172434     
   31.200000000000177       0.46997517618366419        6.2043188466000130E-014  0.38063350103098520        83.199565752091218     
   31.300000000000178       0.46362017726615046        2.4706029109443458E-014  0.38112829207504040        83.399781692092972     
   31.400000000000180       0.45669415450428580        1.1671130652119102E-014  0.38178420292969845        83.666139801453980     
   31.500000000000181       0.44938585654871527        6.3372755401306704E-015  0.38258768280033983        83.985258181066087     
   31.600000000000183       0.44191421309913764        3.8495750417727762E-015  0.38351368518437146        84.344276949422166     
   31.700000000000184       0.43443677199872199        2.5612154080590411E-015  0.38454126224231006        84.730831390581969     
   31.800000000000185       0.42701989369326432        1.8350328798541732E-015  0.38566208358069687        85.134884489054400     
   31.900000000000187       0.41971045777691118        1.3976398926367384E-015  0.38686963652747081        85.548879095516966     
   32.000000000000185       0.41254284577285322        1.1182083250637338E-015  0.38815847528105957        85.967118172009265     
   32.100000000000186       0.40554132313498314        9.3172648539031940E-016  0.38952407627894758        86.385368601795548     
   32.200000000000188       0.39872220794662144        8.0262073354290250E-016  0.39096295213511317        86.800483626800940     
   32.300000000000189       0.39209508914262264        7.1032089950753712E-016  0.39247368531394422        87.210155388147172     
   32.400000000000190       0.38566551753024669        6.4275712256014822E-016  0.39405729804697981        87.612809337084116     
   32.500000000000192       0.37943971108804697        5.9228036124194422E-016  0.39571477842666669        88.007285404100699     
   32.600000000000193       0.37342173390545491        5.5389873540593680E-016  0.39744647891054741        88.392757912414027     
   32.700000000000195       0.36761116188445131        5.2436906775497577E-016  0.39925225931419589        88.768646935909047     
   32.800000000000196       0.36200346826056573        5.0135633452803950E-016  0.40113102965989872        89.134655878725695     
   32.900000000000198       0.35659139565440923        4.8327195817472970E-016  0.40308177476144658        89.490675689264876     
   33.000000000000199       0.35136479738656967        4.6895968701621852E-016  0.40510390134822200        89.836850702442064     
   33.100000000000200       0.34631012201640737        4.5755458785565308E-016  0.40719767746676788        90.173486016632481     
   33.200000000000202       0.34142065760676393        4.4842508531222037E-016  0.40936166340154112        90.501011964613866     
   33.300000000000203       0.33670396674812098        4.4108722764727771E-016  0.41159047899471546        90.819666574204945     
   33.400000000000205       0.33216622435251975        4.3516904817804193E-016  0.41387860265807419        91.129369008413207     
   33.500000000000206       0.32779643619146154        4.3038308298687543E-016  0.41622498343343534        91.430150595457505     
   33.600000000000207       0.32357278960211733        4.2650414832401696E-016  0.41863172648961205        91.722334757511561     
   33.700000000000209       0.31946191411735048        4.2335395999571544E-016  0.42110486320871721        92.006748796621949     
   33.800000000000210       0.31541866210272490        4.2079283840894837E-016  0.42365512286100843        92.284770857976099     
   33.900000000000212       0.31139462924243172        4.1870713677159190E-016  0.42629596682380322        92.558250350571186     
   34.000000000000213       0.30720112544091671        4.1700733350266635E-016  0.42908711622007872        92.830737524848132     
   34.100000000000215       0.30257609079275127        4.1562081422629872E-016  0.43212600870228957        93.110116312563235     
   34.200000000000216       0.29740237382537466        4.1448906196155168E-016  0.43548374659731653        93.405716318836454     
   34.300000000000217       0.29170258003773203        4.1356476401070471E-016  0.43919508857929640        93.724593283292563     
   34.400000000000219       0.28560973230594666        4.1280955296300256E-016  0.44325160341842029        94.069628353116826     
   34.500000000000220       0.27933843925674423        4.1219227305731631E-016  0.44759572070326303        94.438868435516540     
   34.600000000000222       0.27317280509046199        4.1168757665626394E-016  0.45211343055590275        94.825487865683399     
   34.700000000000223       0.26740449490951412        4.1127482958987160E-016  0.45666130582337472        95.218343451237033     
   34.800000000000225       0.26217589554107529        4.1093720817659253E-016  0.46115286229273000        95.605151947654861     
   34.900000000000226       0.25750614454463233        4.1066099055427327E-016  0.46555807355597839        95.976516322151738     
   35.000000000000227       0.25339057873252246        4.1043498341106309E-016  0.46985883298467018        96.326170312987927     
   35.100000000000229       0.24978888127188764        4.1025004049947084E-016  0.47405470775611097        96.650516527628014     
   35.200000000000230       0.24662939761687608        4.1009868400829883E-016  0.47816093909301172        96.948457640286932     
   35.300000000000232       0.24381001740968272        4.0997480251964708E-016  0.48220817032937391        97.221195484472176     
   35.400000000000233       0.24120116481215739        4.0987340540930001E-016  0.48624208697011462        97.472101291369313     
   35.500000000000234       0.23868252171117976        4.0979040713261882E-016  0.49030898878054302        97.706196575291528     
   35.600000000000236       0.23617982799997658        4.0972246624140041E-016  0.49443981056616354        97.928857671596575     
   35.700000000000237       0.23366542538174881        4.0966685015434629E-016  0.49864787442462294        98.144631567962151     
   35.800000000000239       0.23115320459255539        4.0962132181614412E-016  0.50292832249484909        98.356553192825658     
   35.900000000000240       0.22869253558943253        4.0958404959466547E-016  0.50725806316788458        98.565818252825437     
   36.000000000000242       0.22636686918447299        4.0955353574390596E-016  0.51159417129730256        98.771615859076633     
   36.100000000000243       0.22424248628751642        4.0952855499557166E-016  0.51589797987541908        98.971570999778493     
   36.200000000000244       0.22234280232069809        4.0950810285669206E-016  0.52014952846237050        99.163175391506442     
   36.300000000000246       0.22067004660340733        4.0949136086125805E-016  0.52433866160519649        99.344531694011252     
   36.400000000000247       0.21921061801688127        4.0947765262261223E-016  0.52846301378098604        99.514481428687986     
   36.500000000000249       0.21793158902468202        4.0946642979618361E-016  0.53253008483447839        99.672838189457948     
   36.600000000000250       0.21679066179465248        4.0945724170767950E-016  0.53655280965216301        99.820264846030668     
   36.700000000000252       0.21568098357627016        4.0944971941539902E-016  0.54057602096415236        99.958755835361586     
   36.800000000000253       0.21445007655147766        4.0944356067661108E-016  0.54467197117371879        100.09280328233275     
   36.900000000000254       0.21300918164567673        4.0943851840750023E-016  0.54889155099105580        100.22810689473499     
   37.000000000000256       0.21134673302352466        4.0943439019298780E-016  0.55325339618347869        100.36943539350310     
   37.100000000000257       0.20951685558404576        4.0943101032751567E-016  0.55774191431064990        100.51935048570999     
   37.200000000000259       0.20762651530834475        4.0942824314652062E-016  0.56230721045349785        100.67762871978987     
   37.300000000000260       0.20585513597642277        4.0942597757804301E-016  0.56685055927711747        100.84086793225568     
   37.400000000000261       0.20449350170938155        4.0942412269867245E-016  0.57120441519137499        101.00129653414992     
   37.500000000000263       0.20379992683301967        4.0942260407000313E-016  0.57521987627278504        101.14709264265795     
   37.600000000000264       0.20386545930169431        4.0942136071988794E-016  0.57884328976689836        101.26675186671073     
   37.700000000000266       0.20462315731262873        4.0942034275357332E-016  0.58210071140588959        101.35269543138992     
   37.800000000000267       0.20581929495792603        4.0941950931015425E-016  0.58509566120596224        101.40378414925195     
   37.900000000000269       0.20711194510627837        4.0941882695241700E-016  0.58796338215125843        101.42645997346720     
   38.000000000000270       0.20834867328139370        4.0941826828731535E-016  0.59076578395434287        101.43064718038080     
   38.100000000000271       0.20952875218258954        4.0941781088888832E-016  0.59350615248898919        101.42379281170717     
   38.200000000000273       0.21064427751288578        4.0941743639946565E-016  0.59619062039036042        101.41080619727167     
   38.300000000000274       0.21170263025410713        4.0941712978013631E-016  0.59881910259704774        101.39482388306054     
   38.400000000000276       0.21271887560937064        4.0941687877968831E-016  0.60138780045797469        101.37761786720817     
   38.500000000000277       0.21372516052333965        4.0941667324966163E-016  0.60388524680404421        101.35984655233734     
   38.600000000000279       0.21479960701192874        4.0941650498280307E-016  0.60628073614438460        101.34066902706616     
   38.700000000000280       0.21601229783849701        4.0941636721718446E-016  0.60854504505786944        101.31770831621064     
   38.800000000000281       0.21736679402130357        4.0941625442386519E-016  0.61067357798178146        101.28866203764636     
   38.900000000000283       0.21880839884295319        4.0941616207694283E-016  0.61268355586138767        101.25265857326231     
   39.000000000000284       0.22022374918297780        4.0941608646968225E-016  0.61461465633698742        101.21103602242327     
   39.100000000000286       0.22145216819784719        4.0941602456771333E-016  0.61652685878404545        101.16778984800716     
   39.200000000000287       0.22236515148261718        4.0941597388674089E-016  0.61847455218732517        101.12888645758129     
   39.300000000000288       0.22292548829648207        4.0941593239267606E-016  0.62048403452872614        101.09997064103247     
   39.400000000000290       0.22317840117976331        4.0941589842018293E-016  0.62255199416103746        101.08455720009036     
   39.500000000000291       0.22323857300350533        4.0941587060596637E-016  0.62464514581319985        101.08310850837654     
   39.600000000000293       0.22329996783401346        4.0941584783328655E-016  0.62669273386086244        101.09248447801357     
   39.700000000000294       0.22358411925200428        4.0941582918999266E-016  0.62860671732825402        101.10579909256607     
   39.800000000000296       0.22422236994663003        4.0941581392107846E-016  0.63033131577739121        101.11459651194194     
   39.900000000000297       0.22521883792222944        4.0941580143747701E-016  0.63185850068129290        101.11203297155308     
   40.000000000000298       0.22645776453433611        4.0941579115325496E-016  0.63322323837216055        101.09502229670011     
   40.100000000000300       0.22771577367983645        4.0941578296115071E-016  0.63449859541126274        101.06550368819497     
   40.200000000000301       0.22883330644733257        4.0941577543722313E-016  0.63573976031600521        101.02930481031382     
   40.300000000000303       0.22976286969259924        4.0941577276276230E-016  0.63696730354502817        100.99209867759468     
   40.400000000000304       0.23047024924420939        4.0941575575765966E-016  0.63820018685857938        100.95845656115716     
   40.500000000000306       0.23093756001846691        4.0941577821043317E-016  0.63945516747246456        100.93185023861376     
   40.600000000000307       0.23116392509998257        4.0941564411307003E-016  0.64074472091802015        100.91481203905506     
   40.700000000000308       0.23112422482211459        4.0941628097172565E-016  0.64209117120074310        100.90917242373176     
   40.800000000000310       0.23073614163208805        4.0941354955361850E-016  0.64354089723979080        100.91748842608197     
   40.900000000000311       0.22992087363193647        4.0942236665875392E-016  0.64514448043477490        100.94340560807092     
   41.000000000000313       0.22863532046583207        4.0939406306490979E-016  0.64694481511509827        100.99070083292412     
   41.100000000000314       0.22685848991369456        4.0950520412026483E-016  0.64898201334813987        101.06264260942136     
   41.200000000000315       0.22460532700161898        4.0907133993361919E-016  0.65128526292927447        101.16152260503755     
   41.300000000000317       0.22175900402207185        4.1050505629224108E-016  0.65395811626810452        101.28982617448766     
   41.400000000000318       0.21813519914203411        4.0484182658123678E-016  0.65717572019098469        101.45371291093157     
   41.500000000000320       0.21376487277830669        4.2799360435027461E-016  0.66103147939114970        101.65936888547466     
   41.600000000000321       0.20878508116099603        3.5032971708305789E-016  0.66555734275019407        101.90914189724201     
   41.700000000000323       0.20378642139878989        5.1924151035671803E-015  0.67038534407522743        102.19692703296357     
   41.800000000000324       0.19925987470710785        1.3400252539891737E-013  0.67512119855448971        102.50304907006418     
   41.900000000000325       0.19519914103077765        3.3207861279358540E-012  0.67974226881348676        102.81075691705948     
   42.000000000000327       0.19162727975836205        5.3595483795727029E-011  0.68420457185562511        103.10912868239183     
   42.100000000000328       0.18859876536275935        2.0246335159610560E-009  0.68844173609894921        103.39008377537586     
   42.200000000000330       0.18619048056416465        5.1105257754476022E-008  0.69237465304173518        103.64668552861430     
   42.300000000000331       0.18472352722309601        1.2472093096138485E-006  0.69577494093795966        103.87043397676783     
   42.400000000000333       0.18542295290066482        3.1368719429072537E-005  0.69798405980629774        104.03815260610004     
   42.500000000000334       0.18985538674324653        7.5089598458722350E-004  0.69856359163254300        104.10277121401977     
   42.600000000000335       0.19882966267862487        2.2419111120774170E-002  0.69770111123500900        104.08844127982601     
   42.700000000000337       0.21058044317693897        4.1043369978131385E-002  0.69607035663218109        104.19861363039325     
   42.800000000000338       0.22219812076666437        3.8883798569715654E-002  0.69427562096582807        104.00848649258890     
   42.900000000000340       0.23298519365754786        4.4773806103505197E-002  0.69245074389352201        103.70030110185664     
   43.000000000000341       0.24305674914312819        5.1248896170619181E-002  0.69058896328673891        103.34335696155784     
   43.100000000000342       0.25246435920369126        6.1287905036131220E-002  0.68869257402006057        103.00226267187078     
   43.200000000000344       0.26130134548734540        7.5233958514681953E-002  0.68675525585321751        102.72174482803031     
   43.300000000000345       0.26973052070137421        9.4499872312340888E-002  0.68475781278700820        102.54209376834294     
   43.400000000000347       0.27799985779678721       0.12013810110968214       0.68266582661639497        102.49702599871725     
   43.500000000000348       0.28630816549296256       0.15301723048924057       0.68045228806126246        102.61441853769502     
   43.600000000000350       0.29475269994754988       0.19330734146300491       0.67810617864740108        102.91492337790507     
   43.700000000000351       0.30333538010369532       0.24005733528807660       0.67563048437267503        103.40644302397058     
   43.800000000000352       0.31199959524218390       0.29093371514948635       0.67303573901470704        104.07623058751773     
   43.900000000000354       0.32071854169875169       0.34234795937150231       0.67032760549090387        104.88348455817071     
   44.000000000000355       0.32951023751922404       0.39050762029933223       0.66750525481570244        105.75985109211524     
   44.100000000000357       0.33841905333490258       0.43286570285084114       0.66456419106701714        106.62558745786777     
   44.200000000000358       0.34750883047892250       0.46797634942436628       0.66149742652338417        107.40757308349336     
   44.300000000000360       0.35693200693854515       0.49520080861859028       0.65828819942850558        108.04564579019448     
   44.400000000000361       0.36692921903195580       0.51456783284263474       0.65491017196484125        108.49398236968410     
   44.500000000000362       0.37762926274200892       0.52655607378078961       0.65134860402282635        108.72227375645416     
   44.600000000000364       0.38896422981757661       0.53194675516717904       0.64760712213049654        108.71782344348678     
   44.700000000000365       0.40067975492565894       0.53174843636821156       0.64370558558909197        108.48599174488992     
   44.800000000000367       0.41255109032972792       0.52716720137069495       0.63966498206244427        108.04802825493935     
   44.900000000000368       0.42449383758391002       0.51965610470540002       0.63549598209072100        107.43523781821770     
   45.000000000000369       0.43642297517966611       0.51042431804965804       0.63120908655939889        106.68467498834026     
   45.100000000000371       0.44823730173054849       0.49977927789530419       0.62681616979422150        105.83014833387091     
   45.200000000000372       0.45981109828284461       0.48778255330888165       0.62233129412874977        104.89679763169187     
   45.300000000000374       0.47107732134807850       0.47454156297059635       0.61776585351601254        103.90401770778706     
   45.400000000000375       0.48204224102629162       0.46016217990857089       0.61313096304393988        102.86580075552200     
   45.500000000000377       0.49267351671261628       0.44476368926205956       0.60844698874599679        101.79261409206204     
   45.600000000000378       0.50287440882347068       0.42847498732207534       0.60373942856563445        100.69404065412992     
   45.700000000000379       0.51250015594937759       0.41143516859342455       0.59903225950789096        99.580320189884091     
   45.800000000000381       0.52130376818463442       0.39379198359660783       0.59434849356899855        98.463614435718938     
   45.900000000000382       0.52896286385147095       0.37569986753694989       0.58971369593349787        97.359600698708547     
   46.000000000000384       0.53526973417937662       0.35731727813535497       0.58514843717976317        96.285742488122352     
   46.100000000000385       0.54021057760928870       0.33880362014619181       0.58066282153957671        95.257133085382961     
   46.200000000000387       0.54393593268405060       0.32031579396211035       0.57625626191375545        94.283680028239104     
   46.300000000000388       0.54676297706505628       0.30200469679164554       0.57191502094529245        93.368529417825314     
   46.400000000000389       0.54905743722003408       0.28401185716250121       0.56761902222320770        92.507884142430257     
   46.500000000000391       0.55100305840680919       0.26646641548083810       0.56335901945313560        91.695034328628807     
   46.600000000000392       0.55265373807022000       0.24948271621270424       0.55913448001521493        90.925065087060190     
   46.700000000000394       0.55405765625669690       0.23315846034838669       0.55494498508918766        90.194963154412420     
   46.800000000000395       0.55524062189572820       0.21757369855246497       0.55079141642389584        89.503040361143292     
   46.900000000000396       0.55621325290727242       0.20279013257554471       0.54667555603669638        88.848641921162184     
   47.000000000000398       0.55696625647123454       0.18885276944398385       0.54260063142944004        88.231943126953837     
   47.100000000000399       0.55749025738840963       0.17578904646800117       0.53857000311045866        87.653666053343457     
   47.200000000000401       0.55766071765946956       0.16361186911474901       0.53459609220054327        87.115630633772042     
   47.300000000000402       0.55719988901378381       0.15232068774493970       0.53070499773206226        86.623614290085484     
   47.400000000000404       0.55589303402721701       0.14190369329881178       0.52692168632971836        86.186671489322237     
   47.500000000000405       0.55367857311005186       0.13233989736835636       0.52326208550276465        85.813173992917299     
   47.600000000000406       0.55062300498627970       0.12360122328639760       0.51973261548439875        85.508096711778038     
   47.700000000000408       0.54691040622101850       0.11565445736894003       0.51632817518505603        85.271649533865713     
   47.800000000000409       0.54283171309642542       0.10846306247085949       0.51303030884819012        85.098617182010486     
   47.900000000000411       0.53877149046750439       0.10198878476854989       0.50980672940434690        84.978216043034934     
   48.000000000000412       0.53527753123827160        9.6193052794552966E-002  0.50660452825997992        84.893454136029703     
   48.100000000000414       0.53289099964823672        9.1038188705563489E-002  0.50336891495058322        84.821078691511687     
   48.200000000000415       0.53191082894818298        8.6488359714211233E-002  0.50006909186931614        84.737179795724941     
   48.300000000000416       0.53239779432148993        8.2510605422014882E-002  0.49669753323986054        84.622511832583513     
   48.400000000000418       0.53418458731719010        7.9074930268599131E-002  0.49326633613484100        84.465698127317168     
   48.500000000000419       0.53688446108559373        7.6157200920602922E-002  0.48980370035753312        84.265038551850239     
   48.600000000000421       0.53992510146262651        7.3731295352069084E-002  0.48635028126884244        84.029187647621725     
   48.700000000000422       0.54243761852781625        7.1854105669770532E-002  0.48296920740428850        83.778631423524473     
   48.800000000000423       0.54348032238119881        7.0697727542134325E-002  0.47973707064810395        83.547547904776607     
   48.900000000000425       0.54246667811520866        7.0446297324561272E-002  0.47671884685824117        83.375766220126863     
   49.000000000000426       0.53920932663537879        7.1283128802763121E-002  0.47396228318382216        83.298563081978955     
   49.100000000000428       0.53387900865291238        7.3421172314738783E-002  0.47149168894794991        83.340748058080351     
   49.200000000000429       0.52695879555093006        7.7129631738432750E-002  0.46929677008555098        83.513955994260840     
   49.300000000000431       0.51918169425833138        8.2766883371409763E-002  0.46732250473664516        83.816394258875775     
   49.400000000000432       0.51150443027112036        9.0821782944228963E-002  0.46546151032541344        84.233763367256046     
   49.500000000000433       0.50478019400366614       0.10195975909657166       0.46360073136190910        84.743587399541681     
   49.600000000000435       0.49951668906408553       0.11709206863385536       0.46166750174552212        85.326357416161173     
   49.700000000000436       0.49598142108100324       0.13729296602004198       0.45962270450050335        85.972927437359388     
   49.800000000000438       0.49422573448914364       0.16365932734311112       0.45745620077653326        86.686291966374370     
   49.900000000000439       0.49409168062413855       0.19732701725592533       0.45518141847982191        87.481931327841167     
   50.000000000000441       0.49519759679867492       0.23933199633916011       0.45283211965079340        88.387707816749028     
   50.100000000000442       0.49709746718786801       0.29029912139592867       0.45044580054868527        89.439952997504165     
   50.200000000000443       0.49958500480517737       0.35007194584726714       0.44803791709864249        90.671434261944867     
   50.300000000000445       0.50259602627101863       0.41736707045423121       0.44561137882395463        92.097105800618422     
   50.400000000000446       0.50602857655530786       0.48965416736668688       0.44317205915438490        93.706713800520177     
   50.500000000000448       0.50977152025264449       0.56341764471834832       0.44072645869411731        95.461685054630451     
   50.600000000000449       0.51369977986716286       0.63480428815930967       0.43828219630355497        97.298255345228185     
   50.700000000000450       0.51767450213874855       0.70041974729610124       0.43584817553784322        99.137812956703826     
   50.800000000000452       0.52161162887362833       0.75794763713237856       0.43342969513295559        100.90096875506347     
   50.900000000000453       0.52549193703580477       0.80635799338790870       0.43102767104752321        102.51978506164538     
   51.000000000000455       0.52929718874458798       0.84574353049937290       0.42864344434137286        103.94662490897146     
   51.100000000000456       0.53300433663126368       0.87694717861207505       0.42627938679534261        105.15728742730374     
   51.200000000000458       0.53658985838240247       0.90117276729251405       0.42393845013025305        106.14846741104651     
   51.300000000000459       0.53996343549574921       0.91969266260381166       0.42162866178175618        106.93285670354663     
   51.400000000000460       0.54260029528714826       0.93367105345868751       0.41939049928565070        107.53817165673507     
   51.500000000000462       0.54389988756864749       0.94408505588089464       0.41727613748736797        108.00729518676854     
   51.600000000000463       0.54374258083230398       0.95170935134015733       0.41530857825191153        108.38438118492273     
   51.700000000000465       0.54239461356599139       0.95715672970760990       0.41348078888989226        108.70347713342021     
   51.800000000000466       0.54053248941112098       0.96088368833194349       0.41174416304147343        108.98213453079262     
   51.900000000000468       0.53869453465988881       0.96320682175082861       0.41005245495132997        109.22182682067680     
   52.000000000000469       0.53695894919039178       0.96432899103970171       0.40839571664663465        109.42082882865213     
   52.100000000000470       0.53530842053127070       0.96435990016837514       0.40677181869974427        109.57954831869682     
   52.200000000000472       0.53375129928991172       0.96332939614928548       0.40517633041402434        109.69901823984277     
   52.300000000000473       0.53223477412597531       0.96119572056379543       0.40361067803232020        109.78025914171782     
   52.400000000000475       0.53117695728323810       0.95785012859655017       0.40203541073054938        109.82058139288696     
   52.500000000000476       0.53178922426343012       0.95311937067200658       0.40034360074914954        109.79821516646068     
   52.600000000000477       0.53494460481742667       0.94676733347549746       0.39846722985445204        109.67332896512775     
   52.700000000000479       0.54052851900270871       0.93846054626890274       0.39642197460874307        109.41037000183663     
   52.800000000000480       0.54756689071111297       0.92776329245798272       0.39427613287770280        108.99424586075793     
   52.900000000000482       0.55448605806664142       0.91414534021960148       0.39212711423636903        108.43763023664700     
   53.000000000000483       0.56023031149973268       0.89699093991388290       0.39004263027197500        107.77111111107300     
   53.100000000000485       0.56449576770766818       0.87562785520226016       0.38805004925003084        107.01917386536091     
   53.200000000000486       0.56722579529153050       0.84938502980087627       0.38616421008961771        106.19360361120953     
   53.300000000000487       0.56864723373095349       0.81768531961531887       0.38438165346055925        105.29304496792210     
   53.400000000000489       0.56925145537221156       0.78017313308358327       0.38267715753840231        104.30389775478078     
   53.500000000000490       0.56961028938816805       0.73686266706633852       0.38101406804952731        103.20395858427817     
   53.600000000000492       0.57004346353371560       0.68826613869084285       0.37936994149594444        101.97269913437890     
   53.700000000000493       0.57065528169646407       0.63545799232955547       0.37773658323633780        100.60211913445791     
   53.800000000000495       0.57146721396781108       0.58002733939973450       0.37611135652611277        99.100834697012573     
   53.900000000000496       0.57240868331458505       0.52390516087714822       0.37449820208382822        97.494753512866978     
   54.000000000000497       0.57331834080773958       0.46910200251727963       0.37290789426558840        95.824958512099045     
   54.100000000000499       0.57406077235229502       0.41743375836473395       0.37135025323104637        94.142402438766126     
   54.200000000000500       0.57460536093005421       0.37031253608355180       0.36982827521444461        92.499045186159378     
   54.300000000000502       0.57494861323932223       0.32865196732519503       0.36834312279579395        90.941084773149129     
   54.400000000000503       0.57508921980920136       0.29288646515503514       0.36689561007926580        89.505349634347198     
   54.500000000000504       0.57502983260454976       0.26306629832031814       0.36548572894466996        88.217811397692216     
   54.600000000000506       0.57477846846805491       0.23900089403852975       0.36411266647414775        87.094052460434526     
   54.700000000000507       0.57431326102519253       0.22024863521973320       0.36277770662617476        86.140469631806525     
   54.800000000000509       0.57339509353108276       0.20623957142506855       0.36149933732478468        85.357883077743409     
   54.900000000000510       0.57172240338325664       0.19643944279306144       0.36030454697035874        84.747054821482820     
   55.000000000000512       0.56919084595430192       0.19039923526363450       0.35920896156069021        84.307151640119883     
   55.100000000000513       0.56585900150311386       0.18776068495531373       0.35821661591711657        84.033583437534119     
   55.200000000000514       0.56193853506133773       0.18824805870788913       0.35731752193832389        83.917073552772692     
   55.300000000000516       0.55777828388140105       0.19164830092698257       0.35648595517356196        83.943142352454487     
   55.400000000000517       0.55382986355850983       0.19778218146513599       0.35568201983547698        84.091895419894172     
   55.500000000000519       0.55046452290121228       0.20647198228609082       0.35487007838566120        84.339799844675014     
   55.600000000000520       0.54789276850124746       0.21749216658301804       0.35402883326512913        84.663758794570242     
   55.700000000000522       0.54622566110726312       0.23066850549091100       0.35314617223950634        85.043423345008904     
   55.800000000000523       0.54547556675028441       0.24588453836891433       0.35221849483395551        85.463056533529368     
   55.900000000000524       0.54556343929719597       0.26299581565553848       0.35124928056257948        85.911935063133697     
   56.000000000000526       0.54632765393037941       0.28179997877719765       0.35024790946311901        86.383798227552319     
   56.100000000000527       0.54751599342474588       0.30202798254578350       0.34923052148430445        86.876338253850847     
   56.200000000000529       0.54889189876805189       0.32333831517696515       0.34821244369246418        87.390033802080694     
   56.300000000000530       0.55037023629685800       0.34531910186422365       0.34719822111263571        87.924241548145432     
   56.400000000000531       0.55193451377405700       0.36749714731960886       0.34618763050991486        88.474352712201565     
   56.500000000000533       0.55355643720722325       0.38935313504468133       0.34518177379486198        89.032375036740106     
   56.600000000000534       0.55520761202266000       0.41034057649153077       0.34418222001602228        89.587859830279768     
   56.700000000000536       0.55685777801603864       0.42990610507709215       0.34319095480650919        90.128633946010055     
   56.800000000000537       0.55847184296370112       0.44750488281857875       0.34221052178240852        90.641504148568700     
   56.900000000000539       0.56002038230028839       0.46263531757500254       0.34124320705857314        91.112858328045235     
   57.000000000000540       0.56135802629359988       0.47491512453684537       0.34029980827892620        91.530626593039059     
   57.100000000000541       0.56223790421079978       0.48407462146039731       0.33939967282297123        91.888130652217527     
   57.200000000000543       0.56250946283151271       0.48993408611495615       0.33855707658363038        92.182826170964844     
   57.300000000000544       0.56213903398557119       0.49239723816405562       0.33777896803060253        92.413407081653901     
   57.400000000000546       0.56119892117197523       0.49144427353714998       0.33706447401495288        92.577964818685672     
   57.500000000000547       0.55985894996434471       0.48712875004459250       0.33640411188005509        92.672929757683136     
   57.600000000000549       0.55837810319529668       0.47957862016054303       0.33577926250768442        92.692556962249085     
   57.700000000000550       0.55709322335203615       0.46900067785797228       0.33516255590028954        92.628769508985187     
   57.800000000000551       0.55630694825918514       0.45568752256895445       0.33452736651660914        92.472299028807782     
   57.900000000000553       0.55618375912149354       0.44000321670932385       0.33385719146853809        92.216142181211069     
   58.000000000000554       0.55675547299009098       0.42231282771944173       0.33314574693817384        91.857956592715524     
   58.100000000000556       0.55792811607676329       0.40299183846927666       0.33239639141909610        91.401019347422988     
   58.200000000000557       0.55949702940327473       0.38243766907339299       0.33162088880883539        90.854875273573896     
   58.300000000000558       0.56113847285844531       0.36105950215663163       0.33084030055892499        90.235656039430182     
   58.400000000000560       0.56262775607622362       0.33926758099792542       0.33007028898105473        89.564400883644296     
   58.500000000000561       0.56393986658503581       0.31745957420268217       0.32931350000409054        88.861183566322609     
   58.600000000000563       0.56508087585110645       0.29600697997145253       0.32857072199737364        88.143122272184698     
   58.700000000000564       0.56605461229090748       0.27524247794353707       0.32784305895741661        87.424976072166103     
   58.800000000000566       0.56686805440172083       0.25544957029236465       0.32713144882705542        86.719468223728882     
   58.900000000000567       0.56751859120217452       0.23685914166113164       0.32643750651276204        86.037570750099533     
   59.000000000000568       0.56804165829120978       0.21964556184485315       0.32575997485254260        85.388155916887683     
   59.100000000000570       0.56818098473375067       0.20393083420529154       0.32511891603876725        84.780045634168701     
   59.200000000000571       0.56729106696546838       0.18978991719068525       0.32456739927618844        84.230360577867557     
   59.300000000000573       0.56489239821092496       0.17725976162549842       0.32415582829069040        83.762992044502752     
   59.400000000000574       0.56087637967426351       0.16634742252581108       0.32391424423911169        83.399270760006530     
   59.500000000000576       0.55544328612279492       0.15704617080614500       0.32384909678322360        83.151766015325862     
   59.600000000000577       0.54907205501087175       0.14932840264894892       0.32393515706646592        83.021042918358020     
   59.700000000000578       0.54248196582365926       0.14335138531699418       0.32410981989856330        82.995518085197205     
   59.800000000000580       0.53659232054706674       0.13939403464644404       0.32427521105846135        83.053113961639426     
   59.900000000000581       0.53223123653522919       0.13771489809072335       0.32433774024975204        83.163803183926774     
   60.000000000000583       0.52986754750744225       0.13857359398126340       0.32424565418591988        83.297837121057569     
   60.100000000000584       0.52961015440088621       0.14228255274030807       0.32398737742640915        83.433580726649978     
   60.200000000000585       0.53122057451256244       0.14924893348857771       0.32358276907542455        83.562748011154952     
   60.300000000000587       0.53410833841622374       0.16001315806172517       0.32307651740440341        83.694123378852325     
   60.400000000000588       0.53752532877015091       0.17527971428833841       0.32252156678127086        83.854902576352146     
   60.500000000000590       0.54113199384780641       0.19592235994326232       0.32194085654920884        84.083040475389794     
   60.600000000000591       0.54490598981223215       0.22297992592941118       0.32133503510604622        84.415972976055045     
   60.700000000000593       0.54877539785474416       0.25727023049977238       0.32070854505441632        84.889326668004699     
   60.800000000000594       0.55266318756158628       0.29915413731439638       0.32006665814424484        85.533798677713477     
   60.900000000000595       0.55649555999059608       0.34845588768252711       0.31941488410823998        86.371586736240957     
   61.000000000000597       0.56005208265302753       0.40425469406641540       0.31876892514785410        87.413355053411266     
   61.100000000000598       0.56275262433658146       0.46476647848121200       0.31817061838753879        88.659211740572673     
   61.200000000000600       0.56407264300249993       0.52745852408689087       0.31766416240484868        90.097470085776791     
   61.300000000000601       0.56390391196110679       0.58941725613579798       0.31727061842646143        91.696141679775948     
   61.400000000000603       0.56246906218287895       0.64786233776528845       0.31698759067749183        93.401541726544096     
   61.500000000000604       0.56031640204460120       0.70061499693903351       0.31678230161440307        95.143597675049861     
   61.600000000000605       0.55816091432138226       0.74635046735709298       0.31659998051287813        96.844614687272667     
   61.700000000000607       0.55632037949000723       0.78459511980814556       0.31641302440921509        98.433957520744428     
   61.800000000000608       0.55476705557099226       0.81553980487715516       0.31622162480175531        99.863693905808390     
   61.900000000000610       0.55349973009084696       0.83975263864200056       0.31602389726159869        101.10786371444735     
   62.000000000000611       0.55252304797226381       0.85813846987037412       0.31581752410665920        102.15809321149885     
   62.100000000000612       0.55178509372674778       0.87172069230623384       0.31560482389496253        103.02057447222248     
   62.200000000000614       0.55182810587525855       0.88136770457309976       0.31534054206344542        103.70604048773808     
   62.300000000000615       0.55369819226683503       0.88774846875358271       0.31494127665534383        104.21075871749954     
   62.400000000000617       0.55787056718626438       0.89136132793414657       0.31437304260128457        104.52250414813156     
   62.500000000000618       0.56408116657867824       0.89256570141835323       0.31365455007071147        104.63657103074156     
   62.600000000000620       0.57136207940290928       0.89161697956129993       0.31284277384415804        104.56656119494140     
   62.700000000000621       0.57842741142629273       0.88870396936994212       0.31200892294983984        104.34824756882314     
   62.800000000000622       0.58460781670277340       0.88398260265757500       0.31119232570157035        104.02739568096743     
   62.900000000000624       0.58977965360261109       0.87763203596357220       0.31040517537806650        103.64144162842760     
   63.000000000000625       0.59387465186364163       0.86971706902764789       0.30965837208254804        103.21787952635908     
   63.100000000000627       0.59694209362436546       0.86013949419757352       0.30895687895447843        102.77411091221767     
   63.200000000000628       0.59912713293859921       0.84875441425963394       0.30829947830753263        102.31779212240814     
   63.300000000000630       0.60061951794549051       0.83540723772899395       0.30768067442213504        101.84854495909968     
   63.400000000000631       0.60150112033685199       0.81993632895292057       0.30710006139306634        101.36146748150254     
   63.500000000000632       0.60179803898449491       0.80218533574034268       0.30656009779370369        100.85096019089420     
   63.600000000000634       0.60159007899713224       0.78201561470819980       0.30605943225826626        100.31067917294040     
   63.700000000000635       0.60099335434063350       0.75932299781038470       0.30559357972706885        99.733184406571354     
   63.800000000000637       0.60015962868095729       0.73405594697698373       0.30515459619075025        99.110087762745664     
   63.900000000000638       0.59927778635455453       0.70623418091056955       0.30473071850366668        98.432338212556559     
   64.000000000000639       0.59856204215512521       0.67596516133344819       0.30430707895275561        97.690611622945937     
   64.100000000000634       0.59819250568967552       0.64345829471904059       0.30386985033428149        96.876591974559474     
   64.200000000000628       0.59828635195130331       0.60903036073596362       0.30340853867749207        95.984868972310565     
   64.300000000000622       0.59890523038631316       0.57310055850131458       0.30291592480120338        95.014279172593078     
   64.400000000000617       0.60005873481208694       0.53617545601948968       0.30238818919699290        93.968537370077229     
   64.500000000000611       0.60170772007229933       0.49882267261170321       0.30182498429458010        92.856332001227059     
   64.600000000000605       0.60379016860492918       0.46163665200431159       0.30122811001045091        91.690855530864880     
   64.700000000000600       0.60638017878628392       0.42520094904453298       0.30059176482314126        90.487150362214265     
   64.800000000000594       0.60961203820795029       0.39005212759747743       0.29990663969913672        89.258335979869116     
   64.900000000000588       0.61350131603385616       0.35665013511250415       0.29917055621546962        88.016846307791639     
   65.000000000000583       0.61796642163712467       0.32535857490257936       0.29838698573119016        86.775919995834570     
   65.100000000000577       0.62283338767984842       0.29643619102458801       0.29756450294360098        85.550133986679455     
   65.200000000000571       0.62784237938960286       0.27003882238737792       0.29671650357748686        84.355588612552381     
   65.300000000000566       0.63266245139418065       0.24622973247644458       0.29586129283239115        83.209852734027407     
   65.400000000000560       0.63678287528964361       0.22499529869401683       0.29502839040262080        82.132938284991468     
   65.500000000000554       0.63964331333088820       0.20626346257048139       0.29425340174257975        81.148851395572024     
   65.600000000000549       0.64089942667307254       0.18992197625566157       0.29356496882731709        80.281203799583764     
   65.700000000000543       0.64043058938480202       0.17583587344973348       0.29298291899954709        79.548386838026957     
   65.800000000000537       0.63832842381279020       0.16386086180971096       0.29251628882979214        78.960804817893163     
   65.900000000000531       0.63488203120865083       0.15385940576951954       0.29216070688164886        78.519565294928469     
   66.000000000000526       0.63056188062885887       0.14569728947766775       0.29189527150662370        78.215917860828228     
   66.100000000000520       0.62596106190549472       0.13939053705194351       0.29168361421894529        78.032270714013080     
   66.200000000000514       0.62141285341700081       0.13506955525151199       0.29150242664573145        77.948189319441241     
   66.300000000000509       0.61696973553360701       0.13285971375303821       0.29134718284099409        77.949031517086766     
   66.400000000000503       0.61267919370220081       0.13288882726711310       0.29121334330316201        78.025765825152376     
   66.500000000000497       0.60856479264894159       0.13532062520358759       0.29109782521006100        78.173486549171812     
   66.600000000000492       0.60463536673219576       0.14037707344985936       0.29099849704388481        78.390852024629524     
   66.700000000000486       0.60088365521405418       0.14835569685101352       0.29091444667726868        78.679886789855203     
   66.800000000000480       0.59729146751599704       0.15963986227539698       0.29084573910168809        79.045958055985182     
   66.900000000000475       0.59385290047099826       0.17469255394570174       0.29079169576041125        79.497480183798743     
   67.000000000000469       0.59057352369885963       0.19404926089405880       0.29075087973040314        80.045401461026685     
   67.100000000000463       0.58745401111430562       0.21807648448553904       0.29072235264346996        80.701846361845810     
   67.200000000000458       0.58449108487054802       0.24684793753489004       0.29070561090105462        81.476908165098919     
   67.300000000000452       0.58167691237194064       0.28016915117085878       0.29070062958580795        82.376385712722936     
   67.400000000000446       0.57900059438325269       0.31751379389077633       0.29070773960692492        83.400173947575496     
   67.500000000000441       0.57644113311140122       0.35796289438000672       0.29072818233558212        84.540397927533888     
   67.600000000000435       0.57395741090175900       0.40022459401504068       0.29076498720760036        85.780270655247335     
   67.700000000000429       0.57151382198694467       0.44273286832869113       0.29082106745645631        87.093894376340984     
   67.800000000000423       0.56910187652148714       0.48381168998476171       0.29089745115414112        88.447017345080567     
   67.900000000000418       0.56673544383708618       0.52184507481995224       0.29099341808010509        89.799313469135100     
   68.000000000000412       0.56444946258471695       0.55544419062691142       0.29110634392312540        91.107918974658034     
   68.100000000000406       0.56229959324724788       0.58328039994701508       0.29123151495796779        92.329596096297621     
   68.200000000000401       0.56034436011352962       0.60422817231842996       0.29136344367871220        93.421633388845137     
   68.300000000000395       0.55860669783822114       0.61760352273745989       0.29149908594519719        94.345915664745561     
   68.400000000000389       0.55708281750817634       0.62307064568540971       0.29163728648717502        95.072604604237767     
   68.500000000000384       0.55576578186600667       0.62049524598718797       0.29177681926023857        95.580268244254484     
   68.600000000000378       0.55464311800534249       0.60988169144740179       0.29191662213071978        95.854704990783503     
   68.700000000000372       0.55369930615408258       0.59140201249551116       0.29205570509347173        95.888103733998449     
   68.800000000000367       0.55291798823316440       0.56550628519201662       0.29219309581578551        95.679183234171575     
   68.900000000000361       0.55233079828525788       0.53309704691486992       0.29232399209195331        95.234538808664396     
   69.000000000000355       0.55200091500496629       0.49565323310657344       0.29244097312616329        94.570409230095052     
   69.100000000000350       0.55196623965002167       0.45551673561938760       0.29253874171360678        93.717432784183416     
   69.200000000000344       0.55224190505628568       0.41557958721672156       0.29261409110183240        92.724364443054156     
   69.300000000000338       0.55282404795795514       0.37870030827388812       0.29266544783308218        91.654735316510283     
   69.400000000000333       0.55368106060828015       0.34666097408063151       0.29269350425651902        90.575579305081078     
   69.500000000000327       0.55482083749569444       0.32012094335569136       0.29269621578571420        89.542749083933799     
   69.600000000000321       0.55631231674342441       0.29923427150642684       0.29266700426357817        88.594827530337156     
   69.700000000000315       0.55818641604819319       0.28389425770240628       0.29260200543568554        87.755491702536403     
   69.800000000000310       0.56040354661081015       0.27384105981205792       0.29250247459180784        87.037871414550835     
   69.900000000000304       0.56286196022275781       0.26875240806758965       0.29237419302542234        86.448580841197384     
   70.000000000000298       0.56540302269317222       0.26828288316739840       0.29222718006542936        85.990872071925239     
   70.100000000000293       0.56780533027971491       0.27206971104619315       0.29207635148446837        85.666889116334403     
   70.200000000000287       0.56981588656502735       0.27968012377607188       0.29193996320918314        85.478612501108188     
   70.300000000000281       0.57125282040633862       0.29064757413274234       0.29183311228314518        85.427219484541297     
   70.400000000000276       0.57205459414456616       0.30447680259505144       0.29176392070453722        85.508486830324046     
   70.500000000000270       0.57227171046149405       0.32298365475062601       0.29173302995135481        85.733889256300259     
   70.600000000000264       0.57203042275013993       0.33354772278653028       0.29173502242599830        86.046678477300873     
   70.700000000000259       0.57156071725947977       0.34192671591920565       0.29175545347056264        86.346101230017737     
   70.800000000000253       0.57109298245082607       0.35161906941835996       0.29177788344265737        86.648853239535441     
   70.899999999999977       0.57069423789625939       0.36446646494286983       0.29179687572961305        86.982701578371149     
