   0.0000000000000000        1.3712454698683176       0.43549179080926070       0.14874205639477076        80.611549377441406     
   1.0000000000000000E-004   1.3712454698684104       0.43549179080929934       0.14874205639475524        80.616673663090168     
   9.0000000000000008E-004   1.3712454699357113       0.43549179083735756       0.14874205638349702        80.657518440905889     
   7.3000000000000001E-003   1.3712455050153531       0.43549180549962319       0.14874205051500600        80.974894667786501     
   3.1094193308352405E-002   1.3712479511431619       0.43549283944019357       0.14874164157920416        82.020169701196124     
   5.4888386616704810E-002   1.3712578248394642       0.43549708422891431       0.14873999430076046        82.881711667680477     
   7.8682579925057214E-002   1.3712780571332139       0.43550598669184493       0.14873662891942083        83.591778166260085     
  0.10247677323340962        1.3713090670492256       0.43552006048955821       0.14873148637814820        84.176955559455493     
  0.13151987324588785        1.3713587202788569       0.43554369734558102       0.14872327133125063        84.753547269736075     
  0.16056297325836608        1.3714171862079596       0.43557341274200728       0.14871360899887057        85.208777671532872     
  0.18960607327084431        1.3714814173283889       0.43560858419655141       0.14870299457574188        85.568170867389341     
  0.21864917328332253        1.3715499166070122       0.43564912466202960       0.14869166986155544        85.851909153981893     
  0.25551042284302344        1.3716424359088142       0.43570875872910214       0.14867636496280415        86.127754136091411     
  0.29237167240272433        1.3717408478825985       0.43577806618635739       0.14866007405097401        86.332241397514636     
  0.32923292196242521        1.3718447235231557       0.43585740379495330       0.14864286562168882        86.483981517824731     
  0.37530922347683077        1.3719815279797565       0.43597060713687324       0.14862017973431929        86.620159581247151     
  0.42138552499123633        1.3721251566590786       0.43609808413546258       0.14859633161617547        86.714605375521032     
  0.47671771636362131        1.3723055617892883       0.43626837575466176       0.14856632904786429        86.791306835254360     
  0.53204990773600636        1.3724948847929235       0.43646447876550432       0.14853479418708132        86.842233423247393     
  0.60303136308532912        1.3727530204680749       0.43677493054586136       0.14849174706312532        86.885819000263297     
  0.67401281843465188        1.3730285670943059       0.43715676248083934       0.14844574356315771        86.917256549648613     
  0.76309359660142129        1.3733981314190773       0.43772936036270371       0.14838396110790827        86.950877818668403     
  0.87003859150552265        1.3738786335790061       0.43854976165861376       0.14830353772774196        86.992208968724185     
  0.97698358640962413        1.3744040423678225       0.43950484533672696       0.14821556319568496        87.039717620987858     
   1.1322317608565875        1.3752632851044282       0.44110348045840503       0.14807189008243801        87.122247264899300     
   1.3491801295138821        1.3766777689044172       0.44367978824996512       0.14783617646537819        87.260603270502301     
   1.5661284981711767        1.3783081556155130       0.44654427573693828       0.14756478990630703        87.417203619996243     
   1.6759524170640603        1.3791835057161119       0.44806882632261663       0.14741854414872774        87.501250905122390     
   1.7481813549341605        1.3797527361933943       0.44909044482566041       0.14732270310835566        87.558094006307329     
   1.8760713976014363        1.3806059613600996       0.45092553889813525       0.14717460106561531        87.664732781664696     
   2.0325604944912437        1.3811489391393876       0.45319813306049433       0.14706815076816962        87.816668924472694     
   2.1605149378725135        1.3811016338719591       0.45506336149286858       0.14705964138983252        87.966810378830061     
   2.2884693812537833        1.3806841572013149       0.45692292094503068       0.14711455102499610        88.141798034042168     
   2.4148324446742588        1.3801112191621021       0.45874392318728813       0.14719803086967426        88.332982753810811     
   2.5292692214133217        1.3797303128859337       0.46037224696427659       0.14725006321345954        88.510339472130113     
   2.6437059981523845        1.3797133131173946       0.46197431990459298       0.14724049424966035        88.677269678602599     
   2.7581427748914473        1.3801670464996851       0.46354428583134444       0.14715532075988857        88.822132765024932     
   2.8578408384825544        1.3809436689759531       0.46488125668722580       0.14702326136014895        88.925344977553152     
   2.9394119814207329        1.3817953345768901       0.46595081001013600       0.14688375885089289        88.993407793610530     
   3.0209831243589114        1.3827722577855905       0.46699596485669564       0.14672629463320322        89.048290720683553     
   3.1324526722739154        1.3841887507563309       0.46838036734206812       0.14649895676497554        89.107028994871172     
   3.2122225136161968        1.3852348243626438       0.46933681527950211       0.14633119313489160        89.140751475882013     
   3.3636182494461537        1.3872824815196967       0.47106406434957959       0.14600289961275972        89.189874243476197     
   3.5641300296404639        1.3900611108044003       0.47315016071839650       0.14555615876945077        89.229326602910248     
   3.8202542486708317        1.3935642458275113       0.47542731542910277       0.14498676579605518        89.242914590100014     
   4.0349008834170270        1.3963277275022536       0.47695832321922982       0.14452886577764129        89.227066825413701     
   4.2495475181632223        1.3988985859428678       0.47812084469498289       0.14409452778567958        89.188235623456990     
   4.4641941529094176        1.4013410343574308       0.47891222873638739       0.14367651309566440        89.124609944556767     
   4.6442095629539617        1.4034104819568729       0.47930314901185750       0.14332309778701849        89.047919454164344     
   4.8242249729985058        1.4055662009687320       0.47946889683502852       0.14295818985207662        88.946315807019971     
   5.0042403830430500        1.4077835777423384       0.47944110179882027       0.14258388666954352        88.820660104452543     
   5.1842557930875941        1.4099642047498873       0.47925850996451241       0.14221093246223365        88.676897383530729     
   5.4279011599388518        1.4126818950439930       0.47884650044509319       0.14172841227437122        88.469780803167581     
   5.6715465267901095        1.4150027624566399       0.47835981491730173       0.14129089127657704        88.268272852995182     
   5.8458175774742358        1.4163908889470047       0.47802678064354809       0.14101425706787127        88.137245059857435     
   5.9709030741177340        1.4172211977280993       0.47781114579404133       0.14084019760601180        88.053055244965492     
   6.2196536727521305        1.4183303099706503       0.47745074477532101       0.14057774079531127        87.919243408076937     
   6.4203174582776494        1.4186373613353311       0.47721293035434564       0.14046102314064818        87.850117759943544     
   6.6209812438031683        1.4184325373009150       0.47698574472315441       0.14043239830032878        87.815799398739600     
   6.8216450293286872        1.4177050424937154       0.47672754794939659       0.14049860666292210        87.813144355763882     
   7.0223088148542061        1.4164458206483690       0.47640774276832137       0.14066650727352042        87.840316003990921     
   7.2229726003797250        1.4147306851384431       0.47601060904575210       0.14092789807920297        87.893596083464345     
   7.4236363859052439        1.4126946924214201       0.47552903614441805       0.14126177721826719        87.965695775488456     
   7.6243001714307628        1.4104159581200968       0.47496353659010448       0.14165590918702275        88.049858710721182     
   7.9240231796700460        1.4066635766081259       0.47398121786708158       0.14234107819334191        88.190675761451260     
   8.1424767225906596        1.4037250209266121       0.47319775817915716       0.14290390918043361        88.302335459700359     
   8.2826601940400142        1.4017619187977834       0.47271215604407729       0.14329125683465463        88.379498814739605     
   8.5216003840701422        1.3983385842585214       0.47206971410165455       0.14398611616514387        88.529075264273345     
   8.7605405741002702        1.3949761766465911       0.47191971064037896       0.14469083609607802        88.714578508767048     
   8.9445980002095791        1.3925920274557078       0.47232896416942627       0.14520505403382980        88.890280311146128     
   9.1286554263188879        1.3904685895952540       0.47327997365578622       0.14567669625557189        89.098592724883844     
   9.2887665185696857        1.3888102674488574       0.47450742391467376       0.14605630888145546        89.306511237935226     
   9.5045792116156811        1.3867173496044016       0.47657210455996984       0.14654805432788301        89.620981833034179     
   9.6868046398962857        1.3849914710340798       0.47850906666082016       0.14696073111450580        89.908906017069157     
   9.9618052730947593        1.3823788024055970       0.48145445103051415       0.14759146419321731        90.359497204508941     
   10.236805906293233        1.3798199828292790       0.48408936233647176       0.14821523780490967        90.796625761642275     
   10.454483170814020        1.3780993385152356       0.48578447731801566       0.14864946033547125        91.102049033531515     
   10.606573447941530        1.3771519185894283       0.48674593644822450       0.14890288755286749        91.282519657367857     
   10.758663725069040        1.3764795972291424       0.48755539213026888       0.14910336672236282        91.432762565716899     
   10.901614412643186        1.3762475316866594       0.48822652636134128       0.14921819751602100        91.543476546652983     
   11.044565100217332        1.3764971320334920       0.48886429374020685       0.14924840908820211        91.621780223673355     
   11.187515787791478        1.3772282856983875       0.48951454461433530       0.14919733860701498        91.668636040819436     
   11.330466475365624        1.3783608651088488       0.49020603632825166       0.14907976933401912        91.688930747911755     
   11.473417162939770        1.3798154486377801       0.49094983385049784       0.14890883665980184        91.689159025986569     
   11.661923552778184        1.3821690037699883       0.49199822007836713       0.14861153762614757        91.665586857597688     
   11.850429942616598        1.3850042457364435       0.49306777755713965       0.14823639961275462        91.615974171689814     
   12.036477028907083        1.3883499962615751       0.49405912072771763       0.14778311781876505        91.535008775300355     
   12.187702208768320        1.3916080641588711       0.49475834606583036       0.14733991026166215        91.435492524966946     
   12.306272062834404        1.3945061551704259       0.49521419166416586       0.14694670264119347        91.331103817094913     
   12.458588304749222        1.3985637331568177       0.49565858297936577       0.14639628246087505        91.162214531121464     
   12.610904546664040        1.4027669852498970       0.49592632847419676       0.14582028283254642        90.960002537085856     
   12.771232237511802        1.4070142325953905       0.49600589341374329       0.14522186080404104        90.724929916580891     
   12.913275586057447        1.4104349167918369       0.49590275770168996       0.14471948520073205        90.510174942882983     
   13.055318934603092        1.4134777971619896       0.49564460335588051       0.14425089197865834        90.297301553554561     
   13.197362283148736        1.4162076272534507       0.49524648537535232       0.14381036107932121        90.088887973047292     
   13.339405631694381        1.4187951674037700       0.49472946815969082       0.14337910677206897        89.881789765217619     
   13.446436131885736        1.4207124708400585       0.49427924073912088       0.14305339743766254        89.723413924456736     
   13.612348329986908        1.4236424138808876       0.49353846636380616       0.14254628192549987        89.473676409124479     
   13.778260528088079        1.4265382247130114       0.49285083218069564       0.14203535871582701        89.224182164231721     
   13.936070021439606        1.4292749259162718       0.49235876555650621       0.14154555079017248        88.995539871872509     
   14.093879514791134        1.4319656965407044       0.49210538550990257       0.14105693009820447        88.784177627772664     
   14.251689008142661        1.4344504140944219       0.49211553350362247       0.14059015857862203        88.600447785180364     
   14.406965364689098        1.4365911211008988       0.49236530573377768       0.14016661597803254        88.455160559214690     
   14.542310649172205        1.4382132159058769       0.49272644729881221       0.13982779390765815        88.358285942896018     
   14.677655933655311        1.4396819876092160       0.49313792180778554       0.13950919370594606        88.283306040026176     
   14.848698827110896        1.4414703953229238       0.49357753160016915       0.13911722760653714        88.201856593841811     
   15.014608411382476        1.4431561030973665       0.49374602037733883       0.13874645442445241        88.116290402276590     
   15.180517995654055        1.4447788545199991       0.49352740369371251       0.13838816904625320        88.008292654355373     
   15.346427579925635        1.4463255833127246       0.49285883832390531       0.13804540932035986        87.868325356237818     
   15.459806901591437        1.4473263915634831       0.49214095746461933       0.13782230803017489        87.752241825329449     
   15.537173862283128        1.4479307449170673       0.49153788560351885       0.13768237084173585        87.664459321787646     
   15.659662316542201        1.4485937522504406       0.49041667546897200       0.13750418400814851        87.517768926385202     
   15.782150770801275        1.4487469210228736       0.48912364023787575       0.13740348040065650        87.373048007536354     
   15.904639225060349        1.4483046317589365       0.48769619752511612       0.13739956766600345        87.242186703497907     
   16.027127679319424        1.4472806290159681       0.48616847998591406       0.13749867496352217        87.133226745427677     
   16.149616133578498        1.4457950003869466       0.48456916959546636       0.13768758648266774        87.048439300477384     
   16.297402171798552        1.4436099517782941       0.48257647096531714       0.13800058319977554        86.973123690721735     
   16.445188210018607        1.4411055651062092       0.48054234542632146       0.13838958877839422        86.920389696785080     
   16.622729209496228        1.4377458173874289       0.47807209777083881       0.13894774965455295        86.881688033476124     
   16.800270208973849        1.4339933393811286       0.47559526375118111       0.13961269825511699        86.869109266454828     
   16.936988560055578        1.4307554512980287       0.47369437421714822       0.14022105824226344        86.880508030818220     
   17.037626445018415        1.4280774971860486       0.47230273342165607       0.14075145101300293        86.905089510678707     
   17.177114895920070        1.4238506747872166       0.47038861813418037       0.14164052713830738        86.970651419224012     
   17.316161324274439        1.4190444673578944       0.46850134590211084       0.14272267166142152        87.079388623551225     
   17.447840680168238        1.4140634778171308       0.46673647133658597       0.14390906363174072        87.222688428745613     
   17.574459942744443        1.4090833160658418       0.46506305937646997       0.14513778161495650        87.390175951781188     
   17.672648780923051        1.4052956513521730       0.46378333782106568       0.14607857435920035        87.530632668026541     
   17.795504601194857        1.4010031421250124       0.46220675826420510       0.14712006019847873        87.699534100186085     
   17.903773913360059        1.3978525623643885       0.46084241200546322       0.14785621030192325        87.823244571647749     
   18.010399099358068        1.3954151244069886       0.45952402306839146       0.14841098715617804        87.909810336369191     
   18.117024285356077        1.3935961645790707       0.45823292367251134       0.14882552747928185        87.957365871659746     
   18.223649471354086        1.3922372712280284       0.45697137237521479       0.14914630548490820        87.969398451264126     
   18.330274657352096        1.3910681058444911       0.45574160318350754       0.14943283831478232        87.956420663620221     
   18.436899843350105        1.3897625555224058       0.45454576101872218       0.14975105615542883        87.934809355801349     
   18.543525029348114        1.3880671996065894       0.45338582382435627       0.15015659319667271        87.922771438581123     
   18.650150215346123        1.3858459842119444       0.45226351284427635       0.15068948425035905        87.935578439796700     
   18.756775401344132        1.3830814989090217       0.45118019380356678       0.15136934064270710        87.983136880044313     
   18.863063948999752        1.3798838397353543       0.45014000393660314       0.15218176389933152        88.068113970982182     
   18.963063606122564        1.3766625064383615       0.44919787065914968       0.15301976178692922        88.177946742959861     
   19.063063263245375        1.3734352011831104       0.44829089554071028       0.15386675662789101        88.306184671916881     
   19.163062920368187        1.3702449603046625       0.44741825844646060       0.15470832191109005        88.443553382341875     
   19.302428853291971        1.3658652634607034       0.44625651929046423       0.15586978227189405        88.641915027211809     
   19.479211588675547        1.3604292896134615       0.44486481743040318       0.15731976796718045        88.897843415158690     
   19.571834365493597        1.3576335470736756       0.44416603094039153       0.15806875511461635        89.032237061540528     
   19.621583303578639        1.3561501157674145       0.44379674213775927       0.15846681234008470        89.104297917247251     
   19.714589124177461        1.3534870402034576       0.44311206381196733       0.15917918656700542        89.236875104647794     
   19.807594944776284        1.3511397799377756       0.44242587348475010       0.15980037710922201        89.359749622760532     
   19.900600765375106        1.3492632977870440       0.44172639442706579       0.16029489094444752        89.461895305117295     
   19.993606585973929        1.3479048341681894       0.44100150021083295       0.16066283069133619        89.534554195309994     
   20.086612406572751        1.3470183096532196       0.44023988967372973       0.16092514973705060        89.573757837063724     
   20.179618227171574        1.3464594410421156       0.43943222260602122       0.16111742457206096        89.581081307076033     
   20.272624047770396        1.3460087909393217       0.43857203976234832       0.16128347092564460        89.563603793472950     
   20.365629868369219        1.3454779421342258       0.43765633747896804       0.16145868577801054        89.531750494123813     
   20.482807617463656        1.3445726442053278       0.43642465632210964       0.16171665048820485        89.484908713449130     
   20.599985366558094        1.3433310936395095       0.43511420445525084       0.16203372734217050        89.441801101205343     
   20.717163115652532        1.3417680124888085       0.43374008637750544       0.16241210060587280        89.409255563965829     
   20.834340864746970        1.3399946385086685       0.43231979904785767       0.16283217920028281        89.388268742009814     
   20.951518613841408        1.3381944242483634       0.43087148719134483       0.16325469820227972        89.373845507696956     
   21.068696362935846        1.3365013001459056       0.42941257972991592       0.16365031719222317        89.358387812398590     
   21.224140088142288        1.3345436116944454       0.42749025083126801       0.16410837363570782        89.326545177611820     
   21.371486406709224        1.3330286885271148       0.42572324939298040       0.16446664917716983        89.279620598589688     
   21.483608060627979        1.3320564734312679       0.42445732358208904       0.16469905231139798        89.234806952818715     
   21.584309383676484        1.3312344977430617       0.42342648650792891       0.16489434670107750        89.192864317064419     
   21.708632370800533        1.3301183671190859       0.42239283511741121       0.16515116729480253        89.151864056041816     
   21.832955357924583        1.3287601648778091       0.42178837903212996       0.16545225216958814        89.143283231973257     
   21.932010532872788        1.3274813553976124       0.42172877820941146       0.16572994116261064        89.174388246221611     
   22.016618701575659        1.3262768332230288       0.42200117355773148       0.16598892723418612        89.233881136968776     
   22.101226870278531        1.3250184778022385       0.42254606798595962       0.16625702566568090        89.324409449932801     
   22.185835038981402        1.3237867938803201       0.42331355533568443       0.16651525950022456        89.442144744376606     
   22.291213342145245        1.3224695277924028       0.42449621284779393       0.16678153192700171        89.614582861664601     
   22.396591645309087        1.3215995588769376       0.42584149655651854       0.16694391512336301        89.796311363759742     
   22.501969948472929        1.3213119714560955       0.42727510498974791       0.16698327897714990        89.967870735980540     
   22.607348251636772        1.3216568269432598       0.42874036119822867       0.16690138451318717        90.114915762512396     
   22.712726554800614        1.3226040137034614       0.43019027827084289       0.16671376248319100        90.229077929244738     
   22.818104857964457        1.3240518486599457       0.43158062169908007       0.16644424391355117        90.307551054157742     
   22.907261684563082        1.3256588757385965       0.43267662341346808       0.16615852366930761        90.345419169836745     
   23.039685142953473        1.3287487857296614       0.43410508263541653       0.16563764229097902        90.348209672064186     
   23.170897031309135        1.3325737926775834       0.43520645527960122       0.16502485913959961        90.281708208655601     
   23.302108919664796        1.3369429060039966       0.43591581451385503       0.16434587045888363        90.144956298916725     
   23.419047003176058        1.3410160835613434       0.43617720221995721       0.16371551590497921        89.969215533311655     
   23.535985086687319        1.3449981537469509       0.43608752486825186       0.16308763433545514        89.753200393379785     
   23.652923170198580        1.3487533774071534       0.43567932962299605       0.16247586654033830        89.508321159489810     
   23.837078718445092        1.3540547989631131       0.43452607298352580       0.16156216091259981        89.088504070538477     
   23.978524948997183        1.3576094697856946       0.43334618114639989       0.16090505684257933        88.755103949921406     
   24.119971179549275        1.3608116166654205       0.43201625062569410       0.16027853192569355        88.421948358068747     
   24.261417410101366        1.3636986909960995       0.43061265827821998       0.15968054705489196        88.094484429761934     
   24.402863640653457        1.3662995276736660       0.42919788097035716       0.15910977341310850        87.778000938815097     
   24.583707931103760        1.3693406459208226       0.42746663772352594       0.15840545022223110        87.394138510860330     
   24.764552221554062        1.3723293666444258       0.42595513773340449       0.15769612668440716        87.033987922811136     
   24.945396512004365        1.3755721858066643       0.42484286188485854       0.15694145353708119        86.695299206233940     
   25.082022418306483        1.3782676510724643       0.42437805420812391       0.15633115106698764        86.455623491024639     
   25.218648324608601        1.3811332375133341       0.42427745106146897       0.15569179186033499        86.234706182745498     
   25.321839837547842        1.3833372689022729       0.42441660265471914       0.15519922010936660        86.082915625667695     
   25.401992232413715        1.3849608467971499       0.42461565679218088       0.15482483311157519        85.975480299389147     
   25.540341953453218        1.3872773119010138       0.42504602474428865       0.15423544914451232        85.818107079829943     
   25.675995354806709        1.3886774345684649       0.42544027765604436       0.15377162375829712        85.706175701734395     
   25.799850899550520        1.3891036970059873       0.42567563736983849       0.15347437440715220        85.643779911453890     
   25.915861227342031        1.3888585503349862       0.42574466211406031       0.15330376762656900        85.617133732971311     
   26.031871555133542        1.3881911234027118       0.42565012022145365       0.15321256952691573        85.613040549749073     
   26.128383550900420        1.3873970382462144       0.42544802204332738       0.15318624266694944        85.620009874601990     
   26.277102038615624        1.3858105968498320       0.42494893836914327       0.15322739791070894        85.642087812628645     
   26.414488572980570        1.3839939446249745       0.42436346735826097       0.15335050542220782        85.673414062847229     
   26.551875107345516        1.3818363665247337       0.42376391755794102       0.15356093838705853        85.720340504850654     
   26.689261641710463        1.3792664899447673       0.42325279031908958       0.15388052789929235        85.793139443991549     
   26.820496357406377        1.3762946894858310       0.42292094417028397       0.15432863077122480        85.900818550717432     
   26.930791455520847        1.3733752969968742       0.42279209741569518       0.15483165629801432        86.029442372470371     
   27.041086553635317        1.3701193662667170       0.42281951592908895       0.15544630875309870        86.196880037015092     
   27.151381651749787        1.3666378095290559       0.42301467101872914       0.15614563306656618        86.402158361467528     
   27.261676749864257        1.3630875301898042       0.42338109371296379       0.15688193942499970        86.639060877851449     
   27.371971847978728        1.3595503647185105       0.42391381662219435       0.15762856021532967        86.899549385221192     
   27.519876117671473        1.3548521010311299       0.42486563172723241       0.15863754910500319        87.276585947654908     
   27.710970008224809        1.3488581698752866       0.42642218256278153       0.15995398799584210        87.799330862800375     
   27.854261408552883        1.3443806115871608       0.42775981822015902       0.16096385927410847        88.211661112480101     
   27.913353433877376        1.3425067626884883       0.42833941891937743       0.16139682142087955        88.386408629625194     
   28.062375101319983        1.3375846105922322       0.42984176121026935       0.16257729274937049        88.842946291335437     
   28.193059549887902        1.3329738221889265       0.43117328819579964       0.16374608984717512        89.266780381551243     
   28.323608444225933        1.3281285284295277       0.43248066170600946       0.16503347627151807        89.712833890062200     
   28.454157338563963        1.3231871421793229       0.43373363603317244       0.16638771669583530        90.174783255326531     
   28.556836920168575        1.3194127333597983       0.43466218468654305       0.16742581943999707        90.539025369873343     
   28.680513716097888        1.3152398966857350       0.43569569360004973       0.16854973657572650        90.960745722886386     
   28.787314658261096        1.3121031141428419       0.43650105564329261       0.16936666336302023        91.295327136959585     
   28.894115600424303        1.3094664842094021       0.43721613406729742       0.17003192826890734        91.592528918565293     
   29.000916542587511        1.3073246506996803       0.43783448111981099       0.17056048346371999        91.847670324970153     
   29.138114423180422        1.3052696650565965       0.43848133047214904       0.17106484896711346        92.112895578288061     
   29.274323317860063        1.3040749943388912       0.43895923141080750       0.17137334955126560        92.305845308494341     
   29.358839399780752        1.3037828738972344       0.43918168971745603       0.17147186189912855        92.389384633821834     
   29.425589881261210        1.3037937666056196       0.43931627299161657       0.17150332029076756        92.435945991506287     
   29.488082677505201        1.3039884691589918       0.43939108125208098       0.17149914771288424        92.463678399514805     
   29.521991679742722        1.3041694634812619       0.43943821026260066       0.17148365711419350        92.472536670643848     
   29.574447526766701        1.3045576916204085       0.43958341173427518       0.17144133317007076        92.479647651416343     
   29.621597909969914        1.3050136551511953       0.43978121015218052       0.17138560597630406        92.481374194889099     
   29.679067279015353        1.3056879741147196       0.44000132519483459       0.17129847697090514        92.477878948099729     
   29.748518942932265        1.3066604428500692       0.44008340622699182       0.17116808196957500        92.460475389997129     
   29.817402520177666        1.3077892484504743       0.43986471982405034       0.17101304908656864        92.420690761353384     
   29.879235042474530        1.3089268860732606       0.43939086134407046       0.17085450649381445        92.359823859872193     
   29.941067564771394        1.3101613516895700       0.43871420890155893       0.17068059101780916        92.273247921440003     
   30.022805727770908        1.3119002783630414       0.43765633076233851       0.17043254483971682        92.123891060691307     
   30.104543890770422        1.3136964074108235       0.43653240484009082       0.17017195023939485        91.945648519962973     
   30.186282053769936        1.3154640418654775       0.43539435218457589       0.16990946518873226        91.750533480329224     
   30.283497856028042        1.3173897703054476       0.43404053555063249       0.16961274870979925        91.510371205318506     
   30.371190377843757        1.3188675041067417       0.43282237788212358       0.16937289145933973        91.296646702089191     
   30.485939714275066        1.3203965436003398       0.43123344814001130       0.16910627724818131        91.031560035024214     
   30.576772331570357        1.3212281478267811       0.42997982348236974       0.16894418307217754        90.838344847942821     
   30.659126592745199        1.3216556212823225       0.42884636268455711       0.16884368419664320        90.679384649046625     
   30.775188444971825        1.3218198546380089       0.42725404722715787       0.16876836583667007        90.483210566019466     
   30.876736026379866        1.3216148674056436       0.42586571114341482       0.16875802845437907        90.336533683942989     
   30.947265714708173        1.3213015036021789       0.42490410050078786       0.16877944869191797        90.246951951739035     
   31.060155916081779        1.3204361824302875       0.42336945837890128       0.16888041688505093        90.124556727018415     
   31.203456560753697        1.3185129384496737       0.42142939415823794       0.16917936177608495        90.013853691179648     
   31.346757205425615        1.3155575814687706       0.41949822016124250       0.16972837519071771        89.965289655039953     
   31.474949576291152        1.3120811634119103       0.41777815137692231       0.17045948285403728        89.980903976684459     
   31.599445055961080        1.3081025718111849       0.41611443791297043       0.17137396730037774        90.048263975528371     
   31.723940535631009        1.3036758788906357       0.41445734983735200       0.17246493759111886        90.160304324390609     
   31.901377271301140        1.2967073476686197       0.41210698953431046       0.17432316124832978        90.386435005040525     
   32.078814006971271        1.2890616842039206       0.40976995796957283       0.17654912623151461        90.683040188996145     
   32.292428263503410        1.2790511589771305       0.40697400487867197       0.17975703280599259        91.128631624361176     
   32.485842547464593        1.2692653502905948       0.40445890531611400       0.18323087324391923        91.616713494659379     
   32.679256831425775        1.2588553701166996       0.40195934907016528       0.18730427738509334        92.188709425762468     
   32.865130238515029        1.2483805974547153       0.39957180282889265       0.19177799941080831        92.815873404425986     
   33.051003645604283        1.2375770204873453       0.39719843806409866       0.19674818183488554        93.510912076922466     
   33.296043357144548        1.2229636508277588       0.39409112445075506       0.20401302259153684        94.517756023695625     
   33.472439139166383        1.2122690359993737       0.39186933373976590       0.20969163834512908        95.298254748662515     
   33.648834921188218        1.2014884441774665       0.38966006894894389       0.21569644628306672        96.117620109373561     
   33.821969932279117        1.1908387421339726       0.38750375609341653       0.22190545467500652        96.956200475477729     
   33.965048584166865        1.1820208904264851       0.38573078874752253       0.22723162760146423        97.672143744090079     
   34.108127236054614        1.1732436287383605       0.38396593335708751       0.23264897242914928        98.402446210756651     
   34.249371484668814        1.1646689243643740       0.38223162544590616       0.23800202323886901        99.128151416923728     
   34.390615733283013        1.1561960340733675       0.38050515110450145       0.24333501838219831        99.851879096625950     
   34.628123632580639        1.1421880937685738       0.37761957831020276       0.25222658167018924        101.05634345922653     
   34.865631531878265        1.1285030451015023       0.37475588834804718       0.26096706140289977        102.23849350715814     
   35.051662812809752        1.1180715293071104       0.37252803939874635       0.26759655752949252        103.13962707235095     
   35.210958498801908        1.1093516306143245       0.37063089588531678       0.27309717824171420        103.88792653960645     
   35.368108589987187        1.1009090573403157       0.36876877281320253       0.27840656506964845        104.60606423322712     
   35.525258681172467        1.0926026125874728       0.36691600541643588       0.28362580587222297        105.30813657392588     
   35.811731679644012        1.0777809308153647       0.36356246554885585       0.29292621648684408        106.55282930348172     
   36.001868340379666        1.0681193352105385       0.36135360825696278       0.29900383060119157        107.35878152458514     
   36.120903401565030        1.0620905946292811       0.35997758904136756       0.30283886667112675        107.86060466113702     
   36.283749918816667        1.0538466182774602       0.35810360257202500       0.30815248814891266        108.55061698830929     
   36.395905971287675        1.0481886584471476       0.35681862231205652       0.31183024550608801        109.02859825215970     
   36.483541243387819        1.0438066904664609       0.35581778826254312       0.31467060069946112        109.40159608956722     
   36.628406203924435        1.0367327505910626       0.35416951745730235       0.31915656984724033        110.00627661367984     
   36.745575381126706        1.0312306245925982       0.35284195567492110       0.32250482062361163        110.47207122828823     
   36.862744558328977        1.0259432718213128       0.35151937009799844       0.32558782554041954        110.90888507809029     
   36.979913735531248        1.0208406726270283       0.35020174207382754       0.32845290490474077        111.31554036985651     
   37.123539614045164        1.0147686160664471       0.34859333055188568       0.33175784066580477        111.77945603598343     
   37.304841990909537        1.0073465598811147       0.34657353806884056       0.33566003667697897        112.32272077819276     
   37.479688696761556        1.0004480790640073       0.34463675079695999       0.33913929844175406        112.80817675241583     
   37.654535402613575       0.99386411083349835       0.34271078704310515       0.34228283097617668        113.25375320712452     
   37.864717270994184       0.98647191034055570       0.34040984109817829       0.34553070517787682        113.72555180435857     
   38.064192636677092       0.98003863101269773       0.33824039330091177       0.34805794466491047        114.10017606877587     
   38.333091183031470       0.97229564216331010       0.33533777999138153       0.35064586393655123        114.48957139864424     
   38.601989729385849       0.96568600784714553       0.33246007548692463       0.35231963364471597        114.74552501070855     
   38.940916815320307       0.95903933502905048       0.32886809112457960       0.35320404706952463        114.87998582349560     
   39.206730078262858       0.95519687082195137       0.32607814970959520       0.35299458355296515        114.84094024054733     
   39.321367388989088       0.95391490990501526       0.32488224801999627       0.35267340237863792        114.78563266027530     
   39.553152796242429       0.95204946449238204       0.32247763449580269       0.35160904500338291        114.60395093253169     
   39.736531135086132       0.95137406517561485       0.32058782781676454       0.35035946334051438        114.39086104788625     
   39.913280555370214       0.95155139352989504       0.31877681774899841       0.34879432293058699        114.11994885788485     
   40.064304333540704       0.95236081533680217       0.31723750527326444       0.34719811671579920        113.83451297504082     
   40.215328111711194       0.95369435705989103       0.31570562584399442       0.34540479570706323        113.50277352336813     
   40.402199341763364       0.95598647704613993       0.31382037030602511       0.34295284249501962        113.03644425710613     
   40.652270033588700       0.96001178747417593       0.31131512624807584       0.33933441091401373        112.32973625534511     
   40.864555942218509       0.96406796045043053       0.30920411690249461       0.33603327008965411        111.67093305123393     
   41.021307040843489       0.96735093789262039       0.30765454847131829       0.33349040650935363        111.15850105989500     
   41.154719672814345       0.97036525555145592       0.30634181216237505       0.33125543041324440        110.70666681171691     
   41.270141889240683       0.97322266661915102       0.30521061574911112       0.32925622339899840        110.30220792809970     
   41.396635966402869       0.97675201885644436       0.30397570619684150       0.32697589423432649        109.83884849940263     
   41.505101670707433       0.98011626307063870       0.30292078009863765       0.32494989547095465        109.42124169449282     
   41.613567375011996       0.98370524530229753       0.30186951504653053       0.32287687635088108        108.98569468825026     
   41.722033079316560       0.98735267104138813       0.30082189833511969       0.32078560012154511        108.53756397637028     
   41.853783380355956       0.99163831248347967       0.29955427615266350       0.31825841593713389        107.98854328194246     
   41.985533681395353       0.99563418573388540       0.29829199555606378       0.31576983774907685        107.44695133568788     
   42.117283982434749       0.99932574278991104       0.29703503403661097       0.31332650619191305        106.92039070095515     
   42.245366318112126        1.0027304428401602       0.29581814440251858       0.31097972718477218        106.42324643820805     
   42.425019221579326        1.0074368780128704       0.29411968684773943       0.30769881317198794        105.74022555372790     
   42.596893538918245        1.0119093022161376       0.29250389721522513       0.30456850420483156        105.09361207461768     
   42.768767856257163        1.0163516686405347       0.29089698416001347       0.30145185314787887        104.45108766672389     
   42.839729747250573        1.0181599714532992       0.29023611419525280       0.30017329243124730        104.18700731617160     
   42.874902006886728        1.0190300768373375       0.28990911072863845       0.29954514871763621        104.05678965097505     
   42.925422836792151        1.0202806436414034       0.28944005312979493       0.29864403463560635        103.87075445010444     
   42.989749716756741        1.0219827237134731       0.28884391226360973       0.29748005395902372        103.63375394717292     
   43.047190713043626        1.0236411363165656       0.28831262320837253       0.29641989924960754        103.41909286645588     
   43.134408143577467        1.0263486462188658       0.28750779076845256       0.29478438546075669        103.08460835200003     
   43.221625574111307        1.0292765961560246       0.28670520504007108       0.29312084030203744        102.73874893451925     
   43.367790950107249        1.0347182796060308       0.28536519332660437       0.29026949238687999        102.13130603959294     
   43.550049874850053        1.0425400596257586       0.28370305931796169       0.28660191095863646        101.31978657168034     
   43.671630200399605        1.0483760312842987       0.28259988365661176       0.28409684570676935        100.74393014783513     
   43.761438975765671        1.0529680543537836       0.28179062879972450       0.28222354167097580        100.30182696477736     
   43.815001983930166        1.0558112822182226       0.28132160277985485       0.28109868914124475        100.03220786138017     
   43.852830608666800        1.0578761050289989       0.28102793954841571       0.28029998335267742        99.839681464355976     
   43.890659233403433        1.0599774088751632       0.28083178244306789       0.27949894378199253        99.646914303769435     
   43.923367206016323        1.0617975085359492       0.28075906465835310       0.27880720120348890        99.482131828340172     
   43.965561159852761        1.0640980050994040       0.28069515802187167       0.27792143900826277        99.273871549692515     
   44.006594640877253        1.0662307632105987       0.28058434703175616       0.27707297765103006        99.075505629779499     
   44.047628121901745        1.0682118543768653       0.28044002369588988       0.27624317131897219        98.880987680757698     
   44.105711255225131        1.0706741377912912       0.28023851107800640       0.27511248186484549        98.615191645742215     
   44.163794388548517        1.0726415891381653       0.28005067297717784       0.27405111709588353        98.366433243533081     
   44.243362404311533        1.0744044561886985       0.27979957297851688       0.27274979918319076        98.064335015614304     
   44.322930420074549        1.0750557335340534       0.27957788233958902       0.27167464121595986        97.819154005372795     
   44.397212649089148        1.0747817608980710       0.27941745695300158       0.27090259123620275        97.649611519055355     
   44.467596132194501        1.0739749222110309       0.27932310394886051       0.27035255273355852        97.542299768527101     
   44.537979615299854        1.0729270772371626       0.27930427494257748       0.26989997655116055        97.479970524974490     
   44.608363098405206        1.0718908134649394       0.27938145354365884       0.26945392087588615        97.450230878381859     
   44.662141602542484        1.0711672478495982       0.27951848673286894       0.26909487656520387        97.441808571099983     
   44.749050257114874        1.0701472971487549       0.27990819814412715       0.26847395047436490        97.445136956456096     
   44.868382855879616        1.0691519024003686       0.28082768891668280       0.26750974212443190        97.470935081867793     
   44.984058312955973        1.0687100666534068       0.28216094520956059       0.26643981174240255        97.508993553740908     
   45.099733770032330        1.0687914935232643       0.28388572766159870       0.26524812062438480        97.553364160154089     
   45.262969420868508        1.0697040470301686       0.28681611224474379       0.26340462801056885        97.617880440061526     
   45.387892699812866        1.0710047654941020       0.28930913572398603       0.26188561935323262        97.660829085055212     
   45.556928055124175        1.0736296029213652       0.29286442003162699       0.25969127521645285        97.694865986663899     
   45.671673807083131        1.0760269279966344       0.29533862989981868       0.25811133202935416        97.693736814079543     
   45.763014992996936        1.0783522231427800       0.29732384358832875       0.25679668814035900        97.674487494244673     
   45.903094683960610        1.0828152191673115       0.30037490157768837       0.25466622817483947        97.603809208680445     
   46.011088329741050        1.0870312977156005       0.30271957421914109       0.25293571647787549        97.508834143130542     
   46.119081975521489        1.0918485296620475       0.30504698918707651       0.25114703780679271        97.377244595427925     
   46.227075621301928        1.0971167600777021       0.30734702277614551       0.24932288344581366        97.212557856466390     
   46.335069267082368        1.1027215127586552       0.30960821644013026       0.24747873545250082        97.020543794502700     
   46.482465117362224        1.1108197654841236       0.31260680996172552       0.24494262232048541        96.721807560092927     
   46.685218730365456        1.1225670875209497       0.31648362943004327       0.24144662361871644        96.251889976872050     
   46.835133054912220        1.1314878634363386       0.31906997247122970       0.23887914870243449        95.866038676037164     
   46.935519380647186        1.1375118080354913       0.32061495666717049       0.23717430165160341        95.590091326414964     
   47.136188801944812        1.1496039541263385       0.32310835190753284       0.23380457084494488        94.990584823706257     
   47.300772808002073        1.1594974295837681       0.32443755417583275       0.23107629709403810        94.442964293652679     
   47.435232797818060        1.1675191574451576       0.32500830589347890       0.22886440746840597        93.953889735420361     
   47.569692787634047        1.1754758532401075       0.32514463041236685       0.22666219730667245        93.427063745970415     
   47.737573814869869        1.1853097944865483       0.32480518233636008       0.22392687582520596        92.721484619142018     
   47.954572348488277        1.1978280477346550       0.32376255910713425       0.22042276410602521        91.750022321280312     
   48.102085042118887        1.2061872408785022       0.32280232364183503       0.21806763264440104        91.065883517091592     
   48.205417005990071        1.2119287027767400       0.32205282511331934       0.21643608303788262        90.581308793036129     
   48.380673993914677        1.2213097443235350       0.32069347291289607       0.21371827281903330        89.761661003203912     
   48.555930981839282        1.2301408596764964       0.31929162490340784       0.21107552240419342        88.959908308826996     
   48.726892470760617        1.2382318003171191       0.31795417601240222       0.20857378508610597        88.206486160735821     
   48.886129411655801        1.2454158796495234       0.31679775665794535       0.20630439059564509        87.534107550605512     
   49.045366352550985        1.2523433981030636       0.31578534313130985       0.20408874923570111        86.890936270673507     
   49.232778969127331        1.2602013749428360       0.31484182795457061       0.20154958163327191        86.174378361662150     
   49.414261638058157        1.2675242431901230       0.31422050168460769       0.19916135297091608        85.525754840900191     
   49.539981396420231        1.2724299335481013       0.31392836527810308       0.19754847255312832        85.102460185925381     
   49.711335736165942        1.2788928837870488       0.31360725710189946       0.19540568780960010        84.554398565243986     
   49.873253062463483        1.2847666631538266       0.31326758287752976       0.19343962035022730        84.057531622992357     
   49.995148988500191        1.2890347304123915       0.31294075340515587       0.19199765557456497        83.691200410851806     
   50.175489998095443        1.2950874042593681       0.31233009367400622       0.18992660559378541        83.156928903702848     
   50.355831007690696        1.3007764972065130       0.31157879580623088       0.18793590476144836        82.632078966843039     
   50.501428738956534        1.3050208920587856       0.31088984851055235       0.18639750267797012        82.219046265454253     
   50.717413141126457        1.3106230645805952       0.30978067122300929       0.18424541376258860        81.635241704652188     
   50.898961755315256        1.3146951831174145       0.30881560493700272       0.18255955593049605        81.179016397903354     
   51.073814457117869        1.3181817004631746       0.30790071177158562       0.18103053447105782        80.771044949743384     
   51.248667158920483        1.3213466809136341       0.30703728460763330       0.17958202112523453        80.391579845578406     
   51.528138302644138        1.3258501258433359       0.30584267076959237       0.17741972051102653        79.842522700528221     
   51.794250435153849        1.3296716632942063       0.30497614769642600       0.17551157587855062        79.382951315843727     
   52.049952480796243        1.3330611698605630       0.30437810381333874       0.17379425861436731        78.991520936022994     
   52.372632488426170        1.3370282121462198       0.30383363171669270       0.17177406377271598        78.552124685774871     
   52.631446969927104        1.3400089717192556       0.30345199125974498       0.17026201940102167        78.230096052937213     
   52.815489320313745        1.3420440208615549       0.30316621441406183       0.16924022962592575        78.011176116925881     
   53.060251721720832        1.3446381295473355       0.30274482694626098       0.16794852194449417        77.728722611142800     
   53.391039990036973        1.3477673197207491       0.30207488896490181       0.16634589536343397        77.364395049300299     
   53.596008363215908        1.3492704499990542       0.30158982222796771       0.16546604016189473        77.157694565932175     
   53.744564912408315        1.3501188097466168       0.30120101082049222       0.16488715591504335        77.020471871661101     
   53.932864056107988        1.3509491953830706       0.30066066823068566       0.16421701227007041        76.860961852939695     
   54.121163199807661        1.3515342497128211       0.30006541443977974       0.16361311689506960        76.715178581914216     
   54.514896694143445        1.3520378480511992       0.29864004231117802       0.16255138205039638        76.448349672854164     
   54.815069210178606        1.3518560498871763       0.29739140132680908       0.16190880182849102        76.273628307417752     
   55.033440901366042        1.3514583477657460       0.29639899751590892       0.16152439093307128        76.159801559865926     
   55.256982496515313        1.3508938365377012       0.29531424273090956       0.16118971387374093        76.051785367313414     
   55.434918299493617        1.3503692402799956       0.29440427359036758       0.16095837667751822        75.969372933178192     
   55.843701405569959        1.3489816193455808       0.29217385838485038       0.16052900131906453        75.786747338826473     
   56.222255360814977        1.3476100475528612       0.28996056442295609       0.16022777670784294        75.619175008531968     
   56.583826741202124        1.3462794627196539       0.28774245504370888       0.16000906487460317        75.456748448405150     
   56.744140874879506        1.3456779828544434       0.28673340851072304       0.15993223260838182        75.384261419220209     
   56.776503008657940        1.3455503384768066       0.28652812333167343       0.15991911303539955        75.369712513778879     
   56.969093308847818        1.3446856539834589       0.28529688041416773       0.15986898104114131        75.286584905303556     
   57.161683609037695        1.3435868134301345       0.28405197987705011       0.15987720712685147        75.214598452475627     
   57.347305735445836        1.3423155682265353       0.28284268544760660       0.15993912371151767        75.158955763603601     
   57.528495987623934        1.3409654360369290       0.28165653705837501       0.16003275516082044        75.115307354164216     
   57.709686239802032        1.3395727814240641       0.28046789978017006       0.16014564515814875        75.077640739737305     
   57.976944683421998        1.3374780324070383       0.27872303756472167       0.16033839641132214        75.028447156433913     
   58.244067643460191        1.3353356288913811       0.27702847317668972       0.16056058998456099        74.987171292788204     
   58.476103933172517        1.3333831795927278       0.27565543018257022       0.16078717061650191        74.963514779015256     
   58.764075404973305        1.3307764628330503       0.27421642584285727       0.16112488938111269        74.964655349557702     
   59.033814051227104        1.3281687246013034       0.27336551844764412       0.16149433267071533        75.014901139946573     
   59.256580091172964        1.3259231586371814       0.27325590245885967       0.16183210303947801        75.109231325584091     
   59.452440852340942        1.3238803509373356       0.27377147484795966       0.16215349214188679        75.246225766696710     
   59.582788611809022        1.3224851407895706       0.27448632331334905       0.16238012877056346        75.371325657299963     
   59.759115873994801        1.3205527440387297       0.27594814927021244       0.16270289326600065        75.588122912108446     
   59.935443136180581        1.3185693785367574       0.27794968504015422       0.16304393735746606        75.860221183144844     
   60.111770398366360        1.3165312351928065       0.28041250767108822       0.16340370688171157        76.183617363572722     
   60.370894288551526        1.3134097621278320       0.28465184567131385       0.16397167128213877        76.736306030706814     
   60.551702765851914        1.3111076860783519       0.28789691936521056       0.16440371253039021        77.164413359425311     
   60.655462160194581        1.3097102148881261       0.28982385834915197       0.16467232799953066        77.422789415591112     
   60.867681615947021        1.3066127947926121       0.29384730846249690       0.16528619175448078        77.977599785882262     
   61.061465622976456        1.3035285282457101       0.29755943707574700       0.16591911180580393        78.510823206712132     
   61.164134004282438        1.3018400309211586       0.29952299277117889       0.16627200452821428        78.800345224249568     
   61.248236182273537        1.3004710227531455       0.30112414432596540       0.16655941400208074        79.039064174826876     
   61.360607217927807        1.2988074095053690       0.30324778807544761       0.16690424258155570        79.354589096314356     
   61.499735690225172        1.2972297059171265       0.30584397868874641       0.16721852908381388        79.725120289043417     
   61.609450739323428        1.2964342167936287       0.30785955104510432       0.16736723470442183        79.991666116052414     
   61.719165788421684        1.2959936128669010       0.30984214319175118       0.16744211378126356        80.232112150325165     
   61.828880837519939        1.2957782986973809       0.31178691662143143       0.16747164573706569        80.448797162390989     
   61.938595886618195        1.2956068542112220       0.31368875377951616       0.16749150661707257        80.648908205750772     
   62.027002836534855        1.2954540918286492       0.31518630741179016       0.16750938512565910        80.803255669968991     
   62.180385547668322        1.2951433907894836       0.31770110393661477       0.16754719742242488        81.062208470283750     
   62.364610650208306        1.2946648816610848       0.32056124259064933       0.16760970088698243        81.362724045821238     
   62.560801831899241        1.2940004188191148       0.32338227498344146       0.16770276790152541        81.671569212647654     
   62.754856982960860        1.2931214202585086       0.32590798456509990       0.16783554850647436        81.965761108435018     
   62.993178544250306        1.2915619981401019       0.32859771713575275       0.16809403185204161        82.316451768811802     
   63.231500105539752        1.2893613535287964       0.33078142037775465       0.16848942512056436        82.660887934073585     
   63.419290506663067        1.2871077405270528       0.33212126114072554       0.16892078321858198        82.929861794706795     
   63.580717135897345        1.2846781763841062       0.33299897199953121       0.16941438090946337        83.164937447573578     
   63.726796589501426        1.2820837121490332       0.33357741262774820       0.16996769680574314        83.384692619312261     
   63.872876043105506        1.2792051953746026       0.33395776190209336       0.17060334248797382        83.610022220561220     
   64.018955496709594        1.2762166446881562       0.33415052395464961       0.17127427676805584        83.834350310378724     
   64.149323116505528        1.2736703082183765       0.33417503158524642       0.17184065212841643        84.023389497871747     
   64.279690736301461        1.2714095233988645       0.33407176724568627       0.17232833286703633        84.190017872067884     
   64.410058356097394        1.2695048752664739       0.33385249880868179       0.17272194111205144        84.325952425816013     
   64.540425975893328        1.2679328010661746       0.33352934244676663       0.17303260792865235        84.428612321159122     
   64.670793595689261        1.2665749290225499       0.33311438062623094       0.17329308466905319        84.501661456857605     
   64.832777616110377        1.2649383514236932       0.33248853993686445       0.17360828627563563        84.565389701508721     
   64.956396785638674        1.2636673789134660       0.33194107104403703       0.17385713762646793        84.603307539833537     
   65.160665141243641        1.2614981152006781       0.33092958412869866       0.17429089727114261        84.655908319134639     
   65.411297082387037        1.2586829081150790       0.32955362617616329       0.17487082967621570        84.714011758106579     
   65.604291432137387        1.2563109555889809       0.32842908493435763       0.17537631119933578        84.761462603360584     
   65.767029497503245        1.2540105748831285       0.32745930878957763       0.17588611359836787        84.813508528473974     
   65.898121429456182        1.2519370895369168       0.32667584978902614       0.17636059953553426        84.868889223814961     
   66.058579630303313        1.2492118924627595       0.32572752726377602       0.17699938880154020        84.953735371572208     
   66.208628381305758        1.2466301483679723       0.32486377487277690       0.17761160970130702        85.044577941571148     
   66.353246792860347        1.2441927053841799       0.32406328628471365       0.17819115244239112        85.135861313148666     
   66.574887613358825        1.2405925889975422       0.32291717152402677       0.17904540453738033        85.276482290679084     
   66.761018888876265        1.2377239066879409       0.32204143491917414       0.17971983372439818        85.392716717575169     
   66.947150164393705        1.2350315421069216       0.32124270807168781       0.18034271507968361        85.505240826666622     
   67.085908773193026        1.2332164428551213       0.32068851667563886       0.18075222208604946        85.583043219575217     
   67.298369882399868        1.2308719943997031       0.31988353417461834       0.18126109607550364        85.681735688412147     
   67.501665030044350        1.2291550713025448       0.31912778201105962       0.18161274511094752        85.744449316675684     
   67.721172346819301        1.2278801279793568       0.31828422073633278       0.18185214017242118        85.772421684650013     
   67.931716502031648        1.2272808406933640       0.31741509233080206       0.18193701140272453        85.754588059130768     
   68.118498955102353        1.2272190633948707       0.31657894263756253       0.18190614986727563        85.700212003563365     
   68.305281408173059        1.2274901602289068       0.31567480562920730       0.18179990955021066        85.613465883869438     
   68.487413933707245        1.2280394983429563       0.31472682454145379       0.18163151343349737        85.501790065221826     
   68.724730077847695        1.2291007747065645       0.31339908971362507       0.18133031961934226        85.320470617781183     
   68.902967482103222        1.2300220851332537       0.31234122830346345       0.18106655518390594        85.164051955895431     
   69.081204886358748        1.2309276963261122       0.31124070020595240       0.18079185442413004        84.998576401040182     
   69.301614870441341        1.2320051843802888       0.30983584146940768       0.18044049070557330        84.788258779914344     
   69.640508180714335        1.2335911463528890       0.30765632843019836       0.17987288899400447        84.460339137686148     
   69.953941511306709        1.2349853118354512       0.30579766828086458       0.17932109368158503        84.164926275877221     
   70.192927334592113        1.2359036240081720       0.30461183630335403       0.17890536034093873        83.960794177590941     
   70.376289690455664        1.2364832214852317       0.30387046375964943       0.17860012194058728        83.824242318899181     
   70.556708658974131        1.2369350769982062       0.30326419525180548       0.17831629504146851        83.708714734919980     
   70.788638175606181        1.2373104378243018       0.30257113837601601       0.17798561764854554        83.584151974944703     
   70.980267088171601        1.2373991678507774       0.30198334204217459       0.17775437004397474        83.496824661735388     
   71.124028598972941        1.2373179620704402       0.30151055799372950       0.17761126493801505        83.438604246536741     
   71.322229971867841        1.2370002492470791       0.30085380984290538       0.17745897869153099        83.369543054875464     
   71.564348430208199        1.2363050664319786       0.30018409325811357       0.17734467114108729        83.311299509810709     
   71.759387498153927        1.2354784312768197       0.29988866749770993       0.17731825850512495        83.297521315095068     
   71.918091245094331        1.2346290925460199       0.29987152466011885       0.17734246264921702        83.315825800991590     
   72.115525129250656        1.2333817769134019       0.30014680994375836       0.17742494698098293        83.379443202549297     
   72.270503530624538        1.2322956370493054       0.30055015645088712       0.17752197517199933        83.458673498124270     
   72.472167617542183        1.2307799960361261       0.30118846205049271       0.17768273817188918        83.589106059001139     
   72.673056430056235        1.2291445055182522       0.30178006090098602       0.17788533676993393        83.734590846887031     
   72.850292402154423        1.2276057160888918       0.30215788495687490       0.17809823479210418        83.863834525075347     
   72.972726065442487        1.2265051574047854       0.30231847708290455       0.17826067950474983        83.949440964617182     
   73.077761224330828        1.2255500607207548       0.30239636423265037       0.17840677904517949        84.019042400217174     
   73.206362154874839        1.2243899040487862       0.30244987511299432       0.17858838839688085        84.099655789218119     
   73.312862969693668        1.2234478716108257       0.30245818237008176       0.17873823295900143        84.162548141093311     
   73.399999999999991        1.2226975249411107       0.30243655292656385       0.17885846353664356        84.210936644564711     
