   0.0000000000000000       0.34742485706601656       0.43003134634288759       0.48035897109629050        132.53967285156199     
  0.10000000000000001       0.34732331814478795       0.43002305736710400       0.48035948611450185        133.65714444383906     
  0.20000000000000001       0.34787705752242609       0.42999192175561263       0.48035834699676555        134.40290134793926     
  0.30000000000000004       0.34986352388444386       0.42994376381341054       0.48034471410601831        134.87575141305888     
  0.40000000000000002       0.35292954876687188       0.42987938152779853       0.48030748971238080        135.13932634466002     
  0.50000000000000000       0.35667056342293868       0.42980302120228903       0.48023967194069361        135.24457358611772     
  0.59999999999999998       0.36079008798105761       0.42970624982387462       0.48013905599862555        135.23651795491423     
  0.69999999999999996       0.36841341310429188       0.42958271324492331       0.47998828729733695        135.11189694028539     
  0.79999999999999993       0.37827802579783060       0.42944054641254231       0.47976359688145315        134.84291335780526     
  0.89999999999999991       0.38718514397644432       0.42928569560797730       0.47946556915997590        134.46541663477086     
  0.99999999999999989       0.39167041798958729       0.42912468825061345       0.47911957292673646        134.07165175932153     
   1.0999999999999999       0.39056086758295305       0.42896371183374538       0.47876602221112241        133.77441110565965     
   1.2000000000000000       0.38654715017264207       0.42880868004148426       0.47843498454480871        133.62812360500865     
   1.3000000000000000       0.38120767748254641       0.42866503459478367       0.47814021064495194        133.62147793053330     
   1.4000000000000001       0.37583754872973130       0.42853761433267373       0.47788711304433168        133.72258123286403     
   1.5000000000000002       0.37165797852638693       0.42843049814086281       0.47767038509681137        133.88185351857237     
   1.6000000000000003       0.36780753758308837       0.42834689219936373       0.47748459978404301        134.06403104420411     
   1.7000000000000004       0.36405268376695993       0.42828919039086594       0.47732970292796711        134.26030553055284     
   1.8000000000000005       0.36066935460250332       0.42825903606045990       0.47720412930825878        134.46195430291837     
   1.9000000000000006       0.35793903709025537       0.42825730519546462       0.47710376155814527        134.65738851794262     
   2.0000000000000004       0.35586535617545961       0.42828412721222375       0.47702300253586194        134.83534506568733     
   2.1000000000000005       0.35391240109713118       0.42833885431990232       0.47695916352173456        134.99484222018791     
   2.2000000000000006       0.35223348956536327       0.42842006960822793       0.47691112080683790        135.13985066244723     
   2.3000000000000007       0.35111795168411114       0.42852558634721855       0.47687489936858413        135.26676639383803     
   2.4000000000000008       0.35080685121219202       0.42865234399475394       0.47684470067452517        135.36908313846800     
   2.5000000000000009       0.35226304844064427       0.42879546033955118       0.47680842080908137        135.42900146245731     
   2.6000000000000010       0.35526057531287719       0.42894825270709031       0.47675078892711581        135.42525232943751     
   2.7000000000000011       0.35879655421386381       0.42910381183182300       0.47666389983287172        135.35838334686329     
   2.8000000000000012       0.36182842042257868       0.42925647142889384       0.47654895943561110        135.24940004793285     
   2.9000000000000012       0.36355790527643400       0.42940347801898976       0.47641520387804076        135.13220628857891     
   3.0000000000000013       0.36468174280634330       0.42954616379495936       0.47627079506193104        135.02957976797163     
   3.1000000000000014       0.36565950152665888       0.42968981434478049       0.47611807000024303        134.94282704142836     
   3.2000000000000015       0.36682284150054928       0.42984307845101921       0.47595661216805635        134.86609444952464     
   3.3000000000000016       0.36845981911032610       0.43001739816799217       0.47578401203646703        134.79061692300098     
   3.4000000000000017       0.37191538889221687       0.43022657156218008       0.47559037181044339        134.69301359569303     
   3.5000000000000018       0.37697471960950391       0.43048717250095075       0.47536145700990196        134.54369346013283     
   3.6000000000000019       0.38217176466273933       0.43081797765639929       0.47509243393605394        134.34376158006486     
   3.7000000000000020       0.38594197306196021       0.43123776074698372       0.47479045435913980        134.12527469214029     
   3.8000000000000020       0.38706819743610715       0.43176311763654723       0.47447365153624105        133.94116765385112     
   3.9000000000000021       0.38740434637606685       0.43240603270288253       0.47415503056850294        133.81853382525674     
   4.0000000000000018       0.38762527150524240       0.43317200288780555       0.47383659246525434        133.74499873106288     
   4.1000000000000014       0.38784555088172634       0.43405960775295749       0.47351898647459778        133.70849057245712     
   4.2000000000000011       0.38820559097041740       0.43506096217480594       0.47320154985125179        133.69792490200177     
   4.3000000000000007       0.38897829047873622       0.43616196302919552       0.47288198567259954        133.70172498175376     
   4.4000000000000004       0.39047436763326321       0.43734301986721080       0.47255549252697976        133.70504612640133     
   4.5000000000000000       0.39257138007388459       0.43858050006085447       0.47221703562866346        133.69598848468519     
   4.5999999999999996       0.39513707069928905       0.43984813194203215       0.47186261400738816        133.66839423659218     
   4.6999999999999993       0.39792360654946790       0.44111809897387017       0.47149085071594765        133.62452538199068     
   4.7999999999999989       0.40373026412245094       0.44236189740568377       0.47108963407897042        133.53790616661840     
   4.8999999999999986       0.41339626040047006       0.44355107721888548       0.47063366933415673        133.34604037653787     
   4.9999999999999982       0.42521467689942705       0.44465805985534512       0.47010601340255925        133.02082221878280     
   5.0999999999999979       0.43724725729223413       0.44565721636254368       0.46950397264627547        132.58148184967874     
   5.1999999999999975       0.44780485562629424       0.44652625058717804       0.46883652487893396        132.07927950447782     
   5.2999999999999972       0.45817154336015498       0.44724808942051547       0.46811134688011657        131.55053728225602     
   5.3999999999999968       0.46875083913755583       0.44781270248667426       0.46732970854504274        130.99702247202646     
   5.4999999999999964       0.47944828316084220       0.44821807036402678       0.46649311306881563        130.41985541437094     
   5.5999999999999961       0.49011010335475358       0.44847039856110593       0.46560402209023788        129.82352990062634     
   5.6999999999999957       0.50208156370967660       0.44858384784488869       0.46466163803068516        129.19942167143054     
   5.7999999999999954       0.51608473020005152       0.44857844382738260       0.46365965314022933        128.51533628394895     
   5.8999999999999950       0.52959050651400941       0.44847763670717611       0.46259804556167100        127.77110418673105     
   5.9999999999999947       0.53972127976898021       0.44830698551793408       0.46148869797558295        127.02476787230408     
   6.0999999999999943       0.54346174018723103       0.44809298659613467       0.46035493118168219        126.38031659665305     
   6.1999999999999940       0.54415846102050625       0.44786213227363780       0.45921619026960725        125.90393565637243     
   6.2999999999999936       0.54461936173121284       0.44764010427977596       0.45807675636879769        125.56519157244804     
   6.3999999999999932       0.54519182271419797       0.44745099486612372       0.45693646234908986        125.31833989972333     
   6.4999999999999929       0.54608416430101159       0.44731653975047669       0.45579465551757020        125.12993344046784     
   6.5999999999999925       0.54812512942003067       0.44725505206941490       0.45464912893104825        124.97070926240862     
   6.6999999999999922       0.55485299505656283       0.44728065438050885       0.45348740899909523        124.77108574205093     
   6.7999999999999918       0.56453745736687155       0.44740367070438242       0.45229448831545122        124.46180981903838     
   6.8999999999999915       0.57400053663077888       0.44763145342725880       0.45106774111734088        124.05691675939174     
   6.9999999999999911       0.58007733832794883       0.44796819071106064       0.44981563755093257        123.62784139762074     
   7.0999999999999908       0.58021580708283493       0.44841486639054179       0.44855661022748472        123.28414218756768     
   7.1999999999999904       0.57598323369030968       0.44896924581888198       0.44730921491676717        123.10787418269892     
   7.2999999999999901       0.56975743029980486       0.44962595905340952       0.44608386520373716        123.10729128497054     
   7.3999999999999897       0.56376384613301023       0.45037665079576289       0.44488344384032608        123.24335592524706     
   7.4999999999999893       0.56029254672612672       0.45121019596717943       0.44370224492265825        123.44263023443709     
   7.5999999999999890       0.55946307441108234       0.45211265146905194       0.44252989031699969        123.62893795088121     
   7.6999999999999886       0.55890642634652654       0.45306729308791727       0.44136186466155319        123.77993474069147     
   7.7999999999999883       0.55839799031672943       0.45405523223578637       0.44019856314364153        123.90916544980819     
   7.8999999999999879       0.55807117315001820       0.45505605133263027       0.43903947461978338        124.02026043219560     
   7.9999999999999876       0.55798565818196211       0.45604830974003768       0.43788494633702790        124.11897054871729     
   8.0999999999999872       0.56195885097540599       0.45700996750509881       0.43672644153570023        124.16562209419472     
   8.1999999999999869       0.57049212449044850       0.45791879148133252       0.43554704601677025        124.08227294418796     
   8.2999999999999865       0.58201256205340524       0.45875280235106630       0.43433466526513048        123.83456549475032     
   8.3999999999999861       0.59470421527718431       0.45949084836198445       0.43308484058529173        123.43651428666026     
   8.4999999999999858       0.61056519517034502       0.46011328783001515       0.43179341488625794        122.89981405267126     
   8.5999999999999854       0.63462677906524279       0.46060315110156974       0.43044287009191312        122.14364005345412     
   8.6999999999999851       0.66162955054219141       0.46094730838875630       0.42902087279998646        121.11410871162546     
   8.7999999999999847       0.68480258277713402       0.46113699497074429       0.42753650195275755        119.91209547810968     
   8.8999999999999844       0.69733223769578667       0.46116808371842999       0.42601552266852605        118.74937958631295     
   8.9999999999999840       0.70457969552052557       0.46104119648691488       0.42448023932570261        117.78086156947425     
   9.0999999999999837       0.71051444388689111       0.46076159100711445       0.42293698809789343        116.99099634701881     
   9.1999999999999833       0.71480244247972791       0.46033882854939046       0.42138934954094842        116.34453753622034     
   9.2999999999999829       0.71690232150396938       0.45978628067044069       0.41984218360134101        115.83046301387698     
   9.3999999999999826       0.71659875163024345       0.45912062701500744       0.41830123213928416        115.45078929946492     
   9.4999999999999822       0.71585294742782235       0.45836078265499836       0.41676959037932770        115.18779812388881     
   9.5999999999999819       0.71521427248008551       0.45752632627584439       0.41524714526453727        115.00087290993984     
   9.6999999999999815       0.71467204844110954       0.45663663617774963       0.41373376012497798        114.86187404838201     
   9.7999999999999812       0.71423898960393339       0.45571059676332476       0.41222933880621621        114.75185256987581     
   9.8999999999999808       0.71360705752247577       0.45476637259515423       0.41073412002206355        114.66038704062788     
   9.9999999999999805       0.71154095403225126       0.45382126002243195       0.40925053535800199        114.59839804405534     
   10.099999999999980       0.70813255922165474       0.45289155171762713       0.40778228135246591        114.58639369735413     
   10.199999999999980       0.70375050274625262       0.45199237229428391       0.40633206996746946        114.63116953985336     
   10.299999999999979       0.69877857624968265       0.45113745700349389       0.40490164623927366        114.72978062356786     
   10.399999999999979       0.69204399054368448       0.45033875755136366       0.40349356760671184        114.88473708207732     
   10.499999999999979       0.67999332829502990       0.44960651883365566       0.40211818990042542        115.15508228218162     
   10.599999999999978       0.66532006095198559       0.44895001129162365       0.40078714418118361        115.59166619025456     
   10.699999999999978       0.65170248614401727       0.44837780078406908       0.39950280080810147        116.15366175936097     
   10.799999999999978       0.64284354949590816       0.44789761935100192       0.39825696870889521        116.73863714041424     
   10.899999999999977       0.63796220603937059       0.44751626746313866       0.39703678803114739        117.24574600034845     
   10.999999999999977       0.63391523545465311       0.44723948870342217       0.39583667050361637        117.65891363676299     
   11.099999999999977       0.63084428002295034       0.44707184197600741       0.39465474494884617        117.99811573173207     
   11.199999999999976       0.62923445761480712       0.44701659351761353       0.39348725322389660        118.26458624522589     
   11.299999999999976       0.62941429618457578       0.44707560234980875       0.39232924062878005        118.45080020900953     
   11.399999999999975       0.63011381689465740       0.44724926318459668       0.39117762664262895        118.56198080696458     
   11.499999999999975       0.63082207822063907       0.44753646669518010       0.39003236557491955        118.62264076866416     
   11.599999999999975       0.63152969220406119       0.44793459526175883       0.38889378252097384        118.65185280363731     
   11.699999999999974       0.63222860440654904       0.44843957022934866       0.38776234569695911        118.66251583146112     
   11.799999999999974       0.63293626954632820       0.44904593236884743       0.38663852982616664        118.66318709193109     
   11.899999999999974       0.63371647487088467       0.44974690307721726       0.38552252254842800        118.65838959390278     
   11.999999999999973       0.63450877758723223       0.45053452474249239       0.38441435503654181        118.65096169342416     
   12.099999999999973       0.63522821299797516       0.45139981057086759       0.38331422011313943        118.64431980471353     
   12.199999999999973       0.63579343277700406       0.45233264345939034       0.38222252461281286        118.64206081704337     
   12.299999999999972       0.63606168778031813       0.45332267122388931       0.38113994583452210        118.64876909620639     
   12.399999999999972       0.63592924305409881       0.45435647213284153       0.38006759335893825        118.66970763500791     
   12.499999999999972       0.63540780598029012       0.45541926287576084       0.37900655509687742        118.70913142150449     
   12.599999999999971       0.63449882329357810       0.45649356280938480       0.37795799368439759        118.76966243384270     
   12.699999999999971       0.63326560619694616       0.45756058635743896       0.37692246696998249        118.84858432829637     
   12.799999999999971       0.62876800041481884       0.45860063158020731       0.37590588487999965        118.97572737766291     
   12.899999999999970       0.62117026849558199       0.45959356660036260       0.37491898435391707        119.20533893452689     
   12.999999999999970       0.61286175960310441       0.46051933983725440       0.37396739631372611        119.53983735868793     
   13.099999999999969       0.60623225489632204       0.46135857280749992       0.37304939169435497        119.93212400817656     
   13.199999999999969       0.60368078990522689       0.46209331096359407       0.37215479778540050        120.29902086994446     
   13.299999999999969       0.60392403253497551       0.46270786744005121       0.37127203353882710        120.57344330071794     
   13.399999999999968       0.60546671192850943       0.46319097209175497       0.37039520271389931        120.74554945079728     
   13.499999999999968       0.60788397055297005       0.46353773584114205       0.36952093139359038        120.82562396391648     
   13.599999999999968       0.61083811733891458       0.46375017543008118       0.36864679767274189        120.82670748072218     
   13.699999999999967       0.61397786644326502       0.46383711295234126       0.36777173235678023        120.76626516796962     
   13.799999999999967       0.61826387890381285       0.46381329935750187       0.36689333786794603        120.64911363726446     
   13.899999999999967       0.62386131544692802       0.46369725388130528       0.36600737495707747        120.46489742287189     
   13.999999999999966       0.63034594145590894       0.46350978141022409       0.36511070065595036        120.21190152600235     
   14.099999999999966       0.63723833636404315       0.46327300446512271       0.36420181835433013        119.89924387875082     
   14.199999999999966       0.64495868979854265       0.46300948292351851       0.36327950912895390        119.53584480720475     
   14.299999999999965       0.65513971680164873       0.46274146078916079       0.36233881343001156        119.10229949296895     
   14.399999999999965       0.66584560753132460       0.46249016967202777       0.36137602644575095        118.58771945578448     
   14.499999999999964       0.67453587768656609       0.46227512122469139       0.36039474171686509        118.03664195795558     
   14.599999999999964       0.67861974289788141       0.46211338940883945       0.35940501374205114        117.53099578027481     
   14.699999999999964       0.67781044236169730       0.46201866573672723       0.35842017644227941        117.15801873006988     
   14.799999999999963       0.67463406915913715       0.46200117704015009       0.35744924260931343        116.94829033298622     
   14.899999999999963       0.67076792543590169       0.46206853040271118       0.35649553629017922        116.87732126436684     
   14.999999999999963       0.66775246629642915       0.46222596759768064       0.35555849235797915        116.89886271079965     
   15.099999999999962       0.66711918445956264       0.46247626762466326       0.35463358939447598        116.95275290206830     
   15.199999999999962       0.67175913327210368       0.46281972553165412       0.35370959703866506        116.95066607926402     
   15.299999999999962       0.68054139395974766       0.46325414117538488       0.35277339045004857        116.81204346522962     
   15.399999999999961       0.69027278876932252       0.46377492978071483       0.35181952549144180        116.53441734194705     
   15.499999999999961       0.69769150549766878       0.46437502191219843       0.35085106484589013        116.18115768432661     
   15.599999999999961       0.69940393728453842       0.46504568249996314       0.34987902377976021        115.86089809988589     
   15.699999999999960       0.69290459588335884       0.46577157440178446       0.34892186010560311        115.71077087422681     
   15.799999999999960       0.68121361455685381       0.46652516080772760       0.34799672599150977        115.81558903694372     
   15.899999999999959       0.66869798827487026       0.46727236005657413       0.34711077230612131        116.14796179948003     
   15.999999999999959       0.65962173174480243       0.46798190202969120       0.34626034002948897        116.60468625507133     
   16.099999999999959       0.65750029993234460       0.46863472955003888       0.34542943814089705        117.02858136390988     
   16.199999999999960       0.65733710124591394       0.46922547210590587       0.34460591936761265        117.33533906574746     
   16.299999999999962       0.65741563614450993       0.46975760531018329       0.34378845812810566        117.55105159742719     
   16.399999999999963       0.65781938050627531       0.47024188370823006       0.34297606619666682        117.69796959456281     
   16.499999999999964       0.65851689096865451       0.47069573028505818       0.34216800748918241        117.79274971759281     
   16.599999999999966       0.66140778475795003       0.47114144866209612       0.34136117379792985        117.83216473106138     
   16.699999999999967       0.67125866696535075       0.47161041353555666       0.34054155184671764        117.73697718537392     
   16.799999999999969       0.68598984970475729       0.47214775598488323       0.33969314799999994        117.42483108136966     
   16.899999999999970       0.70234701877892869       0.47280496249074749       0.33881005743794895        116.90736403786393     
   16.999999999999972       0.71685073284946776       0.47362775289698228       0.33789546158836181        116.26275658439083     
   17.099999999999973       0.73079454629071772       0.47464430140677616       0.33695431172673390        115.56768964170335     
   17.199999999999974       0.74581182221721132       0.47586298588245041       0.33598633940750117        114.83140233111364     
   17.299999999999976       0.75946027404979621       0.47727778856788838       0.33499316181798938        114.07162813111842     
   17.399999999999977       0.76897994475923326       0.47887132886219141       0.33398233305845193        113.35749478122416     
   17.499999999999979       0.77202950156618999       0.48061789435075919       0.33296641063041121        112.79037334115233     
   17.599999999999980       0.77202094191518822       0.48248697628909332       0.33195529018014713        112.42423080926459     
   17.699999999999982       0.77094817313007458       0.48444660430999259       0.33095221046521628        112.22946331895896     
   17.799999999999983       0.76954946304681837       0.48646533165010775       0.32995835357526554        112.16460536138275     
   17.899999999999984       0.76856727005479775       0.48851279412695897       0.32897342080897746        112.18658234414153     
   17.999999999999986       0.76908950355446382       0.49055959219386125       0.32799520833737816        112.24829520572052     
   18.099999999999987       0.77254911848728225       0.49257654351344848       0.32701862012871508        112.28938022974056     
   18.199999999999989       0.77861851767417778       0.49453382432664200       0.32603796249366479        112.25925125573944     
   18.299999999999990       0.78707231544890832       0.49640022164602871       0.32504806026245681        112.12546559524222     
   18.399999999999991       0.79637928517122181       0.49814282774755653       0.32404819932045065        111.90691968737792     
   18.499999999999993       0.82661799473604769       0.49972765090845922       0.32301671838682022        111.41700547221050     
   18.599999999999994       0.88214993399111696       0.50112085372021831       0.32191057056935113        110.22205913840408     
   18.699999999999996       0.94070395283450203       0.50229029757621668       0.32071788135280610        108.25846860183428     
   18.799999999999997       0.98000942740575803       0.50320792511076440       0.31946320024966141        105.95814204361194     
   18.899999999999999       0.98525678475278133       0.50385275554787845       0.31819032678803222        104.01313734310489     
   19.000000000000000       0.98168022847038017       0.50421371221366473       0.31692613888499660        102.74765993382647     
   19.100000000000001       0.97746949234773961       0.50429154792638020       0.31567249013093224        101.97454146240868     
   19.200000000000003       0.97325721346072236       0.50409932946844260       0.31442999539677718        101.53628626061376     
   19.300000000000004       0.97003129610016636       0.50366134853355782       0.31319779506300433        101.30506663657060     
   19.400000000000006       0.97044238186306053       0.50301104166063459       0.31197309800535822        101.16906633230937     
   19.500000000000007       0.98271723667071720       0.50218684420498272       0.31074448260241322        100.92915484902352     
   19.600000000000009        1.0038566526136961       0.50122789078040020       0.30949807959835757        100.39196735888001     
   19.700000000000010        1.0283417849285510       0.50017192191708504       0.30822819115717470        99.537482316695673     
   19.800000000000011        1.0510887636480619       0.49905416348437059       0.30693587767235625        98.456165055131351     
   19.900000000000013        1.0674764137505588       0.49790676477562723       0.30562745758194476        97.304506803266122     
   20.000000000000014        1.0728212164393649       0.49675847675800650       0.30431428117004589        96.291485424487618     
   20.100000000000016        1.0731430615929576       0.49563431526916030       0.30300550040235563        95.542044151925694     
   20.200000000000017        1.0733521911392021       0.49455497580205193       0.30170298109209798        95.007769306556327     
   20.300000000000018        1.0736547738171411       0.49353598292993234       0.30040666446683889        94.614925286968429     
   20.400000000000020        1.0739403574715203       0.49258631948219977       0.29911672573717490        94.318743434756612     
   20.500000000000021        1.0741940482210930       0.49170873166957302       0.29783324972487740        94.089062178948168     
   20.600000000000023        1.0743212256874382       0.49089894206284657       0.29655635246538331        93.907623587558675     
   20.700000000000024        1.0695907071094135       0.49014070871608906       0.29528772392854929        93.785127020641340     
   20.800000000000026        1.0350842729202336       0.48940512939170860       0.29404920421706571        94.063979394702400     
   20.900000000000027       0.97339602326104979       0.48865465801813490       0.29287902491952494        95.231352863432861     
   21.000000000000028       0.89560744729240072       0.48784717307329500       0.29181227803360782        97.415649355464694     
   21.100000000000030       0.81502953979641868       0.48694059524338706       0.29087873298563044        100.46727338406760     
   21.200000000000031       0.74701438161744083       0.48589771497467882       0.29009020012456904        103.99072827421443     
   21.300000000000033       0.70648754876207820       0.48469080833969846       0.28942249981001023        107.41619284332485     
   21.400000000000034       0.70219953960620174       0.48330534885949716       0.28880497040328851        110.09682073716175     
   21.500000000000036       0.71557681827831743       0.48174156125679995       0.28817483109917275        111.72197677073703     
   21.600000000000037       0.73706332949112519       0.48001548077544676       0.28750864585286345        112.41295054453970     
   21.700000000000038       0.76126287606757970       0.47816082675134797       0.28679720656927649        112.35812969157105     
   21.800000000000040       0.78030382928715381       0.47622296782036594       0.28605092890751826        111.85891278733042     
   21.900000000000041       0.79413040989423789       0.47425040639800398       0.28527268633673891        111.06199725106991     
   22.000000000000043       0.68357048442227275       0.47229275244959290       0.28461149758816667        111.33158835557286     
   22.100000000000044       0.45748015782591794       0.47040194316625522       0.28455449337532401        115.21136796134920     
   22.200000000000045       0.37409351040496253       0.46863442544182288       0.28533320624535097        121.14484598734859     
   22.300000000000047       0.55193802920466961       0.46705142657275345       0.28569987917219725        123.99456856813863     
   22.400000000000048       0.81692372013526693       0.46571379763048742       0.28513524855330813        120.78338065299805     
   22.500000000000050       0.86413656624539614       0.46466959754798026       0.28428422464297681        115.50094981925854     
   22.600000000000051       0.85776221157225419       0.46394199701630556       0.28344512429993401        111.90591712448764     
   22.700000000000053       0.84822940419486692       0.46351804305558747       0.28262438780596882        109.59575590756815     
   22.800000000000054       0.83305369526691142       0.46334567651577774       0.28183570638475314        108.30427867232660     
   22.900000000000055       0.81458662476136456       0.46334559587064000       0.28108549212659045        107.76513665495462     
   23.000000000000057       0.78110003475771095       0.46342539692010071       0.28039196782605047        107.89444415230528     
   23.100000000000058       0.71002301839545445       0.46349248408289628       0.27982233420965164        109.04063799334823     
   23.200000000000060       0.62235392375246135       0.46346502102610482       0.27946944074206864        111.46216243834668     
   23.300000000000061       0.54560195780760057       0.46328255422490366       0.27938598052903713        114.75863569697921     
   23.400000000000063       0.50237487487998145       0.46291509742368253       0.27953877571218505        118.17287589744282     
   23.500000000000064       0.50351454699500220       0.46236254809448879       0.27977174455424736        120.83509218792024     
   23.600000000000065       0.52960851665665598       0.46164381329700505       0.27993364125011083        122.28123295770571     
   23.700000000000067       0.56861061835439797       0.46078780435712857       0.27996427738690627        122.56190794644526     
   23.800000000000068       0.61028461800610889       0.45982870507122864       0.27985380007699689        121.89858049299606     
   23.900000000000070       0.64296319002901647       0.45880209847085279       0.27963553559543591        120.68933181837704     
   24.000000000000071       0.67489506046670666       0.45774231248051939       0.27933506356219517        119.22545850075835     
   24.100000000000072       0.70689460367568679       0.45668043031405209       0.27895668689128661        117.57101768695485     
   24.200000000000074       0.73224431802940448       0.45564247099521049       0.27851519565017496        115.85534197229629     
   24.300000000000075       0.74376323379934073       0.45464711265792151       0.27803884961397468        114.31205512025504     
   24.400000000000077       0.73956306064467447       0.45370395827225724       0.27756269307184162        113.19672377493019     
   24.500000000000078       0.72688791421747001       0.45281725546026652       0.27711294054341967        112.61549994436341     
   24.600000000000080       0.71225205423080995       0.45198948189625343       0.27670036921263180        112.48884858565727     
   24.700000000000081       0.70174046943436630       0.45122088566206986       0.27632262947749731        112.64471240805177     
   24.800000000000082       0.70037217256986473       0.45050944507807039       0.27596203129048325        112.84441368824790     
   24.900000000000084       0.70307812114677082       0.44985070515114411       0.27560265252360372        112.93564907499389     
   25.000000000000085       0.70765938028815367       0.44923521863688609       0.27523894400314947        112.90721067338636     
   25.100000000000087       0.71370273126905226       0.44864766678069273       0.27486465494259127        112.76420772927275     
   25.200000000000088       0.72043292939695824       0.44807043597456236       0.27447274731722426        112.52837327068045     
   25.300000000000090       0.73301017248482248       0.44748729826794004       0.27405391157304920        112.17082721409338     
   25.400000000000091       0.75609254355218791       0.44688736289012726       0.27359389552251867        111.55142582569700     
   25.500000000000092       0.78288202169712029       0.44626606143730418       0.27308403974063261        110.60409849195982     
   25.600000000000094       0.80550948130491640       0.44562348833234905       0.27253046076443516        109.44825043788286     
   25.700000000000095       0.81603107729092639       0.44496379067286806       0.27195260402930932        108.32466814910072     
   25.800000000000097       0.81529758127747420       0.44429506283862730       0.27137415874696602        107.47486089717897     
   25.900000000000098       0.81158707543053721       0.44362924385467406       0.27080645837245709        106.94487940602474     
   26.000000000000099       0.80633833509007391       0.44298455378620094       0.27025208618893592        106.66226450830271     
   26.100000000000101       0.80011303707099646       0.44238647011807086       0.26971312784994633        106.57409456568641     
   26.200000000000102       0.79369090387269736       0.44186470592236904       0.26918945363331148        106.62770039479837     
   26.300000000000104       0.78686472019169751       0.44145014457378506       0.26867996269828764        106.78185938351520     
   26.400000000000105       0.77790265791766300       0.44117099425569201       0.26818600446609453        107.03306478241946     
   26.500000000000107       0.76737148436672187       0.44105120068067982       0.26771083658904521        107.39320746881458     
   26.600000000000108       0.75623619393244867       0.44111123607702474       0.26725696985865799        107.85046906612804     
   26.700000000000109       0.74539663704058778       0.44136764280788932       0.26682590899928871        108.37987965997175     
   26.800000000000111       0.73584123312791239       0.44183214605271526       0.26641726394307436        108.94559638112756     
   26.900000000000112       0.72798168076589198       0.44251096385853417       0.26602875189161845        109.50816778233795     
   27.000000000000114       0.72058553734520336       0.44340444376609578       0.26565898128716953        110.05074589061891     
   27.100000000000115       0.71219094853501130       0.44450714714905676       0.26530978164649649        110.59082253029139     
   27.200000000000117       0.70122877308993814       0.44580836443716054       0.26498690955293519        111.17228754779708     
   27.300000000000118       0.68497618996064757       0.44729303119480485       0.26469990104610930        111.85034864687790     
   27.400000000000119       0.64822775480492389       0.44894283738512009       0.26448880329208257        112.86700439552999     
   27.500000000000121       0.59746349515790975       0.45073738946654318       0.26441587180481557        114.49578069194314     
   27.600000000000122       0.54663782238347014       0.45265525075572222       0.26452054314664641        116.66515897867326     
   27.700000000000124       0.50791286912115108       0.45467475847232458       0.26480376178458420        119.07374150055418     
   27.800000000000125       0.49288815348703352       0.45677462918346640       0.26519881896238046        121.26088208915496     
   27.900000000000126       0.49136507567973814       0.45893521041058777       0.26562224756563907        122.90465229432593     
   28.000000000000128       0.49072893954374769       0.46113925663055477       0.26605013970818814        124.06641965645159     
   28.100000000000129       0.49016596142963115       0.46337163897251671       0.26648404967612677        124.91084055893150     
   28.200000000000131       0.48996511511894253       0.46561908725247103       0.26692181333358195        125.53396356806731     
   28.300000000000132       0.49059408723673942       0.46786994103623497       0.26736249735307133        126.00520175142000     
   28.400000000000134       0.49935106388622208       0.47011396611128869       0.26778243099187299        126.28285866958291     
   28.500000000000135       0.51662251110415236       0.47234224222312532       0.26814132113583711        126.24957728590419     
   28.600000000000136       0.53992271121903590       0.47454713923383485       0.26841311876941637        125.86245127545904     
   28.700000000000138       0.56627369583775000       0.47672237988845184       0.26858907331331944        125.15270019498611     
   28.800000000000139       0.60066726172667073       0.47886312812287724       0.26865972327299703        124.12930609131909     
   28.900000000000141       0.65280995787764884       0.48096525154217701       0.26859108080884464        122.61644166986129     
   29.000000000000142       0.71319233588209530       0.48302453324324834       0.26836577383905030        120.49194271899697     
   29.100000000000144       0.76900796447439401       0.48503677274029333       0.26800625329786726        117.93056242108067     
   29.200000000000145       0.80899507549906724       0.48699736265321747       0.26755466542402750        115.30397803455627     
   29.300000000000146       0.84143531069257405       0.48890280636143785       0.26704230028426346        112.88198272457237     
   29.400000000000148       0.86994506436155883       0.49074481787114010       0.26648143552600040        110.69024300743065     
   29.500000000000149       0.89441782385536228       0.49253266170902882       0.26588143821534221        108.72933849048148     
   29.600000000000151       0.91249093563385175       0.49414416985248089       0.26525256863270485        107.02583373747079     
   29.700000000000152       0.92489937092429175       0.49521356568410807       0.26460525477809366        105.61470630820270     
   29.800000000000153       0.93452254533435375       0.49527142110369293       0.26394543820928418        104.46249216576136     
   29.900000000000155       0.94059988415171392       0.49405784404353698       0.26327745330350721        103.51603163503277     
   30.000000000000156       0.94184332651018698       0.49184316722352317       0.26260743142778764        102.76773065397869     
   30.100000000000158       0.93702081302070417       0.48913945562585659       0.26194296847466075        102.24506411778049     
   30.200000000000159       0.92477846002337916       0.48627574427446318       0.26129390020643622        102.00607403431633     
   30.300000000000161       0.90729615289283649       0.48337950125434076       0.26066955190750568        102.08491566489100     
   30.400000000000162       0.88581730298297012       0.48048837020727847       0.26007683943498505        102.46337278821875     
   30.500000000000163       0.86004172003838819       0.47761178284474703       0.25952328229395910        103.12866077114313     
   30.600000000000165       0.83249084348540003       0.47475185544481296       0.25901459336469862        104.04489273301843     
   30.700000000000166       0.80329269318807561       0.47190894272437289       0.25855630788189921        105.17325147386234     
   30.800000000000168       0.77492753492941802       0.46908302727771367       0.25814640964571878        106.39913310757828     
   30.900000000000169       0.66932501765211050       0.46627402603498219       0.25787385760302961        108.33937907400799     
   31.000000000000171       0.43196032868789780       0.46348184291547956       0.25823946800476383        113.32440203361610     
   31.100000000000172       0.32256505092440535       0.46070637893445343       0.25964660468972284        120.30209024739908     
   31.200000000000173       0.35168681332511498       0.45794753463678456       0.26121754374714140        125.49736456187280     
   31.300000000000175       0.43343856202993641       0.45520521078687765       0.26224143107899578        127.65997714331316     
   31.400000000000176       0.52083010650596939       0.45247930859347785       0.26274789658028042        127.30232269661413     
   31.500000000000178       0.55530589340363845       0.44976972979081847       0.26296662004362287        125.63384942475852     
   31.600000000000179       0.41965274508467859       0.44707637666985056       0.26348498907598167        125.54704416073862     
   31.700000000000180       0.25913977509840008       0.44439915209027275       0.26526530569210865        128.80655111389376     
   31.800000000000182       0.21727317514308622       0.44173795948450528       0.26828291361935908        132.91227075016420     
   31.900000000000183       0.25173160112628706       0.43909270285805135       0.27114690238710842        135.55281153946200     
   32.000000000000185       0.31661784159405998       0.43646328678810609       0.27317674781063406        136.18746181198483     
   32.100000000000186       0.36356701658200141       0.43384961642130770       0.27458697407122767        135.37270213546370     
   32.200000000000188       0.36203407019149314       0.43125159747099207       0.27584710623108422        134.36138740219016     
   32.300000000000189       0.34675118785007109       0.42866913621423636       0.27721858684020090        133.86861836545438     
   32.400000000000190       0.32703827699879173       0.42610213948880649       0.27875581107618863        133.83713875510941     
   32.500000000000192       0.30685096929428402       0.42355051468972243       0.28050427531272021        134.17659850954328     
   32.600000000000193       0.29044897920781609       0.42101416976664008       0.28246146480679352        134.72523259470333     
   32.700000000000195       0.28127044732088785       0.41849301321980953       0.28457353544866315        135.30116860111329     
   32.800000000000196       0.27889365073219191       0.41598695409740161       0.28675156862460932        135.74549502700538     
   32.900000000000198       0.27738646378969745       0.41349590199201397       0.28895345335881184        136.02846162935052     
   33.000000000000199       0.27609781576811104       0.41101976703805970       0.29117939450241476        136.20262657244146     
   33.100000000000200       0.27518288678777142       0.40855845990656642       0.29342383103117381        136.29605854104969     
   33.200000000000202       0.27463817878287999       0.40611189180502161       0.29568209127488332        136.32882224623586     
   33.300000000000203       0.27453652751152419       0.40367997447247039       0.29794870869515860        136.31349482958757     
   33.400000000000205       0.27539807906098634       0.40126262017521330       0.30021338977788481        136.25204025670419     
   33.500000000000206       0.27711744340203687       0.39885974170602251       0.30246287494404522        136.14045107799890     
   33.600000000000207       0.27929177496840446       0.39647125237871395       0.30468889967165624        135.98268304164313     
   33.700000000000209       0.28152164752074094       0.39409706602894579       0.30688856803756009        135.78916176009690     
   33.800000000000210       0.28337639942428411       0.39173709700440501       0.30906497628316210        135.57602091180775     
   33.900000000000212       0.28524482004721480       0.38939126016835907       0.31122040575967852        135.35427574161230     
   34.000000000000213       0.28725647478077937       0.38705947089190545       0.31335095017508230        135.12415692739609     
   34.100000000000215       0.28906315504360919       0.38474164505671848       0.31545132526758685        134.88913032119578     
   34.200000000000216       0.29028256233291339       0.38243769904484692       0.31752270625169887        134.65919594483464     
   34.300000000000217       0.29053549289330821       0.38014754973836901       0.31957705785048884        134.44872257686680     
   34.400000000000219       0.28961983522374446       0.37787111451859945       0.32163194036465431        134.27365641798866     
   34.500000000000220       0.28771315698682298       0.37560831126388133       0.32370354985171934        134.14452052780746     
   34.600000000000222       0.28505502045296877       0.37335905833960237       0.32580308203272773        134.06390013822283     
   34.700000000000223       0.28189773181478445       0.37112327460237832       0.32793326283248692        134.02826573360741     
   34.800000000000225       0.27724636304284589       0.36890087939693678       0.33009627551290049        134.03836329807174     
   34.900000000000226       0.26681287869693437       0.36669179254738504       0.33234613432658616        134.15636030364269     
   35.000000000000227       0.25188189704619190       0.36449593435982791       0.33477394644996794        134.45879575750837     
   35.100000000000229       0.23481058296272433       0.36231322561648194       0.33745313975458230        134.94905383850718     
   35.200000000000230       0.21755154379008937       0.36014358757534232       0.34043676922796234        135.58843149094173     
   35.300000000000232       0.20167646873847511       0.35798694196478303       0.34375092259163853        136.31562757524387     
   35.400000000000233       0.18833953014975680       0.35584321098250365       0.34739032400858655        137.06273653791203     
   35.500000000000234       0.17835832529484885       0.35371231729185509       0.35131362125566418        137.76509977511063     
   35.600000000000236       0.17244946000894934       0.35159418401964543       0.35543741849536220        138.36320303859213     
   35.700000000000237       0.17161921734038477       0.34948873475218395       0.35964074573529509        138.80547887053689     
   35.800000000000239       0.18131235457303047       0.34739589353425787       0.36367895893298541        138.98387850506541     
   35.900000000000240       0.19993062928139899       0.34531558486500374       0.36729159941758088        138.77732180548554     
   36.000000000000242       0.22220608834944200       0.34324773369597628       0.37040004618647060        138.18441231333171     
   36.100000000000243       0.24005022490804034       0.34119226542792053       0.37310161671980507        137.34611493879675     
   36.200000000000244       0.25351561939801415       0.33914910590843145       0.37553337231938433        136.44621643331041     
   36.300000000000246       0.26589025268335109       0.33711818142904604       0.37775384084100960        135.55346303540870     
   36.400000000000247       0.27712293553164419       0.33509941872285492       0.37979109440127146        134.68285730685247     
   36.500000000000249       0.28684482333982914       0.33309274496152846       0.38167548702402559        133.85435380580392     
   36.600000000000250       0.29453694039668182       0.33109808775289751       0.38343780492986246        133.08944506288154     
   36.700000000000252       0.30058525558027321       0.32911537513819189       0.38510598624206094        132.40572507603684     
   36.800000000000253       0.30637306845422041       0.32714453558963952       0.38669303203743416        131.79532223460382     
   36.900000000000254       0.31343910932822078       0.32518549800807467       0.38819405322355077        131.22276492832873     
   37.000000000000256       0.32314047025474835       0.32323819171990137       0.38958918651136731        130.63402111346127     
   37.100000000000257       0.33551928482531490       0.32130254647479617       0.39085592883673898        129.97961673707053     
   37.200000000000259       0.35108091526674023       0.31937849244213135       0.39197494697746776        129.22397275187041     
   37.300000000000260       0.37076518740387865       0.31746596021120838       0.39292375197901958        128.32423651379622     
   37.400000000000261       0.39603386722923739       0.31556488078577855       0.39368343400465172        127.24318596568588     
   37.500000000000263       0.44131716237106222       0.31367518558310359       0.39418175719187792        125.77885359385006     
   37.600000000000264       0.50349050002137397       0.31179680643107527       0.39434926674464804        123.65119067002780     
   37.700000000000266       0.56786066754441045       0.30992967556590789       0.39421195530562753        120.88549654375477     
   37.800000000000267       0.61575965061729543       0.30807372562952318       0.39385888266243069        117.86094591387864     
   37.900000000000269       0.65125279984245887       0.30622888966721745       0.39336784060535424        114.98385062542027     
   38.000000000000270       0.68170789237711604       0.30439510112527196       0.39277125897012033        112.36255915356725     
   38.100000000000271       0.70878935636594576       0.30257229384850609       0.39208484816920391        109.99068117055164     
   38.200000000000273       0.73388986578517346       0.30076040207763505       0.39131818118137746        107.84009699860982     
   38.300000000000274       0.75846267378134713       0.29895936044789462       0.39047537667542598        105.86033917881157     
   38.400000000000276       0.78251599976000086       0.29716910398517093       0.38955840657201024        104.00313637007093     
   38.500000000000277       0.80531359769914101       0.29538956810439287       0.38856998078533511        102.24586280995980     
   38.600000000000279       0.82610235369523355       0.29362068860793905       0.38751409858827368        100.58884306900454     
   38.700000000000280       0.84417140593871265       0.29186240168233896       0.38639602343910578        99.046584146341701     
   38.800000000000281       0.85878222572120722       0.29011464389600544       0.38522279038642904        97.644189409319665     
   38.900000000000283       0.87051763154802453       0.28837735219737848       0.38400280017194638        96.402228875735048     
   39.000000000000284       0.88177388647934785       0.28665046391233734       0.38274211550069698        95.299353992069086     
   39.100000000000286       0.89236699252052865       0.28493391674227164       0.38144487959763174        94.297042857512750     
   39.200000000000287       0.90172617707652558       0.28322764876150813       0.38011532668046044        93.382585749137675     
   39.300000000000288       0.90936480944486775       0.28153159841531111       0.37875760417593063        92.556684780507041     
   39.400000000000290       0.91476926367667999       0.27984570451746593       0.37737626549604991        91.830395352286374     
   39.500000000000291       0.91747999428961158       0.27816990624818644       0.37597618451410170        91.219928500439607     
   39.600000000000293       0.91678344854000648       0.27650414315089716       0.37456302893040117        90.750694457425084     
   39.700000000000294       0.91304674760914273       0.27484835513679151       0.37314185668199928        90.435677142231896     
   39.800000000000296       0.90580176654600830       0.27320248245503992       0.37172004231233668        90.315443659972075     
   39.900000000000297       0.91704756042680668       0.27156646593103667       0.37028333037107042        90.154425916495427     
   40.000000000000298       0.92987193046866801       0.26994024792533178       0.36881660449477044        89.729321668187239     
   40.100000000000300       0.94276257285258691       0.26832377665722812       0.36732345333277411        89.156028467283065     
   40.200000000000301       0.95745326197968661       0.26671703426909227       0.36580290360934559        88.451963635379599     
   40.300000000000303       0.97394650253519510       0.26512018981794638       0.36425416701875618        87.624253369617023     
   40.400000000000304       0.99059728082751641       0.26353448052671447       0.36267792661020110        86.693516089314357     
   40.500000000000306        1.0069984229083007       0.26196707880209447       0.36107665196506161        85.698376126620929     
   40.600000000000307        1.0231237283084980       0.26045884632735344       0.35945320651331258        84.663843346559176     
   40.700000000000308        1.0385080479243678       0.25921266959231853       0.35781132472862698        83.621974845937402     
   40.800000000000310        1.0541726153369115       0.25916818501120370       0.35615236447997206        82.574572022922709     
   40.900000000000311        1.0540982287638376       0.26017010589282752       0.35448866706149595        81.726038216527130     
   41.000000000000313        1.0521706566615332       0.26098344908126514       0.35283149439952904        81.218155515538754     
   41.100000000000314        1.0505702148635441       0.26182956535008489       0.35118016547229980        80.917200804012410     
   41.200000000000315        1.0487961703470750       0.26265743832777705       0.34953571338411793        80.762407968522339     
   41.300000000000317        1.0469347440472379       0.26348878086785765       0.34789866573967859        80.705708725321287     
   41.400000000000318        1.0448995708619349       0.26432581036444186       0.34626972497275277        80.718162208308897     
   41.500000000000320        1.0426470572314814       0.26517545747532839       0.34464960444855725        80.780998526681373     
   41.600000000000321        1.0401200023515322       0.26604255378143687       0.34303906913043203        80.882972529780233     
   41.700000000000323        1.0371171972130053       0.26693122685019616       0.34143897791484445        81.018542202740633     
   41.800000000000324        1.0329731678145417       0.26784408055066666       0.33985076481929405        81.193948637223315     
   41.900000000000325        1.0278440620070259       0.26878182799790995       0.33827611185976802        81.419244174899276     
   42.000000000000327        1.0220762340181651       0.26974305621044153       0.33671626477495009        81.694338299485267     
   42.100000000000328        1.0159763735631759       0.27072103839366962       0.33517209717084012        82.012878603768684     
   42.200000000000330        1.0098728879347256       0.27170227030094113       0.33364408287338931        82.363974225568754     
   42.300000000000331        1.0041172838383137       0.27266992440066162       0.33213226862600981        82.733314734599517     
   42.400000000000333       0.99904630410269046       0.27360754964798661       0.33063618665734984        83.103338833729538     
   42.500000000000334       0.99442921861362277       0.27450270895394435       0.32915532354605698        83.461178929137887     
   42.600000000000335       0.99006980487911678       0.27534954004689094       0.32768943593215283        83.803224260019732     
   42.700000000000337       0.98581703192624037       0.27614602334129024       0.32623842743559756        84.130079714487110     
   42.800000000000338       0.98151368744103740       0.27689120258433042       0.32480235670869362        84.445251507556605     
   42.900000000000340       0.97700294840639912       0.27758569590182997       0.32338149118607373        84.754208789122700     
   43.000000000000341       0.97213121727878105       0.27823149153248994       0.32197643718681274        85.063777977999266     
   43.100000000000342       0.96680148467242599       0.27883574403447375       0.32058801055353170        85.381315508278519     
   43.200000000000344       0.96110370402157375       0.27941149712542312       0.31921701316772300        85.711930089914247     
   43.300000000000345       0.95518302201002570       0.27997492093852555       0.31786409408451261        86.056791438993400     
   43.400000000000347       0.94916784786415098       0.28054203735295180       0.31652972245512245        86.414153027595589     
   43.500000000000348       0.94315010589964943       0.28112561277486570       0.31521424652692809        86.781401039397593     
   43.600000000000350       0.93727643529210192       0.28173280329818257       0.31391772930437012        87.153183055694583     
   43.700000000000351       0.93048329399734531       0.28236798335952895       0.31264103721166736        87.536168586367864     
   43.800000000000352       0.92268059735487484       0.28303551099946317       0.31138601265679916        87.949620217597896     
   43.900000000000354       0.91497822016861319       0.28373944720169281       0.31015347874170462        88.393679212512325     
   44.000000000000355       0.90857410779920456       0.28448364064816484       0.30894236580830936        88.844155515828945     
   44.100000000000357       0.90465271786614387       0.28527169655567375       0.30774977648090701        89.261539448757503     
   44.200000000000358       0.90441285357053758       0.28610697254558337       0.30657086638598785        89.594836658440727     
   44.300000000000360       0.90817465734053116       0.28699256469180040       0.30539960118092524        89.793675322889101     
   44.400000000000361       0.91504377821568628       0.28793129400755446       0.30423069097456973        89.831748612617815     
   44.500000000000362       0.92395788413035662       0.28892569273578617       0.30306059373354771        89.712749426953508     
   44.600000000000364       0.93390153503928364       0.28997798849460760       0.30188736924009069        89.459255493142464     
   44.700000000000365       0.94377463398629291       0.29109009121321561       0.30071079523197658        89.109365943304553     
   44.800000000000367       0.95460233910242720       0.29226358013187165       0.29953065196603829        88.691259482215315     
   44.900000000000368       0.96862959886208033       0.29349969134613740       0.29834387527285822        88.182749972376584     
   45.000000000000369       0.98393273190325714       0.29479930984454533       0.29714773474399764        87.565503985440444     
   45.100000000000371       0.99813822100772587       0.29616296253675728       0.29594300471060886        86.878390833745229     
   45.200000000000372        1.0091343301989526       0.29759081573998858       0.29473294118701132        86.189112853158363     
   45.300000000000374        1.0147632027744127       0.29908267501701474       0.29352350974577202        85.591549254600451     
   45.400000000000375        1.0179708854424276       0.30063798932938041       0.29231943746181560        85.138840726409910     
   45.500000000000377        1.0207491057563507       0.30225585838413233       0.29112180585256026        84.806560535593931     
   45.600000000000378        1.0231202880969836       0.30393504318387676       0.28993095082492815        84.563473548428462     
   45.700000000000379        1.0250148284455691       0.30567398155614889       0.28874733254967921        84.390609930231307     
   45.800000000000381        1.0263563109171903       0.30747080273503258       0.28757149883228433        84.276838498674564     
   45.900000000000382        1.0271675396219713       0.30932334769098763       0.28640390430779350        84.213263001504657     
   46.000000000000384        1.0256199111135667       0.31122918997101706       0.28524623437868313        84.212454553485301     
   46.100000000000385        1.0204954114405196       0.31318565728100695       0.28410223945332813        84.318300683900205     
   46.200000000000387        1.0123872288849292       0.31518985366224289       0.28297582072131205        84.563823421465202     
   46.300000000000388        1.0020245370106915       0.31723868235218322       0.28187006125690628        84.955509256575453     
   46.400000000000389       0.99011167631960550       0.31932886619267536       0.28078735759672230        85.483979502676249     
   46.500000000000391       0.97739365246947374       0.32145696821554426       0.27972930296567033        86.128013953225931     
   46.600000000000392       0.96460218360386774       0.32361940976707632       0.27869668109718165        86.859327725890239     
   46.700000000000394       0.95247186712946175       0.32581248611034369       0.27768909550983090        87.640563500601047     
   46.800000000000395       0.93847951130525731       0.32803238022192149       0.27670780639721337        88.466854741428961     
   46.900000000000396       0.92207855028101615       0.33027517015676633       0.27575666449224157        89.372471815733263     
   47.000000000000398       0.90422878776350624       0.33253684497869812       0.27483898470353846        90.370306357862759     
   47.100000000000399       0.88596468926302663       0.33481327485107543       0.27395684431151301        91.448378855651214     
   47.200000000000401       0.86834576882468006       0.33710033221273167       0.27311087405776557        92.577731637089670     
   47.300000000000402       0.85244987812871365       0.33939298251763628       0.27229996976944831        93.717306663698551     
   47.400000000000404       0.83933436884155133       0.34168343416806923       0.27152108634543770        94.818490941812200     
   47.500000000000405       0.82997509010012882       0.34396076927368768       0.27076889292369449        95.825918414129717     
   47.600000000000406       0.82311260490754401       0.34621146593154595       0.27003821695149788        96.705476428474896     
   47.700000000000408       0.81759410793035570       0.34841964830894201       0.26932619317663253        97.462662217038911     
   47.800000000000409       0.81272116925560878       0.35056730091566823       0.26863130389419776        98.117440656369283     
   47.900000000000411       0.80780171962367064       0.35263440057829049       0.26795327087966492        98.696609008418051     
   48.000000000000412       0.80216484774358654       0.35459907223123954       0.26729307541442893        99.230951663467451     
   48.100000000000414       0.79505915936945948       0.35643788631550721       0.26665323684240755        99.756251855397082     
   48.200000000000415       0.78587724769840039       0.35812617958836152       0.26603708918340518        100.30330642386238     
   48.300000000000416       0.76887151025364442       0.35963988718345080       0.26545578996315611        100.96179698507818     
   48.400000000000418       0.74401416388202801       0.36095903079863750       0.26492818007397417        101.86118241736899     
   48.500000000000419       0.71539367767586370       0.36206989642249143       0.26446926104054214        103.03318198413358     
   48.600000000000421       0.68725747097670875       0.36296593666808247       0.26408637947322222        104.41308643205151     
   48.700000000000422       0.66376625583598725       0.36364841105705298       0.26377697413847534        105.87365945003442     
   48.800000000000423       0.64891172752190307       0.36412639778882705       0.26352606207895896        107.24893677125932     
   48.900000000000425       0.64617682737158955       0.36441623390372818       0.26330449631272634        108.34720346821805     
   49.000000000000426       0.65275108932771231       0.36454042808801723       0.26308153241938326        109.03474476357681     
   49.100000000000428       0.66488133504884606       0.36452726078463360       0.26283791680886831        109.29952226838027     
   49.200000000000429       0.67932482925741966       0.36440995349706090       0.26256475780661526        109.20160846257787     
   49.300000000000431       0.69277156396374406       0.36422441942809658       0.26226247744707648        108.84762637258783     
   49.400000000000432       0.70189689536914779       0.36400742464752017       0.26193956816218622        108.37558225324756     
   49.500000000000433       0.70356424500891079       0.36379537462739681       0.26161214942941285        107.94809758203664     
   49.600000000000435       0.69930692507224235       0.36362335969829612       0.26129688154479491        107.69042966030040     
   49.700000000000436       0.69133391358236329       0.36352408146281417       0.26100479284230699        107.64111489543244     
   49.800000000000438       0.68131711179572829       0.36352636305637631       0.26074289166132275        107.78984179239291     
   49.900000000000439       0.67089909483092691       0.36365296624472609       0.26051435345677632        108.09717603009277     
   50.000000000000441       0.66166033981259009       0.36391790013298209       0.26031832539278543        108.50547589585709     
   50.100000000000442       0.65492800125413675       0.36432337834763850       0.26014931735353419        108.94311635958442     
   50.200000000000443       0.64830021537949156       0.36486145038079310       0.26000411727901224        109.37591456671679     
   50.300000000000445       0.64146255281099562       0.36551758731956646       0.25988384600735331        109.81495162872557     
   50.400000000000446       0.63523499315025822       0.36627226737928059       0.25978782170808135        110.25598648835170     
   50.500000000000448       0.63043532235619471       0.36710292887941409       0.25971293456367395        110.67943796286274     
   50.600000000000449       0.62787776362161507       0.36798580185704122       0.25965354123143297        111.05553435449163     
   50.700000000000450       0.62860695534658595       0.36889765119911461       0.25960099135255738        111.34511755151999     
   50.800000000000452       0.63332088784970597       0.36981741611420593       0.25954377378591242        111.50200534801321     
   50.900000000000453       0.64111354357424999       0.37072773212518323       0.25947143171930853        111.49771341821004     
   51.000000000000455       0.65084518364817756       0.37161655668828003       0.25937746987443344        111.33610658134212     
   51.100000000000456       0.66143270300849955       0.37247785879904993       0.25925875975560592        111.04043105040935     
   51.200000000000458       0.67207602055431714       0.37330839490632717       0.25911560476286927        110.65018437017021     
   51.300000000000459       0.68609930222172599       0.37410502694447501       0.25894364331167868        110.16117714248062     
   51.400000000000460       0.70281519498071898       0.37486498337794111       0.25873520962233787        109.53623149801317     
   51.500000000000462       0.71985513957185199       0.37558577816932309       0.25848861997178518        108.79118301535169     
   51.600000000000463       0.73490147204849010       0.37626523535746165       0.25820753379871453        107.98196283711877     
   51.700000000000465       0.74571114548076323       0.37690148495574682       0.25790071830378203        107.19657723848927     
   51.800000000000466       0.75451253923921613       0.37749296647313574       0.25757538164737476        106.49206489914260     
   51.900000000000468       0.76241137014842009       0.37803842964823109       0.25723403865889705        105.86442761165078     
   52.000000000000469       0.76923113093436912       0.37853693588840703       0.25687900564089972        105.30683592428768     
   52.100000000000470       0.77477101802598747       0.37898785586530875       0.25651306136252633        104.81872673708034     
   52.200000000000472       0.77880658753802823       0.37939086877765787       0.25613946597048193        104.40471760612139     
   52.300000000000473       0.78196228818556368       0.37974595909988590       0.25576091201708512        104.06404961172028     
   52.400000000000475       0.78485490884320785       0.38005341195319664       0.25537852544258910        103.78135440412069     
   52.500000000000476       0.78733505759700428       0.38031380823959166       0.25499304480626744        103.54248377094643     
   52.600000000000477       0.78918969624157698       0.38052801486113741       0.25460555099860449        103.34264335656133     
   52.700000000000479       0.79021879989203592       0.38069718108650552       0.25421740144733129        103.18263709818605     
   52.800000000000480       0.79019938462385653       0.38082272405075551       0.25383025375212681        103.06683189126171     
   52.900000000000482       0.78859368917510964       0.38090632324892471       0.25344657918130159        103.00654277741636     
   53.000000000000483       0.78554482158993499       0.38094990858889954       0.25306923641659168        103.01411227909448     
   53.100000000000485       0.78149175787970082       0.38095565017215649       0.25270039178694531        103.09052973290854     
   53.200000000000486       0.77687528762535651       0.38092594922649292       0.25234141932012705        103.22764226547899     
   53.300000000000487       0.77212539060024910       0.38086342686040725       0.25199289553838650        103.41166399801833     
   53.400000000000489       0.76770990432915243       0.38077091948661212       0.25165436584950907        103.62317652434685     
   53.500000000000490       0.76290722015188517       0.38065145858996752       0.25132583914341244        103.85213870149683     
   53.600000000000492       0.75737835999861658       0.38050831471443530       0.25100872419629838        104.10539624879871     
   53.700000000000493       0.75154960014759908       0.38034480751250926       0.25070415990920908        104.38511337600055     
   53.800000000000495       0.74591386157099149       0.38016567555984154       0.25041231026807276        104.68284654907245     
   53.900000000000496       0.74097070155156630       0.37997998714857745       0.25013234736915868        104.98332698387694     
   54.000000000000497       0.73721474688663158       0.37980163381263388       0.24986235754335984        105.26658216595398     
   54.100000000000499       0.73494951707510592       0.37964806044880745       0.24959940965054520        105.51057399749961     
   54.200000000000500       0.73354365071465777       0.37953931216701764       0.24934112395207111        105.70514067760502     
   54.300000000000502       0.73267817187605433       0.37949708999688103       0.24908628490531107        105.85492190150416     
   54.400000000000503       0.73214454594253209       0.37954376002947221       0.24883416623762689        105.96768437242631     
   54.500000000000504       0.73171496404637359       0.37970119975943084       0.24858458255008778        106.05366318801136     
   54.600000000000506       0.73115522951312706       0.37998917160450613       0.24833787482039837        106.12481437941486     
   54.700000000000507       0.73022508620395810       0.38042451005317696       0.24809483028968918        106.19414490415166     
   54.800000000000509       0.72863270109412415       0.38101654864445600       0.24785686974094193        106.27625858606316     
   54.900000000000510       0.72623409485723500       0.38176349576559560       0.24762584802174215        106.38550528254717     
   55.000000000000512       0.72303994543869210       0.38265186128382062       0.24740374932771828        106.53241899234959     
   55.100000000000513       0.71909059776774953       0.38366121961144484       0.24719249780827499        106.72300813787629     
   55.200000000000514       0.71443846684706291       0.38476641286546254       0.24699392738401543        106.95975724040944     
   55.300000000000516       0.70913188141795758       0.38593953825565375       0.24680983439380877        107.24311644261894     
   55.400000000000517       0.70292666820694971       0.38715149712501612       0.24664198890689881        107.57162386527078     
   55.500000000000519       0.69314572592962032       0.38837336759722563       0.24649677807874304        107.97737803551104     
   55.600000000000520       0.68073977503314209       0.38957758622505367       0.24638318281890403        108.50313555539370     
   55.700000000000522       0.66787545237178536       0.39073911219484214       0.24630555248282193        109.13756821420556     
   55.800000000000523       0.65665862149449306       0.39183660329894632       0.24626292443166414        109.83076045757507     
   55.900000000000524       0.64921179347606339       0.39285397180951814       0.24624810759486612        110.50582376093485     
   56.000000000000526       0.64806455082069048       0.39377957687689730       0.24624721175308056        111.06881198099025     
   56.100000000000527       0.65848003668970390       0.39460411135148138       0.24623313364294233        111.36909101862959     
   56.200000000000529       0.67746911560840162       0.39532037491800404       0.24617767950103434        111.27744132531301     
   56.300000000000530       0.69951698577122234       0.39592340608494725       0.24606946835405125        110.80892129381047     
   56.400000000000531       0.71911414538068907       0.39641056000908886       0.24591194655069420        110.08153200803487     
   56.500000000000533       0.73050271709140269       0.39678154201438337       0.24572146726723151        109.29048891548534     
   56.600000000000534       0.73270267925471078       0.39703838776826789       0.24552055938522460        108.64343152148264     
   56.700000000000536       0.73323748089086993       0.39718537681144128       0.24532023138230546        108.19752351840253     
   56.800000000000537       0.73346799673765539       0.39722890968665814       0.24512092046840384        107.89076308807434     
   56.900000000000539       0.73368017652646722       0.39717729939674956       0.24492321135875628        107.68138120490225     
   57.000000000000540       0.73447352752354300       0.39704073571535781       0.24472602142387501        107.52707824022863     
   57.100000000000541       0.73639504617904283       0.39683071116640406       0.24452810934960995        107.39825918234568     
   57.200000000000543       0.74713728513540456       0.39656530353710184       0.24431706423386848        107.18285007482540     
   57.300000000000544       0.76597925149309698       0.39627432445238719       0.24407341419738837        106.72304916048874     
   57.400000000000546       0.78786893122140000       0.39599700926114129       0.24378758320914362        105.98444002288662     
   57.500000000000547       0.80608633183101108       0.39577932975764735       0.24346551695065299        105.09093721519832     
   57.600000000000549       0.81974468087897667       0.39567182373134757       0.24310986287276481        104.10228953035508     
   57.700000000000550       0.72706356187263621       0.39572704702798345       0.24283356750986629        104.08182335168712     
   57.800000000000551       0.49322155358652608       0.39599577639448458       0.24307979588033315        107.68505636657497     
   57.900000000000553       0.39410080929278457       0.39652139243267531       0.24411578994571695        113.73112396612315     
   58.000000000000554       0.49250115876433381       0.39733296150704150       0.24501732439603921        117.60310762740767     
   58.100000000000556       0.67341076892739060       0.39843842965318332       0.24520773504797080        117.06386913949196     
   58.200000000000557       0.75153851062504340       0.39982206355449745       0.24503765340625117        114.02692858103552     
   58.300000000000558       0.74864120526961708       0.40144976235005070       0.24482016996622122        111.48141686252225     
   58.400000000000560       0.73442234770779002       0.40327746134074383       0.24463169879372532        110.05218866774887     
   58.500000000000561       0.71767133035159347       0.40525787713705114       0.24447913376520547        109.44146340798150     
   58.600000000000563       0.70224190544706111       0.40734518738620767       0.24436625311323551        109.40855235944888     
   58.700000000000564       0.69308975267100070       0.40949753748841389       0.24428344547498893        109.68275649917953     
   58.800000000000566       0.69730721234143500       0.41167810056099674       0.24420561952547581        109.96867931068549     
   58.900000000000567       0.72092332476069265       0.41385565911289235       0.24408940088228281        109.91613446905359     
   59.000000000000568       0.75583152494607453       0.41600517320285241       0.24390139568669886        109.31554863119841     
   59.100000000000570       0.79176032508160776       0.41810964586464267       0.24363696838306476        108.23356149734828     
   59.200000000000571       0.81858945359859114       0.42015714265697440       0.24331202333078647        106.91452199805524     
   59.300000000000573       0.83079123043016223       0.42213458394720910       0.24295506106325448        105.69840208652592     
   59.400000000000574       0.83962574605828943       0.42402611017984571       0.24258252738815012        104.73339773980153     
   59.500000000000576       0.84684049233465553       0.42581281932332321       0.24219716731356025        103.96192474685712     
   59.600000000000577       0.85169531879026794       0.42747218034442663       0.24180320476186157        103.36170989405120     
   59.700000000000578       0.85369987113448442       0.42897802379770100       0.24140519591261717        102.92497724064923     
   59.800000000000580       0.85324929860641530       0.43029865346451041       0.24100783105885354        102.65010132239787     
   59.900000000000581       0.85226806853988468       0.43140320683891226       0.24061325983190743        102.50741504335770     
   60.000000000000583       0.85086698746189959       0.43223805145604055       0.24022213433548956        102.45600848961186     
   60.100000000000584       0.85028318987438223       0.43286987280445960       0.23983395625956966        102.45587033786755     
   60.200000000000585       0.84956589114242487       0.43338023562574879       0.23944809273307177        102.47785341839904     
   60.300000000000587       0.84862936241861320       0.43375162193855843       0.23906518806449450        102.51732042432081     
   60.400000000000034       0.84748163510882735       0.43394951902306067       0.23868602904395461        102.57137939503474     
