   0.0000000000000000       0.29084240519938565       0.59572660029508862       0.22454761823660471        80.611549377441406     
  0.10000000000000002       0.29102460946034597       0.59589304100840834       0.22451791409140651        87.510679410938451     
  0.20000000000000004       0.29162534000077966       0.59653246595984344       0.22441945586168141        93.136963056702498     
  0.30000000000000004       0.29237380853405631       0.59756140753511866       0.22429331395276264        97.725817891350715     
  0.40000000000000008       0.29321243192865898       0.59899291407097710       0.22414764522255451        101.47037016453916     
  0.50000000000000011       0.29411058568912529       0.60077175000757665       0.22398659603379337        104.52832683545867     
  0.60000000000000009       0.29506866852878255       0.60307835645619789       0.22380987738821428        107.02864688002684     
  0.70000000000000007       0.29609478025589414       0.60605490493898151       0.22361604495807261        109.07805948209723     
  0.80000000000000004       0.29718465864362581       0.60959858265158651       0.22340544533288254        110.76343905458249     
  0.90000000000000002       0.29834461583615973       0.61363431649005040       0.22317696011204424        112.15504261769563     
   1.0000000000000000       0.29958897314674637       0.61807767918430534       0.22292837690027206        113.30951830916746     
   1.1000000000000001       0.30093865795141905       0.62284974908109747       0.22265659719448411        114.27233013223358     
   1.2000000000000002       0.30240727999536449       0.62787779017325429       0.22235952312217944        115.07987425414122     
   1.3000000000000003       0.30399402335508624       0.63309747815094020       0.22203698091885826        115.76130348076343     
   1.4000000000000004       0.30568445589661264       0.63845323470200499       0.22169055880511224        116.34004590728163     
   1.5000000000000004       0.30745219977416322       0.64389794712450654       0.22132334830524786        116.83500731592423     
   1.6000000000000005       0.30925378501470419       0.64939204108315551       0.22094055735521523        117.26160766643127     
   1.7000000000000006       0.31104734959224201       0.65490237887967562       0.22054726718887505        117.63252938183663     
   1.8000000000000007       0.31261340535954901       0.66040176096167547       0.22017036594620459        117.95881119228956     
   1.9000000000000008       0.31358554437092812       0.66586814565594554       0.21985871150639877        118.25200680518402     
   2.0000000000000009       0.31374183096017683       0.67128343211361119       0.21965180738146101        118.52395524114017     
   2.1000000000000010       0.31304151643957234       0.67663242944735325       0.21957245367839762        118.78530275967340     
   2.2000000000000011       0.31159710416466030       0.68190204383715203       0.21962262284262232        119.04435410226883     
   2.3000000000000012       0.30964970701047789       0.68708064027669302       0.21977737113402659        119.30632350955675     
   2.4000000000000012       0.30755144562629555       0.69215755893760444       0.21998043046787297        119.57288019974646     
   2.5000000000000013       0.30578212029680130       0.69712278006858830       0.22014197565305157        119.84174881379678     
   2.6000000000000014       0.30480740441289822       0.70196673267179954       0.22017745631274135        120.10677470635105     
   2.7000000000000015       0.30491849853159886       0.70668024258492967       0.22004598693970814        120.35966213049898     
   2.8000000000000016       0.30622161191584440       0.71125392622017969       0.21974500847655837        120.59195171144236     
   2.9000000000000017       0.30861550772942437       0.71567748553562172       0.21930005611033676        120.79670972379377     
   3.0000000000000018       0.31176559875818805       0.71993951567447123       0.21875688766781315        120.97007798823087     
   3.1000000000000019       0.31518499499422598       0.72402733765117411       0.21816932865359770        121.11242430915713     
   3.2000000000000020       0.31862854207301283       0.72792686180829480       0.21756280579950549        121.22725708482631     
   3.3000000000000020       0.32208194912297078       0.73162251042817850       0.21693921223973250        121.31807618940309     
   3.4000000000000021       0.32550323727299957       0.73509721666389305       0.21630305791855875        121.38786609151600     
   3.5000000000000022       0.32885294901072537       0.73833245282445592       0.21565863721792705        121.43926321207628     
   3.6000000000000023       0.33208594643905920       0.74130848186460740       0.21501087262480911        121.47464100280796     
   3.7000000000000024       0.33515302859405621       0.74400462147299773       0.21436521614241172        121.49618512625327     
   3.8000000000000025       0.33800818187697690       0.74639974740338477       0.21372708058508982        121.50593121429506     
   3.9000000000000026       0.34062053517453750       0.74847286827799109       0.21310073711200303        121.50572873654474     
   4.0000000000000027       0.34297910780938767       0.75020397476094025       0.21248882534731930        121.49710149062133     
   4.1000000000000023       0.34508904472382373       0.75157493007932141       0.21189254707087382        121.48118829946077     
   4.2000000000000020       0.34697093407349577       0.75257034894058017       0.21131157590427946        121.45870661232809     
   4.3000000000000016       0.34865983132658690       0.75317880759390687       0.21074397522795704        121.42990964530219     
   4.4000000000000012       0.35020904843517608       0.75339377128042484       0.21018567892611342        121.39458380679713     
   4.5000000000000009       0.35169817882732946       0.75321425917101048       0.20962957284386610        121.35198942427907     
   4.6000000000000005       0.35320262967440613       0.75264569713408580       0.20906850450651465        121.30085478645394     
   4.7000000000000002       0.35476147640294442       0.75170038514861792       0.20849845694238503        121.23974127173078     
   4.7999999999999998       0.35638284552425964       0.75039743649575497       0.20791787697189368        121.16739650764400     
   4.8999999999999995       0.35804442523584384       0.74876266072054110       0.20732768800839591        121.08300527243090     
   4.9999999999999991       0.35969345587386331       0.74682849147339792       0.20673148317447615        120.98643625189310     
   5.0999999999999988       0.36125347593499973       0.74463329416552404       0.20613524648128900        120.87836907129366     
   5.1999999999999984       0.36265256477604357       0.74222064102135576       0.20554512361612465        120.76026298435093     
   5.2999999999999980       0.36384133447263134       0.73964101885240963       0.20496619962345639        120.63414953727113     
   5.3999999999999977       0.36478499894356359       0.73695034064904585       0.20440350133970439        120.50240110622931     
   5.4999999999999973       0.36546270141222909       0.73420644448339800       0.20386200628537318        120.36758798383322     
   5.5999999999999970       0.36586808564959972       0.73146440895511533       0.20334608330944604        120.23232263813476     
   5.6999999999999966       0.36600444220514239       0.72877374153510022       0.20285935170166616        120.09914101545073     
   5.7999999999999963       0.36588866877422549       0.72617346754185363       0.20240377467386494        119.97032478718572     
   5.8999999999999959       0.36550343762698251       0.72368931542910597       0.20198459791486961        119.84795104716898     
   5.9999999999999956       0.36479913635120553       0.72133388335461213       0.20161067916696002        119.73417604852868     
   6.0999999999999952       0.36374304208603930       0.71911041858673130       0.20128963394763555        119.63118415366507     
   6.1999999999999948       0.36232316696483480       0.71701320397038892       0.20102748324782443        119.54092883373957     
   6.2999999999999945       0.36054552123982492       0.71502656242359575       0.20082852886668853        119.46497186277878     
   6.3999999999999941       0.35843132187433713       0.71312515356979311       0.20069531712540570        119.40436019750744     
   6.4999999999999938       0.35602063093401071       0.71127722983776331       0.20062751684717817        119.35946417287369     
   6.5999999999999934       0.35334652240340703       0.70944862933780517       0.20062526785170731        119.33006476128267     
   6.6999999999999931       0.35041200784929644       0.70760577335457386       0.20069301903696224        119.31560622434885     
   6.7999999999999927       0.34721951536309503       0.70571925426112336       0.20083573059404805        119.31543410696091     
   6.8999999999999924       0.34378952953244873       0.70376723659127982       0.20105559584302227        119.32875116275711     
   6.9999999999999920       0.34015580604725987       0.70173501133636618       0.20135225362989434        119.35457892477773     
   7.0999999999999917       0.33636541528467229       0.69961193087666695       0.20172189623653577        119.39167673999013     
   7.1999999999999913       0.33247519849569979       0.69739000218435310       0.20215762826884412        119.43856398509558     
   7.2999999999999909       0.32854693564883886       0.69506461293296329       0.20264970357849046        119.49345947346494     
   7.3999999999999906       0.32461988446743256       0.69263390052608653       0.20319166879248102        119.55444370680023     
   7.4999999999999902       0.32071202051790021       0.69009945449632493       0.20378076283737259        119.61975053199944     
   7.5999999999999899       0.31684007944167814       0.68746546875329839       0.20441412856243313        119.68778944719362     
   7.6999999999999895       0.31301793819462342       0.68473947663852774       0.20508909118512084        119.75719659300175     
   7.7999999999999892       0.30925755724560644       0.68193159375706824       0.20580308468666544        119.82678524872347     
   7.8999999999999888       0.30556834007478212       0.67905540423062238       0.20655372185030860        119.89561837837736     
   7.9999999999999885       0.30195789199895795       0.67612856091116036       0.20733879285767828        119.96291527246723     
   8.0999999999999890       0.29842585580159231       0.67319393845407560       0.20815776374120137        120.02823758460194     
   8.1999999999999886       0.29497118756376328       0.67032759511022033       0.20901021525466823        120.09164650118989     
   8.2999999999999883       0.29160178251756297       0.66763231753396790       0.20989330580376256        120.15381297266342     
   8.3999999999999879       0.28833259683087448       0.66522885178873759       0.21080204312322062        120.21595068956005     
   8.4999999999999876       0.28518527942206218       0.66324933719465373       0.21172921853699828        120.27977789930910     
   8.5999999999999872       0.28218762065230002       0.66182575986733372       0.21266545093169117        120.34741718229388     
   8.6999999999999869       0.27937362304760621       0.66108010585360488       0.21359928331072692        120.42120371016412     
   8.7999999999999865       0.27678849085558599       0.66110586311226527       0.21451591641445619        120.50344306475048     
   8.8999999999999861       0.27447070484107605       0.66195593253243579       0.21540211789973523        120.59613899200349     
   8.9999999999999858       0.27243714689997717       0.66362863493036739       0.21625026329973213        120.70085093160981     
   9.0999999999999854       0.27068300217604407       0.66605541915325817       0.21705828978671557        120.81853989985801     
   9.1999999999999851       0.26918064080383775       0.66911154561784103       0.21782973187852700        120.94942202826836     
   9.2999999999999847       0.26788001557817281       0.67264891873825672       0.21857340512068671        121.09303174178923     
   9.3999999999999844       0.26671592905163904       0.67652602067910783       0.21930176290795148        121.24846438463416     
   9.4999999999999840       0.26564110944571295       0.68062082854455042       0.22002353856075138        121.41456422261444     
   9.5999999999999837       0.26462942451994426       0.68483183753389398       0.22074295056755561        121.58990255606885     
   9.6999999999999833       0.26365928223082136       0.68907515436700728       0.22146340911714935        121.77286852470894     
   9.7999999999999829       0.26271621665000655       0.69327968391492834       0.22218693397874595        121.96175793436046     
   9.8999999999999826       0.26179292579341373       0.69738136743074963       0.22291406517329093        122.15480558800192     
   9.9999999999999822       0.26088647881929433       0.70132073405669360       0.22364447709628746        122.35017650344007     
   10.099999999999982       0.26002369730733155       0.70504076814557559       0.22437102372400264        122.54588875814733     
   10.199999999999982       0.25926700758385940       0.70848910723750713       0.22507802882131953        122.73951499152713     
   10.299999999999981       0.25867576177101964       0.71162212756423915       0.22575022802617448        122.92818290687187     
   10.399999999999981       0.25829314345049897       0.71440862981971243       0.22637611045026176        123.10884133864094     
   10.499999999999980       0.25815089020128951       0.71683237317498438       0.22694700542897706        123.27849689847444     
   10.599999999999980       0.25826237150139031       0.71890104747895434       0.22745855735184700        123.43448786383577     
   10.699999999999980       0.25866662615746405       0.72065070093982986       0.22790178579611414        123.57462071384714     
   10.799999999999979       0.25949269101370664       0.72214321815331028       0.22825159880577756        123.69672998620787     
   10.899999999999979       0.26088265209569611       0.72345807143316654       0.22848372368882783        123.79828903164005     
   10.999999999999979       0.26291254668040542       0.72468077995836588       0.22858906922039976        123.87691283916615     
   11.099999999999978       0.26559866138624594       0.72589039708904612       0.22856983681515661        123.93087197241270     
   11.199999999999978       0.26889042080807524       0.72714747950224634       0.22843761459888456        123.95940958388418     
   11.299999999999978       0.27267354034573926       0.72848872380365359       0.22821054890278242        123.96297888255441     
   11.399999999999977       0.27684497992492441       0.72993068460698740       0.22790335272157355        123.94312124929438     
   11.499999999999977       0.28135214815963289       0.73147084415437214       0.22752363871833636        123.90176062150364     
   11.599999999999977       0.28616159553262777       0.73308796725173941       0.22707651710926871        123.84073369038242     
   11.699999999999976       0.29125961885587542       0.73474385439771572       0.22656493376937062        123.76154257222436     
   11.799999999999976       0.29665676092156540       0.73638744507447174       0.22598960178989613        123.66508118497183     
   11.899999999999975       0.30237981858536300       0.73796091278930087       0.22535001518347675        123.55156215515520     
   11.999999999999975       0.30854447662653467       0.73940315612643781       0.22463868624878908        123.42023535045898     
   12.099999999999975       0.31532410196482724       0.74065349557684190       0.22384494203157954        123.26873148673171     
   12.199999999999974       0.32279431881751175       0.74165711382525967       0.22296713597001422        123.09367331049245     
   12.299999999999974       0.33090761978207600       0.74236728301115285       0.22201230392813898        122.89186667903924     
   12.399999999999974       0.33949391097426568       0.74274205160101503       0.22099397005798996        122.66131367401056     
   12.499999999999973       0.34826566173062723       0.74274319599543692       0.21993065445290688        122.40199062909919     
   12.599999999999973       0.35681764728963722       0.74233809391985683       0.21884594022378712        122.11647191056497     
   12.699999999999973       0.36472592039478702       0.74150148944344485       0.21776450512410273        121.81014331767398     
   12.799999999999972       0.37169336082261500       0.74021743377464166       0.21670588110611641        121.49022582262469     
   12.899999999999972       0.37757781569572568       0.73848098597107725       0.21568318072339887        121.16429942861122     
   12.999999999999972       0.38237538998793175       0.73629946217732856       0.21470294632397344        120.83914338538551     
   13.099999999999971       0.38621208710942168       0.73369307745416579       0.21376368706724200        120.51988428712629     
   13.199999999999971       0.38933053938594014       0.73069497674365058       0.21285440400657549        120.20938727676193     
   13.299999999999971       0.39206713970506557       0.72735030870474504       0.21195457155262107        119.90785165133416     
   13.399999999999970       0.39461615752917589       0.72371994988921196       0.21105180105019009        119.61345047203588     
   13.499999999999970       0.39700095096787025       0.71990951110395152       0.21014571804612281        119.32457668403410     
   13.599999999999969       0.39924913387043715       0.71607787884563678       0.20923561700767898        119.04066629079030     
   13.699999999999969       0.40138449263926473       0.71241057727213397       0.20832122357316180        118.76230196078517     
   13.799999999999969       0.40342875736266132       0.70909579020772295       0.20740259707589190        118.49108798436266     
   13.899999999999968       0.40539812188976398       0.70630106504220946       0.20648026181396781        118.22943663009745     
   13.999999999999968       0.40729342044503158       0.70414510112523465       0.20555581703610815        117.98024641040945     
   14.099999999999968       0.40898160092798402       0.70267210178816308       0.20464079832796012        117.74692235727159     
   14.199999999999967       0.41026468593706988       0.70186179198799803       0.20375250505657083        117.53384428514765     
   14.299999999999967       0.41103789720949679       0.70165788255635431       0.20290266137575694        117.34554763957077     
   14.399999999999967       0.41127931926226380       0.70197336252335785       0.20209756569953219        117.18574588533396     
   14.499999999999966       0.41104504647997309       0.70267584823315399       0.20133729365672495        117.05656325686392     
   14.599999999999966       0.41045699899261395       0.70359039047008387       0.20061539982819124        116.95790619118506     
   14.699999999999966       0.40971380905474469       0.70452235032449728       0.19991688480946754        116.88707244115204     
   14.799999999999965       0.40896546989105464       0.70526575067150721       0.19922940711818538        116.83887874578630     
   14.899999999999965       0.40822814307976818       0.70560771396893351       0.19855224178571287        116.80701476396813     
   14.999999999999964       0.40748484755389236       0.70533740113989574       0.19788782817263900        116.78490838090619     
   15.099999999999964       0.40672425051417843       0.70426925789047756       0.19723820867359662        116.76591536004710     
   15.199999999999964       0.40593713487909439       0.70225225315319784       0.19660523470475272        116.74353090332428     
   15.299999999999963       0.40511014243453036       0.69917171554707891       0.19599107627945095        116.71161773355304     
   15.399999999999963       0.40424593350102722       0.69496625496723408       0.19539626473002239        116.66458514210264     
   15.499999999999963       0.40321696327862622       0.68964415946497815       0.19483373366635304        116.59804769669904     
   15.599999999999962       0.40162192782838230       0.68328297490382006       0.19434599024987739        116.51100363109758     
   15.699999999999962       0.39907727328167836       0.67601590800588029       0.19398392429822589        116.40695867003362     
   15.799999999999962       0.39542350365858137       0.66800784887159548       0.19378771366576819        116.29208840350618     
   15.899999999999961       0.39067378516048279       0.65943061008812831       0.19378680915455349        116.17328243299370     
   15.999999999999961       0.38498918716186076       0.65044423336874091       0.19399289837878672        116.05666725251388     
   16.099999999999962       0.37864583125605666       0.64118658817159901       0.19439113574648756        115.94651191441960     
   16.199999999999964       0.37197083656937052       0.63177050101347065       0.19494027263972249        115.84460046263578     
   16.299999999999965       0.36517073630930952       0.62228453731861555       0.19560862176644442        115.75073746099787     
   16.399999999999967       0.35833028295110902       0.61279538250146037       0.19638424717713215        115.66420390031269     
   16.499999999999968       0.35150482793915533       0.60335125669209877       0.19725886966492348        115.58422904832524     
   16.599999999999969       0.34471794002824596       0.59398842800415841       0.19823062656624571        115.51015312784124     
   16.699999999999971       0.33796587362223429       0.58473429049992587       0.19930467659247128        115.44158658053668     
   16.799999999999972       0.33122194039329850       0.57561005639490348       0.20049397919156450        115.37854529804996     
   16.899999999999974       0.32442633096636764       0.56663277469989637       0.20182506871390865        115.32156352313210     
   16.999999999999975       0.31745482579942130       0.55781644287512244       0.20335482618576275        115.27205783709697     
   17.099999999999977       0.31020618912466735       0.54917264272908906       0.20514886485775236        115.23248994819622     
   17.199999999999978       0.30267911396664071       0.54071059093215612       0.20724889595467505        115.20550549556361     
   17.299999999999979       0.29494393364327764       0.53243738964402509       0.20966761896726685        115.19311212987391     
   17.399999999999981       0.28712369090665968       0.52435967877554990       0.21237923228488209        115.19619027091743     
   17.499999999999982       0.27938125475197179       0.51648479689075311       0.21531029896661869        115.21419554085975     
   17.599999999999984       0.27190852445196440       0.50882074264240762       0.21833940508796926        115.24499519629931     
   17.699999999999985       0.26500946684535637       0.50137627423094866       0.22125181449353917        115.28444541789874     
   17.799999999999986       0.25904448426287896       0.49416092455420346       0.22381793712862189        115.32564026895804     
   17.899999999999988       0.25428453260410416       0.48718497930055660       0.22592469116484196        115.35991518608336     
   17.999999999999989       0.25088405865338809       0.48045939375777791       0.22756712477250762        115.37839434033117     
   18.099999999999991       0.24882756035826156       0.47399563794691130       0.22881646046078594        115.37347737127766     
   18.199999999999992       0.24787148060022141       0.46780546158694364       0.22978892327799083        115.34039808903583     
   18.299999999999994       0.24750365054389312       0.46190057321034256       0.23063126277524745        115.27882126492122     
   18.399999999999995       0.24702725627831526       0.45629223021016480       0.23151034986908500        115.19403934550954     
   18.499999999999996       0.24586483879543303       0.45099074292907315       0.23257959030281591        115.09626719006224     
   18.599999999999998       0.24374636387290427       0.44600490116375413       0.23395696380212544        114.99768362440058     
   18.699999999999999       0.24066731843038477       0.44134135875948055       0.23572069914526181        114.90962386518983     
   18.800000000000001       0.23682405193851783       0.43700398854562728       0.23788542476381605        114.84069835211184     
   18.900000000000002       0.23253632839305505       0.43299324270567124       0.24037659439597711        114.79573951089192     
   19.000000000000004       0.22822094047911204       0.42930557646024681       0.24300480898072516        114.77525306844461     
   19.100000000000005       0.22412725993085206       0.42593291098197889       0.24562855034023146        114.77610135347570     
   19.200000000000006       0.22026785891725939       0.42286253324432710       0.24823230789295550        114.79458606372002     
   19.300000000000008       0.21663539003080340       0.42007613320153858       0.25081220650601266        114.82763769191163     
   19.400000000000009       0.21322124259802333       0.41755086210812825       0.25336541149695102        114.87260532796194     
   19.500000000000011       0.21002131944761818       0.41525820910890326       0.25588689515682522        114.92722784119759     
   19.600000000000012       0.20701517213151435       0.41315450414345972       0.25838093914377336        114.98948395430823     
   19.700000000000014       0.20431407188359554       0.41116605319138638       0.26078060185329871        115.05706966569159     
   19.800000000000015       0.20231661096290685       0.40919451863672968       0.26288104488891167        115.12490283710021     
   19.900000000000016       0.20143707734082592       0.40712638051475453       0.26452655217785753        115.18392100852077     
   20.000000000000018       0.20186409851389797       0.40484432965117806       0.26571170019171270        115.22327351503083     
   20.100000000000019       0.20351620546770527       0.40224031590893722       0.26652108683861686        115.23301980314365     
   20.200000000000021       0.20594382588215909       0.39922868836872211       0.26709676222598061        115.20687759600047     
   20.300000000000022       0.20841322208281321       0.39575725061178124       0.26760494345032199        115.14467903059682     
   20.400000000000023       0.21040923689561861       0.39181415183029628       0.26815827657227509        115.05187494536372     
   20.500000000000025       0.21175427238519387       0.38742632867002436       0.26880913693015468        114.93570986046521     
   20.600000000000026       0.21240247564610326       0.38265745775949411       0.26959159141057359        114.80342619297072     
   20.700000000000028       0.21244456342838824       0.37759583066812580       0.27050987497549916        114.66132670574453     
   20.800000000000029       0.21207513474625631       0.37233435082084770       0.27153203637252188        114.51399410168084     
   20.900000000000031       0.21157080269313328       0.36696295654439520       0.27258609070788170        114.36371570366536     
   21.000000000000032       0.21116535218425289       0.36156425918070983       0.27360199980108274        114.21057435789432     
   21.100000000000033       0.21099153445861615       0.35621164599282212       0.27453909946834737        114.05360373867059     
   21.200000000000035       0.21112811989092078       0.35097760346663714       0.27537386468167374        113.89158419583970     
   21.300000000000036       0.21159845256608953       0.34594872305256580       0.27609937790697869        113.72361951377870     
   21.400000000000038       0.21236483202559842       0.34125051972885168       0.27672456422035963        113.54977423557629     
   21.500000000000039       0.21333402900011453       0.33708786359394943       0.27727064611672458        113.37182017271307     
   21.600000000000041       0.21429951879198667       0.33380464961454731       0.27778553672431860        113.19436606000983     
   21.700000000000042       0.21499560868923423       0.33193953230906548       0.27833462545447957        113.02647389986922     
   21.800000000000043       0.21526229831698643       0.33218252733655096       0.27896509363427152        112.88187904180130     
   21.900000000000045       0.21507302953054722       0.33506075992621759       0.27969717020620383        112.77712178063788     
   22.000000000000046       0.21451159018590055       0.34052517765565793       0.28052111329820001        112.72722518814990     
   22.100000000000048       0.21375427440736866       0.34798009642563393       0.28139144529842863        112.74077175474545     
   22.200000000000049       0.21309156865503875       0.35670262179642165       0.28221522268874782        112.81782449304634     
   22.300000000000050       0.21296058389885786       0.36612341952939681       0.28285199878358630        112.95052510878907     
   22.400000000000052       0.21380310523681031       0.37586755860898152       0.28318651609646811        113.12508918267135     
   22.500000000000053       0.21594039329887946       0.38569997934540950       0.28317502855692850        113.32492411201535     
   22.600000000000055       0.21956332449775856       0.39546583930575913       0.28282763604982436        113.53308279339149     
   22.700000000000056       0.22469493390194761       0.40504730111520670       0.28218996007551828        113.73405812865498     
   22.800000000000058       0.23112858278106235       0.41433401909187356       0.28132939128850204        113.91538905617534     
   22.900000000000059       0.23884360661051013       0.42320223898580633       0.28027873173698703        114.06761416720806     
   23.000000000000060       0.24808332492917406       0.43150388453022248       0.27904154131966696        114.18080293548708     
   23.100000000000062       0.25888902832690119       0.43906052727434725       0.27763982499559742        114.24453309479495     
   23.200000000000063       0.27102981990690217       0.44565512882775171       0.27610787565848605        114.24979006792405     
   23.300000000000065       0.28400529329870894       0.45104126761008301       0.27448521466636938        114.19064282966937     
   23.400000000000066       0.29703034762211900       0.45498328590196291       0.27281680192504587        114.06582133289926     
   23.500000000000068       0.30929371223410518       0.45731603978950075       0.27114431870335626        113.87966130076143     
   23.600000000000069       0.32033406268838927       0.45800061944325204       0.26949310894082906        113.64018917925003     
   23.700000000000070       0.32996370675367676       0.45714403411457283       0.26787769036662185        113.35664265929115     
   23.800000000000072       0.33812667011631425       0.45496957315448905       0.26630857518946333        113.03875004121265     
   23.900000000000073       0.34490508670113773       0.45175717876121047       0.26479014249187399        112.69614576866741     
   24.000000000000075       0.35051738531350168       0.44779178047692519       0.26331759270470634        112.33747655275393     
   24.100000000000076       0.35519765765228944       0.44333263497946901       0.26188276280026346        111.96974245088091     
   24.200000000000077       0.35904585964256164       0.43859996004248397       0.26048538062302079        111.59899498031866     
   24.300000000000079       0.36212778818594099       0.43377863458845706       0.25912708156337860        111.23105076323752     
   24.400000000000080       0.36456434170708557       0.42903243349508319       0.25780407463925659        110.87110593045296     
   24.500000000000082       0.36651363877921816       0.42452140049308673       0.25650735533277730        110.52337652767902     
   24.600000000000083       0.36816779292482393       0.42041761407885481       0.25522238248341222        110.19104927548274     
   24.700000000000085       0.36975644068504032       0.41691965709607071       0.25392883112516185        109.87625616363556     
   24.800000000000086       0.37151426427804746       0.41425454940564455       0.25260471860212136        109.58028985131450     
   24.900000000000087       0.37361082834016113       0.41266150676242119       0.25123402139349760        109.30415699310089     
   25.000000000000089       0.37611968045369792       0.41234413549581639       0.24981000897125688        109.04927377163473     
   25.100000000000090       0.37902294239144341       0.41339948520780523       0.24833467391879002        108.81766214479602     
   25.200000000000092       0.38220456360917110       0.41577297045375500       0.24681885411006868        108.61168190171631     
   25.300000000000093       0.38546543938381306       0.41923404221847321       0.24528043093548504        108.43352833388568     
   25.400000000000095       0.38823026071845257       0.42342290770762397       0.24376599436338947        108.28579659386006     
   25.500000000000096       0.38972503567080025       0.42794927482661460       0.24234518735110752        108.17400193371169     
   25.600000000000097       0.38949596700573602       0.43244795522207002       0.24108067188205082        108.10512642595144     
   25.700000000000099       0.38743110522915275       0.43660365709292859       0.24002431856039869        108.08484119411443     
   25.800000000000100       0.38371653866104960       0.44018526073127623       0.23920794682176355        108.11561806553289     
   25.900000000000102       0.37877281892869707       0.44304477162864725       0.23862712367389471        108.19574903112868     
   26.000000000000103       0.37312369026798037       0.44508757419928635       0.23823599767152520        108.31899960290110     
   26.100000000000104       0.36709252126021108       0.44628154401643744       0.23799851215925014        108.47615636723938     
   26.200000000000106       0.36080217758055577       0.44666932443565910       0.23790558888173771        108.65810959498644     
   26.300000000000107       0.35434291923879202       0.44640333023302026       0.23794976930864076        108.85725604257591     
   26.400000000000109       0.34776224915969106       0.44573860672754106       0.23813017828459371        109.06829418121498     
   26.500000000000110       0.34107116155350437       0.44497598339126987       0.23845414982944518        109.28868483023081     
   26.600000000000112       0.33424834522641073       0.44441774599440093       0.23893947294930484        109.51857682712780     
   26.700000000000113       0.32720538705348207       0.44433165329826041       0.23963073011058364        109.76062273465720     
   26.800000000000114       0.31985544908770319       0.44489974565829693       0.24058600601479402        110.01957323837246     
   26.900000000000116       0.31221085248131886       0.44621783798567449       0.24184035573677254        110.30068884298800     
   27.000000000000117       0.30436770119425288       0.44833766169351164       0.24339386953417813        110.60836208307467     
   27.100000000000119       0.29647954441292607       0.45127132297982059       0.24520374200569975        110.94531973950753     
   27.200000000000120       0.28875757955762393       0.45498955826017545       0.24716888360197306        111.31200972418415     
   27.300000000000122       0.28136689845158785       0.45942689651748037       0.24919021728245561        111.70648633804574     
   27.400000000000123       0.27434702662722904       0.46449087823665280       0.25123340318913717        112.12561020122398     
   27.500000000000124       0.26768918762322447       0.47007348189428100       0.25329195778272517        112.56599730034041     
   27.600000000000126       0.26137821863371741       0.47606051720544074       0.25536366482632028        113.02417376960851     
   27.700000000000127       0.25538535667495960       0.48234221650716608       0.25745542840677860        113.49672006719784     
   27.800000000000129       0.24967814894249210       0.48881779641303691       0.25957739932958313        113.98036121822673     
   27.900000000000130       0.24417733014380083       0.49540001033418890       0.26177008267325347        114.47225711204884     
   28.000000000000131       0.23875436677182513       0.50201284673856572       0.26411174445972585        114.97061636812391     
   28.100000000000133       0.23332250517610031       0.50858946645578096       0.26666774715130076        115.47463243949478     
   28.200000000000134       0.22787089414994585       0.51506989056167063       0.26946237555816283        115.98372668640030     
   28.300000000000136       0.22244670854135390       0.52139861783291219       0.27247592617846905        116.49687109075872     
   28.400000000000137       0.21714186341340275       0.52752299328828922       0.27564123320046602        117.01213662929607     
   28.500000000000139       0.21211065726232750       0.53339237981267240       0.27882270105677620        117.52628613898192     
   28.600000000000140       0.20756371811223229       0.53895866925520519       0.28183191448385564        118.03427835862951     
   28.700000000000141       0.20369404362492161       0.54417715339637651       0.28451630689178364        118.52941936891757     
   28.800000000000143       0.20063964501213047       0.54900583943899905       0.28680008948395069        119.00426724698723     
   28.900000000000144       0.19848395046618475       0.55340569821994712       0.28867035289499798        119.45144286369658     
   29.000000000000146       0.19722246901492463       0.55734345401099972       0.29016909673351715        119.86441305723096     
   29.100000000000147       0.19683451676000394       0.56079264854022270       0.29134089292455001        120.23801501013038     
   29.200000000000149       0.19740057689676621       0.56374309690658508       0.29219082448511507        120.56776006730770     
   29.300000000000150       0.19903202721574786       0.56617809012802767       0.29272208375612352        120.84904213343434     
   29.400000000000151       0.20179881435433616       0.56817634111245141       0.29295558745056782        121.07763152034846     
   29.500000000000153       0.20570271782690000       0.56952979075543275       0.29292577063355113        121.24950641593611     
   29.600000000000154       0.21080306750716701       0.57170225729040458       0.29265275902507676        121.36446477809920     
   29.700000000000156       0.21701582330600991       0.57430123108766007       0.29217258648419747        121.43039852221474     
   29.800000000000157       0.22416498877621224       0.57405837807248306       0.29152424064663535        121.43872015660862     
   29.900000000000158       0.23214296306379686       0.56897730787899303       0.29072931373109212        121.36398501696885     
   30.000000000000160       0.24065670305565001       0.56051316432295528       0.28982222926948387        121.18479921403305     
   30.100000000000161       0.24926518512055676       0.55120439426154644       0.28884480095983905        120.90389179789757     
   30.200000000000163       0.25737800015224094       0.54190794399895781       0.28784928515200275        120.53940776855303     
   30.300000000000164       0.26432695001656242       0.53275441286544889       0.28689953143516322        120.11421919959990     
   30.400000000000166       0.26979481718600340       0.52375446383872704       0.28603964721543923        119.65173878313657     
   30.500000000000167       0.27384207198994576       0.51490649288266399       0.28528484695898026        119.17177983809034     
   30.600000000000168       0.27638915610656639       0.50620799082519263       0.28467256020232162        118.69049592350764     
   30.700000000000170       0.27756701533725808       0.49765643558531208       0.28421975542202427        118.22141460515280     
   30.800000000000171       0.27773886082577109       0.48924934491072625       0.28390249932524014        117.77308300045277     
   30.900000000000173       0.27716359487142123       0.48098427822843293       0.28369879665901548        117.34998216572266     
   31.000000000000174       0.27589759248840279       0.47285883636102705       0.28361763939778645        116.95429396889183     
   31.100000000000176       0.27377781256139672       0.46487066047398057       0.28372237776736703        116.58856080086720     
   31.200000000000177       0.27071062754266800       0.45701743173271181       0.28408425088701927        116.25621921037005     
   31.300000000000178       0.26673676146637021       0.44929687046868622       0.28476076850097937        115.96043966276298     
   31.400000000000180       0.26198834526837628       0.44170673544733563       0.28578986473309520        115.70323802522094     
   31.500000000000181       0.25665690823319265       0.43424482333077347       0.28717847050270950        115.48500954904000     
   31.600000000000183       0.25096702904833634       0.42690896800289357       0.28888991968199523        115.30432915376272     
   31.700000000000184       0.24507834764014902       0.41969703994056934       0.29088956029234891        115.15827643325692     
   31.800000000000185       0.23906413884191746       0.41260694588436542       0.29317569053283105        115.04355273075652     
   31.900000000000187       0.23297816823833423       0.40563662663348043       0.29575027602974430        114.95695879684939     
   32.000000000000185       0.22685942093531233       0.39878406010614587       0.29861865129547238        114.89553784023164     
   32.100000000000186       0.22073692387453159       0.39204725629212894       0.30178976242192879        114.85660552042943     
   32.200000000000188       0.21463125272968547       0.38542425957330595       0.30527680803525520        114.83780829333469     
   32.300000000000189       0.20855490474949753       0.37891314824317468       0.30909961605904346        114.83714601248812     
   32.400000000000190       0.20251561084874733       0.37251203043883413       0.31328341556627104        114.85295793042664     
   32.500000000000192       0.19652547879386897       0.36621905000882127       0.31784728806138540        114.88390270497287     
   32.600000000000193       0.19060140932470013       0.36003237843180197       0.32280091423203172        114.92878970193703     
   32.700000000000195       0.18476410301663410       0.35395022091530720       0.32814101725370198        114.98650028506262     
   32.800000000000196       0.17903618815417474       0.34797081146869696       0.33385197665308836        115.05590477243767     
   32.900000000000198       0.17344106597813658       0.34209241421610714       0.33990495282264754        115.13580605689840     
   33.000000000000199       0.16799255890166986       0.33631332303822853       0.34627925442582669        115.22496936010047     
   33.100000000000200       0.16269596912938591       0.33063186064283617       0.35296539666524235        115.32226639015026     
   33.200000000000202       0.15755631815560975       0.32504637571125777       0.35994990512549946        115.42668252962427     
   33.300000000000203       0.15257834161794176       0.31955525033947085       0.36721389885494055        115.53729438663694     
   33.400000000000205       0.14776652897781667       0.31415688661106117       0.37473562063373583        115.65322225293738     
   33.500000000000206       0.14312530368492235       0.30884972127471227       0.38248711256172579        115.77362633792708     
   33.600000000000207       0.13865241089971111       0.30363221000565815       0.39045638766442020        115.89770093065914     
   33.700000000000209       0.13434039329731851       0.29850284141289701       0.39864622125264321        116.02485015882971     
   33.800000000000210       0.13018568064245148       0.29346012448230319       0.40704838791438464        116.15459400080030     
   33.900000000000212       0.12619095671390335       0.28850259611666890       0.41563315386091337        116.28647621015422     
   34.000000000000213       0.12236314510965922       0.28362881723946959       0.42435233600832323        116.41994099545796     
   34.100000000000215       0.11871463536122316       0.27883737266058528       0.43313370955254976        116.55424413928725     
   34.200000000000216       0.11525280545861305       0.27412687175480083       0.44191677073704921        116.68843619819029     
   34.300000000000217       0.11197320651896762       0.26949594700301471       0.45067958154924931        116.82159230506059     
   34.400000000000219       0.10886802710256779       0.26494325531307633       0.45941266665135200        116.95296527070144     
   34.500000000000220       0.10593004266136717       0.26046747125997533       0.46810596028147278        117.08193721240434     
   34.600000000000222       0.10315175826090332       0.25606730005250805       0.47675259273327725        117.20806460108676     
   34.700000000000223       0.10052567582983819       0.25174146310331758       0.48534676939168997        117.33098327861002     
   34.800000000000225        9.8049283388884093E-002  0.24748870193302688       0.49386739185830741        117.45041377572124     
   34.900000000000226        9.5725138859845973E-002  0.24330778638015105       0.50227741757922439        117.56598268381717     
   35.000000000000227        9.3553609376073738E-002  0.23919749935947376       0.51054736244477283        117.67726488729572     
   35.100000000000229        9.1528686019095834E-002  0.23515664936945829       0.51866950054813732        117.78386217464751     
   35.200000000000230        8.9639955283549094E-002  0.23118406291002461       0.52665089635338203        117.88550191889753     
   35.300000000000232        8.7870753628937481E-002  0.22727858649404606       0.53451894895032914        117.98212351207356     
   35.400000000000233        8.6207633882051021E-002  0.22343908688992914       0.54229275885722206        118.07389010425803     
   35.500000000000234        8.4643231005903166E-002  0.21966444995168505       0.54997417270924132        118.16103251705758     
   35.600000000000236        8.3171049032073494E-002  0.21595357772133858       0.55756320024738626        118.24378175369743     
   35.700000000000237        8.1783849892478833E-002  0.21230539607800686       0.56506358209649410        118.32238525463298     
   35.800000000000239        8.0474198550300149E-002  0.20871884388140072       0.57248060058983785        118.39710488258568     
   35.900000000000240        7.9232376451032982E-002  0.20519288076556458       0.57982792512707171        118.46824492658440     
   36.000000000000242        7.8039485624088037E-002  0.20172648311489366       0.58714869317945884        118.53624816715518     
   36.100000000000243        7.6875892713987481E-002  0.19831864432364910       0.59449283066246816        118.60181237905819     
   36.200000000000244        7.5734564654043823E-002  0.19496837551123750       0.60187656993254668        118.66571298169195     
   36.300000000000246        7.4618671264426131E-002  0.19167470406300544       0.60928561046153340        118.72859149747170     
   36.400000000000247        7.3539376001495182E-002  0.18843667375284934       0.61667866888539347        118.79081220051052     
   36.500000000000249        7.2526418040459506E-002  0.18525334467485383       0.62395114797750584        118.85227499206786     
   36.600000000000250        7.1625352517443980E-002  0.18212379272426485       0.63094516369414955        118.91210289857946     
   36.700000000000252        7.0870269858081814E-002  0.17904710942282465       0.63754388358703262        118.96876107059020     
   36.800000000000253        7.0273409804134560E-002  0.17602240164144839       0.64370437173516271        119.02054401340995     
   36.900000000000254        6.9824539110523012E-002  0.17304879134353152       0.64945010506686307        119.06601981437005     
   37.000000000000256        6.9488516774954170E-002  0.17012541533177919       0.65486683228254550        119.10439595475523     
   37.100000000000257        6.9232843043981487E-002  0.16725142497005993       0.66002975183564216        119.13561783541617     
   37.200000000000259        6.9043677637609893E-002  0.16442598592185012       0.66496693480636715        119.15996821891324     
   37.300000000000260        6.8914306292690602E-002  0.16164827820359812       0.66968965185174989        119.17781537402688     
   37.400000000000261        6.8844939727245896E-002  0.15891749511367220       0.67419356242396855        119.18949173383015     
   37.500000000000263        6.8843342495310642E-002  0.15623284422397407       0.67845816413832860        119.19518180061354     
   37.600000000000264        6.8923487568395822E-002  0.15359354632083447       0.68245086273724753        119.19485208143801     
   37.700000000000266        6.9100638606560918E-002  0.15099883450349000       0.68613861028264456        119.18823673515527     
   37.800000000000267        6.9385144323545492E-002  0.14844795661233109       0.68950188993947159        119.17491466268712     
   37.900000000000269        6.9783483416866895E-002  0.14594017135190349       0.69253097761314353        119.15442621897749     
   38.000000000000270        7.0296299369904253E-002  0.14347475106314378       0.69522865058659611        119.12635348516477     
   38.100000000000271        7.0921425954017903E-002  0.14105098045527273       0.69760309147396848        119.09038180948829     
   38.200000000000273        7.1660710496624563E-002  0.13866815446876662       0.69965609628326964        119.04627156071493     
   38.300000000000274        7.2518322523991485E-002  0.13632558327142899       0.70138678077530281        118.99379448393120     
   38.400000000000276        7.3497411550957445E-002  0.13402258567575945       0.70279655113859463        118.93272943559185     
   38.500000000000277        7.4599940219116923E-002  0.13175849348659224       0.70388934858270424        118.86288124998504     
   38.600000000000279        7.5826788579772875E-002  0.12953265007829756       0.70467101989607717        118.78409328563225     
   38.700000000000280        7.7179493384806286E-002  0.12734440699494654       0.70514688296354477        118.69624228181830     
   38.800000000000281        7.8660934938406951E-002  0.12519313222843151       0.70532114350487385        118.59922377655761     
   38.900000000000283        8.0274203235253139E-002  0.12307819926017025       0.70519779969017871        118.49293545852572     
   39.000000000000284        8.2022738562145772E-002  0.12099899437387347       0.70478044010094776        118.37727817104117     
   39.100000000000286        8.3910294025678331E-002  0.11895491477172331       0.70407259314917470        118.25214848014508     
   39.200000000000287        8.5935993421133477E-002  0.11694536604394493       0.70308200728058823        118.11746103687607     
   39.300000000000288        8.8099104177720308E-002  0.11496976562754760       0.70181666832388212        117.97318691652363     
   39.400000000000290        9.0406061295608436E-002  0.11302753978449585       0.70028023479590251        117.81929391156164     
   39.500000000000291        9.2872471287602412E-002  0.11111812437701724       0.69847220041838831        117.65567743292030     
   39.600000000000293        9.5523699441942986E-002  0.10924096571686087       0.69638920739896737        117.48206111415108     
   39.700000000000294        9.8407320570862072E-002  0.10739551836177999       0.69401791083552011        117.29793192939947     
   39.800000000000296       0.10158067040549347       0.10558124692391585       0.69134507228452546        117.10235097907491     
   39.900000000000297       0.10507736047290718       0.10379762464565265       0.68837338808466131        116.89417403718365     
   40.000000000000298       0.10890051352535213       0.10204413372364891       0.68512043910513887        116.67235102107466     
   40.100000000000300       0.11301316162798616       0.10032026517309751       0.68161772569671653        116.43624423059578     
   40.200000000000301       0.11736803169223310        9.8625518490870326E-002  0.67789621761350483        116.18581571588392     
   40.300000000000303       0.12194278112416160        9.6959401827971872E-002  0.67397477746247181        115.92138815998507     
   40.400000000000304       0.12671928810268690        9.5321431578616569E-002  0.66986922851156816        115.64341908213315     
   40.500000000000306       0.13167053133839957        9.3711131923260443E-002  0.66559691822660416        115.35250597827820     
   40.600000000000307       0.13676224830274897        9.2128035959860022E-002  0.66117576839204895        115.04945736414142     
   40.700000000000308       0.14194647053147991        9.0571683374671461E-002  0.65662603192088942        114.73528169115815     
   40.800000000000310       0.14716996799885446        8.9041623205457887E-002  0.65196752177401529        114.41132701623577     
   40.900000000000311       0.15239938319700730        8.7537410750121752E-002  0.64721453681103480        114.07907554055490     
   41.000000000000313       0.15763865779402592        8.6058609523023410E-002  0.64237231958788510        113.73988679106617     
   41.100000000000314       0.16292263793974995        8.4604790204045377E-002  0.63743955529804897        113.39471854324886     
   41.200000000000315       0.16834207374176968        8.3175530791160787E-002  0.63240443868063967        113.04385007903133     
   41.300000000000317       0.17409734941040697        8.1770416372058036E-002  0.62723710808744626        112.68628290062982     
   41.400000000000318       0.18036175525934064        8.0389039063324244E-002  0.62191821976174755        112.31944983191218     
   41.500000000000320       0.18712660210970894        7.9030997865716476E-002  0.61646156369500693        111.94061111940005     
   41.600000000000321       0.19420387150377422        7.7695898550075818E-002  0.61090429952544023        111.54841212184741     
   41.700000000000323       0.20120512231518958        7.6383353546751839E-002  0.60530498484620110        111.14423013232047     
   41.800000000000324       0.20772651228705241        7.5092981844915377E-002  0.59972198721970083        110.73275386932600     
   41.900000000000325       0.21354445318061915        7.3824408860594326E-002  0.59419318406626587        110.32044585220918     
   42.000000000000327       0.21859418603551842        7.2577266342022065E-002  0.58873884490096884        109.91376703960447     
   42.100000000000328       0.22294036587464985        7.1351192255723367E-002  0.58336204447024698        109.51799645277586     
   42.200000000000330       0.22677043810152167        7.0145830681331872E-002  0.57804496201938727        109.13639097441840     
   42.300000000000331       0.23032493543461527        6.8960831713764284E-002  0.57275699817655068        108.76971685599752     
   42.400000000000333       0.23371865233715353        6.7795851366930407E-002  0.56748471553356794        108.41701759907967     
   42.500000000000334       0.23696240294726562        6.6650551448515241E-002  0.56223074774638371        108.07713946952443     
   42.600000000000335       0.24007280003888398        6.5524599506414288E-002  0.55699682756554636        107.74903381333995     
   42.700000000000337       0.24304097241604619        6.4417668679702528E-002  0.55178881282154657        107.43182596332529     
   42.800000000000338       0.24589683338512308        6.3329437634714589E-002  0.54660640673455985        107.12473276504109     
   42.900000000000340       0.24841979294455732        6.2259590470951129E-002  0.54148925588946606        106.82779582553320     
   43.000000000000341       0.25117428952661530        6.1207816622872946E-002  0.53635382976762791        106.54073322491983     
   43.100000000000342       0.25477793757818323        6.0173810772302043E-002  0.53111202419970804        106.25625681589723     
   43.200000000000344       0.25905505314769367        5.9157272756830900E-002  0.52579885104322854        105.96783759699251     
   43.300000000000345       0.26409105060008570        5.8157907486789756E-002  0.52041300013682312        105.67045422219424     
   43.400000000000347       0.27004098233578083        5.7175424878089805E-002  0.51494803789156640        105.35903298830584     
   43.500000000000348       0.27703793263543092        5.6209544087477782E-002  0.50940296588941558        105.02812397780463     
   43.600000000000350       0.28509489472704713        5.5259996918816334E-002  0.50378900997066856        104.67278672832538     
   43.700000000000351       0.29420463796186369        5.4327536406232106E-002  0.49811782457226017        104.28903899692931     
   43.800000000000352       0.30422995339476994        5.3448590682064506E-002  0.49240776938124053        103.87430017699525     
   43.900000000000354       0.31528056888122602        5.4250928965468327E-002  0.48666044943874587        103.43018903324607     
   44.000000000000355       0.32549058217041438        5.8455264604391599E-002  0.48098194784791248        102.98333582462283     
   44.100000000000357       0.33153909853473856        6.1407527864796529E-002  0.47559925674160441        102.55891714320515     
   44.200000000000358       0.33197879478200237        6.4503051013669599E-002  0.47079496819565136        102.19135398921748     
   44.300000000000360       0.32732383318508157        6.7735238825960373E-002  0.46693281489248412        101.91710052841837     
   44.400000000000361       0.31930144363754948        7.1479119144858855E-002  0.46430414511390083        101.75876061117603     
   44.500000000000362       0.30983384849265061        7.6053500863138127E-002  0.46274620275487860        101.72246001750442     
   44.600000000000364       0.30045386160764903        8.1836363744378443E-002  0.46153533755127851        101.80010059873607     
   44.700000000000365       0.29183208347054362        8.9166698292236279E-002  0.46018864327713771        101.97644855284500     
   44.800000000000367       0.28408733482194254        9.8236961448502358E-002  0.45861689917842896        102.23782598814061     
   44.900000000000368       0.27734799529022064       0.10898679173193182       0.45674986653722488        102.57227003952221     
   45.000000000000369       0.27167169010909470       0.12111819747994478       0.45457960516022544        102.96784121748045     
   45.100000000000371       0.26704869503910189       0.13421990045869511       0.45213711925336220        103.41206002830465     
   45.200000000000372       0.26340678033896492       0.14790178740705986       0.44947373048638894        103.89240005720855     
   45.300000000000374       0.26070270728584871       0.16186424682434258       0.44662259931143478        104.39689045543432     
   45.400000000000375       0.25894670103117579       0.17590466092744242       0.44359722991095080        104.91418816419908     
   45.500000000000377       0.25817185717486368       0.18989732060551645       0.44040621328267604        105.43378209882587     
   45.600000000000378       0.25844761929430415       0.20376785084778584       0.43705256521199137        105.94603003345253     
   45.700000000000379       0.25988542507485740       0.21747210097581254       0.43353591223372218        106.44197220386746     
   45.800000000000381       0.26278386340389348       0.23098323104953469       0.42983456800183290        106.91250273616889     
   45.900000000000382       0.26752277515447864       0.24428381739326763       0.42593386559523622        107.34700024384502     
   46.000000000000384       0.27427065134889916       0.25736109830714626       0.42185797521244772        107.73450826614656     
   46.100000000000385       0.28294239477274463       0.27020378658883187       0.41765040580229151        108.06580621043878     
   46.200000000000387       0.29313306454850424       0.28279972182731911       0.41336457253726566        108.33543098368703     
   46.300000000000388       0.30440913711607615       0.29513390363873787       0.40904127450660238        108.54268196631929     
   46.400000000000389       0.31656841871594060       0.30718677830884794       0.40469990035773895        108.68939425577747     
   46.500000000000391       0.32944297634352854       0.31893116296124602       0.40035461650496007        108.77827913362030     
   46.600000000000392       0.34280941340349119       0.33032728315105925       0.39601971628303129        108.81293215793596     
   46.700000000000394       0.35640169756252282       0.34131741801802373       0.39170912366812133        108.79794252598445     
   46.800000000000395       0.36995124080269881       0.35181943299281593       0.38743537563002106        108.73878651692539     
   46.900000000000396       0.38330740422994547       0.36171978578180014       0.38320480740482582        108.64099332566082     
   47.000000000000398       0.39640353566834896       0.37086773628925129       0.37901795947010730        108.50890294361069     
   47.100000000000399       0.40916400084296811       0.37907481008543720       0.37487254738988052        108.34541599901570     
   47.200000000000401       0.42151716177395526       0.38612618276871363       0.37076221099543233        108.15204113345737     
   47.300000000000402       0.43338796692351234       0.39180758486064254       0.36667734749616693        107.92904081692804     
   47.400000000000404       0.44473238824078865       0.39594730128324429       0.36260819339204609        107.67572459911338     
   47.500000000000405       0.45555624335692768       0.39846136531272913       0.35855034659198370        107.39071840307784     
   47.600000000000406       0.46587393417985040       0.39938037057241271       0.35450516536563398        107.07261376925506     
   47.700000000000408       0.47569274626925245       0.39884400356433464       0.35047566917276263        106.72080904202328     
   47.800000000000409       0.48501509941920395       0.39706657822169800       0.34646583016735266        106.33606690680513     
   47.900000000000411       0.49383852770337983       0.39429221973255812       0.34247997491660903        105.92064608982564     
   48.000000000000412       0.50215587098025960       0.39075663985071191       0.33852231490357115        105.47815915043456     
   48.100000000000414       0.50994267227852774       0.38666542893965572       0.33459714634499799        105.01321258130244     
   48.200000000000415       0.51704048310946382       0.38218706810283082       0.33071318992598758        104.53152774898426     
   48.300000000000416       0.52322096097843351       0.37745807781498442       0.32688222738551825        104.04059559513941     
   48.400000000000418       0.52835977677453372       0.37260016572403803       0.32311335122579782        103.54885082881401     
   48.500000000000419       0.53242466046567505       0.36772458218530252       0.31941306218440663        103.06462159598661     
   48.600000000000421       0.53547281761260712       0.36293262108138707       0.31578473876206581        102.59534133803427     
   48.700000000000422       0.53763851012580699       0.35832378092753275       0.31222849856503171        102.14700317072437     
   48.800000000000423       0.53913778901863796       0.35400301014677243       0.30874013915990822        101.72379260350466     
   48.900000000000425       0.54016171658045464       0.35008195529545211       0.30531510834815145        101.32814613248868     
   49.000000000000426       0.54079680184954049       0.34666472719480401       0.30195242395990057        100.96174757036756     
   49.100000000000428       0.54109192427357200       0.34384196169058218       0.29865198206053367        100.62615426592801     
   49.200000000000429       0.54108803736550981       0.34169510096595446       0.29541339532120026        100.32288716463712     
   49.300000000000431       0.54081509783423953       0.34027443770477878       0.29223642885389772        100.05338538046497     
   49.400000000000432       0.54029009229355773       0.33954964574321578       0.28912124963294483        99.818727588159206     
   49.500000000000433       0.53951614633555112       0.33938777569150136       0.28606856236576494        99.619127357362132     
   49.600000000000435       0.53849692001847749       0.33958245109992541       0.28307892225122366        99.453526890461518     
   49.700000000000436       0.53725030994830525       0.33989585114110415       0.28015197861221558        99.319391575572922     
   49.800000000000438       0.53579304505304060       0.34010464181407823       0.27728730072874702        99.212857854688991     
   49.900000000000439       0.53412903717697768       0.34004071611779468       0.27448513236885735        99.129308974315023     
   50.000000000000441       0.53225543634150352       0.33962524458992949       0.27174616601061280        99.064115623720269     
   50.100000000000442       0.53016075657266426       0.33884424337884367       0.26907175318039134        99.013266623256655     
   50.200000000000443       0.52782132994630626       0.33770851394279494       0.26646426811535173        98.973653089888003     
   50.300000000000445       0.52519921493348676       0.33624712558229858       0.26392739633112816        98.943128942117397     
   50.400000000000446       0.52221284730696704       0.33450341737385508       0.26146828595140859        98.920669989198004     
   50.500000000000448       0.51877143873050635       0.33253098413491738       0.25909586910373478        98.906562146126745     
   50.600000000000449       0.51483822960059533       0.33038865965214653       0.25681665989945518        98.901975349353478     
   50.700000000000450       0.51042238839931919       0.32813667715724570       0.25463457856908084        98.908393611324627     
   50.800000000000452       0.50557700393963234       0.32583471160858291       0.25255025576271756        98.927200886191599     
   50.900000000000453       0.50039165596966273       0.32354090717382838       0.25056067925242270        98.959365941923210     
   51.000000000000455       0.49499702022275105       0.32131148964350370       0.24865781662166173        99.005174505415937     
   51.100000000000456       0.48950600139383021       0.31920055005602382       0.24683336503922726        99.064191344117631     
   51.200000000000458       0.48396895151315833       0.31725949469183107       0.24508355055497383        99.135784408072411     
   51.300000000000459       0.47841614244971709       0.31553552000652063       0.24340589784743061        99.219491829857077     
   51.400000000000460       0.47288095122575230       0.31406986560275263       0.24179718477988635        99.314983601042357     
   51.500000000000462       0.46739679504280834       0.31289293824492947       0.24025366645808180        99.421962144402485     
   51.600000000000463       0.46199726684400028       0.31202442975723188       0.23877119496668872        99.540091052977715     
   51.700000000000465       0.45671738084992847       0.31146861103106227       0.23734504540166973        99.668879372814487     
   51.800000000000466       0.45158584506848820       0.31121350695348554       0.23597085807586918        99.807630555550460     
   51.900000000000468       0.44661397987377732       0.31123197835756466       0.23464594923607296        99.955462499674624     
   52.000000000000469       0.44180321729241345       0.31148775963480885       0.23336864421031123        100.11137978975842     
   52.100000000000470       0.43715473343627453       0.31193919546192289       0.23213726397649267        100.27428956952876     
   52.200000000000472       0.43266818815444508       0.31254084794761200       0.23095027047510999        100.44296822877061     
   52.300000000000473       0.42834247011821808       0.31324576435309609       0.22980620114313233        100.61611478767055     
   52.400000000000475       0.42417588231695680       0.31400981935224137       0.22870363756895473        100.79233311341991     
   52.500000000000476       0.42016782246544848       0.31479116874261959       0.22764102521747076        100.97020439008612     
   52.600000000000477       0.41632044394102902       0.31555481117368567       0.22661646264800775        101.14827842338227     
   52.700000000000479       0.41263299535894210       0.31627328378559166       0.22562837182414203        101.32514166395819     
   52.800000000000480       0.40909921718202097       0.31692946217328866       0.22467583602023738        101.49951377107116     
   52.900000000000482       0.40570869760154238       0.31751345736549641       0.22375846933119650        101.67031025669394     
   53.000000000000483       0.40244484059957819       0.31801740847843901       0.22287671013159596        101.83671581485544     
   53.100000000000485       0.39928858744745827       0.31843403155188688       0.22203139456053292        101.99814097998603     
   53.200000000000486       0.39620029118544470       0.31875679066871010       0.22122602256417828        102.15427778391526     
   53.300000000000487       0.39310643121790684       0.31897987954303370       0.22046873604934697        102.30532495132307     
   53.400000000000489       0.38994106313504545       0.31909821428942964       0.21976759545611024        102.45201555630919     
   53.500000000000490       0.38666859781375457       0.31910743694599403       0.21912763984712635        102.59533017920832     
   53.600000000000492       0.38327838406245768       0.31900389133504903       0.21855117828656601        102.73623919817948     
   53.700000000000493       0.37978392047368054       0.31878465901209635       0.21803739685116544        102.87548785545759     
   53.800000000000495       0.37622151265394321       0.31844751444131369       0.21758198596667708        103.01345722440909     
   53.900000000000496       0.37262786152562200       0.31799088990559010       0.21718002584729779        103.15011779812383     
   54.000000000000497       0.36901483972166049       0.31741392896284448       0.21682988454925409        103.28523324404173     
   54.100000000000499       0.36538843089598705       0.31671640694750480       0.21653073705723949        103.41854774243531     
   54.200000000000500       0.36175687819272062       0.31589866202734557       0.21628135557635100        103.54979553369597     
   54.300000000000502       0.35812997976392763       0.31496173607229905       0.21608012596422049        103.67868358950217     
   54.400000000000503       0.35451868615074522       0.31390716283416442       0.21592512615773032        103.80489757429191     
   54.500000000000504       0.35093541514319754       0.31273698672080064       0.21581401995958968        103.92808726686991     
   54.600000000000506       0.34738401526520407       0.31145379669515838       0.21574579808029257        104.04791451541567     
   54.700000000000507       0.34386432666827815       0.31006060029914162       0.21572015423940241        104.16410966193081     
   54.800000000000509       0.34037999419435683       0.30856079945921988       0.21573613081220117        104.27646522407748     
   54.900000000000510       0.33694004052537946       0.30695822560351393       0.21579166374289108        104.38477536677473     
   55.000000000000512       0.33355669547827715       0.30525695357113741       0.21588397170009924        104.48881770717418     
   55.100000000000513       0.33024683703059005       0.30346141852714459       0.21600905967675232        104.58829760897693     
   55.200000000000514       0.32703065416221988       0.30157623818608659       0.21616204352728255        104.68285367636443     
   55.300000000000516       0.32391655492629612       0.29960626011490205       0.21633998159720208        104.77208352863575     
   55.400000000000517       0.32090302189046460       0.29755647933348817       0.21654179042657032        104.85567067194016     
   55.500000000000519       0.31798939025276240       0.29543200823289090       0.21676623763596448        104.93339829947342     
   55.600000000000520       0.31517687533456595       0.29323805196501751       0.21701170216278917        105.00512461029970     
   55.700000000000522       0.31246713929276210       0.29097985967408063       0.21727648769961902        105.07074568483245     
   55.800000000000523       0.30986459759430779       0.28866269517220744       0.21755823530870450        105.13018761115556     
   55.900000000000524       0.30737442877547316       0.28629181008527865       0.21785438304105192        105.18338307437649     
   56.000000000000526       0.30499889914547879       0.28387245170009479       0.21816289618440052        105.23024881840595     
   56.100000000000527       0.30273395823234167       0.28140976191832889       0.21848293896207727        105.27079554335954     
   56.200000000000529       0.30057441132188856       0.27890882137351869       0.21881389125253850        105.30508680906203     
   56.300000000000530       0.29851523420010811       0.27637466935098470       0.21915505800772214        105.33323175858111     
   56.400000000000531       0.29655161016312409       0.27381215943891857       0.21950570116632204        105.35541852517689     
   56.500000000000533       0.29467877696660449       0.27122607175290531       0.21986508749288045        105.37185612496295     
   56.600000000000534       0.29289223192295294       0.26862107486893833       0.22023247914573021        105.38278052358253     
   56.700000000000536       0.29118310599680552       0.26600168976448785       0.22060813078926569        105.38846276136482     
   56.800000000000537       0.28950263524880171       0.26337231554915186       0.22100077180590733        105.38937704429378     
   56.900000000000539       0.28778428919825161       0.26073722564133262       0.22142376119229651        105.38648665543943     
   57.000000000000540       0.28598918831712472       0.25810056564808476       0.22188593797662334        105.38106520871970     
   57.100000000000541       0.28410181942198376       0.25546636094257130       0.22239199479282842        105.37440970031759     
   57.200000000000543       0.28212824637171779       0.25283852911359139       0.22294225044324306        105.36765940639806     
   57.300000000000544       0.28009533584657087       0.25022087837802603       0.22353204338562932        105.36161000647574     
   57.400000000000546       0.27804916158560128       0.24761712525385132       0.22415145177782994        105.35662933225642     
   57.500000000000547       0.27603764266938374       0.24503091890470216       0.22478899380410911        105.35261087719869     
   57.600000000000549       0.27408109147151150       0.24246580149308936       0.22543893290107667        105.34918615779850     
   57.700000000000550       0.27218622820914656       0.23992581608034672       0.22609853922302794        105.34598091754782     
   57.800000000000551       0.27035699713918188       0.23741763209494604       0.22676565582648364        105.34266415721409     
   57.900000000000553       0.26859313977041305       0.23495336880590842       0.22743913355892403        105.33903891297983     
   58.000000000000554       0.26689195492423617       0.23254836861045403       0.22811845200669895        105.33501764156519     
   58.100000000000556       0.26524694933029480       0.23022318061699965       0.22880415036308835        105.33072334686413     
   58.200000000000557       0.26364910659026120       0.22800257860698983       0.22949751387598530        105.32645262039564     
   58.300000000000558       0.26208315142873639       0.22591778059047832       0.23020160307071647        105.32276877193725     
   58.400000000000560       0.26053317278647797       0.22400735927871873       0.23091993298649752        105.32050540866449     
   58.500000000000561       0.25898849379894878       0.22231951918214773       0.23165500342002587        105.32076114566971     
   58.600000000000563       0.25744393739074323       0.22091636694428221       0.23240812867390956        105.32489911302389     
   58.700000000000564       0.25589875637351911       0.21987486398962280       0.23317958425163457        105.33452314776999     
   58.800000000000566       0.25435635679423296       0.21928842292537568       0.23396857367911408        105.35155138165926     
   58.900000000000567       0.25282326193155635       0.21926289219736100       0.23477339591083937        105.37819320938823     
   59.000000000000568       0.25130786294462121       0.21991554622144124       0.23559169062549734        105.41696116881675     
   59.100000000000570       0.24981238321588692       0.22136871709146369       0.23642262333132522        105.47071585862727     
   59.200000000000571       0.24833495456863869       0.22374022476767741       0.23726646999703163        105.54262544872901     
   59.300000000000573       0.24687425396962023       0.22712773568284794       0.23812339846168909        105.63605786197687     
   59.400000000000574       0.24542910900784140       0.23159393205571732       0.23899356603711802        105.75433460955745     
   59.500000000000576       0.24399862170525394       0.23715418840920885       0.23987708080923559        105.90044952115306     
   59.600000000000577       0.24258213425452516       0.24377025980913178       0.24077399695137036        106.07676367624778     
   59.700000000000578       0.24117917081980506       0.25135475099548071       0.24168424836154495        106.28475703975811     
   59.800000000000580       0.23978972122285266       0.25978356653966289       0.24260749297791326        106.52488057559241     
   59.900000000000581       0.23841331346502623       0.26891285659955710       0.24354341766716506        106.79654350559240     
   60.000000000000583       0.23704777467742702       0.27859496667209821       0.24449217581049995        107.09826128641893     
   60.100000000000584       0.23568905889748978       0.28869092985631306       0.24545453974644643        107.42782602270280     
   60.200000000000585       0.23433141943940108       0.29907801594837768       0.24643196527455730        107.78256227372540     
   60.300000000000587       0.23296771768432545       0.30965140794158685       0.24742658816417173        108.15955560013728     
   60.400000000000588       0.23158898237445977       0.32032614481571825       0.24844149864905585        108.55583899818703     
   60.500000000000590       0.23018523066767604       0.33103267291463617       0.24948045217727280        108.96853096758429     
   60.600000000000591       0.22872805308499816       0.34171631888040399       0.25055373930687252        109.39502075873268     
   60.700000000000593       0.22718255805824328       0.35233501861369804       0.25167512884675430        109.83316278174411     
   60.800000000000594       0.22553559602540149       0.36285671884776372       0.25285250371335694        110.28117887822246     
   60.900000000000595       0.22379495520763981       0.37325648474911621       0.25408703605154426        110.73745424048242     
   61.000000000000597       0.22198694742280439       0.38351468263737343       0.25537274119465325        111.20036930166528     
   61.100000000000598       0.22015803934950745       0.39361538246938821       0.25669464047535734        111.66814959059906     
   61.200000000000600       0.21836071660971706       0.40354527895394210       0.25803347574842483        112.13880229634310     
   61.300000000000601       0.21677248670427732       0.41329311890760678       0.25932031536050099        112.60967625260621     
   61.400000000000603       0.21568034784926454       0.42284922801975799       0.26044776189952817        113.07620585584577     
   61.500000000000604       0.21528644883389816       0.43220554482527435       0.26135289629278602        113.53230919782804     
   61.600000000000605       0.21566633791531151       0.44135510804652622       0.26202601037573547        113.97176694856418     
   61.700000000000607       0.21675206731072336       0.45029071319006164       0.26249905769014198        114.38947606420108     
   61.800000000000608       0.21831429274923250       0.45900419109056306       0.26283532018350758        114.78257627850076     
   61.900000000000610       0.21997657086684599       0.46748628415587595       0.26312104441801976        115.15142111355962     
   62.000000000000611       0.22151632815014458       0.47572643152883104       0.26340570759001530        115.49910220675469     
   62.100000000000612       0.22291915313070187       0.48371258978074017       0.26369393316887724        115.82884146726379     
   62.200000000000614       0.22417024913026395       0.49143104336815457       0.26399069427312194        116.14328935150307     
   62.300000000000615       0.22526281911850921       0.49886617441949038       0.26429946142383742        116.44458850819900     
   62.400000000000617       0.22619277634276835       0.50600070689623555       0.26462327973795402        116.73447828541309     
   62.500000000000618       0.22696023671192411       0.51281477989954294       0.26496440625981255        117.01417855042179     
   62.600000000000620       0.22755941468372526       0.51928696317054746       0.26532660650071554        117.28463765644250     
   62.700000000000621       0.22795857275152304       0.52539359675412212       0.26572048507681051        117.54661018965908     
   62.800000000000622       0.22812007716576474       0.53110927200654279       0.26615943672771364        117.80088314092110     
   62.900000000000624       0.22802268429612077       0.53640716670786459       0.26665426176079121        118.04819422985598     
   63.000000000000625       0.22765787576646790       0.54125946061173169       0.26721372109202246        118.28909784550842     
   63.100000000000627       0.22702841035103768       0.54563809267909835       0.26784436850054671        118.52389381709865     
   63.200000000000628       0.22614932483725789       0.54951556007689817       0.26854959221057007        118.75258221911319     
   63.300000000000630       0.22502632166516828       0.55286597266770920       0.26933574660174830        118.97487299119075     
   63.400000000000631       0.22361723111739445       0.55566619149268082       0.27022637864585342        119.19055401410273     
   63.500000000000632       0.22188337070865866       0.55789691042725220       0.27124843038351809        119.39977565328658     
   63.600000000000634       0.21983568234109474       0.55954388322224546       0.27241487538247972        119.60271023844973     
   63.700000000000635       0.21752118150417216       0.56059886114293589       0.27372448431900120        119.79919834600327     
   63.800000000000637       0.21501751706804537       0.56106020970817738       0.27515927190940165        119.98855102722277     
   63.900000000000638       0.21242808641560354       0.56093365813086604       0.27668205513399574        120.16938699034499     
   64.000000000000639       0.20988119440094458       0.56023210977541305       0.27823534932226135        120.33957324033513     
   64.100000000000634       0.20753993562201953       0.55897533484993533       0.27973836711925337        120.49609953362275     
   64.200000000000628       0.20555788670488542       0.55718945808116693       0.28111472948712862        120.63507300797095     
   64.300000000000622       0.20402624114774809       0.55490607320808993       0.28232353366325064        120.75236482821444     
   64.400000000000617       0.20297723221085587       0.55216102060019334       0.28335508237605816        120.84427503367731     
   64.500000000000611       0.20237640953388220       0.54899331122616302       0.28422767634314361        120.90808317422632     
   64.600000000000605       0.20212119030718284       0.54544394795505591       0.28498156085549192        120.94250073910007     
   64.700000000000600       0.20202690084579070       0.54155486110164064       0.28568031535017246        120.94809698499706     
   64.800000000000594       0.20193613050841086       0.53736797983396600       0.28637619192861641        120.92732601648824     
   64.900000000000588       0.20180713023943730       0.53292442472701307       0.28708353974243023        120.88332317026486     
   65.000000000000583       0.20163135695081630       0.52826427916225416       0.28780604710331165        120.81912312513903     
   65.100000000000577       0.20140096233301163       0.52342543974004840       0.28854741991756860        120.73750724399514     
   65.200000000000571       0.20111074805555101       0.51844435160827296       0.28931061280060882        120.64110555296470     
   65.300000000000566       0.20075726669845989       0.51335533860681848       0.29009815701723279        120.53234321326615     
   65.400000000000560       0.20034365578573127       0.50819084432916573       0.29091031734165856        120.41343058602551     
   65.500000000000554       0.19984250058656639       0.50298176585201337       0.29175854663168327        120.28647246614609     
   65.600000000000549       0.19918320797651579       0.49775858158464270       0.29267203811174974        120.15389269852082     
   65.700000000000543       0.19831493419596710       0.49255185669293994       0.29367652778166847        120.01850427332604     
   65.800000000000537       0.19723164983519742       0.48739171586825281       0.29478321718092199        119.88308970886034     
   65.900000000000531       0.19596444394950963       0.48230755862474484       0.29598822268320824        119.75002579473090     
   66.000000000000526       0.19457452929235292       0.47732789121339292       0.29727206897625497        119.62105624959014     
   66.100000000000520       0.19315639553454014       0.47248007884546439       0.29859532476985823        119.49705885446282     
   66.200000000000514       0.19179774560390986       0.46779009269501842       0.29991681408424575        119.37802916725673     
   66.300000000000509       0.19053052634669942       0.46328204253979149       0.30121874005951066        119.26356407729230     
   66.400000000000503       0.18935916677170825       0.45897739498383466       0.30249543347106006        119.15335832443373     
   66.500000000000497       0.18828976377907178       0.45489445795732752       0.30374024167287311        119.04723533733842     
   66.600000000000492       0.18732524700396727       0.45104445082435213       0.30494797163232329        118.94510570791944     
   66.700000000000486       0.18646832127967408       0.44743197690910674       0.30611369739087357        118.84690769844080     
   66.800000000000480       0.18571647678923178       0.44405134508990002       0.30723535016004128        118.75257549485666     
   66.900000000000475       0.18508482442595406       0.44088837168407330       0.30830379738055258        118.66194485967451     
   67.000000000000469       0.18461667813069732       0.43792040131723758       0.30929866189229438        118.57444408405513     
   67.100000000000463       0.18435289072282110       0.43511886011758860       0.31020209026485829        118.48900538610394     
   67.200000000000458       0.18431877692585055       0.43245049413169301       0.31100415113498187        118.40423546988090     
   67.300000000000452       0.18452610805250236       0.42987902055987270       0.31170131467733675        118.31858381076603     
   67.400000000000446       0.18497216527375121       0.42736679027350472       0.31229591356602676        118.23049099637113     
   67.500000000000441       0.18563935818445898       0.42487674498575001       0.31279529107353848        118.13852732201762     
   67.600000000000435       0.18652511214753037       0.42237394457875266       0.31320106772458028        118.04140045865138     
   67.700000000000429       0.18765116965215484       0.41982773434881948       0.31350666921973652        117.93770704780626     
   67.800000000000423       0.18902933252779308       0.41721250349402550       0.31370911459884465        117.82594576236151     
   67.900000000000418       0.19065439646718227       0.41450947275239336       0.31381083698538248        117.70471857394233     
   68.000000000000412       0.19250477925696410       0.41170505960945941       0.31381865886208471        117.57289704641911     
   68.100000000000406       0.19454293892160843       0.40878972633369143       0.31374315325764179        117.42972596142138     
   68.200000000000401       0.19671423760360507       0.40575828110431250       0.31359839068436707        117.27499281978290     
   68.300000000000395       0.19899132679822082       0.40260896702834797       0.31339130812868016        117.10886923649636     
   68.400000000000389       0.20137539721102668       0.39934352614749341       0.31312170365649211        116.93157788774191     
   68.500000000000384       0.20385360452634541       0.39596667606662167       0.31279226688073652        116.74336963050578     
   68.600000000000378       0.20640031337766582       0.39248556402237689       0.31240812427708636        116.54464807909314     
   68.700000000000372       0.20897473600889510       0.38890959845881112       0.31197731163545195        116.33610419910798     
   68.800000000000367       0.21152384806289085       0.38524986336363520       0.31151033594690475        116.11877183943569     
   68.900000000000361       0.21397905859310240       0.38151880987061970       0.31102120888902451        115.89410123114079     
   69.000000000000355       0.21629787906752926       0.37772997387019319       0.31051943215617128        115.66389387407980     
   69.100000000000350       0.21848086336858544       0.37389767782299393       0.31000635086808359        115.42987871461884     
   69.200000000000344       0.22053554709594506       0.37003698207944780       0.30948206157114888        115.19350242374179     
   69.300000000000338       0.22246915649722263       0.36616387281322271       0.30894672126124900        114.95601527308902     
   69.400000000000333       0.22429024472294606       0.36230431971054161       0.30840019616176378        114.71850647720882     
   69.500000000000327       0.22600864704676565       0.35849561989303458       0.30784204482997740        114.48202064875208     
   69.600000000000321       0.22763578068180856       0.35478270699514208       0.30727143771288684        114.24760413657754     
   69.700000000000315       0.22917959288215448       0.35121650744010224       0.30668817763247480        114.01638758459194     
   69.800000000000310       0.23063304840880547       0.34785077040668227       0.30609518776731798        113.78961525021761     
   69.900000000000304       0.23198053074778088       0.34473970796294873       0.30549761876176429        113.56885204936404     
   70.000000000000298       0.23321017582816525       0.34193579075889985       0.30490016103226525        113.35584151634036     
   70.100000000000293       0.23431429420360753       0.33947719555145733       0.30430699891378293        113.15242863706449     
   70.200000000000287       0.23528771677868096       0.33738771396179290       0.30372194541983716        112.96040724233370     
   70.300000000000281       0.23612919506399849       0.33567329411613123       0.30314808708006913        112.78136727368103     
   70.400000000000276       0.23683995946429576       0.33431339767253654       0.30258795817907702        112.61657349187816     
   70.500000000000270       0.23742432702327343       0.33325334800779977       0.30204340043151756        112.46677783635910     
   70.600000000000264       0.23788291282363999       0.33241232397080467       0.30151712808104253        112.33209002473446     
   70.700000000000259       0.23820702615906550       0.33169565097012710       0.30101414628815854        112.21200858644497     
   70.800000000000253       0.23838720594923438       0.33100891249861730       0.30053990851818585        112.10556815367042     
   70.900000000000247       0.23841764917083241       0.33027264282440688       0.30009927934374198        112.01143231672008     
   71.000000000000242       0.23829635032929858       0.32943590240014314       0.29969635943661033        111.92809914875279     
   71.100000000000236       0.23802678190951931       0.32849949576661081       0.29933392812256338        111.85416377863507     
   71.200000000000230       0.23761807951118039       0.32752046253097122       0.29901325114012101        111.78865758285909     
   71.300000000000225       0.23708251350187953       0.32658874027686030       0.29873463784477511        111.73122668181098     
   71.400000000000219       0.23643468033472786       0.32581327864202586       0.29849748025234818        111.68219955339178     
   71.500000000000213       0.23567839780120511       0.32531244633932382       0.29830381125692562        111.64255054981321     
   71.600000000000207       0.23480832594593168       0.32520565687508807       0.29815822708274098        111.61394196235749     
   71.700000000000202       0.23382556617200734       0.32559822425438334       0.29806367198166100        111.59857277379533     
   71.800000000000196       0.23273649902833188       0.32656162764023067       0.29802148130869910        111.59883029286996     
   71.900000000000190       0.23155266211567502       0.32812675475305342       0.29803121048153081        111.61694614755969     
   72.000000000000185       0.23029119493410799       0.33029103576318186       0.29809030967351374        111.65471074099730     
   72.100000000000179       0.22897323539902345       0.33300239268568865       0.29819440259489616        111.71323919848906     
   72.200000000000173       0.22762405240863742       0.33615368038248583       0.29833706114387459        111.79266773998731     
   72.300000000000168       0.22626718576949847       0.33960204395106575       0.29851161049199831        111.89198024650234     
   72.400000000000162       0.22490744048741981       0.34318767341999751       0.29871701712991872        112.00915249976357     
   72.500000000000156       0.22353826281243283       0.34674926827323721       0.29895605568809325        112.14143233493093     
   72.600000000000151       0.22215844510251476       0.35013993023045681       0.29922986159046933        112.28550998010130     
   72.700000000000145       0.22077038021677123       0.35323908456719455       0.29953832209424686        112.43775556166354     
   72.800000000000139       0.21938109637868392       0.35596689088794442       0.29987954187597188        112.59445423143615     
   72.900000000000134       0.21800202890949361       0.35828965266898077       0.30024974240905261        112.75211471822081     
   73.000000000000128       0.21664615094037429       0.36016834536024789       0.30064417793810005        112.90753310930762     
   73.100000000000122       0.21533591594046614       0.36171658431231679       0.30105420204952332        113.05808094363080     
   73.200000000000117       0.21409547205279611       0.36304528160249661       0.30146991794525713        113.20244809168658     
   73.300000000000111       0.21293628968190395       0.36414383337645756       0.30188561399234187        113.33958750212666     
   73.399999999999991       0.21187319681279809       0.36497883255656360       0.30229417037363226        113.46839035213314     
