   0.0000000000000000       0.29084240519938565       0.59572660029508862       0.22454761823660471        80.611549377441406     
   1.0000000000000000E-004  0.29084240519966886       0.59572660029533375       0.22454761823655839        80.619174859349329     
   9.0000000000000008E-004  0.29084240540523404       0.59572660047336512       0.22454761820292618        80.680122791656714     
   7.3000000000000001E-003  0.29084251248212672       0.59572669347879270       0.22454760067200871        81.164144864800861     
   5.2731782676693005E-002  0.29087607803295995       0.59575647154172440       0.22454210657812607        84.424418440057977     
   9.8163565353386009E-002  0.29101648173562106       0.59588539322164003       0.22451923560431000        87.396247780660119     
  0.14359534803007901       0.29125689874069011       0.59612196104947490       0.22448008882252082        90.105061577584749     
  0.20328882008763452       0.29164821058223911       0.59656004934476203       0.22441565929704915        93.303216767617499     
  0.26298229214519003       0.29208455513343989       0.59713355468717455       0.22434251028903912        96.134995551745064     
  0.32267576420274557       0.29255722947173152       0.59785139456096759       0.22426183789347548        98.642768506021099     
  0.39591408737628114       0.29317680920122069       0.59892702641465689       0.22415392443843793        101.33179593893244     
  0.46915241054981671       0.29382814182485606       0.60018413087578648       0.22403779091380183        103.65001819234151     
  0.53068179098639345       0.29439710910405070       0.60140644491547424       0.22393420625058066        105.34941900565815     
  0.59774026214413389       0.29504623124152951       0.60301841184028437       0.22381406377542187        106.97748997335457     
  0.65240858760917508       0.29559855656774414       0.60456266264654324       0.22371035907403203        108.15300848758328     
  0.73534087624603406       0.29647245837420383       0.60724594365879125       0.22354357450624404        109.71133451929011     
  0.81827316488289303       0.29739111301761878       0.61030182951710377       0.22336507437547604        111.03782769204813     
  0.90120545351975201       0.29835907375055004       0.61368561516811582       0.22317408915634612        112.17026970010721     
   1.0013638684174433       0.29960662545104300       0.61814072694133171       0.22292483316926937        113.32384688488294     
   1.1015222833151346       0.30096010820201030       0.62292454560170807       0.22265226715523537        114.28570480052484     
   1.2016806982128259       0.30243299317578948       0.62796410180384099       0.22235431064731204        115.09229618804282     
   1.3018391131105171       0.30402424131380018       0.63319490533217404       0.22203081787754500        115.77280987617677     
   1.4272037835769391       0.30615912193156397       0.63992739687349187       0.22159255270306263        116.48228087481117     
   1.5525684540433611       0.30839793381951003       0.64678219728609143       0.22112371407019635        117.06692085988992     
   1.6363947538573549       0.30991130540216344       0.65139719427401843       0.22079817324440207        117.40245616060399     
   1.7202210536713487       0.31139494538206636       0.65601607542166629       0.22046816843210942        117.70174971842813     
   1.7701310621066140       0.31219275886886355       0.65876169492564240       0.22027828344076700        117.86536209228045     
   1.8702050906465086       0.31337483734613558       0.66424402929806259       0.21994210608402662        118.16739771104568     
   1.9599263116553076       0.31378348130227002       0.66912048985265615       0.21972027979408998        118.41680306624094     
   2.0496475326641064       0.31349754694917520       0.67394822091556039       0.21959577521661786        118.65444890881618     
   2.1393687536729051       0.31255097889737293       0.67871715762285301       0.21957745362217773        118.88719647514664     
   2.2290899746817039       0.31106896138737200       0.68341837223107116       0.21965871362424430        119.12011401820116     
   2.3188111956905026       0.30925397544117444       0.68804374426986203       0.21981413584697021        119.35612607584758     
   2.4085324166993014       0.30738007802531342       0.69258570882473081       0.21999727683963619        119.59579410467555     
   2.4916339283475399       0.30590506080491014       0.69671190430502883       0.22013239027561504        119.81929736878214     
   2.5747354399957785       0.30495970667964623       0.70075488827553178       0.22018335219225760        120.04061920520077     
   2.6578369516440170       0.30472790736381589       0.70470937155859825       0.22012270766333805        120.25507675641006     
   2.7409384632922555       0.30530866610549107       0.70857010467180803       0.21994233422825846        120.45769395200634     
   2.8090397919882792       0.30639640792737349       0.71166014066733463       0.21971015291503321        120.61167759315279     
   2.8647590609213895       0.30766321724049250       0.71413640062791461       0.21947079815282811        120.72801671646452     
   2.9204783298544998       0.30921407178795884       0.71656382454901557       0.21919503918854949        120.83482243115193     
   3.0065915165429193       0.31198790503709872       0.72021447451499110       0.21871898581985194        120.98038735557002     
   3.0739398462690399       0.31429019936253383       0.72297959009537549       0.21832443318296033        121.07814110859817     
   3.1198848696586352       0.31586790318419605       0.72481822586021560       0.21805020608902631        121.13732648482635     
   3.1942250477784335       0.31842898908400141       0.72770705743579767       0.21759834183800192        121.22130927514685     
   3.2907855465717639       0.32176456661772485       0.73129095137355415       0.21699725469861883        121.31063111166954     
   3.4301117571213093       0.32652140214304859       0.73609747736318698       0.21610966688378550        121.40516470255658     
   3.6041124102108295       0.33221569970210585       0.74142502037715430       0.21498423968558844        121.47578526601517     
   3.7718466205777266       0.33722794884838919       0.74575710423713437       0.21390570004199785        121.50426969725683     
   3.9156555595985174       0.34100662350695182       0.74876695525629022       0.21300393544960772        121.50489987004809     
   4.0594644986193078       0.34426276020781221       0.75106367020103526       0.21213235271403993        121.48846112673080     
   4.2032734376400986       0.34702904828635173       0.75259644339106613       0.21129279887680757        121.45786371785408     
   4.3522673974370001       0.34948267294686608       0.75334046221639905       0.21045137377089471        121.41229204474632     
   4.4920441472854753       0.35157997042321276       0.75324287973472182       0.20967391926348170        121.35567156426244     
   4.6318208971339505       0.35369166134001384       0.75238500516959450       0.20888821526361212        121.28255700552295     
   4.7715976469824257       0.35591679984244279       0.75080247407067302       0.20808383201179792        121.18914189797941     
   4.9113743968309009       0.35823386651032063       0.74855709008861260       0.20726008557811845        121.07263062379752     
   5.0511511466793761       0.36050768600073357       0.74573560117240900       0.20642607865800558        120.93252000989440     
   5.2191911014721919       0.36289833118661990       0.74173687577829128       0.20543299868473222        120.73661318625611     
   5.3869973815012946       0.36467695144391943       0.73730446715715658       0.20447557682570380        120.51976177216633     
   5.5548036615303973       0.36571856196761149       0.73270014526589655       0.20357584758015851        120.29334960051112     
   5.7226099415595000       0.36599982863422365       0.72817671223958258       0.20275354671920690        120.06955738038722     
   5.8637952261469817       0.36567741058971087       0.72457425536065512       0.20213158060753444        119.89137939445362     
   5.9673007793048445       0.36506687541886207       0.72208959859593624       0.20172747821103124        119.77029885276333     
   6.1251411403166278       0.36342042959078213       0.71857166691161778       0.20121797751931972        119.60722371491458     
   6.2829815013284112       0.36087245151631897       0.71535786764085885       0.20085781305271058        119.47684053516267     
   6.4408218623401945       0.35748051975645179       0.71236624162400941       0.20065980988052265        119.38413237901170     
   6.5913909851749466       0.35358678662416082       0.70960613860150668       0.20062280903070751        119.33199964936995     
   6.7324968323729379       0.34940221197557986       0.70699877074462103       0.20073100596456980        119.31401778230656     
   6.8736026795709293       0.34471627417770406       0.70428976518487074       0.20099005703253975        119.32397900773985     
   7.0497604060773673       0.33828601130162250       0.70069048749351759       0.20152740499992039        119.37171564738674     
   7.2259181325838053       0.33145846616500368       0.69679736630452027       0.20228013097747002        119.45209870027890     
   7.4456932177161281       0.32283082542757791       0.69148853590260373       0.20345516625600096        119.58384977516403     
   7.6222465875500154       0.31598502512113907       0.68686667091149767       0.20456077915502816        119.70315644294116     
   7.8635215194609893       0.30690532660914471       0.68011152785973017       0.20627579885814501        119.87065134247787     
   8.0074003603787833       0.30169387585041774       0.67591090715986091       0.20739823291054030        119.96781975218599     
   8.0937714897905870       0.29864360595231626       0.67337559553959159       0.20810576591912303        120.02422682255293     
   8.2442813978064837       0.29346794388100272       0.66910621146656168       0.20939771898009132        120.11926995677911     
   8.3947913058223804       0.28850005515922261       0.66534478223672888       0.21075419325249381        120.21268803068563     
   8.5806169461103430       0.28275544887654386       0.66205236549779056       0.21248378491127257        120.33390239681123     
   8.7254077589315706       0.27869322676446767       0.66101054079124344       0.21383442513302711        120.44121120554064     
   8.8376717096056137       0.27588256527463817       0.66132802659932743       0.21485387243577667        120.53704012101832     
   8.9499356602796567       0.27341944505770449       0.66269092332866320       0.21583067159771463        120.64684866527689     
   9.0621996109536997       0.27131449772317001       0.66505653569725809       0.21675746058181081        120.77249698927818     
   9.1744635616277428       0.26954278441945911       0.66827929685319165       0.21763580086456444        120.91476182252194     
   9.3216765709150362       0.26761829550965566       0.67346508244202063       0.21873216352379513        121.12575589181465     
   9.4688895802023296       0.26596755073015022       0.67933009791416898       0.21979943480293088        121.36182781012840     
   9.5909297780599729       0.26471916687797886       0.68444734786591122       0.22067770297199624        121.57365985260330     
   9.7636138297641715       0.26305692807526593       0.69175847026252424       0.22192323018482824        121.89245256474216     
   9.9362978814683700       0.26146174228684022       0.69883310434341817       0.22317890926033382        122.22555043115717     
   10.096613012227177       0.26005156569882187       0.70491893733219646       0.22434663906646388        122.53927910904687     
   10.189039492505476       0.25934286485610131       0.70812579136628084       0.22500197630573807        122.71847990636449     
   10.344672216404119       0.25847687792778368       0.71291118578476931       0.22603613577059686        123.01005833835711     
   10.500304940302762       0.25815084150661138       0.71683921034180131       0.22694865688797930        123.27899457680046     
   10.624706870688639       0.25833184152156291       0.71936103190949618       0.22757508303666926        123.47066418264409     
   10.718631564118930       0.25878342255078851       0.72094607047772663       0.22797499064176666        123.59880941314587     
   10.812556257549220       0.25963413111269146       0.72231631450337475       0.22828751759446389        123.71066345724391     
   10.906480950979510       0.26099429405977054       0.72353919466604233       0.22849442750771504        123.80410256539221     
   11.035690559763331       0.26379694653148184       0.72511030717798397       0.22859609529475250        123.89906647269521     
   11.148907951488921       0.26713874213816946       0.72649644653876788       0.22851826257349497        123.94800868685424     
   11.262125343214510       0.27119109790166573       0.72796944202889324       0.22830653816286303        123.96448344781250     
   11.417192018409763       0.27759718730130073       0.73018878719651259       0.22784305581422390        123.93748722219154     
   11.571843901841442       0.28477790918605062       0.73262681687016640       0.22720903123280237        123.85981253560252     
   11.721349538613946       0.29238614906764765       0.73509765452041886       0.22644745259439153        123.74237897138667     
   11.862958965472036       0.30021833536065973       0.73739010009257833       0.22559459886571259        123.59561740426281     
   11.987459891283295       0.30774073702948590       0.73923158823921364       0.22473224839618583        123.43774751672530     
   12.089075077380253       0.31455018347758756       0.74052798988614177       0.22393579888261994        123.28636573343921     
   12.163245121202257       0.31996878345436613       0.74132001065654307       0.22329925374498283        123.16097152391154     
   12.266434025306838       0.32812064505621835       0.74216427912256677       0.22234066832405142        122.96274417268702     
   12.368925243470258       0.33679026552464425       0.74266390974689811       0.22131618408406578        122.73608137357073     
   12.471416461633678       0.34576102362961081       0.74278302241950667       0.22023790049783157        122.47895354282056     
   12.570968469943709       0.35438392401767121       0.74249918875549414       0.21916154380377428        122.20179152912766     
   12.666600850513854       0.36217795478553710       0.74183009535014144       0.21812398579259928        121.91434402164890     
   12.746174668019709       0.36807200227106462       0.74096476181134929       0.21727191738392329        121.66364521264190     
   12.843779944439927       0.37440629379060192       0.73951276235359298       0.21625316583213416        121.34784524298732     
   12.941385220860145       0.37969082871113896       0.73763128891805996       0.21527223702056611        121.02929982558344     
   13.038990497280363       0.38397478977419813       0.73533221932846815       0.21433222427794305        120.71374651277229     
   13.136595773700581       0.38742036311353339       0.73263921331472670       0.21342835617789654        120.40516562141673     
   13.234201050120799       0.39029262300614082       0.72958744938348585       0.21254669949775540        120.10531992909580     
   13.320025487504012       0.39259162048538088       0.72664375172353557       0.21177405222204682        119.84839115338151     
   13.369188588064803       0.39384945936966498       0.72486389602930945       0.21133028506329732        119.70351529204716     
   13.480340934809586       0.39654368296712489       0.72066573428659642       0.21032414739404817        119.38096808641588     
   13.620585091456890       0.39969714922890692       0.71530323463955947       0.20904774377123797        118.98287495164976     
   13.760829248104194       0.40263766102881093       0.71034076778154676       0.20776291266230623        118.59633434398825     
   13.892540303435940       0.40525363092095212       0.70648863218643310       0.20654916809682591        118.24856193082439     
   13.975270370983841       0.40683527034744188       0.70461499037385444       0.20578426903718447        118.04054137280043     
   14.029439259155058       0.40782246009265111       0.70364058199607482       0.20528459319755990        117.90973002161816     
   14.138856238860614       0.40953602872277384       0.70228089372399427       0.20429170180615477        117.66146502247746     
   14.238702435389600       0.41062751423672555       0.70171499652606983       0.20341855366185854        117.45779840768637     
   14.338548631918586       0.41119254737577687       0.70172389756566278       0.20258685619213679        117.28041063339118     
   14.438394828447572       0.41124038575771404       0.70220623226192591       0.20180055723502158        117.13247505150490     
   14.538241024976559       0.41085305606917916       0.70301080968943186       0.20105729872685515        117.01531435781425     
   14.638087221505545       0.41018013438067707       0.70395426840663577       0.20034759755664142        116.92788297433121     
   14.737933418034531       0.40942780139809687       0.70483796435230772       0.19965501131414770        116.86645635999604     
   14.814459825174964       0.40885863252496968       0.70534509518686639       0.19913079183420188        116.83341497380600     
   14.934978349014738       0.40796945431033194       0.70559315401409095       0.19831828341594748        116.79851253529660     
   15.098211543782474       0.40673807188611244       0.70429623836960142       0.19724968492185976        116.76626520187114     
   15.247922597713966       0.40554635993488669       0.70091411546119098       0.19630845907130534        116.72978539124354     
   15.343122588557767       0.40474263954934064       0.69749738121714799       0.19573211350310513        116.69349439343509     
   15.438322579401568       0.40388768618418980       0.69305590453479016       0.19517520936961147        116.64154784672085     
   15.497028609248778       0.40325316297649072       0.68981780767029055       0.19484964993618173        116.60032617148273     
   15.580499679014356       0.40199906607478941       0.68459928826688321       0.19443265122477768        116.52947354685932     
   15.661031405062737       0.40019595734723845       0.67894537795768295       0.19410733156638965        116.44916417236075     
   15.741563131111118       0.39769648166104116       0.67276755991733761       0.19388021557274160        116.36013345817291     
   15.838288638872937       0.39372853407924790       0.66478184934628515       0.19376317637446680        116.24669970768096     
   15.935014146634757       0.38877783923341269       0.65632305169518501       0.19383549722532759        116.13193321617679     
   16.031739654396578       0.38303163039549593       0.64752939204717097       0.19410003184666141        116.02086594309498     
   16.128465162158399       0.37676631792499077       0.63851809490338540       0.19453414485286738        115.91664642327764     
   16.222719834959360       0.37043333911345006       0.62961872159716326       0.19508212747019413        115.82259278313455     
   16.280311311135321       0.36651539888029794       0.62415433702824741       0.19546814040298380        115.76861405280052     
   16.432636433067380       0.35609920190273314       0.60970618901554707       0.19665905714076068        115.63741849816525     
   16.553909616338618       0.34784089074683339       0.59829178385471582       0.19777051775978338        115.54359441120231     
   16.704226071342692       0.33768096451152491       0.58434593177380323       0.19935248530382316        115.43880899019601     
   16.827307619718997       0.32937515209228757       0.57314334696598346       0.20084173999790228        115.36234565677502     
   16.935912303910573       0.32195068750321876       0.56344745103064275       0.20234770298224850        115.30281428638236     
   17.040827451104736       0.31453085139293990       0.55426597757871010       0.20405243791057448        115.25454587427447     
   17.137205009848241       0.30743595313818350       0.54600268816040987       0.20589298104490733        115.22085241235430     
   17.253837719983789       0.29853371534680184       0.53623261487245599       0.20851210001462378        115.19693274627792     
   17.370470430119337       0.28943286370307847       0.52672422802891761       0.21155142798953783        115.19367597250357     
   17.487103140254884       0.28036898104440117       0.51748874363617159       0.21492377158791842        115.21109528864473     
   17.567842585605863       0.27426718650355975       0.51126178778684772       0.21736522795842711        115.23389461726758     
   17.619601032232019       0.27049879498995205       0.50734395933961918       0.21892798950155123        115.25222455001405     
   17.706356030989067       0.26459917139929900       0.50091074099086719       0.22142705091909345        115.28709767200939     
   17.793111029746115       0.25941936798913140       0.49465043086367294       0.22365520792488236        115.32292059307025     
   17.879866028503162       0.25513660925789627       0.48856974603505254       0.22553897320970848        115.35400631282440     
   17.966621027260210       0.25186475939427588       0.48267578832876890       0.22706729879466589        115.37449406408925     
   18.053376026017258       0.24962867073062669       0.47697597397908736       0.22827626226213119        115.37906974617734     
   18.139347584716251       0.24834215404094295       0.47152665392495507       0.22922466382008269        115.36395821738249     
   18.221941194881289       0.24776318891800253       0.46648502571070055       0.22997926319733675        115.32923624328720     
   18.303467644498440       0.24749308219459898       0.46170106970660990       0.23066014708459509        115.27622220789274     
   18.380864796789833       0.24715804941597100       0.45734195665814648       0.23133161218579085        115.21162913183483     
   18.443260416806911       0.24663119350404647       0.45396056766801068       0.23194190474292092        115.15263202292374     
   18.523270870411793       0.24546135430389329       0.44980203002091740       0.23286895511913974        115.07295217365713     
   18.603281324016674       0.24365995894565584       0.44584673156521015       0.23400842348615331        114.99457115379131     
   18.683291777621555       0.24124216967571596       0.44209792489406596       0.23539754173195601        114.92319689793563     
   18.763302231226437       0.23830495564371376       0.43855771277787242       0.23704699062031551        114.86337827411489     
   18.863240438877941       0.23413939102830855       0.43442974184569449       0.23943250874230912        114.80934783609632     
   18.946374247798307       0.23051389951607734       0.43124331927130949       0.24159183833407380        114.78333519031486     
   19.029508056718672       0.22698807235452234       0.42827809722759719       0.24378091243125055        114.77346032954014     
   19.089744943523694       0.22453616440263882       0.42626465757214987       0.24536033076547775        114.77514123318282     
   19.277078405111151       0.21744830032398860       0.42069087798115523       0.25022317619719953        114.81891916079978     
   19.464411866698608       0.21113613758856725       0.41604951541955648       0.25499331675988690        114.90681751891569     
   19.541484372337059       0.20875114334345027       0.41436613836945535       0.25692500418230491        114.95223234047991     
   19.596543490671451       0.20711548548413883       0.41322479413342017       0.25829545905424356        114.98722565034001     
   19.651602609005842       0.20556389023064209       0.41211974624577408       0.25964180255083985        115.02391733995056     
   19.730615671267998       0.20360450559589882       0.41056570264780978       0.26146614833264781        115.07816085116825     
   19.809628733530154       0.20217861140829599       0.40900146183057612       0.26306027266113913        115.13113723876326     
   19.880913176914227       0.20150691208629284       0.40753408302101740       0.26424930910585143        115.17383842574634     
   19.968710679269524       0.20158847158261314       0.40558821659574817       0.26538660905084621        115.21372018942071     
   20.046508367116832       0.20249800723476558       0.40367917040373208       0.26612730994098410        115.23199060944306     
   20.121166034350111       0.20398756050789754       0.40163921133772340       0.26665690507024969        115.23059084133762     
   20.194579916905539       0.20580403623343294       0.39940339532982577       0.26706879557967633        115.20924641958396     
   20.267993799460967       0.20766048321576935       0.39691991427161677       0.26744069817086019        115.16824782116221     
   20.319354803621650       0.20884392711489416       0.39503055384658164       0.26770665015894973        115.12888664994951     
   20.387223121764752       0.21018774101128757       0.39234362736973016       0.26808314619440954        115.06518950889125     
   20.478546245627097       0.21152517648808861       0.38840247126630084       0.26865916260719991        114.96222927872626     
   20.545245834367389       0.21213113429693831       0.38531084274284932       0.26914586266567775        114.87744310128112     
   20.643471211039540       0.21248608129460955       0.38048754687257536       0.26997500227955012        114.74254247641564     
   20.741696587711690       0.21232613592274927       0.37542103684447309       0.27092673637550446        114.60033989754977     
   20.839921964383841       0.21187362782818520       0.37019829003646632       0.27195382042133009        114.45430807282072     
   20.940721302764640       0.21138498351693924       0.36476351639591037       0.27300708309193483        114.30174236710907     
   21.015199370872139       0.21112138409092845       0.36074598397936286       0.27375030792133853        114.18699260642278     
   21.152733261354573       0.21102199169386901       0.35343189308432010       0.27499288321680726        113.96886654227501     
   21.263495637075724       0.21138909748468548       0.34775396208077264       0.27584695930490444        113.78564676858959     
   21.374258012796876       0.21214351128646344       0.34241879163579225       0.27657222985779362        113.59502479128285     
   21.458515740380331       0.21291684617440923       0.33873162249036937       0.27705155831013528        113.44593184258824     
   21.530741535996164       0.21364453219871316       0.33596410929847170       0.27742909582970121        113.31689298884362     
   21.602967331611996       0.21432519075455397       0.33372570947355984       0.27780104009475504        113.18918924886822     
   21.675193127227828       0.21485919900297459       0.33223329500501508       0.27819219615040441        113.06655240591213     
   21.763332868357242       0.21521857985951212       0.33180612853444219       0.27872262326288438        112.93116898902078     
   21.830234427487696       0.21525136004364992       0.33276345981429784       0.27917550092125515        112.84523843485555     
   21.887311077290750       0.21512038859281907       0.33454458501471834       0.27959865168988157        112.78764300928546     
   21.944387727093805       0.21486122597212132       0.33719416343745223       0.28005340220517144        112.74750261085802     
   22.014669329338016       0.21440739996767400       0.34151210118314268       0.28064747259974832        112.72514327886840     
   22.099830362623845       0.21375557922074004       0.34796618317328520       0.28138997479527661        112.74069394372070     
   22.184991395909673       0.21316930926744637       0.35533729455856267       0.28209974830929185        112.80244050835802     
   22.267270615332766       0.21291520045968368       0.36298964271493972       0.28267283476438598        112.90172661034292     
   22.349549834755859       0.21323382061164944       0.37092838685806173       0.28305969928259089        113.03278999851113     
   22.431829054178952       0.21433064243657637       0.37899609007988982       0.28322088669121498        113.18677242412130     
   22.514108273602044       0.21635906115178910       0.38708476496225341       0.28314560351393531        113.35416738315283     
   22.596387493025137       0.21940584590539078       0.39511559997074625       0.28284557890671086        113.52560064986974     
   22.678666712448230       0.22348067349861078       0.40302416354981274       0.28234713088217622        113.69246971970381     
   22.742152282181262       0.22726287949264362       0.40900445890196413       0.28185077265810943        113.81346639216444     
   22.805637851914295       0.23152692991348786       0.41484639707361071       0.28127523027437623        113.92483141861132     
   22.861679136745661       0.23571748273252208       0.41986217269698223       0.28070397073464182        114.01332132285775     
   22.947514392519963       0.24303502560185150       0.42722747708060699       0.27971320010586531        114.12691247686429     
   23.032200307553953       0.25139712933678493       0.43402805082627005       0.27860666430935238        114.20720300819032     
   23.115445145675512       0.26068655344815606       0.44014787923636334       0.27741076211300569        114.24935584411780     
   23.196958045736224       0.27064508505788754       0.44547106593662511       0.27615602136367295        114.25055847778027     
   23.278470945796936       0.28117654845881801       0.44999622088228808       0.27484005890209123        114.20896618514587     
   23.350293033206007       0.29060636189532402       0.45321710649916019       0.27364891343624448        114.13592633361803     
   23.427370749300465       0.30048999777848162       0.45578605836857383       0.27235802258695485        114.02066843073011     
   23.498560913177872       0.30912528057057032       0.45729423140109210       0.27116827616486927        113.88273978316646     
   23.568066611419496       0.31695515494634074       0.45795736981135443       0.27001714357876894        113.72190424138054     
   23.665895352051525       0.32684467964089398       0.45759725923356859       0.26842383110828921        113.45769906106656     
   23.759731849760250       0.33501351648888328       0.45598629867756818       0.26693442678761331        113.17026223547521     
   23.853568347468975       0.34191931837786310       0.45335936287440509       0.26548891657367085        112.85770911724350     
   23.947404845177701       0.34769393037973201       0.44995451677426179       0.26408698673031183        112.52765579217406     
   24.043566560836862       0.35266180000794028       0.44589587023006427       0.26268808953658224        112.17801699272323     
   24.125927396557422       0.35627376940569372       0.44212384817655842       0.26151670123789494        111.87366768515312     
   24.225137668187312       0.35988863421246431       0.43738965589244727       0.26014032346279986        111.50601934731195     
   24.324347939817201       0.36277513150277912       0.43261008151125119       0.25880194617329849        111.14249514554824     
   24.472253526245805       0.36601104266962081       0.42573989688982883       0.25686526367774004        110.61843388023328     
   24.607164093739943       0.36828086906491203       0.42014433812772306       0.25513026490894347        110.16789434078710     
   24.730378608567424       0.37026274883859628       0.41601093922342930       0.25353074522778773        109.78430956295851     
   24.853593123394905       0.37258881303947733       0.41325277103071656       0.25187655952630283        109.42976081708166     
   24.944476121333611       0.37467469796014613       0.41235380030667568       0.25060733947062569        109.18806293760542     
   25.035359119272318       0.37710490777397720       0.41255971995751178       0.24929384644117383        108.96460087979081     
   25.126242117211024       0.37983763341816462       0.41390078272337949       0.24794019317764387        108.76102919636705     
   25.217125115149731       0.38276530876010545       0.41629743031234057       0.24655632258513058        108.57914644216831     
   25.280972305624264       0.38485718468886648       0.41850749231583356       0.24557339313264465        108.46519437829119     
   25.327081761684049       0.38629969923960683       0.42031301152081130       0.24486496370985758        108.39034358555486     
   25.404924706758671       0.38833874986871719       0.42364106630958298       0.24369328545329036        108.27939332639603     
   25.471080542279172       0.38945649363550544       0.42662776233329625       0.24274262684154094        108.20222611785128     
   25.551138996347486       0.38983804286497081       0.43027457611353231       0.24167540130549267        108.13300245956152     
   25.631197450415801       0.38904549698777852       0.43379424044063708       0.24072676062722184        108.09339059730824     
   25.711255904484116       0.38708942590562673       0.43703874405284970       0.23992013318948655        108.08574735845009     
   25.791314358552430       0.38409523153516667       0.43990104481509157       0.23926914479960432        108.11093353325590     
   25.871372812620745       0.38028275411346069       0.44230645620221837       0.23877145008990783        108.16805142542458     
   25.947418897247978       0.37615350480342769       0.44411892167857958       0.23842140135981041        108.24935091019013     
   26.011720601341192       0.37243379906121726       0.44527130301298817       0.23820041479906021        108.33585043022836     
   26.076022305434407       0.36856664273920658       0.44607150511721227       0.23804189867186507        108.43588707813517     
   26.190266705942346       0.36142295129408303       0.44666367383116068       0.23790853933244369        108.63953537001214     
   26.280304318926920       0.35562578930332428       0.44649623706194064       0.23793034053403472        108.81695846007911     
   26.394639668675815       0.34811775702674452       0.44577949756910507       0.23811696673672381        109.05673124082671     
   26.508975018424710       0.34046481667564382       0.44491319550675484       0.23849073848200214        109.30890858944592     
   26.611998719628133       0.33341739496151152       0.44437784000151159       0.23901030101110074        109.54689954489290     
   26.684172089359315       0.32833946443121442       0.44430506057514607       0.23950504153524116        109.72132369605428     
   26.777606733586538       0.32152877438272903       0.44470996855021877       0.24034690772874434        109.95984072181970     
   26.871041377813761       0.31445062634813120       0.44575526618783312       0.24144558301568997        110.21671868413966     
   26.964476022040984       0.30716791217188755       0.44749117521667248       0.24280949190517120        110.49581189606590     
   27.080101649868137       0.29804349355952003       0.45062358249773932       0.24482711300546128        110.87587976271894     
   27.174935904670804       0.29066591939171837       0.45398699239761864       0.24666834579773489        111.21738496239603     
   27.263823458056994       0.28399786116182474       0.45774398182028275       0.24845577625887741        111.56075809179383     
   27.352711011443184       0.27762089866243600       0.46202470080816571       0.25026495734383275        111.92455183403381     
   27.485547897891152       0.26862952669901502       0.46923887024394928       0.25299361489794220        112.50116766666156     
   27.681457216082336       0.25647414765025894       0.48115996016156598       0.25706554269128851        113.40816344117653     
   27.783216613867260       0.25061835918590192       0.48772129984486834       0.25921812705473202        113.89854594342933     
   27.842620890605353       0.24731581512431297       0.49161481827081688       0.26049907443520381        114.18913557738578     
   27.975614295095589       0.24007563745259844       0.50040116536384105       0.26352281201101169        114.84854664106777     
   28.096656485010595       0.23350449883713340       0.50837080815944680       0.26657849916425902        115.45769532224301     
   28.212407052723695       0.22719493178794542       0.51586443755284261       0.26982527368496451        116.04720159034281     
   28.325757514622360       0.22106425398414820       0.52299770874819151       0.27328056216313723        116.62948883154074     
   28.439107976521026       0.21513068869323898       0.52985148308954866       0.27689352844990950        117.21357625518608     
   28.523314264841837       0.21099925215381007       0.53471891479017997       0.27954659394872927        117.64549510750284     
   28.627832820919551       0.20641178956717779       0.54044788799120635       0.28261627959861546        118.17369267414637     
   28.708077301812899       0.20341556147174741       0.54458219863419299       0.28471619121886932        118.56862861887035     
   28.820273389569603       0.20012847317665866       0.54993368408907350       0.28721211684072645        119.09739180324453     
   28.932469477326308       0.19797882846822837       0.55473635611601757       0.28919473331355916        119.58955978706376     
   29.021213952675392       0.19706619114124663       0.55811669455561697       0.29044429993494747        119.94711311869753     
   29.109958428024477       0.19684598027620742       0.56110887618824445       0.29144009168298879        120.27289234732267     
   29.198702903373562       0.19738659986178883       0.56370802854847013       0.29218187320387107        120.56378281516578     
   29.287447378722646       0.19876605449496326       0.56589922193453779       0.29267226221891091        120.81655116133304     
   29.350647562980630       0.20028911327060944       0.56724523113235492       0.29287573427718538        120.97161999512932     
   29.396624096601563       0.20168665973477348       0.56811751001079269       0.29295222014936911        121.07081178046953     
   29.436622617845838       0.20309761443571073       0.56874589564130607       0.29297336193874635        121.14742204773533     
   29.467764244671706       0.20432014632252801       0.56914095188511671       0.29296222625331769        121.20058113583664     
   29.507299438105267       0.20603295068673910       0.56962753734836347       0.29291398491135384        121.25973069971782     
   29.546834631538829       0.20793664155469946       0.57031330532705504       0.29282740605272861        121.30986061820815     
   29.577507723013994       0.20954863534679752       0.57106031692695691       0.29273440931111294        121.34304985864173     
   29.608180814489160       0.21127365653904961       0.57194634231010788       0.29262041892779139        121.37166254928944     
   29.647231437665774       0.21361668610495915       0.57309508737126713       0.29244820828853257        121.40170650258688     
   29.696910798538489       0.21680974841618597       0.57424903857281540       0.29219001447082593        121.42912544598822     
   29.746590159411205       0.22023194505447180       0.57470763040190609       0.29189053270725235        121.44274406111442     
   29.793956818023947       0.22370728308011131       0.57420191042978719       0.29156788789745069        121.44027760002929     
   29.833627120739720       0.22676686096870724       0.57290532187842125       0.29127171159818321        121.42431081169634     
   29.866646764928589       0.22940515935587755       0.57120091801736639       0.29100873934720306        121.39989513010322     
   29.907383848500867       0.23275774671489521       0.56842871055101540       0.29066571173459965        121.35444239369166     
   29.960147139457561       0.23722414800311567       0.56409024825276233       0.29019470450032542        121.26908102351658     
   30.012713461435904       0.24175683441678181       0.55934444908745951       0.28970089025859758        121.15443612621856     
   30.062469707432406       0.24605782874320781       0.55471479152102710       0.28921681964662560        121.02025261434613     
   30.112225953428908       0.25029689289742491       0.55006182560208983       0.28872288067489177        120.86338010750414     
   30.181659223375533       0.25595793519247517       0.54360319967677317       0.28803043522338856        120.61150967476487     
   30.245244293814221       0.26070043263845233       0.53774752086864785       0.28741013531970339        120.35310960582444     
   30.296767205877540       0.26412544655288667       0.53304792458602579       0.28692893806369479        120.12866825518670     
   30.359677198166295       0.26776548461179317       0.52736507460040005       0.28637453239873112        119.84133457460628     
   30.437442772965120       0.27147460992036354       0.52042387168441173       0.28574367422373537        119.47315679230204     
   30.515208347763945       0.27433020490870635       0.51357401997915364       0.28518120240327965        119.09829509530088     
   30.577194366316892       0.27594362939223455       0.50817871430708061       0.28479738439065783        118.79960138462050     
   30.630086260405758       0.27686749326498256       0.50361980695726771       0.28452083726040961        118.54759080017227     
   30.719959936938857       0.27767319232198168       0.49596692436282419       0.28414615658556214        118.13007818079903     
   30.792595813988555       0.27775487778825425       0.48986692326776654       0.28392176098408650        117.80544931488929     
   30.863743536326417       0.27744680139285444       0.48396463963365438       0.28376055738627731        117.50031359552732     
   30.916114322904413       0.27700978573625801       0.47966554350846990       0.28367617789869004        117.28431531362928     
   30.990534563380749       0.27605118078014668       0.47362202680510673       0.28361855545132897        116.99051291853216     
   31.083098330253954       0.27420199598559353       0.46621125594371482       0.28368840678465573        116.64812840546112     
   31.145098516388849       0.27251192302681027       0.46131240194366613       0.28384996578428134        116.43433670195550     
   31.247299081908594       0.26893781116673798       0.45334928016622911       0.28436208533647539        116.11160297702040     
   31.349499647428338       0.26447222044800817       0.44552361688367559       0.28522478156414599        115.82823733774485     
   31.451700212948083       0.25929097606030260       0.43783303930323114       0.28646410111989645        115.58559229918497     
   31.553900778467828       0.25362106421059449       0.43027521559099807       0.28806430569853991        115.38312022938543     
   31.656101343987572       0.24768254778704007       0.42284785416492798       0.28997652263826246        115.21834014280381     
   31.758301909507317       0.24158345759555822       0.41554870299999902       0.29218752110553414        115.08778967595228     
   31.931944920779404       0.23102547992426040       0.40343487582711623       0.29663431242232413        114.93473716239609     
   32.105587932051492       0.22039514009903310       0.39167418369644408       0.30197613966644188        114.85504440850019     
   32.279230943323583       0.20981405777527545       0.38025633222650773       0.30827688559755168        114.83587727300969     
   32.452873954595674       0.19934130209476753       0.36917132713148226       0.31564829373624492        114.86751344833188     
   32.626516965867765       0.18904418626151770       0.35840946547298358       0.32417965135316795        114.94288925018927     
   32.800159977139856       0.17902712521857964       0.34796132716688222       0.33386139576743756        115.05602454466192     
   32.944510552782482       0.17099744990782664       0.33950794569708831       0.34270301444775758        115.17442011727046     
   33.060208622899758       0.16478502679996027       0.33288100376372520       0.35026837110768483        115.28264257694886     
   33.267999520938410       0.15415345118923171       0.32130226799855527       0.36486027035051755        115.50127872425598     
   33.475790418977063       0.14423303876669577       0.31012628012348359       0.38059102885281348        115.74410959479793     
   33.683581317015715       0.13503755390811190       0.29933903119433281       0.39728656236204213        116.00378487378569     
   33.823721632045505       0.12922340999890586       0.29227646478998459       0.40906976018502994        116.18570346433904     
   33.963861947075294       0.12372656573163372       0.28538053166435318       0.42118974873243492        116.37156820387527     
   34.104002262105084       0.11857249657586691       0.27864730029340240       0.43348544821679280        116.55962357435043     
   34.219079886281115       0.11461323649916846       0.27323719504730681       0.44359057302652927        116.71394801436125     
   34.371105534725046       0.10974778083907553       0.26625077178909773       0.45689283675442111        116.91522351892539     
   34.629664882473080       0.10235715780689525       0.25477634781850556       0.47930786524206315        117.24487741199651     
   34.882350022646357        9.6124212991751626E-002  0.24404054975062023       0.50080258067915762        117.54588209561065     
   35.054222181184279        9.2437989454440955E-002  0.23699792004739317       0.51496969223050648        117.73566742255684     
   35.169000201023444        9.0211722697352878E-002  0.23240832574489792       0.52419063108109365        117.85453238781029     
   35.326382854923921        8.7422050030942153E-002  0.22625925577590258       0.53657877372609031        118.00679666537984     
   35.458612940105930        8.5279126990726761E-002  0.22121886439820984       0.54680628448670743        118.12551239826395     
   35.689650803547408        8.1923699492558053E-002  0.21268007655962778       0.56429129045951854        118.31443505310696     
   35.836252134437856        8.0016869337229637E-002  0.20743366008780051       0.57515091068552904        118.42329039308369     
   35.970175490931524        7.8391528245468300E-002  0.20275414583070173       0.58496455541240544        118.51625793710517     
   36.123244035276969        7.6608695452365261E-002  0.19753480703271192       0.59620548789738836        118.61678656534831     
   36.261196941063446        7.5048085001246684E-002  0.19294609082829881       0.60640977748343894        118.70428357756005     
   36.370485160052020        7.3852922337298593E-002  0.18938664139970052       0.61450258183537176        118.77250985580740     
   36.463134999340269        7.2889246984981587E-002  0.18642057198916259       0.62129417848152479        118.82974254354643     
   36.581895307341000        7.1778391643660192E-002  0.18268644276648915       0.62970574957140613        118.90145606591565     
   36.688675553872891        7.0947907152505540E-002  0.17939290054296567       0.63681832519459103        118.96255819421935     
   36.795455800404781        7.0297178469554938E-002  0.17615873557926431       0.64343378364111126        119.01831801185513     
   36.902236046936672        6.9815958757688493E-002  0.17298287739905760       0.64957442199086035        119.06695693100420     
   37.009016293468562        6.9462445849394788E-002  0.16986427482498145       0.65534215477712388        119.10750147201669     
   37.115796540000453        6.9198802959516928E-002  0.16680189563070608       0.66082416831858315        119.13991231346535     
   37.287414278257714        6.8927335550398899E-002  0.16199527494670782       0.66910711395550104        119.17591531319221     
   37.430384738764928        6.8836762547007449E-002  0.15809692803832456       0.67551594853900854        119.19184981779031     
   37.573355199272143        6.8893262862689986E-002  0.15429239317861435       0.68141551968099490        119.19553998489755     
   37.763318924122260        6.9267804738360791E-002  0.14937860277795367       0.68830675159783394        119.18060848826045     
   37.916614297014675        6.9860802143620324E-002  0.14552764393626624       0.69300193560906564        119.15029759188695     
   38.069909669907091        7.0721615115487677E-002  0.14177596225827285       0.69692214720945989        119.10205115897996     
   38.300703115506003        7.2524779600225298E-002  0.13630925318187012       0.70139780999934398        118.99339535178966     
   38.530163262850927        7.4956862726179921E-002  0.13108310764191061       0.70415762139522964        118.84006416626053     
   38.806003593867821        7.8754036111612191E-002  0.12506514099237256       0.70532209882543351        118.59310520236463     
   39.048932814984909        8.2928818803509524E-002  0.11999441717405197       0.70447009564178398        118.31723863366223     
   39.243380006241509        8.6857353510378973E-002  0.11608421528152971       0.70256649181822250        118.05605325079291     
   39.360714612369364        8.9481781415796685E-002  0.11378660666635419       0.70091611671034060        117.88090390651914     
   39.543730491731793        9.4007209987776383E-002  0.11029329735222375       0.69759548940033722        117.58100604004497     
   39.726746371094222        9.9225671397242324E-002  0.10690723449109610       0.69333283059637230        117.24678786376755     
   39.865962189112338       0.10385000052985738       0.10440132227833242       0.68941760940856101        116.96651717296044     
   39.976569619423572       0.10797668466357960       0.10245230745563104       0.68590640073393061        116.72559172135034     
   40.087177049734805       0.11247143952751662       0.10053967779258294       0.68207965695349659        116.46732438292771     
   40.228363658545298       0.11864389285172769        9.8150059428740694E-002  0.67680359939350399        116.11221918190434     
   40.369550267355791       0.12524500042760792        9.5817237307438560E-002  0.67113783090296908        115.72946002092523     
   40.544164654406813       0.13390423381284186        9.3008636335027442E-002  0.66366159874388031        115.22010765827343     
   40.758786790339613       0.14501548011269380        8.9669053795555828E-002  0.65389946668218857        114.54593221285424     
   40.895970874053909       0.15218861741205944        8.7597523159276283E-002  0.64740777888212209        114.09260474544945     
   40.985928260670860       0.15689973788417713        8.6265182418674355E-002  0.64305910045665793        113.78799586445855     
   41.096003945522540       0.16270971141616986        8.4662411725840353E-002  0.63763851595148624        113.40862054836843     
   41.185325612369674       0.16753188841732825        8.3383744405324117E-002  0.63315068572639499        113.09571411641190     
   41.263851062888918       0.17196332048677648        8.2275589646994982E-002  0.62912232886282093        112.81645178456705     
   41.342376513408162       0.17668629575436035        8.1182162063334798E-002  0.62500147573712639        112.53213758893840     
   41.420901963927406       0.18173781782728535        8.0103265932877657E-002  0.62078813993313431        112.24133249232483     
   41.499427414446650       0.18708671814637975        7.9038708135260288E-002  0.61649313841129127        111.94281792062992     
   41.577952864965894       0.19263357629566649        7.7988298116653795E-002  0.61213547936959645        111.63601206209538     
   41.656478315485138       0.19819715244962346        7.6951847855654940E-002  0.60774285588775789        111.32137440165130     
   41.754518182081299       0.20483845787793076        7.5677141392391692E-002  0.60225634129311889        110.92040995447819     
   41.839759073594173       0.21013068523358588        7.4586019135050599E-002  0.59751579677622002        110.56854793798847     
   41.924999965107048       0.21487851997109783        7.3510628811534695E-002  0.59282218096936823        110.21801453821416     
   42.010240856619923       0.21906943443135662        7.2450743596902775E-002  0.58818476748743698        109.87266145698027     
   42.095481748132798       0.22275695017525449        7.1406139936603302E-002  0.58360348109594617        109.53558912740691     
   42.180722639645673       0.22606063656453884        7.0376597499321528E-002  0.57906673950147269        109.20878331856909     
   42.263851238005259       0.22906006898701833        6.9386865986649032E-002  0.57466671411150527        108.90058565943885     
   42.315598463465527       0.23086460845637838        6.8777803565855708E-002  0.57193350486480754        108.71381301458135     
   42.400191214791825       0.23372499203849986        6.7793642710977667E-002  0.56747465124870833        108.41635580862923     
   42.524143292795941       0.23772529965585465        6.6376950336005533E-002  0.56096514741994519        107.99688431482961     
   42.626620315270053       0.24087715057342785        6.5228086595060769E-002  0.55560766811322926        107.66355603111060     
   42.712765811687298       0.24341146881163220        6.4277712601020817E-002  0.55112577696474152        107.39208004892203     
   42.775802382347273       0.24522152679248080        6.3591065698211408E-002  0.54785700614065225        107.19816024526746     
   42.818872836388657       0.24640734830010858        6.3126129245748591E-002  0.54563404991872344        107.06786274247719     
   42.865126311278381       0.24758160938128909        6.2630617495387800E-002  0.54326533945197353        106.93008108808444     
   42.887577315088684       0.24812214948920616        6.2391504793598430E-002  0.54212153909689886        106.86407307624593     
   42.933338433507849       0.24924583839990255        6.1906952432334010E-002  0.53978941276124515        106.73124927807208     
   42.979099551927014       0.25052193478164136        6.1426163259529043E-002  0.53743730063913309        106.60022494542508     
   43.022741856975074       0.25193025482370140        6.0971114448545492E-002  0.53516908676384145        106.47610604807055     
   43.078015419143142       0.25392836612390796        6.0399624251290578E-002  0.53227078743573852        106.31895708132882     
   43.133288981311210       0.25612372530220379        5.9833490706092077E-002  0.52935122652210442        106.16093306604124     
   43.212498649562882       0.25964094627138790        5.9031432543568567E-002  0.52512970763895350        105.93126022499801     
   43.315175341773127       0.26493010793039240        5.8007732891914340E-002  0.51958900313339762        105.62423045628142     
   43.398553364963753       0.26994756370644024        5.7189518815636407E-002  0.51502768733500093        105.36366386955713     
   43.481931388154379       0.27569485024785007        5.6382846176501134E-002  0.51041036316627131        105.08958987948927     
   43.618547120779823       0.28670618795685388        5.5085680184758685E-002  0.50274109516022358        104.60386466983475     
   43.691731394406816       0.29341399480559632        5.4403833094352039E-002  0.49858850932991278        104.32192563470119     
   43.735666646959530       0.29768081516646427        5.4001177956353598E-002  0.49608493422124356        104.14472880814694     
   43.779601899512244       0.30210969966948875        5.3613188187761049E-002  0.49357532948797422        103.96146095072335     
   43.809575307875292       0.30524214993590715        5.3379876483018826E-002  0.49185902644691787        103.83293080279270     
   43.832530868889272       0.30771729472636727        5.3262701256991979E-002  0.49054156637720669        103.73258583516890     
   43.854711039810205       0.31017043746327377        5.3285170148519079E-002  0.48926632137175718        103.63415994770335     
   43.876511435828370       0.31262413915484255        5.3562891906707745E-002  0.48801169814853701        103.53629442598616     
   43.897135483409571       0.31495749974312465        5.4145963366410158E-002  0.48682512525888622        103.44314108156404     
   43.912783675753154       0.31671376786162647        5.4773780939253065E-002  0.48592621718547807        103.37241353314270     
   43.939718455309929       0.31965300485577741        5.6023959885569644E-002  0.48438469298354170        103.25111798595280     
   43.965369772747593       0.32228975754645939        5.7175678469024882E-002  0.48292697769636911        103.13647733395194     
   43.987761356468617       0.32441325801687193        5.8040434054932748E-002  0.48166583019648790        103.03722717328435     
   44.010152940189641       0.32633514171849343        5.8775901549076776E-002  0.48041791254047805        102.93884389492173     
   44.040800557411920       0.32858941727877511        5.9675648842531556E-002  0.47873610247686754        102.80600385894277     
   44.071448174634199       0.33035949170415768        6.0556345466275016E-002  0.47709124807173947        102.67614744104046     
   44.102095791856478       0.33160727895905945        6.1471366690972924E-002  0.47549147667465924        102.55048375095383     
   44.132743409078756       0.33231269107519834        6.2416872507003798E-002  0.47394592950434866        102.43028766862774     
   44.178331732309410       0.33236026670257646        6.3832108332463167E-002  0.47176921728194443        102.26414702450477     
   44.223920055540063       0.33127513769766753        6.5248180152411919E-002  0.46977114826706917        102.11615381068518     
   44.269508378770716       0.32919074877852922        6.6709679634040397E-002  0.46798847609509114        101.98916911485847     
   44.332171897610976       0.32501488879522766        6.8870272693214371E-002  0.46594688761972070        101.85288380270491     
   44.394835416451237       0.31976682589252220        7.1268596750778818E-002  0.46440943881258384        101.76393626624926     
   44.456389368581704       0.31402919273102936        7.3932174736412379E-002  0.46333270331992604        101.72353535440479     
   44.517943320712170       0.30810981463489162        7.6991435286525495E-002  0.46252720121065594        101.72840851234261     
   44.570876253979748       0.30311594668390995        8.0005988951705700E-002  0.46189508415943181        101.76660246323793     
   44.610543044066262       0.29950694839431252        8.2531170317723904E-002  0.46140157693355588        101.81430468506780     
   44.664364495465136       0.29481139268396933        8.6360186820893262E-002  0.46068935148168305        101.90321183148896     
   44.739761962318411       0.28863868497872658        9.2561992506413796E-002  0.45959627576514150        102.07087337306804     
   44.815159429171686       0.28299899457143474        9.9763615555280030E-002  0.45835355710979470        102.28411753531626     
   44.890556896024961       0.27793949798124401       0.10790665627404997       0.45693928994588889        102.53788472123179     
   44.965954362878236       0.27348370622430535       0.11685775595543763       0.45535136556038902        102.82706897716803     
   45.066033899539526       0.26850470937619031       0.12968666668415635       0.45299409501026361        103.25650625968041     
   45.166113436200817       0.26453544448610317       0.14322117693299349       0.45039824719112109        103.72633830825160     
   45.258487839402008       0.26171109124479275       0.15604907151551414       0.44782799335165047        104.18527720346798     
   45.350862242603199       0.25968979686811416       0.16900520536622776       0.44510490989980173        104.65908181808497     
   45.443236645804390       0.25848810174355363       0.18196575641540297       0.44223759103986082        105.13914511996238     
   45.560513454295581       0.25820745656225952       0.19830877507550440       0.43839614467248089        105.74522443869169     
   45.642481480899200       0.25890620619480537       0.20961178165530781       0.43557902147867777        106.15920988856284     
   45.712563550234485       0.26016024455198572       0.21918061273583569       0.43308175179997871        106.50268632830289     
   45.775684122385130       0.26192135044681392       0.22771669562747407       0.43075313151258349        106.80097690662809     
   45.861354618182389       0.26545719258336975       0.23916958997217638       0.42746401135738282        107.18407528664055     
   45.947025113979649       0.27044446055225196       0.25046193185126137       0.42403662114421603        107.53570512458306     
   46.032395953302967       0.27688161775157916       0.26154784844538315       0.42050688367422506        107.84835368029822     
   46.114153289168542       0.28430518824023127       0.27200182369627168       0.41704731948491269        108.10777723935981     
   46.184926304246503       0.29152015107071999       0.28091739196338955       0.41401367691880037        108.29880656665460     
   46.255699319324464       0.29929603867986010       0.28970319718183146       0.41095963124948970        108.45847393604808     
   46.350427408793458       0.31043933984097116       0.30124848589565828       0.40685342023377785        108.62407859096740     
   46.494250354770664       0.32868718183551693       0.31826491595233303       0.40060430644782424        108.77467540028663     
   46.615074072134632       0.34485088286091597       0.33201161517148225       0.39536803985552393        108.81372496239996     
   46.735897789498601       0.36128251161155134       0.34514869505310564       0.39017016667480958        108.78148686064287     
   46.835758220846792       0.37475258322380156       0.35543571340447500       0.38591756122079068        108.70799658600635     
   46.909295258157996       0.38453686257575903       0.36260445612410619       0.38281379448964742        108.63010611248721     
   47.028878817196976       0.40012627069646856       0.37334357209792590       0.37781675188164604        108.46481918343504     
   47.148462376235955       0.41520603410224410       0.38265011115832637       0.37287674328943649        108.25539122854444     
   47.264338762172912       0.42921423343284981       0.38995092020105127       0.36813180055234951        108.01198949478911     
   47.368099816016588       0.44117084742650237       0.39480140893015936       0.36390498032396834        107.75990062578400     
   47.466333448902475       0.45196927917362872       0.39779701111901017       0.35991519086516394        107.49030448967250     
   47.564567081788361       0.46227542307272085       0.39923043393802038       0.35593687635094357        107.18917614277335     
   47.662800714674248       0.47209822069249457       0.39920103413543373       0.35197254280419149        106.85559898369686     
   47.761034347560134       0.48144168881668231       0.39789135358422678       0.34802567863818201        106.48978671215730     
   47.906595737921862       0.49440279795653785       0.39408001726534625       0.34221802553955039        105.89224914453602     
   48.052157128283589       0.50628785898264617       0.38868045736146872       0.33647065174567620        105.23813602182800     
   48.159335113598921       0.51425428264587747       0.38404562601921483       0.33228681028285023        104.72898026344059     
   48.266513098914253       0.52126302174917738       0.37906191595759392       0.32815858595836611        104.20550853729530     
   48.373691084229584       0.52711213936267276       0.37388426730099128       0.32409847050458124        103.67782605572282     
   48.480869069544916       0.53172849390480714       0.36865389780606672       0.32011545650729445        103.15631584189074     
   48.588047054860247       0.53515805745856371       0.36349774035921484       0.31621461656006611        102.65043758847622     
   48.695225040175579       0.53755232164368094       0.35853816333429395       0.31239671062956320        102.16786612864867     
   48.793066767684145       0.53905071217293177       0.35429099842677303       0.30897992227901294        101.75226695391638     
   48.890134709835380       0.54007888033713070       0.35044792171990136       0.30565022823950216        101.36590319909774     
   49.011331263900743       0.54084646654919699       0.34631337164512060       0.30157532181760649        100.92214436973433     
   49.144932507708660       0.54112509179117163       0.34278945094171048       0.29718917232708070        100.48579992136099     
   49.250751272764766       0.54098172705292102       0.34088261754460275       0.29379334568555876        100.18180983588867     
   49.340344626753030       0.54063315752618046       0.33990366938016231       0.29097215810430943        99.954483339483417     
   49.429937980741293       0.54008458100954193       0.33945039050757864       0.28820074209992863        99.755314368536645     
   49.541897253566759       0.53911826813919328       0.33943942629947838       0.28480830981715788        99.545716661775231     
   49.653856526392225       0.53785234690724959       0.33975160366097518       0.28149482760163230        99.377596335755797     
   49.774261503515156       0.53618790287972606       0.34007146691949108       0.27801866950907572        99.237889806666416     
   49.873782720911414       0.53458534906882504       0.34008996192709079       0.27521370773744436        99.149256347145567     
   49.970826317993513       0.53282417713640651       0.33978408860764087       0.27253862844804011        99.081487499930390     
   50.107874991925179       0.52998578320804535       0.33876740731341276       0.26886394868802588        99.009774240089499     
   50.244923665856845       0.52668165194853112       0.33709002039428460       0.26531557331110395        98.958909636573438     
   50.381972339788511       0.52278278433764558       0.33483631197261438       0.26190543699152952        98.924123930137526     
   50.519021013720177       0.51806160232779042       0.33213474249010594       0.25865499813989001        98.904913339210736     
   50.643244076081842       0.51298578241733439       0.32942473992543247       0.25586099445901306        98.903312487671684     
   50.767467138443507       0.50719559654680113       0.32658549642840923       0.25321773150826010        98.919653454088930     
   50.891690200805172       0.50083269212402970       0.32372982935626904       0.25072255216806838        98.956172518983607     
   51.010926296120914       0.49440036826187284       0.32107412457276369       0.24845476032051939        99.010991879523402     
   51.119046668091421       0.48845404248493662       0.31881622660882442       0.24649439432783418        99.076875023162629     
   51.252603960552129       0.48104778453517505       0.31632280826656567       0.24419224019512834        99.178330926314558     
   51.439755134708463       0.47069272964442377       0.31356598818203452       0.24117597082315720        99.356154996145264     
   51.626906308864797       0.46056343720574217       0.31184424078293094       0.23838213365034680        99.573719003025005     
   51.796396360215084       0.45176799809743656       0.31121776471169044       0.23601951354534456        99.802467257872578     
   51.945338026411896       0.44441281256597803       0.31132093412741435       0.23406104892977136        100.02521388431587     
   52.152714110344938       0.43476954746364055       0.31224049834670103       0.23150611521591458        100.36256858241485     
   52.412227791727325       0.42367723621628423       0.31410521020372212       0.22857159731921015        100.81402307683128     
   52.607411914275602       0.41604169006970637       0.31560989564785052       0.22654199005779885        101.16144581505267     
   52.774101843563393       0.41000019588057290       0.31676611697296220       0.22491913989395423        101.45465658289284     
   52.940791772851185       0.40436303729852013       0.31772912580534574       0.22339444694771432        101.73875984169605     
   53.081260995098525       0.39987316482899332       0.31836291798032179       0.22218692580359090        101.96828844889238     
   53.207795459371560       0.39596035665608087       0.31877783394282938       0.22116513846428570        102.16622913623860     
   53.334329923644596       0.39203022956408112       0.31903254857156449       0.22022138955290307        102.35612778163276     
   53.460864387917631       0.38796324156213824       0.31911706985255328       0.21937059660849370        102.53958153807150     
   53.617635904367532       0.38266898105679936       0.31897370389476526       0.21845608348793336        102.76090029095107     
   53.774407420817433       0.37713727386338292       0.31854512079030101       0.21769329816087191        102.97826436138017     
   53.931178937267333       0.37150318181059028       0.31782393630550498       0.21706532972931880        103.19242304807352     
   54.086600996796975       0.36587479064055894       0.31681684295441709       0.21656791175758339        103.40079945728202     
   54.335180702559491       0.35685713851266943       0.31460405262842633       0.21602043043071401        103.72340795824603     
   54.534824521157674       0.34969505044931298       0.31230280617506401       0.21578541135912230        103.97021405292620     
   54.646546713953612       0.34574162256285068       0.31081879368329957       0.21572861082040298        104.10246507156647     
   54.858942608652860       0.33834631648460850       0.30762838063433806       0.21576424015778109        104.34080989280454     
   55.071338503352109       0.33118701144279505       0.30398541755673675       0.21597009316070176        104.56026994455246     
   55.229637985842800       0.32609705686753904       0.30100099634745675       0.21621224037219872        104.70987180139551     
   55.326384972484817       0.32311171996453075       0.29907296853163012       0.21639095654458837        104.79469623396240     
   55.556500804666840       0.31638769407807277       0.29420060963936656       0.21690247189427583        104.97466998588247     
   55.865442043754975       0.30822202360607731       0.28711689022395964       0.21775055985105740        105.16570749314077     
   56.163363163059621       0.30135368641993809       0.27982921167221481       0.21869141558740685        105.29324312807088     
   56.461284282364268       0.29539338882680660       0.27222978901812855       0.21972495724132590        105.36616020314972     
   56.611116576798921       0.29269874213585273       0.26833051802067004       0.22027379048229923        105.38366576071991     
   56.734249618419923       0.29060816994204342       0.26510204588574732       0.22073994934403654        105.38927525422709     
   56.782927666133475       0.28979068797424090       0.26382173245911866       0.22093190924650524        105.38952259244464     
   56.912841435875585       0.28755865370035788       0.26039864246558697       0.22148077098131627        105.38590413186347     
   57.072770932184611       0.28462485612697552       0.25618316192854712       0.22224976588073908        105.37627633035409     
   57.227067720140425       0.28158232131382877       0.25212882848446488       0.22309828956040481        105.36592714314310     
   57.381364508096240       0.27842913904213168       0.24810112674831639       0.22403432371202175        105.35747562231698     
   57.535134530053966       0.27534348599510627       0.24412709273245062       0.22501610055953986        105.35136018541350     
   57.641520565204772       0.27328656025478842       0.24140782535818847       0.22571176725757419        105.34784789277751     
   57.861229240092079       0.26926934223684934       0.23590268277050494       0.22717731726984755        105.34048967882420     
   58.043977301339964       0.26616207265051428       0.23151464379195985       0.22841916120372879        105.33315010639740     
   58.226725362587850       0.26322819735237157       0.22743069928420154       0.22968448046690759        105.32538243829890     
   58.396146729272999       0.26059273403579453       0.22407715157472602       0.23089195948519295        105.32055306123844     
   58.565568095958149       0.25797587917950049       0.22136290467372530       0.23214673688513757        105.32294105277961     
   58.728105610792788       0.25546476228171161       0.21965978140817374       0.23339961562254316        105.33847242506191     
   58.890643125627427       0.25296613552128577       0.21923840052813312       0.23469746837573732        105.37522553103823     
   59.053180640462067       0.25051020149987169       0.22058098310381971       0.23603199472027683        105.44348906804206     
   59.215718155296706       0.24810428441559698       0.22420322782057150       0.23740029237467158        105.55579894150249     
   59.353278123122870       0.24610243440687912       0.22937070172200646       0.23858535181024473        105.69577916938752     
   59.468669976589773       0.24444526175270725       0.23529578006574112       0.23959883499676290        105.85151973072959     
   59.584061830056676       0.24280697844816798       0.24264819216634048       0.24063014842941829        106.04656891609366     
   59.699453683523579       0.24118679939370385       0.25131089923352407       0.24167923966292310        106.28353362818457     
   59.839281258237989       0.23924757201955799       0.26329435720412209       0.24297362835656200        106.62789421775258     
   60.013480748753821       0.23686431832514721       0.27993476656758032       0.24462109273588353        107.14111946895970     
   60.187680239269653       0.23449885827298425       0.29778627392600210       0.24631066510564595        107.73759669222039     
   60.343843183107964       0.23236564004763544       0.31432357157064728       0.24786885811963721        108.33109704326098     
   60.500006126946275       0.23018514346272248       0.33103332868847507       0.24948051672666360        108.96855670026038     
   60.624643863233068       0.22835630341834987       0.34434060311648246       0.25082520265931824        109.50198761467179     
   60.749281599519861       0.22638358967163486       0.35753409656731272       0.25224811997276797        110.05282072094695     
   60.903684014031398       0.22372932951740390       0.37363701811476252       0.25413355273719823        110.75440046110634     
   61.058086428542936       0.22092379913508525       0.38940190168653022       0.25613735609165900        111.47161736636752     
   61.140241591166685       0.21942651400162108       0.39763254000937209       0.25723309681032452        111.85732121234912     
   61.217776062121800       0.21805465540012403       0.40529166265514749       0.25826930252316865        112.22259098636523     
   61.279254145893816       0.21707021744504529       0.41128630782352243       0.25906321709361985        112.51216550351270     
   61.389214912520494       0.21576720264221660       0.42182807509575410       0.26033618872881320        113.02627752119886     
   61.482155928430252       0.21530057336938613       0.43055095730958287       0.26120868667614366        113.45196945502008     
   61.575096944340011       0.21550052227815822       0.43909629804166195       0.26187892237549620        113.86419185238296     
   61.668037960249769       0.21633896262879265       0.44745845368286641       0.26236629876870260        114.25856156177781     
   61.760978976159528       0.21766992196066809       0.45563109405220592       0.26271516608573420        114.63217044472941     
   61.850990636852835       0.21917276453431178       0.46335880716378297       0.26298219586885152        114.97352244651259     
   61.939674982041844       0.22060311326649643       0.47078515008893307       0.26323381787974576        115.29170057895232     
   62.010453521550630       0.22166969988505744       0.47657337587370840       0.26343557385520289        115.53436166131658     
   62.124129867027172       0.22323525091177007       0.48560010196048042       0.26376461823185060        115.90602650479543     
   62.273359262226613       0.22498754954548242       0.49691407412167343       0.26421584204549609        116.36550768460870     
   62.500997407432003       0.22696707588384654       0.51288105971136799       0.26496790304835577        117.01692050587229     
   62.728635552637392       0.22803038778283860       0.52707140198003544       0.26584104891246041        117.62017482231752     
   62.906447542352659       0.22800725677245670       0.53673375990679972       0.26668830158596346        118.06391506056069     
   63.055079356234835       0.22734331288080306       0.54373156244632548       0.26755194952543498        118.41916909571110     
   63.198138218383882       0.22616792927876328       0.54944810563762625       0.26853574201022024        118.74838146457637     
   63.333715005132170       0.22458627153721400       0.55387260564390872       0.26962274629927602        119.04832802350796     
   63.426038096129908       0.22319733228873495       0.55630254304136384       0.27047908469158233        119.24564287622881     
   63.539642553992948       0.22110735975945259       0.55862026173591739       0.27169325343742073        119.48097465562086     
   63.677949261487583       0.21805086392133960       0.56041727709491396       0.27342410148214863        119.75645308587666     
   63.815189146371935       0.21462690176390309       0.56107862723355217       0.27538604930376709        120.01660972034433     
   63.952429031256287       0.21107811284613742       0.56063645983049926       0.27749716490607956        120.26010841844160     
   64.087035742348149       0.20782598962302121       0.55916871454566297       0.27954928852738170        120.47670801680260     
   64.220012250221416       0.20521331397925877       0.55677123376936655       0.28137083928072149        120.66040983560993     
   64.333977369374310       0.20361586780182075       0.55402326255528178       0.28269355897744231        120.78660342643349     
   64.447942488527204       0.20263789247243316       0.55069259624199718       0.28379125891355950        120.87849159915797     
   64.561907607680098       0.20218751813284197       0.54683832691245904       0.28470487615587720        120.93286644447075     
   64.667484456176197       0.20205241468627538       0.54285411467394362       0.28545500890989500        120.94931689652807     
   64.773061304672297       0.20196390923094437       0.53852282038726074       0.28618777996932204        120.93533845403927     
   64.877472900137747       0.20183975320068395       0.53394578606883236       0.28692307323967958        120.89510845548848     
   65.116745163724232       0.20135665389630528       0.52260030435394722       0.28867362198750601        120.72232693633752     
   65.319265158724562       0.20068220444963833       0.51236528222367606       0.29025268525681752        120.51015881540037     
   65.435708057745671       0.20017800955410142       0.50633432666952272       0.29120777317142060        120.36890499022871     
   65.510147123449727       0.19978405665371893       0.50245189252898537       0.29184771888331912        120.27323073248789     
   65.633132412428722       0.19891983258693779       0.49603015126357186       0.29299391708677019        120.10920482059547     
   65.725825652643380       0.19805516764797207       0.49121355822994095       0.29395240637543141        119.98342962792815     
   65.861937720577529       0.19646511409395515       0.48423191333119842       0.29551889264228864        119.80026975485275     
   65.998049788511679       0.19460228747102992       0.47742383245034625       0.29724648489477162        119.62352556736631     
   66.120183655774667       0.19287539419880237       0.47151994460587171       0.29886318717167665        119.47264524502461     
   66.240352589794810       0.19127519700467846       0.46594779695121347       0.30044481488796487        119.33131187883494     
   66.358048898342020       0.18983843773108422       0.46075727012743983       0.30196337071047435        119.19908537154129     
   66.550180284571084       0.18779253523741327       0.45293292568569393       0.30435120895055778        118.99549139020002     
   66.742311670800149       0.18613736223537358       0.44597383205531255       0.30659384178443966        118.80652698941250     
   66.897444225144866       0.18509915594273588       0.44096667670303924       0.30827730444262907        118.66421894690943     
   67.022553626422606       0.18453819157432316       0.43727513366011345       0.30951087968083502        118.55503992367798     
   67.147663027700347       0.18430693724667485       0.43383260079374347       0.31059737976312390        118.44861084610045     
   67.320683604792237       0.18459913272556036       0.42935578596629781       0.31183254383422410        118.30061378532017     
   67.493704181884127       0.18559117995851990       0.42503352331308702       0.31276652367299329        118.14445646565426     
   67.656666075109797       0.18713258881261399       0.42093821345452298       0.31338685338571842        117.98354248959510     
   67.819627968335467       0.18932921556097337       0.41668938359818775       0.31373688375622372        117.80293894398264     
   67.982589861561138       0.19216796246576842       0.41220104871010671       0.31382360917595686        117.59664417163825     
   68.145551754786808       0.19551862414832821       0.40742344753941512       0.31368501194636494        117.36067308582992     
   68.303821041404930       0.19908049059852800       0.40248630667640045       0.31338214773426482        117.10229881922645     
   68.462090328023052       0.20290439308551722       0.39725953456059976       0.31292392389187379        116.81598159989611     
   68.620359614641174       0.20692372386109983       0.39176486797918841       0.31232389829562829        116.50295837808277     
   68.778628901259296       0.21098428861647855       0.38603842190951204       0.31161255056398851        116.16589135865530     
   68.890274686418721       0.21374606657716114       0.38188442675078449       0.31106939423462959        115.91622388085275     
   68.972533201962108       0.21567484790138391       0.37877558990104476       0.31065837834856497        115.72757433844188     
   69.151305198885751       0.21955058978172667       0.37191948625536397       0.30973875404713264        115.30881606063292     
   69.329336129317525       0.22301464028920415       0.36502880298921631       0.30878756480420755        114.88629450068662     
   69.459930551128153       0.22533179487596691       0.36001285179669057       0.30806711942384196        114.57658850654555     
   69.665485338782759       0.22865586225057369       0.35242753165678131       0.30689088771305734        114.09575457890347     
   69.870989762289568       0.23160128894604179       0.34561303170792884       0.30567116539236172        113.63218011584091     
   70.066689541357945       0.23396083474364712       0.34025593767306972       0.30450386150287295        113.21900796829706     
   70.219329453768339       0.23546065060899996       0.33702716055690679       0.30361006282244191        112.92474211250735     
   70.371969366178732       0.23665375207094982       0.33466141608346095       0.30274345529504265        112.66127432927274     
   70.483807981164858       0.23733814372009993       0.33340780402549597       0.30213043096144648        112.49000547034143     
   70.633668951648502       0.23800758199194966       0.33216195712955121       0.30134490094353550        112.29006661870029     
   70.823623168632395       0.23840806573247000       0.33084203343920382       0.30043261535771487        112.08227401767893     
   70.951873573972080       0.23837360572960273       0.32985269811117557       0.29988534734038086        111.96695131465219     
   71.066234219220974       0.23813391213176005       0.32882417592138158       0.29945167358875618        111.87814941018877     
   71.180594864469867       0.23770769699323502       0.32770978152884267       0.29907219668924662        111.80073275241048     
   71.331002277373543       0.23689308154294333       0.32632622975890413       0.29865669367006020        111.71509864668376     
   71.481409690277218       0.23582749124868152       0.32537932203535458       0.29833630446249060        111.64914316433949     
   71.631817103180893       0.23450767469858502       0.32527197461011775       0.29812250588347650        111.60750356986669     
   71.782224516084568       0.23293740594985696       0.32634691557111273       0.29802515170706512        111.59754014196135     
   71.900934136476153       0.23154120700447034       0.32814423178981716       0.29803153964232693        111.61720564055773     
   72.019436153352203       0.23003874379448619       0.33077782621208185       0.29810718346305926        111.66444032060332     
   72.121170913756714       0.22868928371542227       0.33363721829543702       0.29822164099314546        111.72832665748278     
   72.253040143272543       0.22690434780942892       0.33795565252330462       0.29842595236513020        111.84297395297122     
   72.384909372788371       0.22511314741371774       0.34264412574249681       0.29868391276500766        111.99043022744014     
   72.540132846299400       0.22298575881187505       0.34813820069828444       0.29906173071791797        112.19803482142856     
   72.673548984523791       0.22113801894022750       0.35245293823028412       0.29945343673287661        112.39690027683915     
   72.795585165062988       0.21944231478237144       0.35585497487032791       0.29986383191850474        112.58749167502506     
   72.917621345602186       0.21776100820785171       0.35865366299640289       0.30031764544869932        112.77975332284032     
   72.991698612344280       0.21675738605674641       0.36002839195586905       0.30061067943189718        112.89478980743358     
   73.045435161628689       0.21604340412318535       0.36089904305783388       0.30082924082088164        112.97663846197511     
   73.119788784667435       0.21508440278419541       0.36199811176653013       0.30113624442458214        113.08717225328529     
   73.194142407706181       0.21416595604362709       0.36297414492702851       0.30144552825248028        113.19418141031926     
   73.285751824400322       0.21309596492836069       0.36400190448686970       0.30182663875912430        113.32052646116060     
   73.348588320980141       0.21240771802834263       0.36458125370537009       0.30208515019628873        113.40329359319638     
   73.399999999999991       0.21187319681279809       0.36497883255656360       0.30229417037363226        113.46839035213314     
