   0.0000000000000000        1.1388724990054584       0.56457467395397654       0.13101086009731960        59.962162017822266     
  0.10000000000000001       0.95442740745828392       0.56443047144839598       0.13024564788790230        52.266676822425083     
  0.20000000000000001       0.83593323089245508       0.56388085033438573       0.12948658063553642        48.198703907002418     
  0.30000000000000004       0.75976899734931536       0.56301137407053070       0.12873245627746549        46.301127889386649     
  0.40000000000000002       0.71073781893696630       0.56181628590437904       0.12798345040012446        45.667541808543881     
  0.50000000000000000       0.67913272212455478       0.56035189142188346       0.12723880458168646        45.739581338568861     
  0.59999999999999998       0.65857528259918019       0.55843123194127320       0.12650151872614895        46.178523341407107     
  0.69999999999999996       0.64502187238817887       0.55589855066124516       0.12577392584079122        46.784333445161394     
  0.79999999999999993       0.63606395212830280       0.55285432799698830       0.12505336996890720        47.440294686469784     
  0.89999999999999991       0.63014174691753300       0.54935655950865192       0.12433753113016052        48.080168092083674     
  0.99999999999999989       0.62623816324728410       0.54547043646794957       0.12362451586376308        48.668832171582430     
   1.0999999999999999       0.62368083663085760       0.54125374517564973       0.12291296179073703        49.190127506073054     
   1.2000000000000000       0.62201888726419552       0.53675975463240622       0.12220201116774973        49.639196377351681     
   1.3000000000000000       0.62094260511241095       0.53203616390760988       0.12149134246406032        50.017772095627016     
   1.4000000000000001       0.62023621210789792       0.52712546792578796       0.12078107946381013        50.331237710666564     
   1.5000000000000002       0.61973205596283876       0.52206517297048594       0.12007211245409347        50.586923108241386     
   1.6000000000000003       0.61933546883691892       0.51688824645123288       0.11936500787157159        50.792822806056989     
   1.7000000000000004       0.61870993937384566       0.51162354803462973       0.11866703771635757        50.958203675975064     
   1.8000000000000005       0.61709911380247795       0.50629627302156888       0.11799984206924014        51.099450510049785     
   1.9000000000000006       0.61395061910094983       0.50092837043068272       0.11738822561225089        51.240884981942060     
   2.0000000000000004       0.60916900002435537       0.49553893165040730       0.11685121467484351        51.406989822378144     
   2.1000000000000005       0.60290508355658490       0.49014454300741395       0.11640321402160000        51.617298442405854     
   2.2000000000000006       0.59548603825046220       0.48475958572564726       0.11605307752665162        51.884115400012767     
   2.3000000000000007       0.58735390814265731       0.47939649822839381       0.11580335622216643        52.211642609400478     
   2.4000000000000008       0.57902942701198779       0.47406600808189969       0.11564932092903743        52.596014121273157     
   2.5000000000000009       0.57108720450216233       0.46877732177997994       0.11557799879693026        53.025741651143299     
   2.6000000000000010       0.56408790241963724       0.46353827881192683       0.11556887704305106        53.482561035088501     
   2.7000000000000011       0.55815984426612753       0.45835549847272117       0.11560719237078705        53.945776746168775     
   2.8000000000000012       0.55311035463065727       0.45323444417067377       0.11568714435733170        54.399780250194091     
   2.9000000000000012       0.54878151693646127       0.44817966838049456       0.11580387922986113        54.834426976736736     
   3.0000000000000013       0.54501601819268020       0.44319467716626437       0.11595425857877355        55.243785245656916     
   3.1000000000000014       0.54167668058103724       0.43828827823663974       0.11615364605800797        55.625265036814028     
   3.2000000000000015       0.53863889070473048       0.43348252140094401       0.11641825502089378        55.978784800161272     
   3.3000000000000016       0.53578853547008698       0.42880970392198287       0.11674831331000814        56.306136776099329     
   3.4000000000000017       0.53301286369424727       0.42431069866331095       0.11714543854016912        56.610549986150474     
   3.5000000000000018       0.53018972182949442       0.42003337555132086       0.11761308951625331        56.896520589973065     
   3.6000000000000019       0.52721126858546974       0.41603117313945603       0.11815587335331025        57.169544116620393     
   3.7000000000000020       0.52379263928214614       0.41236096022460483       0.11878592831924165        57.436870092973948     
   3.8000000000000020       0.51949373883712890       0.40907926873764111       0.11952596663506311        57.710543285057241     
   3.9000000000000021       0.51408495961649125       0.40623594976966138       0.12039870098095060        58.005915447503860     
   4.0000000000000018       0.50759041745002831       0.40386543213611076       0.12142195190670928        58.337005119974087     
   4.1000000000000014       0.50017640816031417       0.40197362366104955       0.12260901026045419        58.713817210097375     
   4.2000000000000011       0.49210443675881749       0.40052896757459749       0.12396780839314067        59.141247146176397     
   4.3000000000000007       0.48370124722484709       0.39946526884125283       0.12549986950747077        59.618760091995370     
   4.4000000000000004       0.47533979372206414       0.39868979380946734       0.12719905921000696        60.140462449515375     
   4.5000000000000000       0.46743024533331679       0.39809433448097459       0.12905017305725952        60.695396964418919     
   4.5999999999999996       0.46039772199596751       0.39756728431122335       0.13102850261088353        61.268047832496578     
   4.6999999999999993       0.45471506117051214       0.39700556280796573       0.13309738565828932        61.838577253522864     
   4.7999999999999989       0.45042614928980240       0.39632555254733276       0.13522944482700003        62.385805299405661     
   4.8999999999999986       0.44714419308854353       0.39547316801593602       0.13741697506043765        62.895808916270767     
   4.9999999999999982       0.44456770398085460       0.39443106273778283       0.13965420921157326        63.362533324069695     
   5.0999999999999979       0.44252427954527912       0.39323643269463515       0.14193354732356689        63.784513218507200     
   5.1999999999999975       0.44092625166816712       0.39198753340510273       0.14424563901691617        64.162521639033045     
   5.2999999999999972       0.43973043437281428       0.39082704184689410       0.14658013096619080        64.498280772631830     
   5.3999999999999968       0.43890971606404555       0.38992953242969375       0.14892663427400127        64.793916482697711     
   5.4999999999999964       0.43843508118319202       0.38949153583591795       0.15127568039613937        65.051825717775174     
   5.5999999999999961       0.43826493461344906       0.38971885504155440       0.15361976228117546        65.274790670784938     
   5.6999999999999957       0.43833487269848476       0.39080170457123614       0.15595414158704429        65.466188831785217     
   5.7999999999999954       0.43860945357652431       0.39287914656379136       0.15827433563019414        65.629861483055137     
   5.8999999999999950       0.43906160612518103       0.39599425678476913       0.16057620248249904        65.769430547356762     
   5.9999999999999947       0.43962557356437726       0.40009581020122470       0.16285823729916266        65.888571247174283     
   6.0999999999999943       0.44020748390551306       0.40505547546604204       0.16512133065186607        65.991358071177785     
   6.1999999999999940       0.44068754405926458       0.41068523341572960       0.16736840461766900        66.082523737298985     
   6.2999999999999936       0.44093871612298724       0.41677938187365521       0.16960455961242851        66.167518201734396     
   6.3999999999999932       0.44083887348057932       0.42314715752666821       0.17183710140888714        66.252446009488864     
   6.4999999999999929       0.44028748096363129       0.42962010049281957       0.17407431076105626        66.343703417009863     
   6.5999999999999925       0.43917683517391609       0.43605412679823946       0.17632675463108946        66.447911892101004     
   6.6999999999999922       0.43747907218552307       0.44232549253169434       0.17860271851546425        66.571096341282512     
   6.7999999999999918       0.43393927356368056       0.44832960841906128       0.18097196577002389        66.725903710720829     
   6.8999999999999915       0.42681754189962740       0.45398857605934889       0.18356692393575749        66.949365024360887     
   6.9999999999999911       0.41565125940886882       0.45924612521715030       0.18650596746230036        67.288565523096437     
   7.0999999999999908       0.40092406704235733       0.46405000970057242       0.18988515970531775        67.781352361377273     
   7.1999999999999904       0.38370355777035636       0.46834888181523221       0.19377019688921643        68.446643011081150     
   7.2999999999999901       0.36538297940243181       0.47209485149941333       0.19818206998017387        69.281039113302896     
   7.3999999999999897       0.34749414341441132       0.47524611030141695       0.20307896353942623        70.259318695594260     
   7.4999999999999893       0.33158717589688858       0.47777007811523597       0.20833929456909542        71.337133938348941     
   7.5999999999999890       0.31919065547036513       0.47964640348355825       0.21375197806684693        72.454381482445768     
   7.6999999999999886       0.31176275209209769       0.48086950380747251       0.21902962102007284        73.538212513127917     
   7.7999999999999883       0.31012174876806387       0.48144990077187544       0.22390095946981145        74.510088343023213     
   7.8999999999999879       0.31417449550819926       0.48141439150569543       0.22819117151406762        75.300141750466778     
   7.9999999999999876       0.32321822173088832       0.48080481364051553       0.23182135273507209        75.857261046237880     
   8.0999999999999872       0.33608711427989146       0.47967583184017010       0.23479355587458517        76.153963708488689     
   8.1999999999999869       0.35125379331642059       0.47809207488930738       0.23716949206397744        76.188442614118713     
   8.2999999999999865       0.36685690809399130       0.47612536207544365       0.23905580907936011        75.985401533776567     
   8.3999999999999861       0.38121233190648585       0.47385170322371495       0.24057054266361916        75.593610383368585     
   8.4999999999999858       0.39422754230998069       0.47134771856322433       0.24176208161618595        75.067872850470366     
   8.5999999999999854       0.40653484529254558       0.46868816724967721       0.24263241758144311        74.445833179572915     
   8.6999999999999851       0.41827183124256267       0.46594507946011882       0.24319791995452530        73.753117354960764     
   8.7999999999999847       0.42938024601211394       0.46318737957206885       0.24348068585736302        73.010373711631459     
   8.8999999999999844       0.43963759283482046       0.46048097318784026       0.24350950023245457        72.236956168347476     
   8.9999999999999840       0.44872622559650260       0.45788888364998021       0.24331852115277880        71.453061743915981     
   9.0999999999999837       0.45625788819960567       0.45547125006478095       0.24294742582117976        70.680822522069462     
   9.1999999999999833       0.46180032884891381       0.45328495251116890       0.24244157456128271        69.944713368716947     
   9.2999999999999829       0.46457115223323636       0.45138267912077756       0.24186678044531174        69.273890623627281     
   9.3999999999999826       0.46394708095931969       0.44981189896940782       0.24129744118968532        68.704569298516574     
   9.4999999999999822       0.46001761347065284       0.44861484258014123       0.24079061956638975        68.270340766221551     
   9.5999999999999819       0.45334080455771081       0.44782810397870099       0.24038487551126309        67.993631276071767     
   9.6999999999999815       0.44477853449504440       0.44748141774897282       0.24009721544959087        67.881994158949780     
   9.7999999999999812       0.43537896474836790       0.44759638967231286       0.23991774661099197        67.927022672470173     
   9.8999999999999808       0.42629474501608589       0.44818540916748417       0.23980185739396540        68.105064391181969     
   9.9999999999999805       0.41874752117724412       0.44925086286486687       0.23966562205929445        68.378586654497965     
   10.099999999999980       0.41386462755621017       0.45078476503604820       0.23939401513105238        68.698333085036950     
   10.199999999999980       0.41210576534332993       0.45276905755430658       0.23888163689123396        69.011048728891097     
   10.299999999999979       0.41332747226265992       0.45517634237774995       0.23805053226570252        69.271408522426142     
   10.399999999999979       0.41719293870333729       0.45797112515874788       0.23684117693786924        69.445800516125260     
   10.499999999999979       0.42320828878381528       0.46111129630010234       0.23521639658841034        69.512894959762590     
   10.599999999999978       0.43077597881206225       0.46454967505278111       0.23316301865246342        69.463391811990519     
   10.699999999999978       0.43924384437664771       0.46823543308698562       0.23069268131360679        69.299095483100643     
   10.799999999999978       0.44785853599895054       0.47211522769566272       0.22784434161846395        69.032201208246150     
   10.899999999999977       0.45638169432036269       0.47613432096980407       0.22465535770033757        68.681273131380138     
   10.999999999999977       0.46511898330161949       0.48023771999424686       0.22114710987941261        68.259737051742391     
   11.099999999999977       0.47417617104965470       0.48437090208875461       0.21734668789283260        67.775062704325663     
   11.199999999999976       0.48338520090240622       0.48848007694282547       0.21328957804252952        67.234076418278761     
   11.299999999999976       0.49241893167691536       0.49251214946686717       0.20901530594763218        66.646273411150474     
   11.399999999999975       0.50084435558268725       0.49641452561218624       0.20456515091450680        66.025302472490466     
   11.499999999999975       0.50816997459250668       0.50013492463443421       0.19998248008427366        65.389425396089720     
   11.599999999999975       0.51384660854284203       0.50362135490521731       0.19531672026100241        64.761557099075901     
   11.699999999999974       0.51746322215010643       0.50682240001795165       0.19061838232613385        64.168223536639829     
   11.799999999999974       0.51908527360899359       0.50968797976302860       0.18592557462972362        63.633903889455226     
   11.899999999999974       0.51902931573173183       0.51217024897396746       0.18126527537397794        63.175068718179141     
   11.999999999999973       0.51759821854478216       0.51422444361850028       0.17665986012431065        62.800567365033999     
   12.099999999999973       0.51511486053951472       0.51581002676100407       0.17212567967122522        62.512884662662543     
   12.199999999999973       0.51190741839343579       0.51689218521478775       0.16767287032788647        62.309112180594354     
   12.299999999999972       0.50830998736936150       0.51744344464096481       0.16330446581882682        62.181840799583689     
   12.399999999999972       0.50465870899398979       0.51744527481681368       0.15901525292578844        62.119899022485939     
   12.499999999999972       0.50127636882475146       0.51688945844130207       0.15479231378950800        62.109015724262775     
   12.599999999999971       0.49827505535753619       0.51577875867151612       0.15062364654828475        62.133936055059465     
   12.699999999999971       0.49559588707459201       0.51412711272860623       0.14650131895801938        62.182160812931983     
   12.799999999999971       0.49318215517814362       0.51195899213647633       0.14241793899586011        62.244354584188763     
   12.899999999999970       0.49097248452356668       0.50930807118312937       0.13836829425817421        62.313790751894075     
   12.999999999999970       0.48890545205657826       0.50621549055267823       0.13435092911228264        62.385937658789594     
   13.099999999999969       0.48691856890219531       0.50272782942159655       0.13036989819223407        62.458094633068264     
   13.199999999999969       0.48494989681214112       0.49889505372832621       0.12643535877079942        62.529089921895100     
   13.299999999999969       0.48293626011992441       0.49476864817244531       0.12256261004101876        62.599046110250228     
   13.399999999999968       0.48085168347840074       0.49040014659030767       0.11876947719654157        62.668909583364631     
   13.499999999999968       0.47870685886988751       0.48584008254376038       0.11507486121378367        62.739636431515486     
   13.599999999999968       0.47650643346223004       0.48113728242523668       0.11149884170694987        62.812015056309349     
   13.699999999999967       0.47424936831821146       0.47633929615794618       0.10806192070990835        62.886799576048936     
   13.799999999999967       0.47192992834281650       0.47149210560045712       0.10478331953948841        62.964813519958291     
   13.899999999999967       0.46954008833714322       0.46664070954728259       0.10168107404883540        63.046932999622150     
   13.999999999999966       0.46706777981134373       0.46182868333084953        9.8771981870838216E-002   63.134187832546807     
   14.099999999999966       0.46450043889180526       0.45709917683360723        9.6072310668032165E-002   63.227688667211815     
   14.199999999999966       0.46181628120492285       0.45249549895521735        9.3597475481986478E-002   63.328751799276390     
   14.299999999999965       0.45900210688782361       0.44806190441599902        9.1361289009761593E-002   63.438754235638356     
   14.399999999999965       0.45574314738920840       0.44384444377182697        8.9389790031214417E-002   63.560981706988372     
   14.499999999999964       0.45159482734947809       0.43989153505718137        8.7720906842641819E-002   63.704957126666571     
   14.599999999999964       0.44639886566052334       0.43625425450189159        8.6386517262221491E-002   63.883175640145247     
   14.699999999999964       0.44020994094397436       0.43298567629019152        8.5410384237334533E-002   64.106650632058802     
   14.799999999999963       0.43321817973454618       0.43013971810624307        8.4807792579817493E-002   64.382574460687607     
   14.899999999999963       0.42569855346422519       0.42777003770359534        8.4585278798012697E-002   64.713365973147916     
   14.999999999999963       0.41797724458611979       0.42592825863174433        8.4739886483374244E-002   65.096504580908217     
   15.099999999999962       0.41041194647601525       0.42466150708770900        8.5258162084700523E-002   65.524780609425150     
   15.199999999999962       0.40337023109679010       0.42400943925165929        8.6115823796109561E-002   65.986804563870066     
   15.299999999999962       0.39724744048435195       0.42400118582238411        8.7275838325594962E-002   66.467418913335493     
   15.399999999999961       0.39221560658218740       0.42465249719529979        8.8703218074252646E-002   66.949396864631410     
   15.499999999999961       0.38813608325120430       0.42596390414620100        9.0378561205026922E-002   67.418685686407684     
   15.599999999999961       0.38482085647941572       0.42791981589774131        9.2289452406891709E-002   67.866460416482525     
   15.699999999999960       0.38210627398925767       0.43048932464209044        9.4426476022935801E-002   68.288035545512969     
   15.799999999999960       0.37983785405455966       0.43362791903863251        9.6783791317919060E-002   68.681911432013692     
   15.899999999999959       0.37786900311088217       0.43728050403977620        9.9358998069004514E-002   69.049027950208995     
   15.999999999999959       0.37605806607639453       0.44138460914363681       0.10215313805967269        69.392238507595863     
   16.099999999999959       0.37426675578379004       0.44587364757317910       0.10517057170734936        69.715901443865704     
   16.199999999999960       0.37236021286906479       0.45067957260964475       0.10841868884282624        70.025543014985828     
   16.299999999999962       0.37020299913394855       0.45573512846704900       0.11190823701917868        70.327687642266525     
   16.399999999999963       0.36768538879363155       0.46097453357163165       0.11565141157270335        70.629489580898777     
   16.499999999999964       0.36475289647715664       0.46633307677871333       0.11965924316422216        70.937985242572694     
   16.599999999999966       0.36139096461924747       0.47174843356586860       0.12394116719044743        71.259350493804760     
   16.699999999999967       0.35760584404589346       0.47716361420236802       0.12850537657154340        71.598594682276669     
   16.799999999999969       0.35342067461599747       0.48252819297362798       0.13335861741022401        71.959569189947629     
   16.899999999999970       0.34887275482232205       0.48780031996490070       0.13850593058959310        72.344898014049804     
   16.999999999999972       0.34401113963852170       0.49294872491638492       0.14395035475975601        72.756003019827986     
   17.099999999999973       0.33889673343735388       0.49795798446711953       0.14969253922534526        73.193223289023194     
   17.199999999999974       0.33360755196143238       0.50283892810652453       0.15572959861611899        73.655759374410778     
   17.299999999999976       0.32818773872213225       0.50763115114214896       0.16205851292497120        74.141885305950424     
   17.399999999999977       0.32237845806884785       0.51239757462922286       0.16870276301952514        74.651701036744015     
   17.499999999999979       0.31594938340364204       0.51721939152837693       0.17569678404197187        75.190165517509044     
   17.599999999999980       0.30903790113367163       0.52218448542092699       0.18304903896781677        75.761957188085916     
   17.699999999999982       0.30197518531714140       0.52737215785232971       0.19074188056205282        76.367298194957186     
   17.799999999999983       0.29520643423350296       0.53283897247537226       0.19872815143873607        77.000390133247734     
   17.899999999999984       0.28923497912593421       0.53860869775728648       0.20692917429862981        77.649121365043058     
   17.999999999999986       0.28458010619276103       0.54466994765394872       0.21523585346267354        78.295537159763768     
   18.099999999999987       0.28204904027482058       0.55098016682361883       0.22348080599203174        78.915454199897326     
   18.199999999999989       0.28438618387650993       0.55747635925338457       0.23125453019582676        79.462720435135168     
   18.299999999999990       0.29446400418213942       0.56408959876662301       0.23810156249886852        79.849882080008982     
   18.399999999999991       0.31319091824391965       0.57076010610348438       0.24381870923106128        79.976963625131404     
   18.499999999999993       0.34010988402000591       0.57743301864063701       0.24839841065551715        79.758862255756284     
   18.599999999999994       0.37377741198262088       0.58408866899246548       0.25194534377039329        79.140896126429766     
   18.699999999999996       0.41042285807956597       0.59059326154790259       0.25467568021734499        78.116702724128501     
   18.799999999999997       0.44746666348767233       0.59651268662376711       0.25675696963709982        76.738463375454728     
   18.899999999999999       0.48631952715311705       0.60018914763100506       0.25820512742476470        75.051706896591142     
   19.000000000000000       0.52718894559542084       0.59747380973944830       0.25905395785898294        73.070411064552616     
   19.100000000000001       0.56743311888632897       0.58905246454407045       0.25940224826281694        70.823732138636217     
   19.200000000000003       0.60319543590620039       0.57944892733268949       0.25937060824903052        68.392033739009378     
   19.300000000000004       0.63003080875566608       0.56987977586901306       0.25909506476391009        65.909316893929187     
   19.400000000000006       0.64370948059169708       0.56046090665199255       0.25872931049042253        63.554425161264852     
   19.500000000000007       0.64494454671401691       0.55119732030453994       0.25836221605592119        61.506362563607418     
   19.600000000000009       0.63726286079147265       0.54208683057466911       0.25801697870265100        59.868621932340460     
   19.700000000000010       0.62398975265149903       0.53312692338469791       0.25769543006217455        58.677599808767155     
   19.800000000000011       0.60847030941867208       0.52431511041828860       0.25736260549702500        57.908931485410463     
   19.900000000000013       0.59257100083557490       0.51564894389614890       0.25698575834101761        57.504291512489502     
   20.000000000000014       0.57733234979884662       0.50712601652059053       0.25653242253061032        57.394463981251008     
   20.100000000000016       0.56324916288953586       0.49874396073485638       0.25597215728769451        57.511400439100079     
   20.200000000000017       0.54975741757520169       0.49050044815014504       0.25530183193141570        57.799100757861169     
   20.300000000000018       0.53577125330433073       0.48239318884321231       0.25454816561364851        58.226526895140665     
   20.400000000000020       0.52071447028850837       0.47441993075602196       0.25373930085538743        58.780911736774662     
   20.500000000000021       0.50440439152528360       0.46657845900273043       0.25290112088596134        59.457335685284256     
   20.600000000000023       0.48693481727878024       0.45886659538125385       0.25205625606285881        60.252313539794486     
   20.700000000000024       0.46858770571989317       0.45128219767112515       0.25122328246237563        61.160074337561142     
   20.800000000000026       0.44977173411041677       0.44382315902979613       0.25041515810718473        62.170624803686223     
   20.900000000000027       0.43097408385296776       0.43648740745387543       0.24963710807004846        63.268966008773319     
   21.000000000000028       0.41272528525137958       0.42927290518712619       0.24888382267481232        64.435074065281171     
   21.100000000000030       0.39550869187609117       0.42217764816334047       0.24814081321809570        65.644593194842855     
   21.200000000000031       0.37932214003641351       0.41519966541915193       0.24742122684956566        66.873469788202527     
   21.300000000000033       0.36387068379302717       0.40833701860236610       0.24678224978003202        68.105379200547631     
   21.400000000000034       0.34896663318088983       0.40158780134553002       0.24629814797219066        69.330741561799442     
   21.500000000000036       0.33447082198374217       0.39495013886535396       0.24605223848569349        70.544408426424312     
   21.600000000000037       0.32028752583450681       0.38842218714829230       0.24612956161454089        71.744156796383677     
   21.700000000000038       0.30634998639036531       0.38200213304738390       0.24661279826226906        72.929648065738149     
   21.800000000000040       0.29261476015988230       0.37568819320560043       0.24758018641115578        74.101658363403374     
   21.900000000000041       0.27905065655524613       0.36947861357125283       0.24911263413513601        75.261621657083595     
   22.000000000000043       0.26565707983174941       0.36337166923834513       0.25129473273241848        76.411191242009650     
   22.100000000000044       0.25231718793553787       0.35736566382583779       0.25423470337741721        77.552649452107673     
   22.200000000000045       0.23882739095567018       0.35145892895660452       0.25807762797171940        78.691055222935589     
   22.300000000000047       0.22516216673505043       0.34564982381504084       0.26297092831977692        79.832908193145883     
   22.400000000000048       0.21147959278419395       0.33993673474364910       0.26904220033315923        80.982746866205460     
   22.500000000000050       0.19801593550932975       0.33431807472878178       0.27639526003154885        82.141559834032023     
   22.600000000000051       0.18503082075794150       0.32879228299538055       0.28510511861146370        83.306618929925634     
   22.700000000000053       0.17277367164609028       0.32335782456572892       0.29520879448856518        84.471983163842438     
   22.800000000000054       0.16145189158473475       0.31801318981601662       0.30670158641692913        85.629383944372947     
   22.900000000000055       0.15126426012158981       0.31275689412417779       0.31951259197224235        86.768842072315607     
   23.000000000000057       0.14211509970893779       0.30758747735689096       0.33362767679837768        87.880770151692644     
   23.100000000000058       0.13367505846043859       0.30250350352668792       0.34916361799345341        88.961435399285534     
   23.200000000000060       0.12579092082296187       0.29750356039795739       0.36621986960057346        90.011979811881346     
   23.300000000000061       0.11848963671777238       0.29258625905093483       0.38481256616082088        91.034268139184775     
   23.400000000000063       0.11187618856251870       0.28775023355511986       0.40486644117767556        92.028636355640785     
   23.500000000000064       0.10608978147875202       0.28299414053104033       0.42620088033452475        92.993064269442655     
   23.600000000000065       0.10127597760023560       0.27831665881122797       0.44852666371652805        93.922998416373389     
   23.700000000000067        9.7600657162386389E-002  0.27371648907859597       0.47143081663850583        94.811264119675371     
   23.800000000000068        9.5123919167947019E-002  0.26919235345784609       0.49449328082114996        95.648649373191247     
   23.900000000000070        9.3604692182032406E-002  0.26474299520310901       0.51753049447935662        96.428015010119012     
   24.000000000000071        9.2735682970669947E-002  0.26036717838494566       0.54050882771037767        97.147974799853344     
   24.100000000000072        9.2330955971797371E-002  0.25606368741391167       0.56338494975808895        97.810861475298978     
   24.200000000000074        9.2257953616815838E-002  0.25183132695385502       0.58612910148514563        98.420853712440334     
   24.300000000000075        9.2423583746467572E-002  0.24766892129938520       0.60871743296021052        98.982950195820564     
   24.400000000000077        9.2761825299381567E-002  0.24357531406156846       0.63112929539849505        99.502357538353834     
   24.500000000000078        9.3213977346985000E-002  0.23954936822842901       0.65335542931486457        99.984236566483759     
   24.600000000000080        9.3821740410579613E-002  0.23558996540992072       0.67532032749014215        100.43297882542566     
   24.700000000000081        9.4684882267873194E-002  0.23169600579523938       0.69688279155814747        100.85045710383835     
   24.800000000000082        9.5819028872217465E-002  0.22786640767225103       0.71794343046722309        101.23692699050291     
   24.900000000000084        9.7160405417565807E-002  0.22410010724121610       0.73846337932985939        101.59280367887068     
   25.000000000000085        9.8590318952573433E-002  0.22039605828119777       0.75846057672896472        101.91981118429987     
   25.100000000000087        9.9953825161776311E-002  0.21675323185060505       0.77800391956185067        102.22158598774674     
   25.200000000000088       0.10105436261273749       0.21317061603783333       0.79722167247516318        102.50410090629839     
   25.300000000000090       0.10178775795783596       0.20964721565849823       0.81621968009023527        102.77515652701977     
   25.400000000000091       0.10221662953778743       0.20618205197465289       0.83500135752212068        103.04146016604915     
   25.500000000000092       0.10243378911166484       0.20277416238585808       0.85352377692415626        103.30707085215893     
   25.600000000000094       0.10250533163619630       0.19942260033765469       0.87173515267054380        103.57397926894824     
   25.700000000000095       0.10248690726361620       0.19612643464831295       0.88957164561176716        103.84273918137065     
   25.800000000000097       0.10242535806209568       0.19288474974116995       0.90696015030433474        104.11281136247658     
   25.900000000000098       0.10236242962298127       0.18969664557114058       0.92382027635833686        104.38284047657611     
   26.000000000000099       0.10233297023857765       0.18656123537635630       0.94006901732536596        104.65089675893044     
   26.100000000000101       0.10235393768639747       0.18347764964980490       0.95562285344009523        104.91473475922210     
   26.200000000000102       0.10243145926122826       0.18044503073048082       0.97039791640968531        105.17209206063863     
   26.300000000000104       0.10256235787396423       0.17746253676923154       0.98431251690085142        105.42085355830054     
   26.400000000000105       0.10273879150971339       0.17452933892409087       0.99729053247041810        105.65911402714781     
   26.500000000000107       0.10294856554562959       0.17164462273535344        1.0092672745661280        105.88526495663119     
   26.600000000000108       0.10318555052180324       0.16880758672437637        1.0201876006586859        106.09795400020056     
   26.700000000000109       0.10346932657725283       0.16601744270067745        1.0299955595707122        106.29581317739191     
   26.800000000000111       0.10381668814656278       0.16327341572256437        1.0386513004258346        106.47721974718304     
   26.900000000000112       0.10421765973869955       0.16057474348885153        1.0461441190126686        106.64073692904053     
   27.000000000000114       0.10464724819724400       0.15792067656911940        1.0524806537461138        106.78547210829593     
   27.100000000000115       0.10507056165105334       0.15531047721453389        1.0576817920844772        106.91115911266016     
   27.200000000000117       0.10544562700128771       0.15274342092470369        1.0617843871406738        107.01831670870625     
   27.300000000000118       0.10574956460525181       0.15021879419229184        1.0648234463968627        107.10797729206865     
   27.400000000000119       0.10598751728800812       0.14773589587006744        1.0668211075930607        107.18118522002506     
   27.500000000000121       0.10617566881381454       0.14529403652126782        1.0677910285064851        107.23866542330170     
   27.600000000000122       0.10633573951672463       0.14289253702710900        1.0677406106561245        107.28079047040951     
   27.700000000000124       0.10649654010726294       0.14053073125613008        1.0666721335319822        107.30742496060898     
   27.800000000000125       0.10670205720201054       0.13820796257596552        1.0645779671890900        107.31805803554474     
   27.900000000000126       0.10725983636546357       0.13592358588457201        1.0612734101576693        107.30963580460633     
   28.000000000000128       0.10853451944774437       0.13367696661995174        1.0564648482625592        107.27294690761263     
   28.100000000000129       0.11062467584370322       0.13146748069997707        1.0499744877915389        107.19634818576262     
   28.200000000000131       0.11345532322567795       0.12929451437206410        1.0417320742474574        107.06987050713688     
   28.300000000000132       0.11681345688760825       0.12715746402094968        1.0317694252806362        106.88755099800171     
   28.400000000000134       0.12042295889560074       0.12505573600957787        1.0201903526677238        106.64863990775103     
   28.500000000000135       0.12421950678034367       0.12298874649802601        1.0070402402401908        106.35567531808924     
   28.600000000000136       0.12827155326125175       0.12095592132318504       0.99230916321985385        106.01017553295884     
   28.700000000000138       0.13256364223450412       0.11895669577549232       0.97602243502988029        105.61306389625209     
   28.800000000000139       0.13703979278636985       0.11699051454878795       0.95822899835779851        105.16577177928481     
   28.900000000000141       0.14159831280420784       0.11505683144027865       0.93900458661319663        104.67087835492255     
   29.000000000000142       0.14617440428547851       0.11315510929918304       0.91842478707951170        104.13215569687667     
   29.100000000000144       0.15077806498597193       0.11128481984156384       0.89654583887170725        103.55319362564570     
   29.200000000000145       0.15540228502785722       0.10944544354596723       0.87342955645278086        102.93699529788415     
   29.300000000000146       0.15999913588043946       0.10763646944693449       0.84915274387049322        102.28667898020213     
   29.400000000000148       0.16449393841447787       0.10585739512595965       0.82380493046137537        101.60600532750721     
   29.500000000000149       0.16880376766302721       0.10410772627981174       0.79748399049416574        100.89958011845529     
   29.600000000000151       0.17292743622054349       0.10238697691053154       0.77027223147010992        100.17220254896351     
   29.700000000000152       0.17689645740595278       0.10069466903635729       0.74224147014597841        99.427572684969107     
   29.800000000000153       0.18068753413646585        9.9030332574896490E-002  0.71347496768318464        98.668936841475386     
   29.900000000000155       0.18424718158358544        9.7393505131634348E-002  0.68406380617147533        97.899809400200411     
   30.000000000000156       0.18749408035215981        9.5783732062507149E-002  0.65410736833689775        97.124416431988266     
   30.100000000000158       0.19036639798712088        9.4200566239185629E-002  0.62370391731920105        96.347689301810078     
   30.200000000000159       0.19287049063068781        9.2643567837712743E-002  0.59293742802711580        95.574365116052149     
   30.300000000000161       0.19506023444243273        9.1112304385120690E-002  0.56187704260607241        94.808026880467125     
   30.400000000000162       0.19700792143220419        8.9606350407181748E-002  0.53058152613087428        94.050865971940652     
   30.500000000000163       0.19880173003814167        8.8125287704805363E-002  0.49909893620446250        93.303570823068640     
   30.600000000000165       0.20052797539549988        8.6668704822959394E-002  0.46747029137902196        92.565496696364590     
   30.700000000000166       0.20218094983315321        8.5236197147467913E-002  0.43574877102342685        91.835551521874237     
   30.800000000000168       0.20373452535416967        8.3827366734427949E-002  0.40399329303991699        91.113526788303076     
   30.900000000000169       0.20524677460285151        8.2441822216632862E-002  0.37225021736508834        90.399130326712850     
   31.000000000000171       0.20683780943940028        8.1079178751025299E-002  0.34056124379080394        89.690851118088929     
   31.100000000000172       0.20862707524159893        7.9739057801360577E-002  0.30897102367918761        88.985772354631692     
   31.200000000000173       0.21103530320319477        7.8421087103734827E-002  0.27746772866741443        88.278018506856910     
   31.300000000000175       0.21472258934123856        7.7124900542854008E-002  0.24597259422033840        87.553606573476273     
   31.400000000000176       0.21997754019436463        7.5850138062976927E-002  0.21444659189451332        86.793272318721293     
   31.500000000000178       0.22662610760829865        7.4596445552661678E-002  0.18292781176840350        85.980731734856761     
   31.600000000000179       0.23419589416493561        7.3363474758710509E-002  0.15151835136701364        85.107940952419938     
   31.700000000000180       0.24197815042353893        7.2150883178276268E-002  0.12037519679944464        84.177938239656157     
   31.800000000000182       0.24967599547831457        7.0958333971784721E-002   8.9624967796844063E-002   83.202260966491011     
   31.900000000000183       0.25737370273881699        6.9785495872705217E-002   5.9346305197681845E-002   82.191073397783185     
   32.000000000000185       0.26500173952088735        6.8632043078346680E-002   2.9628246010472349E-002   81.152812275046898     
   32.100000000000186       0.27238007050080942        6.7497655183342331E-002   5.6989345520175316E-004   80.096634236927201     
   32.200000000000188       0.27923166210980627        6.6382017076313332E-002  -2.7718645041843147E-002   79.033877790799338     
   32.300000000000189       0.28533784887253194        6.5284818844185494E-002  -5.5130255003638329E-002   77.978247908597794     
   32.400000000000190       0.29081779322031109        6.4205755699471442E-002  -8.1592185760145139E-002   76.942105845053419     
   32.500000000000192       0.29583510162554771        6.3144527903988126E-002 -0.10704836443757558        75.932840668966094     
   32.600000000000193       0.30035642384860045        6.2100840657199896E-002 -0.13143365305807878        74.955901879318716     
   32.700000000000195       0.30417522168105277        6.1074404044604888E-002 -0.15466974265509714        74.017863305127392     
   32.800000000000196       0.30725279482663187        6.0064932937058543E-002 -0.17669220734081509        73.126237005048480     
   32.900000000000198       0.30862939614244966        5.9072146919397571E-002 -0.19735209325640407        72.295287850015328     
   33.000000000000199       0.31336956504672003        5.8095770211161579E-002 -0.21701058498875206        71.515417608084348     
   33.100000000000200       0.32436418367201431        5.7135531590448145E-002 -0.23600225317874729        70.691004813044103     
   33.200000000000202       0.33861389638496775        5.6191164318569686E-002 -0.25417230877646280        69.763903047337919     
   33.300000000000203       0.35498192640245613        5.5262406065677450E-002 -0.27145316276889697        68.715402282142506     
   33.400000000000205       0.37271000287087791        5.4348998877513405E-002 -0.28778496733140635        67.544733152065589     
   33.500000000000206       0.38893975510131507        5.3450690106351763E-002 -0.30299670596812678        66.273823789517337     
   33.600000000000207       0.39887899316823733        5.2567259527977632E-002 -0.31677562638593632        64.985919323749812     
   33.700000000000209       0.39985250150058349        5.1699300943403248E-002 -0.32882674636370851        63.808270626428133     
   33.800000000000210       0.39115709432144519        5.0868937813906841E-002 -0.33886271570783960        62.869878141476647     
   33.900000000000212       0.37452100756742540        5.0827917380762609E-002 -0.34665893924897245        62.268692530285101     
   34.000000000000213       0.34757284469303756        5.2685966631245786E-002 -0.35155176230769025        62.084546421653052     
   34.100000000000215       0.31174501045780473        5.4326666645354585E-002 -0.35270230105859901        62.412781394792567     
   34.200000000000216       0.27353510798712433        5.6341309319956540E-002 -0.34971958888449423        63.253278880259529     
   34.300000000000217       0.23697404880936843        5.8541981066936088E-002 -0.34230019641585452        64.529791458955117     
   34.400000000000219       0.20482973167260363        6.0941744372933489E-002 -0.33050884182479717        66.128990794614637     
   34.500000000000220       0.17870797948780548        6.3480781715153603E-002 -0.31491396150627649        67.924909778120423     
   34.600000000000222       0.15928566491014892        6.6111229385648715E-002 -0.29653052839266075        69.795459847851987     
   34.700000000000223       0.14866870566489659        6.8780038876909880E-002 -0.27754466913183345        71.618724064216423     
   34.800000000000225       0.15066558164557312        7.1440869106729102E-002 -0.26072605878364674        73.238008948659129     
   34.900000000000226       0.16828036673281033        7.4057322902484263E-002 -0.24715342036990462        74.465070565599746     
   35.000000000000227       0.20208455371828221        7.6608269336521082E-002 -0.23621136072833171        75.117000527691459     
   35.100000000000229       0.24806909408517014        7.9087123890064975E-002 -0.22666793642572466        75.071341005431535     
   35.200000000000230       0.29802569930986189        8.1492818977942097E-002 -0.21742174620963223        74.330631763658488     
   35.300000000000232       0.34865934474112525        8.3824877949757501E-002 -0.20799476491578325        72.997815882684549     
   35.400000000000233       0.40022134902725542        8.6084026086884285E-002 -0.19823319706112894        71.165586740498156     
   35.500000000000234       0.45044580466074680        8.8271973640824369E-002 -0.18795157924291500        68.927743124213094     
   35.600000000000236       0.49628565433446342        9.0391410148291773E-002 -0.17699145499515914        66.402635902324604     
   35.700000000000237       0.53393726654300133        9.2445976548029218E-002 -0.16520512259135534        63.740415439550219     
   35.800000000000239       0.56224175009234112        9.4441963076486918E-002 -0.15251672395222013        61.107432596118365     
   35.900000000000240       0.58345201741228270        9.6408072902317149E-002 -0.13894945046058255        58.626416834293153     
   36.000000000000242       0.59971941586498134        9.8408265750486210E-002 -0.12454765628928517        56.361512379069033     
   36.100000000000243       0.61229497026385238       0.10053520874924433      -0.10933105850373016        54.340372819054004     
   36.200000000000244       0.62195799058227308       0.10290796099937344       -9.3319084755401210E-002   52.570776521885982     
   36.300000000000246       0.62912400897816034       0.10567091720711956       -7.6534492085641392E-002   51.050458369290887     
   36.400000000000247       0.63415706126579541       0.10899068295863369       -5.9005418852571184E-002   49.772368826371810     
   36.500000000000249       0.63754229178207245       0.11304611109787899       -4.0770511515636300E-002   48.724351022239127     
   36.600000000000250       0.63970488373710577       0.11800566568089674       -2.1882985809922033E-002   47.889465928167844     
   36.700000000000252       0.64094866454338739       0.12399298819981069       -2.4107156215208026E-003   47.248480979768942     
   36.800000000000253       0.64150005334977667       0.13104359339817512        1.7564732896722210E-002   46.781578622104654     
   36.900000000000254       0.64152417958510410       0.13907874766219275        3.7949646818981997E-002   46.469313129028116     
   37.000000000000256       0.64115530204000937       0.14793443944288534        5.8632993400423834E-002   46.293042392971486     
   37.100000000000257       0.64051962830946940       0.15741173169618511        7.9463504322488610E-002   46.234863310848866     
   37.200000000000259       0.63974463996372866       0.16731094625118481       0.10026360917257039        46.277385777455500     
   37.300000000000260       0.63896835304698396       0.17745389896521463       0.12083731608001347        46.403498964248193     
   37.400000000000261       0.63833683772802396       0.18769002697926807       0.14098177482217353        46.596177175181403     
   37.500000000000263       0.63804801173081072       0.19789696744505042       0.16050529520840817        46.838132991114563     
   37.600000000000264       0.63835969910058732       0.20797900312278728       0.17924857492793866        47.110943813973051     
   37.700000000000266       0.63943240123713774       0.21786688490563172       0.19712008443699430        47.395629757665191     
   37.800000000000267       0.64127962731750299       0.22752292689576870       0.21415128098418684        47.675300287586310     
   37.900000000000269       0.64382474819966951       0.23693207099079533       0.23046713933917748        47.936869953850092     
   38.000000000000270       0.64691426452576850       0.24608305807326641       0.24620187699032386        48.171815682978171     
   38.100000000000271       0.65034430483347550       0.25496427683543144       0.26144728102952930        48.376236642455389     
   38.200000000000273       0.65388095333102103       0.26356410467595259       0.27624275524841813        48.550457999092060     
   38.300000000000274       0.65727074359730642       0.27187078444504337       0.29059341738530770        48.698485873942410     
   38.400000000000276       0.66025581378417086       0.27987246068257710       0.30449496782592966        48.827446691830268     
   38.500000000000277       0.66256335861878812       0.28755720760667347       0.31793758958226209        48.947215962939069     
   38.600000000000279       0.66417817926176492       0.29491309733961452       0.33090036657683691        49.068385927819484     
   38.700000000000280       0.66530652851626115       0.30192829421673434       0.34335047096779203        49.197514747896797     
   38.800000000000281       0.66609596417264805       0.30859118436808947       0.35524920715549002        49.337089615665221     
   38.900000000000283       0.66663976961836613       0.31489052445470872       0.36655694983495946        49.487241615480656     
   39.000000000000284       0.66699561939141683       0.32081563963802701       0.37723596979586893        49.646821501247977     
   39.100000000000286       0.66719861022415350       0.32635665438343325       0.38725000184910091        49.814078771193266     
   39.200000000000287       0.66727003471885737       0.33150456549867668       0.39656353394325250        49.987038270651603     
   39.300000000000288       0.66722088154374160       0.33625184188464891       0.40514224494563800        50.163738965328257     
   39.400000000000290       0.66705676961257110       0.34059211069675072       0.41295271845766313        50.342315039014430     
   39.500000000000291       0.66677983343154124       0.34452105745306910       0.41996338950983858        50.521105718635219     
   39.600000000000293       0.66637816246435688       0.34803590608478663       0.42614460646594904        50.698664574934000     
   39.700000000000294       0.66583241046979469       0.35113633930194443       0.43147022735708679        50.874039328207296     
   39.800000000000296       0.66513214372266061       0.35382397028541651       0.43591699240110005        51.046567320596232     
   39.900000000000297       0.66427628661746052       0.35610290680955231       0.43946576395591114        51.215739381129247     
   40.000000000000298       0.66326892818354022       0.35797950082596658       0.44210166278838087        51.381065811169833     
   40.100000000000300       0.66211769546719845       0.35946252978183352       0.44381588472015204        51.542027157256641     
   40.200000000000301       0.66083238802942701       0.36056277339532844       0.44460621547387230        51.698065432296701     
   40.300000000000303       0.65942426433766910       0.36129339382031800       0.44448006467193885        51.848588952597048     
   40.400000000000304       0.65790602740037452       0.36166908117700008       0.44345208867188241        51.992984484425072     
   40.500000000000306       0.65628936549150818       0.36170646759346370       0.44154743682113551        52.130660596591831     
   40.600000000000307       0.65459181244243192       0.36142335960368049       0.43879786850811514        52.261016781798595     
   40.700000000000308       0.65276980742258084       0.36083873807139494       0.43524264933413592        52.383724941830522     
   40.800000000000310       0.65053390063732830       0.35997237906006752       0.43092852258646941        52.501118633013583     
   40.900000000000311       0.64759549942477179       0.35884459014484787       0.42590149102069152        52.620296958920449     
   41.000000000000313       0.64388950034055903       0.35747595047686387       0.42019889488252221        52.749718983422540     
   41.100000000000314       0.63946917201095144       0.35588707345664211       0.41385091141517838        52.896449973891102     
   41.200000000000315       0.63447375023658770       0.35409839958129724       0.40688242821656012        53.064867769080593     
   41.300000000000317       0.62909760238190215       0.35213002153425255       0.39931491703708089        53.256097773696155     
   41.400000000000318       0.62357262143619574       0.35000154370323988       0.39116710446203595        53.467905834559268     
   41.500000000000320       0.61815812726817354       0.34773197606795581       0.38245495211440117        53.694815291064366     
   41.600000000000321       0.61312607295165622       0.34533966094821489       0.37319195627486484        53.928392669116000     
   41.700000000000323       0.60877876122551111       0.34284223063166269       0.36338899200401853        54.157441248764876     
   41.800000000000324       0.60536852027476362       0.34025659352834198       0.35305658135767815        54.368702316566100     
   41.900000000000325       0.60367172439877093       0.33759895312648602       0.34219070886516939        54.544515907777232     
   42.000000000000327       0.60475371865759853       0.33488481257427072       0.33077317097083780        54.654840412946406     
   42.100000000000328       0.60905175055866601       0.33212913942219674       0.31879587160134853        54.663435757657304     
   42.200000000000330       0.61640821377216393       0.32934605168266035       0.30626680828519559        54.539056449241230     
   42.300000000000331       0.62631138745716897       0.32655178701457355       0.29320821396718483        54.261519808850018     
   42.400000000000333       0.63803442803803911       0.32377107955568390       0.27965464070574286        53.824018432146303     
   42.500000000000334       0.65073414232508064       0.32103781625620414       0.26565068272155073        53.233109627474015     
   42.600000000000335       0.66351063257135823       0.31839205163381623       0.25124915262089215        52.507621469129518     
   42.700000000000337       0.67545071481565999       0.31587843419301881       0.23650956417044483        51.676958537085213     
   42.800000000000338       0.68563426881052025       0.31354474939561511       0.22149756485309621        50.779310824713640     
   42.900000000000340       0.69309422508463991       0.31144021750459372       0.20628560075191277        49.860112049152804     
   43.000000000000341       0.69583404761305034       0.30961279963568489       0.19097323391767579        48.978207832656189     
   43.100000000000342       0.69187997264907386       0.30810488866863622       0.17567974352666926        48.215693544894044     
   43.200000000000344       0.68063400211323200       0.30694696858734927       0.16052023203408258        47.658842469683961     
   43.300000000000345       0.66238775388020921       0.30614978521807767       0.14560838640975726        47.380398424371506     
   43.400000000000347       0.63813611316077390       0.30569648384417031       0.13105407760357674        47.430205681404694     
   43.500000000000348       0.60945762241824286       0.30554109935673424       0.11695644513201965        47.829599183958322     
   43.600000000000350       0.57841124287295165       0.30561438702125721       0.10339129493095604        48.568507615182043     
   43.700000000000351       0.54740798419852854       0.30583149486082928        9.0393156453167645E-002   49.604687857726915     
   43.800000000000352       0.51901769288325572       0.30610138247484814        7.7937010266523277E-002   50.865532517059137     
   43.900000000000354       0.49596493712497469       0.30633659005266761        6.5919242911661749E-002   52.251149482508708     
   44.000000000000355       0.48004509870873541       0.30646268169610652        5.4202001072970130E-002   53.642666997976292     
   44.100000000000357       0.47023162140653102       0.30642641070062648        4.2737378390639895E-002   54.936180894651244     
   44.200000000000358       0.46452902060611989       0.30620290643599718        3.1544609819187330E-002   56.074423322702657     
   44.300000000000360       0.46174699370721078       0.30579682228027932        2.0637719011205265E-002   57.033792741035263     
   44.400000000000361       0.46099704043779066       0.30524227688426048        1.0036082935275140E-002   57.810551974569094     
   44.500000000000362       0.46164366133593748       0.30459997775896747       -2.3844757326495387E-004   58.413077923677420     
   44.600000000000364       0.46319163579920219       0.30394883500695685       -1.0160565009231301E-002   58.856836694212575     
   44.700000000000365       0.46523372258391527       0.30338054872401859       -1.9701518890252186E-002   59.161443127733932     
   44.800000000000367       0.46741395846696909       0.30299588549803175       -2.8829013802664932E-002   59.348910987857742     
   44.900000000000368       0.46939674491050060       0.30290149926872029       -3.7506536494330882E-002   59.442731542603404     
   45.000000000000369       0.47091901543001996       0.30320541003452484       -4.5694940907390347E-002   59.467072701815695     
   45.100000000000371       0.47187549509092780       0.30400925918462490       -5.3357209549582271E-002   59.444773579967531     
   45.200000000000372       0.47226924549912963       0.30539663404846890       -6.0459486757590164E-002   59.395403933805454     
   45.300000000000374       0.47214479740195781       0.30741603003977463       -6.6970420273777073E-002   59.334792769954383     
   45.400000000000375       0.47156894140558819       0.31005973708232520       -7.2861555391411675E-002   59.275152795307626     
   45.500000000000377       0.47062672761900864       0.31326725378080333       -7.8107990709857356E-002   59.225368207233714     
   45.600000000000378       0.46942514602671975       0.31694432817375801       -8.2689293969367472E-002   59.191199739677053     
   45.700000000000379       0.46808935267628521       0.32097480302567533       -8.6590079176258467E-002   59.175493947259689     
   45.800000000000381       0.46676147463864331       0.32523328374201332       -8.9800607236778865E-002   59.178404394572297     
   45.900000000000382       0.46559843885638219       0.32959491248811384       -9.2317227058314508E-002   59.197631493251237     
   46.000000000000384       0.46476094149155778       0.33394325541349007       -9.4143035761643762E-002   59.228618661934576     
   46.100000000000385       0.46427611930258000       0.33817643254201163       -9.5282995958108171E-002   59.265883624667566     
   46.200000000000387       0.46407020138481708       0.34221329610225271       -9.5742972853895839E-002   59.305404401803990     
   46.300000000000388       0.46409145480896502       0.34600122136474493       -9.5533752184927628E-002   59.344718265909044     
   46.400000000000389       0.46429998431748065       0.34951998345072005       -9.4670852847490994E-002   59.382395306520465     
   46.500000000000391       0.46465911357790768       0.35277184140082102       -9.3174013473774436E-002   59.417757147763133     
   46.600000000000392       0.46512980449845315       0.35577506156687616       -9.1066239826292764E-002   59.450781100111541     
   46.700000000000394       0.46567248874812689       0.35856424174974827       -8.8372489386431677E-002   59.481987046522299     
   46.800000000000395       0.46624489464537355       0.36118836611910654       -8.5117101281748569E-002   59.512438996546678     
   46.900000000000396       0.46680143454012818       0.36370490682361173       -8.1320967505765521E-002   59.543650658744113     
   47.000000000000398       0.46728934760194063       0.36617659316818679       -7.6997911943714151E-002   59.577663557695168     
   47.100000000000399       0.46766892540553501       0.36866668855216472       -7.2157029371162418E-002   59.616953685540778     
   47.200000000000401       0.46795520487169684       0.37123530701713292       -6.6808915453490020E-002   59.663831692822214     
   47.300000000000402       0.46818551453137142       0.37393488124855317       -6.0966273626285067E-002   59.719718092270760     
   47.400000000000404       0.46837461025947213       0.37680622922841311       -5.4642152641549591E-002   59.785434729584708     
   47.500000000000405       0.46852524797298445       0.37987486498890805       -4.7850220474446717E-002   59.861537877945487     
   47.600000000000406       0.46862840597473149       0.38314645239745382       -4.0604731313466744E-002   59.948516947253978     
   47.700000000000408       0.46866502909339491       0.38660297059502591       -3.2920590812067996E-002   60.046936464815786     
   47.800000000000409       0.46861029242817148       0.39020551635459599       -2.4813451545575065E-002   60.157499478379485     
   47.900000000000411       0.46843702565269102       0.39389713909541824       -1.6300054915135483E-002   60.281062648237238     
   48.000000000000412       0.46812111708082954       0.39760860221248351       -7.3985252768781987E-003   60.418559114692641     
   48.100000000000414       0.46763401080250544       0.40126158139181706        1.8719212809355035E-003   60.570986378317308     
   48.200000000000415       0.46698075657980836       0.40477134919380048        1.1489455978541663E-002   60.739138474565920     
   48.300000000000416       0.46594295047119416       0.40804941559756569        2.1440153842553406E-002   60.924581761098963     
   48.400000000000418       0.46390791318282032       0.41100606329265033        3.1730805529537554E-002   61.135098430947671     
   48.500000000000419       0.46042001948748001       0.41355369854439716        4.2372648046406287E-002   61.385871113705505     
   48.600000000000421       0.45542096286314426       0.41561132894473168        5.3367420598863499E-002   61.692736745117763     
   48.700000000000422       0.44906678615564360       0.41711053198217091        6.4709233823920825E-002   62.067648983626931     
   48.800000000000423       0.44166311446956696       0.41800088201505836        7.6383317658733393E-002   62.516655327173744     
   48.900000000000425       0.43360630750798201       0.41825315589912970        8.8365158486344741E-002   63.039200890861238     
   49.000000000000426       0.42534730607208721       0.41786105196771028       0.10061928695807545        63.628259785527341     
   49.100000000000428       0.41736957458287349       0.41684114520203719       0.11309786226508099        64.270867620410883     
   49.200000000000429       0.41016528040018885       0.41523074808273719       0.12573990477331060        64.948902887739877     
   49.300000000000431       0.40425947411055785       0.41308402285597856       0.13846891414867785        65.639674353187871     
   49.400000000000432       0.39995446632686688       0.41046696622383355       0.15120760142171838        66.317685133908682     
   49.500000000000433       0.39704104115152578       0.40745241122117998       0.16390322261387250        66.961395065731026     
   49.600000000000435       0.39517247268427991       0.40411561129410406       0.17651818523765553        67.558139635459042     
   49.700000000000436       0.39412264762962290       0.40053179014421814       0.18901615354461254        68.101733047639442     
   49.800000000000438       0.39371685040506021       0.39678024441810794       0.20136387771997477        68.590144756518555     
   49.900000000000439       0.39382331472753779       0.39294483776913924       0.21353042561463570        69.024003161879619     
   50.000000000000441       0.39432977504921157       0.38910969820791097       0.22548743334498966        69.405678094753355     
   50.100000000000442       0.39513166899238222       0.38535846846241889       0.23720909653403932        69.738777374566979     
   50.200000000000443       0.39612275239380801       0.38177516322916355       0.24867251975640620        70.027910451052009     
   50.300000000000445       0.39719096277788057       0.37844476965553797       0.25985793176436262        70.278541551331031     
   50.400000000000446       0.39819180800022785       0.37545225060159176       0.27075034480894744        70.497080674413141     
   50.500000000000448       0.39882298928457821       0.37287779698267454       0.28134767379825820        70.692181613290245     
   50.600000000000449       0.39880609953463048       0.37078670099226541       0.29165431331337677        70.875911198434778     
   50.700000000000450       0.39805787768305945       0.36921665667259146       0.30166989325287652        71.060838032249819     
   50.800000000000452       0.39660845578599535       0.36816699219930271       0.31139012358679358        71.257581590490659     
   50.900000000000453       0.39456830004608306       0.36759477790516237       0.32080626746727375        71.473661023790484     
   51.000000000000455       0.39210271659432361       0.36741859794901927       0.32990474332075709        71.712979727746884     
   51.100000000000456       0.38941738332747988       0.36752768525295287       0.33866650413003552        71.975707606579931     
   51.200000000000458       0.38674691791969101       0.36779369411336849       0.34706652041529590        72.258383328903733     
   51.300000000000459       0.38435329268086499       0.36808324858949548       0.35507283568537612        72.554117193396749     
   51.400000000000460       0.38253214085349951       0.36827013382277052       0.36264480961720152        72.852850767739525     
   51.500000000000462       0.38193733370083727       0.36824648454385200       0.36971111544972596        73.139193284437823     
   51.600000000000463       0.38321521422329086       0.36793352495173792       0.37618469490090978        73.389100163378842     
   51.700000000000465       0.38652953820740754       0.36728631837799380       0.38199878209098531        73.576697195538642     
   51.800000000000466       0.39173173150629564       0.36628293063525957       0.38710742678973314        73.680686711367628     
   51.900000000000468       0.39845376035001745       0.36491542537632976       0.39148522985320411        73.687569289221798     
   52.000000000000469       0.40618266127029973       0.36318958078881020       0.39512528329395219        73.592996136801958     
   52.100000000000470       0.41430356620514075       0.36112283355278579       0.39803745809727459        73.402046105334392     
   52.200000000000472       0.42213772630302770       0.35874202581338083       0.40024661816403428        73.128773492078693     
   52.300000000000473       0.42894311236772853       0.35608096943264700       0.40179313720910048        72.795614207691216     
   52.400000000000475       0.43414164037348513       0.35317800457730625       0.40272396791622239        72.431665887759777     
   52.500000000000476       0.43792599609489458       0.35007411736260630       0.40306080937454408        72.064228757704925     
   52.600000000000477       0.44081515906747176       0.34681071452394380       0.40280598993115141        71.708838634136995     
   52.700000000000479       0.44310050401594675       0.34343335265971781       0.40196557886163353        71.372395671824165     
   52.800000000000480       0.44500416293032852       0.34000298912376931       0.40054548410296337        71.056846264841667     
   52.900000000000482       0.44668758889974336       0.33659644931188248       0.39855212211491081        70.761044524960241     
   53.000000000000483       0.44826472634090475       0.33330036177162636       0.39599273634595733        70.482136457480792     
   53.100000000000485       0.44980915495639018       0.33021086686437545       0.39287576734410534        70.216549378839247     
   53.200000000000486       0.45135144871327199       0.32743483986140370       0.38921155794260404        69.960778710306769     
   53.300000000000487       0.45290052428620725       0.32508775818173302       0.38501191688520053        69.711868743424333     
   53.400000000000489       0.45422895788617335       0.32328506157578174       0.38029943895177082        69.468633568220326     
   53.500000000000490       0.45401389065492481       0.32211985720688696       0.37515096333805714        69.241582908752818     
   53.600000000000492       0.45090947072775567       0.32165866530494081       0.36967334081034231        69.062925633902665     
   53.700000000000493       0.44461694758631393       0.32194394857039416       0.36395408643365429        68.971035785176042     
   53.800000000000495       0.43540144794768837       0.32296155765997331       0.35806716139326450        68.997396204705268     
   53.900000000000496       0.42391808025418437       0.32462869654477455       0.35206906231434532        69.160674309072988     
   54.000000000000497       0.41106565702544479       0.32681352148048726       0.34599366428603623        69.464142767626655     
   54.100000000000499       0.39788991597928836       0.32935898680951314       0.33984511882260521        69.895497035676186     
   54.200000000000500       0.38551697715344424       0.33210694343564012       0.33359045431018858        70.427895134765947     
   54.300000000000502       0.37510946517027766       0.33491927612043360       0.32715411744265926        71.021600911386898     
   54.400000000000503       0.36784995905031975       0.33769519052571506       0.32041754743004491        71.625768205758646     
   54.500000000000504       0.36455893241083032       0.34038907692965975       0.31325428206896405        72.182480142743785     
   54.600000000000506       0.36539598357755565       0.34299198590744046       0.30557532445553603        72.636776255910661     
   54.700000000000507       0.37003477798364470       0.34549886377695543       0.29733788177391773        72.945078195692375     
   54.800000000000509       0.37782870459700846       0.34790517632640866       0.28854177810972331        73.079249917518538     
   54.900000000000510       0.38790543222972940       0.35020695500291155       0.27922269080781914        73.027904101649128     
   55.000000000000512       0.39922156416600951       0.35240077852061935       0.26944503247732754        72.796458697703514     
   55.100000000000513       0.41062582668557140       0.35448377144388210       0.25929452555261157        72.406250899554649     
   55.200000000000514       0.42088703142957373       0.35645359657077469       0.24887446640500363        71.893342646437219     
   55.300000000000516       0.42970888075638353       0.35830845082249657       0.23825797843868884        71.300586196314654     
   55.400000000000517       0.43756097933919913       0.36004705964989836       0.22747922190511752        70.659708967939224     
   55.500000000000519       0.44470002820018772       0.36166866756396471       0.21657214465134550        69.991222572753273     
   55.600000000000520       0.45122458443697150       0.36317303462611156       0.20557289274942911        69.309442672278863     
   55.700000000000522       0.45712461016204520       0.36456042349629098       0.19452014033048776        68.625633928917040     
   55.800000000000523       0.46232177557438403       0.36583159421523981       0.18345479404486051        67.949862888211328     
   55.900000000000524       0.46669461892619341       0.36698779020694394       0.17241990409295191        67.292046941989767     
   56.000000000000526       0.47009138213085794       0.36803073388424762       0.16146083562087230        66.662540965985727     
   56.100000000000527       0.47239044921501289       0.36896259686317834       0.15062341436341817        66.072193518761409     
   56.200000000000529       0.47375408902213839       0.36978600419980534       0.13994306391687239        65.529965395462085     
   56.300000000000530       0.47447316936867751       0.37050401148725043       0.12944607622399845        65.039208570729500     
   56.400000000000531       0.47472516792201774       0.37112008890601939       0.11915847876616321        64.599314330809520     
   56.500000000000533       0.47463418954840536       0.37163810957350973       0.10910372931188214        64.207615070564501     
   56.600000000000534       0.47428430031859181       0.37206232558382674        9.9300751547128779E-002   63.860471246773585     
   56.700000000000536       0.47373517979107516       0.37239735271331359        8.9763874477828312E-002   63.553884415314023     
   56.800000000000537       0.47303000047813853       0.37264817720707105        8.0503399100631881E-002   63.283873655300951     
   56.900000000000539       0.47220269256788056       0.37282008904234076        7.1526712142059107E-002   63.046620585520046     
   57.000000000000540       0.47127978376745228       0.37291872812954580        6.2838708738203838E-002   62.838597367669728     
   57.100000000000541       0.47027347607281944       0.37295002296226143        5.4443687948252904E-002   62.656583517833809     
   57.200000000000543       0.46908055162528206       0.37292020278459981        4.6351332789829398E-002   62.498563840999651     
   57.300000000000544       0.46756454611153575       0.37283577797245793        3.8577312502824007E-002   62.365046235384128     
   57.400000000000546       0.46567539273536668       0.37270353361821723        3.1140223085487920E-002   62.257879593146463     
   57.500000000000547       0.46341373403666469       0.37253051728917602        2.4063211423688065E-002   62.178978173544941     
   57.600000000000549       0.46081449085668141       0.37232424781260126        1.7372872568913119E-002   62.129702857111127     
   57.700000000000550       0.45793529736247091       0.37209429238515618        1.1097330549824220E-002   62.110565429784273     
   57.800000000000551       0.45484932420626717       0.37185330996124005        5.2640472699716882E-003   62.121066343254071     
   57.900000000000553       0.45163847509722532       0.37161595873055575       -1.0200619818437600E-004   62.159724189294508     
   58.000000000000554       0.44838988619608355       0.37139805117579505       -4.9798692345456239E-003   62.224140988915487     
   58.100000000000556       0.44519195884081320       0.37121577316024840       -9.3534238399214237E-003   62.311128373748481     
   58.200000000000557       0.44213781768090576       0.37108470700306340       -1.3213372604658569E-002   62.416715834292496     
   58.300000000000558       0.43928779771787430       0.37101914087388188       -1.6554507754344621E-002   62.536497483606311     
   58.400000000000560       0.43660187999227434       0.37103110895696229       -1.9370248718858674E-002   62.666716671235854     
   58.500000000000561       0.43401291254423369       0.37112951553378015       -2.1653123085940154E-002   62.805349919693413     
   58.600000000000563       0.43149489553037068       0.37131897619842347       -2.3398140287699418E-002   62.951427718654188     
   58.700000000000564       0.42903759839830446       0.37159753601569456       -2.4602258819111714E-002   63.104432538198061     
   58.800000000000566       0.42664254006829888       0.37195296650152887       -2.5264868639331545E-002   63.263988744903912     
   58.900000000000567       0.42431759416652026       0.37236518043583400       -2.5387444579700814E-002   63.429693210905029     
   59.000000000000568       0.42207647461532849       0.37280631121733260       -2.4974125337722190E-002   63.600995234076926     
   59.100000000000570       0.41993721947913504       0.37324316583506884       -2.4031632691545953E-002   63.777140701960008     
   59.200000000000571       0.41792132466050808       0.37363868260449212       -2.2569142203582533E-002   63.957140474271704     
   59.300000000000573       0.41605333969600622       0.37395370130305344       -2.0597980249823629E-002   64.139729678483974     
   59.400000000000574       0.41434265319132224       0.37414864289302180       -1.8130277881410726E-002   64.323473517636643     
   59.500000000000576       0.41277189782037904       0.37418578513489786       -1.5178133317961261E-002   64.507229460458817     
   59.600000000000577       0.41131626542131783       0.37403037248900661       -1.1753762959511142E-002   64.690253052058608     
   59.700000000000578       0.40994713686458967       0.37365308830256999       -7.8694358131313636E-003   64.872282087912154     
   59.800000000000580       0.40863499242494816       0.37303192816131431       -3.5373165474560792E-003   65.053466280713337     
   59.900000000000581       0.40735027009975572       0.37215256066354430        1.2306466567089469E-003   65.234294115669130     
   60.000000000000583       0.40606338376951218       0.37100892985727341        6.4229058353450323E-003   65.415582661641054     
   60.100000000000584       0.40474479011970987       0.36960144166129344        1.2028335760137104E-002   65.598382511005838     
   60.200000000000585       0.40336503923891825       0.36793793200921027        1.8036218858067138E-002   65.784001440520640     
   60.300000000000587       0.40189486024443211       0.36603103237633161        2.4435928900711879E-002   65.973907778809362     
   60.400000000000588       0.40030492029904408       0.36389896387086895        3.1216773463967472E-002   66.169762391095787     
   60.500000000000590       0.39856443598563307       0.36156311182042727        3.8368018267255548E-002   66.373365938375017     
   60.600000000000591       0.39665476302591485       0.35904818712264980        4.5877839064332050E-002   66.586582038444618     
   60.700000000000593       0.39457231678106014       0.35638077607807295        5.3732850939073130E-002   66.811100716362461     
   60.800000000000594       0.39232434199492033       0.35358891380125346        6.1918010019761952E-002   67.048286262942810     
   60.900000000000595       0.38992547464287114       0.35070184122491643        7.0416414055616536E-002   67.299028049670127     
   61.000000000000597       0.38739499322607868       0.34775034956787326        7.9209833093920934E-002   67.563856242649038     
   61.100000000000598       0.38475646876409236       0.34476756542326509        8.8278347703446086E-002   67.842800353935942     
   61.200000000000600       0.38203412087538352       0.34178769269216142        9.7601112955601296E-002   68.135565600094083     
   61.300000000000601       0.37925284315967200       0.33884606964181346       0.10715626393446370        68.441482834507354     
   61.400000000000603       0.37643313768801873       0.33597894503886394       0.11692148827151531        68.759676553521317     
   61.500000000000604       0.37360567644750509       0.33322380842132115       0.12687289820086037        69.089011226298808     
   61.600000000000605       0.37070095565268690       0.33061966514787999       0.13699221616354340        69.428629174129981     
   61.700000000000607       0.36746572243877329       0.32820726918515236       0.14727651827579363        69.780446428853480     
   61.800000000000608       0.36372125243226355       0.32602912396283856       0.15772607853064149        70.149767143938206     
   61.900000000000610       0.35948224713994303       0.32412903044885938       0.16833294294087117        70.542065359039057     
   62.000000000000611       0.35486320921893105       0.32254977418267555       0.17908214147167809        70.960773921290112     
   62.100000000000612       0.35004379796845508       0.32133057829362044       0.18995089317169322        71.406441590189118     
   62.200000000000614       0.34524170637347973       0.32050537852235322       0.20090805767633396        71.876449538929933     
   62.300000000000615       0.34069684148968443       0.32010063828191659       0.21191351985360204        72.365111677527452     
   62.400000000000617       0.33666141352564533       0.32013301820569129       0.22291773971151649        72.863937390713858     
   62.500000000000618       0.33339466857017552       0.32060716566791597       0.23386151878483186        73.361950964001892     
   62.600000000000620       0.33116216845029739       0.32151409084459276       0.24467617277082959        73.846011087470586     
   62.700000000000621       0.33022800823010223       0.32282999420136366       0.25528475407695594        74.301035986498860     
   62.800000000000622       0.33072422354777908       0.32451612020092097       0.26561476995874889        74.711218030664540     
   62.900000000000624       0.33258854830974527       0.32651999964076334       0.27560924253889174        75.062941025544319     
   63.000000000000625       0.33563488651577411       0.32877988769716732       0.28522641215431016        75.346788235904526     
   63.100000000000627       0.33958894689310781       0.33122931457013405       0.29443937516511348        75.558388892242249     
   63.200000000000628       0.34413863408930179       0.33379890718202565       0.30323318315490072        75.698466165376843     
   63.300000000000630       0.34886304403321527       0.33642140437469509       0.31160972873645898        75.773052550045875     
   63.400000000000006       0.35357316138644035       0.33902393897721161       0.31956446808741573        75.791600634073930     
