   0.0000000000000000       0.93054509525031037       0.75759399375116576       0.16771832343143811        71.344467163085938     
   1.0000000000000000E-004  0.93050909092705025       0.75759399375101499       0.16771672862162096        71.340294606282768     
   9.0000000000000008E-004  0.93022115400119065       0.75759399364152447       0.16770397014428862        71.306961215659527     
   7.3000000000000001E-003  0.92792389279044551       0.75759393633751548       0.16760190295365493        71.043289551502724     
   5.8500000000000003E-002  0.90993706486852999       0.75756881963195755       0.16678563898670590        69.117370135638623     
  0.10970000000000001       0.89262324096211754       0.75745644526425993       0.16597033240899256        67.491761109886326     
  0.16090000000000002       0.87595590450985794       0.75724380727676399       0.16515611256684576        66.132914887002812     
  0.22314683236602384       0.85652788370919553       0.75685249602297378       0.16416769060581468        64.796949219404993     
  0.28539366473204764       0.83797457276925846       0.75629002931457490       0.16318119480722071        63.762896587054421     
  0.34764049709807143       0.82025565016125357       0.75552621846919887       0.16219665870347216        62.988654400004293     
  0.40988732946409523       0.80333804965862565       0.75453748669033960       0.16121345111563068        62.437317527083763     
  0.47213416183011903       0.78719586648614270       0.75330035287455910       0.16023024304853101        62.076511688269697     
  0.53438099419614282       0.77180420738776812       0.75179358057476564       0.15924572347589458        61.877827958755617     
  0.59662782656216662       0.75713558558080674       0.75000090239269712       0.15825904375654962        61.816373702068532     
  0.67326682137100902       0.74002630513809442       0.74738496815978939       0.15704045161772978        61.897236194806077     
  0.74990581617985141       0.72391481257030177       0.74431024402990886       0.15581724940952116        62.118357480350788     
  0.82654481098869381       0.70874370501037287       0.74078248188856066       0.15458961852915237        62.450289493150287     
  0.90318380579753621       0.69445350444892517       0.73682175626770241       0.15335838573491303        62.868333169059390     
  0.97982280060637861       0.68098246829643849       0.73246115399758727       0.15212505561126646        63.351896198023852     
   1.0720870144400245       0.66576263170972816       0.72674334850666156       0.15064043374207067        63.997048037094949     
   1.1643512282736705       0.65152184314763939       0.72060109303110287       0.14916110284154319        64.688715131785926     
   1.2566154421073166       0.63813357467917498       0.71414109493096090       0.14769458606491107        65.408508743925225     
   1.3488796559409626       0.62548553332537671       0.70748105760521185       0.14624785352593550        66.142618654203673     
   1.4627867010574729       0.61076579391926145       0.69915906703522857       0.14449601381433591        67.053678492210636     
   1.5766937461739832       0.59693211160154991       0.69092711473948021       0.14278610155610627        67.957253679414919     
   1.6906007912904935       0.58392012462194087       0.68298405044164379       0.14111775008959876        68.843720089005046     
   1.8365945670674177       0.56841302631896307       0.67350533461613182       0.13903105662933818        69.944035369096738     
   1.9825883428443420       0.55426020816804322       0.66506551015812287       0.13698042451945242        70.994039043916558     
   2.1183918862960649       0.54234392002839382       0.65825297825071916       0.13508384801999049        71.917697672431160     
   2.2541954297477877       0.53156210328424858       0.65241639311238986       0.13319073008568974        72.784981324154614     
   2.3899989731995106       0.52181332727772589       0.64739104792566782       0.13129980146497550        73.593296029589865     
   2.5553281294525978       0.51116250865332435       0.64198513562307546       0.12900513721225534        74.497222830444102     
   2.6637800555707045       0.50479384843874842       0.63863588678964189       0.12750939921705695        75.043545683413399     
   2.7438078195713613       0.50036130433965120       0.63619058101830173       0.12641330340473958        75.423995981655438     
   2.8426857076954826       0.49515606449265526       0.63322946965518456       0.12507073768701202        75.868751844396769     
   2.9292085684629670       0.49074791708851445       0.63080169430810495       0.12391813549265419        76.236632151076165     
   2.9999999999999996       0.48709227739643068       0.62904160022612099       0.12301103966432511        76.525019732396117     
   3.0707914315370322       0.48328413529029129       0.62759176647001369       0.12216600416879639        76.804935108952790     
   3.1828749608017217       0.47681266400847411       0.62617173707754714       0.12100811797922859        77.238564659597699     
   3.2812230179430104       0.47063616471227082       0.62602695842147249       0.12019412568943712        77.618008266195659     
   3.3755908210693644       0.46431872703470822       0.62695207507026829       0.11959638495569495        77.988119401233192     
   3.4678552489628545       0.45789425577742793       0.62881231637003765       0.11917550429971500        78.359739810616219     
   3.5601196768563446       0.45140979837199241       0.63147770126754765       0.11889024488404673        78.742356491119764     
   3.6523841047498347       0.44512152368987407       0.63479473222429272       0.11869486020236453        79.134373343526335     
   3.7446485326433248       0.43929975165653895       0.63861052342293867       0.11853466832748800        79.531034844149204     
   3.8244705977929736       0.43471843595131665       0.64219559302658480       0.11840466039001335        79.873089703100703     
   3.9540008305845187       0.42821679965549342       0.64834447564388031       0.11819289744542917        80.415684509921363     
   4.0835310633760642       0.42286763164916891       0.65466942637472769       0.11796521914315278        80.930752865479732     
   4.2130612961676093       0.41862614795108100       0.66098892826642952       0.11771329237342718        81.407382973639145     
   4.3425915289591543       0.41541790256548439       0.66718575915206924       0.11743483187624010        81.837875777226344     
   4.4317054670172578       0.41376476382053851       0.67134030350444074       0.11722831864593797        82.104744331714954     
   4.4870768239205674       0.41301158054080694       0.67387182411546542       0.11708432332233588        82.257791362080070     
   4.5802554825099682       0.41235896189498233       0.67804125558783757       0.11679009768437948        82.490973984872582     
   4.6507761563165735       0.41245826771019772       0.68111749521410492       0.11651041967519067        82.644659911978565     
   4.7510388807360648       0.41352307214193312       0.68536660036277197       0.11602022031500719        82.824675938401342     
   4.8513016051555562       0.41561272314280623       0.68946055888363200       0.11542814109639508        82.954882256075280     
   4.9515643295750476       0.41854386721030601       0.69338876147189410       0.11475619033351125        83.032514531590778     
   5.0518270539945389       0.42202108634674529       0.69713983997638707       0.11403826030241333        83.058327559917089     
   5.1520897784140303       0.42564793327949518       0.70070172275450515       0.11331844250467539        83.037252699626563     
   5.2523525028335216       0.42897670861056569       0.70406176572164403       0.11264727055645056        82.978727745285056     
   5.3384231221501075       0.43134498872265720       0.70677531003136629       0.11214093698407471        82.908174838669709     
   5.4447516194049328       0.43345028908499705       0.70989659928202675       0.11163431506252296        82.808479797206076     
   5.5510801166597581       0.43455303054540201       0.71274839724576666       0.11128230002194818        82.709223079824810     
   5.6574086139145834       0.43468058958230860       0.71531645427812285       0.11109644540944721        82.623323435982854     
   5.7637371111694087       0.43398874362439288       0.71758827307345396       0.11107128051540674        82.560007770724027     
   5.8625058863583392       0.43285990898874516       0.71942446823264039       0.11116828663848133        82.525516356048897     
   5.9612746615472698       0.43155276496485140       0.72099121757405205       0.11134521151778784        82.514061827506239     
   6.0448189658368312       0.43041823038463117       0.72210449389981757       0.11154138697866144        82.520071941598658     
   6.1612724523156155       0.42881176181827324       0.72333408966100965       0.11187896878180945        82.548377950446550     
   6.3196757201420795       0.42661508556911137       0.72442198242426237       0.11243837319919739        82.616444372313396     
   6.5369667584516780       0.42367877749119137       0.72491151619546157       0.11333691660891933        82.748514794147610     
   6.6426403322698482       0.42232327998560820       0.72478966788951726       0.11380686551738908        82.823112254599337     
   6.7483139060880184       0.42104412704285088       0.72447839277809112       0.11428807684768466        82.901610952816753     
   6.7984480818843025       0.42050312874719620       0.72427564019481006       0.11451382183732269        82.939511095897075     
   6.8983117525536795       0.41969769386342382       0.72378773562400300       0.11493539059640419        83.013884338563201     
   6.9961561088992710       0.41941159524382232       0.72322797576219899       0.11528746022382827        83.080844659076007     
   7.1155950747852055       0.41986196404955090       0.72247890810370896       0.11561351234552183        83.146255258525386     
   7.2288277102520606       0.42110402086050908       0.72174363960890464       0.11581319988886823        83.183713583340989     
   7.3420603457189157       0.42301509676839560       0.72101902630996284       0.11591963363615819        83.191682128421704     
   7.4552929811857709       0.42535762221877998       0.72033000567843930       0.11596028260350652        83.168401268136350     
   7.5685256166526260       0.42778842773999043       0.71968850461400746       0.11597656444775971        83.116544745253933     
   7.6771378662275360       0.42977100874347013       0.71910591854193295       0.11602533422925713        83.047129443911189     
   7.7807832962174652       0.43094967151403318       0.71854733360465028       0.11615956802740215        82.973528153834337     
   7.8844287262073944       0.43120591558954896       0.71793844019649911       0.11642286262298965        82.904881442166456     
   7.9880741561973236       0.43045915221711351       0.71721796242560376       0.11684515227485749        82.852810196741970     
   8.0912626301629818       0.42877490907588134       0.71631613971437036       0.11743670020183665        82.826929526797898     
   8.1944511041286408       0.42632836397947316       0.71514471412243619       0.11819174664751082        82.833091973432957     
   8.2720208295318063       0.42417456004595766       0.71402866895713935       0.11884569577304566        82.860084209517353     
   8.3121019921348243       0.42301019752252261       0.71335643135482218       0.11920483214998136        82.881249271237223     
   8.3521831547378422       0.42185075395028682       0.71261073423360022       0.11957189717738995        82.906975030185137     
   8.3712242312096325       0.42134731650913443       0.71222885433479444       0.11974145729209541        82.920605845477382     
   8.4074190429513092       0.42064165611345505       0.71145060439400087       0.12002837914173002        82.948168934623638     
   8.4436138546929858       0.42055737785948888       0.71059960731453986       0.12022769243060033        82.975758713421627     
   8.4789814483148707       0.42135214449892044       0.70969318898507283       0.12030928530598475        82.999129601877968     
   8.5142155926522296       0.42313452936768908       0.70871236889376821       0.12027801295973599        83.014668887119555     
   8.5494497369895885       0.42589369925203580       0.70764997289607745       0.12014902379109657        83.018346961521075     
   8.5846838813269475       0.42950254560921014       0.70650244833036979       0.11994334702236760        83.006667795234577     
   8.6271091026264983       0.43467532215457722       0.70500331028500518       0.11962502645668525        82.968835022212119     
   8.6816666269425973       0.44201866230427256       0.70287993780863689       0.11915236073815152        82.879533919247777     
   8.7335458266792454       0.44907609948151539       0.70065053846762204       0.11868033544199905        82.753688377332011     
   8.7800873574346490       0.45503376829356856       0.69847273299361268       0.11826607628411677        82.611114166143992     
   8.8260866007344063       0.46035163981388594       0.69615398880759261       0.11788068901485052        82.447989110050884     
   8.8816631254053053       0.46589176683213113       0.69313299596367850       0.11745880651158210        82.229354437977022     
   8.9491225020795131       0.47113984304494905       0.68914982774319178       0.11703205274608222        81.945477391394519     
   9.0076637052406028       0.47423596120427647       0.68542268791165406       0.11676087868286615        81.695139588384379     
   9.0662049084016925       0.47594347342431786       0.68145795565441902       0.11660052432987149        81.452248904573096     
   9.1214946223027589       0.47638468492850961       0.67750987050573541       0.11655711673884915        81.237948069955223     
   9.1767843362038253       0.47589044288198346       0.67337985541141987       0.11661239238449252        81.044210185735878     
   9.2320740501048917       0.47460883563616685       0.66908467210445899       0.11676223754051279        80.874887661756688     
   9.2996128932908828       0.47204674508574002       0.66363922571952960       0.11708278973831163        80.705216943309367     
   9.3899957949967376       0.46694218345259064       0.65606269152036023       0.11778600751899848        80.548870703926568     
   9.4762450297671172       0.46036559036298430       0.64858608329787182       0.11880060893361973        80.481938016544362     
   9.5624942645374968       0.45231413295000883       0.64092915396553929       0.12019513005470606        80.500113632706956     
   9.6487434993078764       0.44304768556550311       0.63314491430020947       0.12199883555704430        80.605078466973680     
   9.7349927340782560       0.43288584218095733       0.62527933699100913       0.12421436855510688        80.795260472072286     
   9.8212419688486357       0.42218849785306711       0.61737151982525007       0.12680626221404548        81.065713825526160     
   9.9074912036190153       0.41133600644897117       0.60945432206376782       0.12969396595340957        81.408248928823625     
   9.9809518290364831       0.40229092987216403       0.60272432097673756       0.13228194226274356        81.748344877624632     
   10.042464200642890       0.39501594663600581       0.59710938774251610       0.13447598627911675        82.060711136975755     
   10.120482130604129       0.38624801734829578       0.59002627016549469       0.13725929958864858        82.484504353464928     
   10.198500060565369       0.37798268067973656       0.58299736950844816       0.14003755238806845        82.930454549208065     
   10.308524495014401       0.36713509853838328       0.57319626417494041       0.14394542921463674        83.582080484679352     
   10.418548929463434       0.35718770319842041       0.56354578580532544       0.14783482150626795        84.244611781867150     
   10.556220973169131       0.34591655180350273       0.55170900639879150       0.15267145183918121        85.068750911138366     
   10.693893016874828       0.33583341002176831       0.54016002907622562       0.15747442241683648        85.870213239246155     
   10.831565060580525       0.32679864469427611       0.52891147378249159       0.16224849768869831        86.636823515393942     
   10.969237104286222       0.31864335089477236       0.51796309957352060       0.16701123144338048        87.361835194800960     
   11.137590591709865       0.30960980121776888       0.50496315020319438       0.17285628604940714        88.189008099325321     
   11.305944079133507       0.30140422490520552       0.49234839157495458       0.17874163040223329        88.952803782934353     
   11.474297566557150       0.29391827573760609       0.48006211073424909       0.18466248085987974        89.657581987387601     
   11.606440984285875       0.28854069320292591       0.47061168050147861       0.18935497351903333        90.172129695280688     
   11.738584402014601       0.28364063068976358       0.46130720821022320       0.19410074905381219        90.654054809194392     
   11.923537351868383       0.27766574696161872       0.44850374955987088       0.20077483927970829        91.273913415054139     
   12.108490301722165       0.27275020046373022       0.43593955031257153       0.20739036809986414        91.828493877256676     
   12.293443251575948       0.26883193408328349       0.42361039412632490       0.21385595422921252        92.316494967736475     
   12.478396201429730       0.26575906275505901       0.41152228415241576       0.22011427643088916        92.738901315737479     
   12.666603299149573       0.26328985269035204       0.39948064441286479       0.22621900522323893        93.105828791805465     
   12.833456896673884       0.26154151662300562       0.38903479900656429       0.23133636152585793        93.383311782653962     
   13.000310494198194       0.26018377287276456       0.37881433508444717       0.23609354918513237        93.620039765696362     
   13.167164091722505       0.25926094022840812       0.36882743102471321       0.24042600627234073        93.818247569523365     
   13.237569113431221       0.25902433407636860       0.36468522284451527       0.24211322541280758        93.890389777225636     
   13.275715153969974       0.25894234295720486       0.36245905604594530       0.24298866852727841        93.926569247254534     
   13.334056859821089       0.25892731785575229       0.35907920625496809       0.24425728208729192        93.977692205031630     
   13.431275639370357       0.25943318887969558       0.35351505024375068       0.24609939361657912        94.048987018425095     
   13.510026951737235       0.26052644211714987       0.34907126327916249       0.24727953848659734        94.089420126880938     
   13.606532354368388       0.26287228534475438       0.34370491668406250       0.24830365690591943        94.109942462101955     
   13.698929887756476       0.26621759838535664       0.33865101317417562       0.24884885326858133        94.091621728172328     
   13.791327421144564       0.27058023063725123       0.33368203775607841       0.24900033991657011        94.029335406408066     
   13.883442586986295       0.27576301282857429       0.32881614921463526       0.24881263089095099        93.919417884466213     
   13.975557752828026       0.28148955304324513       0.32404235383377566       0.24835262816046391        93.761220932990327     
   14.054442811337092       0.28652145319851147       0.32003166876271599       0.24780174414646788        93.590007924771228     
   14.133327869846157       0.29137705956270588       0.31609737616865508       0.24716037458379067        93.390990141803044     
   14.212212928355223       0.29588120259458922       0.31224559169550448       0.24646220935100391        93.170777868254831     
   14.308867160278469       0.30078202275587368       0.30765031403627940       0.24556049996194393        92.882292460833625     
   14.428195181692089       0.30576297641092021       0.30219318064961948       0.24441664335438609        92.514868839357149     
   14.540089727013591       0.30932219901194391       0.29733563597006435       0.24334231748427562        92.175830479195241     
   14.651984272335092       0.31188207029665904       0.29279083668050970       0.24227493749734205        91.855594060634246     
   14.763878817656593       0.31362082791569434       0.28864458358383638       0.24119882900759934        91.562974385903487     
   14.872062107299771       0.31478107144620665       0.28512711846588695       0.24010912958053052        91.310131510690425     
   14.976128382479299       0.31567287020392543       0.28233625302482934       0.23896533394714495        91.094117837755661     
   15.079410280950745       0.31644292123175816       0.28030690338508002       0.23771807984908738        90.903350308645315     
   15.224495540250762       0.31738139618593725       0.27907937033847802       0.23577180068311526        90.670027876857802     
   15.345380792797521       0.31809129515033396       0.27988166407825182       0.23396951239648914        90.502481754306316     
   15.427640530999589       0.31856603084874519       0.28153841276046798       0.23264494901530275        90.400636292252699     
   15.529707449460233       0.31917664099624582       0.28493958587440149       0.23088596481849702        90.286277052498804     
   15.631774367920876       0.31984493772214068       0.28983442910368312       0.22899335744454666        90.183419937470887     
   15.733841286381519       0.32062748869515073       0.29612225735068026       0.22695643435812715        90.089893878360385     
   15.835908204842163       0.32163162150074509       0.30361371211396904       0.22475328474676817        90.002700422491841     
   15.937975123302806       0.32294917983571714       0.31207146163317467       0.22236576499415781        89.917810778018321     
   16.084665404435611       0.32549171279665445       0.32543611903065195       0.21859533705907358        89.790956502541505     
   16.208613815875164       0.32825892008099361       0.33743146587777972       0.21509958747294411        89.671146619983020     
   16.332562227314718       0.33154343522703178       0.34976558659413565       0.21133766865529363        89.533471504578245     
   16.456510638754271       0.33524682061510780       0.36223788092967618       0.20734109574409879        89.374355244528672     
   16.576621654834039       0.33921244936351264       0.37432793641489931       0.20327110086181463        89.197926644254252     
   16.735670826193331       0.34503056332544935       0.39020840992887168       0.19762979196937147        88.928372362389823     
   16.894719997552624       0.35142463498453053       0.40584156174816866       0.19176807068352858        88.616531309422996     
   17.053769168911916       0.35824930505061348       0.42116572896911858       0.18575695330186470        88.263487276140523     
   17.212818340271209       0.36530586001838466       0.43614905839741575       0.17965639760455474        87.873505707356486     
   17.371867511630501       0.37243785050280787       0.45077635845903397       0.17350375402340362        87.453222316054635     
   17.635012020810986       0.38407177047671426       0.47416792512343442       0.16327311031012987        86.711134121445312     
   17.791491502302815       0.39068437064141648       0.48757376406555308       0.15719317853246281        86.254610208908105     
   17.875985765068418       0.39411563671529970       0.49464038942116267       0.15392018044741532        86.006814008344151     
   18.009061643777912       0.39931725429723169       0.50547882791420962       0.14878674474913600        85.617844913412711     
   18.128930378528988       0.40376712598518355       0.51482761493326801       0.14419615960544896        85.271246325688352     
   18.225957340305886       0.40716646092721770       0.52193142490657518       0.14051445320933093        84.994983191598465     
   18.309317673154027       0.40990770315463321       0.52747683248262600       0.13738398053333944        84.761765709133741     
   18.392678006002168       0.41245208182352422       0.53219474960069379       0.13429109818409235        84.533227234744089     
   18.474006611877456       0.41471555857235409       0.53564848052484626       0.13131698126686794        84.315472310884488     
   18.536856851505760       0.41630177817752795       0.53735260432001730       0.12905221553756005        84.151108891684103     
   18.599707091134064       0.41774264690071639       0.53814469717960944       0.12681922569726112        83.990425022495828     
   18.662557330762368       0.41904729718548789       0.53805172031713011       0.12461881859653480        83.833597741258188     
   18.742642095345129       0.42053563750322909       0.53681476192394784       0.12186237410515745        83.639501898998574     
   18.846246001844847       0.42221633462110020       0.53381369649430555       0.11837564737198440        83.398076809293599     
   18.949849908344564       0.42368275879185935       0.52983362753296803       0.11497854332564020        83.167594859673400     
   19.047076423064713       0.42492283511181711       0.52568628539910589       0.11187213461444143        82.961077205115416     
   19.144302937784861       0.42608275720551564       0.52148215098316719       0.10884488098603924        82.763621631863415     
   19.241529452505009       0.42720505759686400       0.51746619091693524       0.10589741537264091        82.574611455843126     
   19.361233221442685       0.42859455535746593       0.51302773042715244       0.10237862665972873        82.352381827300917     
   19.467502369239842       0.42996602588951210       0.50968347018129434        9.9346432910450672E-002   82.162889636293826     
   19.573771517036999       0.43159448629483366       0.50690915192470787        9.6389148569384617E-002   81.977519352429539     
   19.680040664834156       0.43353530707872229       0.50464916941994298        9.3503252716403848E-002   81.792567618945810     
   19.810865771410949       0.43634367176959094       0.50242839698626363        9.0053354862210611E-002   81.560531705139525     
   19.941690877987742       0.43950334134029145       0.50062002473071776        8.6733063584499115E-002   81.319858423745941     
   20.072515984564536       0.44280127495983590       0.49901900075012778        8.3569215422515858E-002   81.069686370052082     
   20.186469975069258       0.44554956078377400       0.49771457577878653        8.0969441204325143E-002   80.846447887403869     
   20.273209223930980       0.44735558154550825       0.49679662230641425        7.9112971502918350E-002   80.676561123390357     
   20.359948472792702       0.44872968211436243       0.49598803265531072        7.7386055308824142E-002   80.511121673404276     
   20.468355846814209       0.44969521233193943       0.49520599130141840        7.5433700756741773E-002   80.318174949816267     
   20.576763220835716       0.44977131290983857       0.49478033350789047        7.3727910422493534E-002   80.149464802929955     
   20.685170594857222       0.44903079578033089       0.49482972031684724        7.2273039495799649E-002   80.012743555994206     
   20.793577968878729       0.44767645640190085       0.49547450056515535        7.1054920744016009E-002   79.912531605108228     
   20.900620503129758       0.44605474489613373       0.49680380807735691        7.0049628264519992E-002   79.849624348297851     
   21.007663037380787       0.44454802172476110       0.49890738510348559        6.9188449443530420E-002   79.817956650800170     
   21.092801547161642       0.44365383577769912       0.50116209199190975        6.8574426890704671E-002   79.809422791671651     
   21.221096635625202       0.44307726506390899       0.50550792696377866        6.7727225251439593E-002   79.812034959730894     
   21.343624674834246       0.44361260155697002       0.51061209886351699        6.6969818540797005E-002   79.816531653149326     
   21.466152714043290       0.44534795015094808       0.51646903475715267        6.6238103024619258E-002   79.806928631860060     
   21.588680753252333       0.44832318631399654       0.52287613582934955        6.5520513698663532E-002   79.769341646577217     
   21.711208792461377       0.45249268741423671       0.52963406339836416        6.4815631262462453E-002   79.692728468595533     
   21.833736831670421       0.45773625705360099       0.53656274119450220        6.4129892644319522E-002   79.569479440356105     
   21.922043158975299       0.46208462029172948       0.54157183838804257        6.3653770551998154E-002   79.449358599700602     
   22.002962954990178       0.46640347340466504       0.54611946863148653        6.3236621377164542E-002   79.315945494198530     
   22.053677840047566       0.46929532791186024       0.54892939639600136        6.2982034364687980E-002   79.220995418037617     
   22.137480600944382       0.47448133339748100       0.55347132247396347        6.2564117155070029E-002   79.044226770137712     
   22.221283361841198       0.48019839988863994       0.55784149044915354        6.2146848072743711E-002   78.841177055017837     
   22.305086122738015       0.48634560731337906       0.56198098395523888        6.1736919038047101E-002   78.610711661517058     
   22.388888883634831       0.49270553749784124       0.56582096750405242        6.1349178832964833E-002   78.353521628124199     
   22.472691644531647       0.49895167376531441       0.56928009013230629        6.1005996416299134E-002   78.072991874667252     
   22.556494405428463       0.50471735229634840       0.57226323738324325        6.0733290663131531E-002   77.775660281307665     
   22.640297166325279       0.50970443914988728       0.57466259585121404        6.0554081008058772E-002   77.470492605209898     
   22.724099927222095       0.51370752180097312       0.57636191009756876        6.0487339591975602E-002   77.167604494156294     
   22.825006824773777       0.51705020769015830       0.57731600381209547        6.0578205728696016E-002   76.820306774573382     
   22.920637329345286       0.51868059603121353       0.57697422921804942        6.0853267073531565E-002   76.522502586815406     
   23.012152695117862       0.51893351518080821       0.57543083046830923        6.1293867599756906E-002   76.276410112899498     
   23.101200655305433       0.51816932333806087       0.57278545779412660        6.1880486359493066E-002   76.079409275185455     
   23.188432304212750       0.51677818932593622       0.56916780585928894        6.2582160520115518E-002   75.928688382832874     
   23.258893515188095       0.51546567854735648       0.56558497890536097        6.3214772798614788E-002   75.835827852842215     
   23.316199526653797       0.51440924221200091       0.56229422108631655        6.3758094221523981E-002   75.777056227376093     
   23.388093836534356       0.51315011795739951       0.55776206306197817        6.4468973933832593E-002   75.721313821657361     
   23.507090639288165       0.51130140258917167       0.54949342237158438        6.5702489495098590E-002   75.663837751623404     
   23.622601641973919       0.50987094221713480       0.54083756397747396        6.6947509601547384E-002   75.637289949729123     
   23.738112644659672       0.50881305497589624       0.53181638933302722        6.8224387192021993E-002   75.628004767915002     
   23.853623647345426       0.50807190414567005       0.52261115429353666        6.9525951211503012E-002   75.627430396999102     
   23.969134650031179       0.50753148731544484       0.51334629935887965        7.0853163177431386E-002   75.630164503721844     
   24.057556452402864       0.50712912158487777       0.50626691275463342        7.1894144554774025E-002   75.633047964039889     
   24.128866700121794       0.50664395615188240       0.50058552854483129        7.2764989986570591E-002   75.636559729526937     
   24.218452031991283       0.50551887426369546       0.49349960718257646        7.3931878595086126E-002   75.646117104819069     
   24.302592576773190       0.50370235085625437       0.48690829956508835        7.5132732709184302E-002   75.666402836049429     
   24.405116655199887       0.50030043907268873       0.47897350799803540        7.6771033260984015E-002   75.716360837497390     
   24.498422283305803       0.49601885776951915       0.47185382250306634        7.8457466976051118E-002   75.795739992441895     
   24.591727911411720       0.49070095879556536       0.46483828567813518        8.0343885693953732E-002   75.915237601426995     
   24.684641039933886       0.48460126035129458       0.45796159608935627        8.2413640290997708E-002   76.078458852443603     
   24.777554168456053       0.47804446353799401       0.45119925447972026        8.4640096699180989E-002   76.286104305820288     
   24.865623503360521       0.47182661723239244       0.44489957866997937        8.6835041593341558E-002   76.519931347404409     
   24.953692838264988       0.46604689820653827       0.43871144169440623        8.9037216480794393E-002   76.781606658603309     
   25.041762173169456       0.46104191682191459       0.43263925865817532        9.1184476779202425E-002   77.059975144503824     
   25.129831508073924       0.45702830884118700       0.42668808588338480        9.3235856434314812E-002   77.342597929198249     
   25.217900842978391       0.45411948957747311       0.42086417864288372        9.5170045487956184E-002   77.617219934760683     
   25.305970177882859       0.45233261956007637       0.41517535235116254        9.6982361946253245E-002   77.872852133751266     
   25.394039512787327       0.45159424620626415       0.40963137212189576        9.8681050929062417E-002   78.100618425895107     
   25.482108847691794       0.45174954086876212       0.40424444528061337       0.10028348559489199        78.294370586431583     
   25.570178182596262       0.45256828955130812       0.39902979626399354       0.10181380109800411        78.451109205279408     
   25.650899659189978       0.45365471635105170       0.39441761414205562       0.10317764416663942        78.562542857665548     
   25.721847998672263       0.45464499524701579       0.39051047413806506       0.10436855469070540        78.637299876260059     
   25.792796338154549       0.45539290794838211       0.38675554382761884       0.10558118134488263        78.694413353326553     
   25.863744677636834       0.45565287960974465       0.38316976219380278       0.10684405989501412        78.739701361076413     
   25.951982600832693       0.45502918477316617       0.37897617839351061       0.10852258982306530        78.790123640490705     
   26.040220524028552       0.45316548991849254       0.37511945917558781       0.11035994121605275        78.847350853206478     
   26.127898452849102       0.45002628742488554       0.37167244089522222       0.11237572068755873        78.924326983260443     
   26.214840635920975       0.44573257358526031       0.36869130856773019       0.11457952543676043        79.031385144404581     
   26.300553343265019       0.44056559984828231       0.36624016002897469       0.11694711123594301        79.174188463275399     
   26.386266050609063       0.43479643513638444       0.36433846002462394       0.11947432208301255        79.357163158502487     
   26.458797909639806       0.42977525959721752       0.36320722733610111       0.12168259147527813        79.542418711200099     
   26.531329768670549       0.42493561207379621       0.36255488136444280       0.12389180029571160        79.751703178775301     
   26.603861627701292       0.42047080529223801       0.36241579013831499       0.12605803125758747        79.979470396720586     
   26.676393486732035       0.41647429974534284       0.36281799739864995       0.12815749804792229        80.219608383259313     
   26.779730843532107       0.41166754939143746       0.36436205253658943       0.13100944905092970        80.571641771408068     
   26.872164019103842       0.40828164775425529       0.36672178987110460       0.13340841885025212        80.885368597083996     
   26.964597194675576       0.40571495704045374       0.36998584555922553       0.13566535100052571        81.188734972256043     
   27.057030370247311       0.40385876408875637       0.37410407079774727       0.13779392373185334        81.475249858841877     
   27.149463545819046       0.40254102496809452       0.37900114383853589       0.13981790835382771        81.741098640961212     
   27.263640606224051       0.40132240444475287       0.38598634978294427       0.14222021686419412        82.039879129757381     
   27.371262111735199       0.40028631348163773       0.39335621028543871       0.14442599257701449        82.294770119719161     
   27.478883617246346       0.39920154762852927       0.40132522842386897       0.14659261467752371        82.529148359174101     
   27.586505122757494       0.39799144352470528       0.40974602563703477       0.14872534780504001        82.748611611472555     
   27.694126628268641       0.39664896061319649       0.41849038635597596       0.15081855531080079        82.958056393757246     
   27.824110096870143       0.39493502489718196       0.42933229062883904       0.15327130781011805        83.202449713843706     
   27.946529603438933       0.39340978078780708       0.43969966766483087       0.15546869608881975        83.425798174333806     
   28.068949110007722       0.39213677647064887       0.45012300856474774       0.15752621153717553        83.640929206233622     
   28.191368616576511       0.39112715820851629       0.46053305898279068       0.15944403165864920        83.845260975758052     
   28.377153286716382       0.39005319966352714       0.47619709719942627       0.16210665144945513        84.130717909726428     
   28.562937956856253       0.38942889496031846       0.49159929943875846       0.16450393810635350        84.383823920191517     
   28.722465723369258       0.38910519517562192       0.50456157504034949       0.16638367235295318        84.575812381532458     
   28.809661095795001       0.38890108339010837       0.51153298297507654       0.16735984331842546        84.672309519492757     
   28.932210568980054       0.38847192789968321       0.52118819014631124       0.16868636760894351        84.801049528621363     
   29.054760042165107       0.38783947328807250       0.53067132563331909       0.16996040815209043        84.925491248650076     
   29.148109119017818       0.38723769835943672       0.53777589723739905       0.17088711815199692        85.019528561238999     
   29.241458195870528       0.38656294688719162       0.54477441232894652       0.17176457869817635        85.113822707152195     
   29.298014749525542       0.38612248761214202       0.54896155606350494       0.17226910146842137        85.171354375837055     
   29.333059494476508       0.38589633920544580       0.55153565616329758       0.17256061129087119        85.207048903950792     
   29.400435813805526       0.38580292720713627       0.55643968676843880       0.17303325408469911        85.274145590128427     
   29.467812133134544       0.38657665157556037       0.56128213419280903       0.17332332254201144        85.334311168423909     
   29.521446810887269       0.38810115227367725       0.56509239193133232       0.17338589570398136        85.371421392608909     
   29.575081488639995       0.39055707689597735       0.56886395783688137       0.17329127522524190        85.393280107829213     
   29.628716166392721       0.39396305516926228       0.57258801965519179       0.17304694323140210        85.394724279139169     
   29.682350844145446       0.39825844472116839       0.57623774509547232       0.17266828183784755        85.371284709033290     
   29.748005019519763       0.40454856907919501       0.58051651207092991       0.17204920835750659        85.303877549093627     
   29.794077620707277       0.40949018108967522       0.58326571710844310       0.17153031013347689        85.229304964463722     
   29.834193734206117       0.41403938587604661       0.58530840841511644       0.17103247857606396        85.145652774741691     
   29.872903682450406       0.41855822269702009       0.58670902351000898       0.17051927380920917        85.048569374988432     
   29.911613630694696       0.42311103712875603       0.58719243278110789       0.16998143844271954        84.935888719474690     
   29.941510196651830       0.42658893752062721       0.58672871789071013       0.16955408934854058        84.838669741886065     
   29.965863414668831       0.42936962465951706       0.58577843347778591       0.16920049372878532        84.753273696568854     
   29.996484754319077       0.43278053829708918       0.58395144840246394       0.16875052416069153        84.638504299462468     
   30.036184154030167       0.43704944247577682       0.58085764203789825       0.16815958417027166        84.478511825716453     
   30.075883553741257       0.44114395603322581       0.57733394035680785       0.16756082471507749        84.307349087000588     
   30.114332508162523       0.44493952936112746       0.57375772108848100       0.16697437800196177        84.132459603798353     
   30.152781462583789       0.44856094517711914       0.57013303781435054       0.16638261605943158        83.950072287544572     
   30.206837565001539       0.45334460724868753       0.56503603662328283       0.16554382227826042        83.683676963022478     
   30.277584835928742       0.45903828682833869       0.55841653264130020       0.16443839596525364        83.323025415669207     
   30.381086378088860       0.46614310769358169       0.54886681016850136       0.16281863878789896        82.785546543468215     
   30.513871670901672       0.47297076976300900       0.53685334841683219       0.16076986993578937        82.109365025617791     
   30.593043425068885       0.47571940335097107       0.52981594420123190       0.15958646175173472        81.728307385441127     
   30.652208267884806       0.47712198645667109       0.52461720538213719       0.15872844255195001        81.459930903293369     
   30.752036948718462       0.47836320634700752       0.51596077779908700       0.15733159247393488        81.046100734204302     
   30.851865629552119       0.47843558615226539       0.50744718528863964       0.15599030485431684        80.687208333986518     
   30.951694310385776       0.47759143667536813       0.49907407100908296       0.15469437332370170        80.386065844419676     
   31.079823695824270       0.47549941807092883       0.48852938639405014       0.15308265180832281        80.083102239252511     
   31.207953081262765       0.47260166281680238       0.47820749510787347       0.15151277680289765        79.868033575475920     
   31.336082466701260       0.46917290203507933       0.46810368986255763       0.14996977107328385        79.731261937533873     
   31.471019565214014       0.46520997785173618       0.45769376014244118       0.14836094616201911        79.659683559914640     
   31.571260261854718       0.46209265613785061       0.45011069064165354       0.14717617259061519        79.647272057595444     
   31.750881738866706       0.45616030029897198       0.43683546717743926       0.14508879837841659        79.697270538537012     
   31.930503215878694       0.44980783829130477       0.42395177308964033       0.14306520655080521        79.824100106625465     
   32.149005780241090       0.44157707740459573       0.40879042319549075       0.14071370344585216        80.061771131062642     
   32.333807152121224       0.43415771256902508       0.39639150955460400       0.13885550220704559        80.321503050413369     
   32.469888010576405       0.42817356789438615       0.38750247670399618       0.13763644437694100        80.545332792536570     
   32.605968869031585       0.42163421687539598       0.37881277936667407       0.13661837552281847        80.799518599150176     
   32.742049727486766       0.41456788261146016       0.37031794746726232       0.13586216404015913        81.086768522408960     
   32.878130585941946       0.40710910564959502       0.36201361117129854       0.13539860926615988        81.407992246090004     
   33.014211444397127       0.39946516014718225       0.35389549863734282       0.13522296638260503        81.761071811568215     
   33.112975684391813       0.39388087228945540       0.34811781150757248       0.13527043458951132        82.034725050634535     
   33.297860725139557       0.38342652925379295       0.33755443555505588       0.13575501426100989        82.579368475999587     
   33.482745765887302       0.37305859615059561       0.32731159738551269       0.13675324871856359        83.156934223773760     
   33.717523348648648       0.36011033622143207       0.31475136738130105       0.13875527617399919        83.923225652600351     
   33.952300931409994       0.34749147910196182       0.30267312267494884       0.14155855228529032        84.712508614155425     
   34.171077762191608       0.33609712066552661       0.29183559561711481       0.14487197313693509        85.458134738501116     
   34.389854592973222       0.32503652505175079       0.28138611752673209       0.14887214449906594        86.206642582845120     
   34.574219823221249       0.31590036201947702       0.27287130437656748       0.15281243674620940        86.837551614513430     
   34.733271579012012       0.30809548128039854       0.26573289377342280       0.15666496980695785        87.382522699996684     
   34.892323334802775       0.30038091208100659       0.25878122653655294       0.16094308286244396        87.928922256645919     
   35.091630671678224       0.29096546299928983       0.25032626576956224       0.16686533478491436        88.614754305450475     
   35.290938008553674       0.28196671461136652       0.24214754745851821       0.17334930807874280        89.297443114629615     
   35.461517887206618       0.27458007513339694       0.23536023629644523       0.17934005972568381        89.876034001118569     
   35.621027875698424       0.26801185511388109       0.22918562454755353       0.18525504378949761        90.410024247808806     
   35.780537864190229       0.26193686923032594       0.22317300205755064       0.19135538949969996        90.932990398691345     
   35.948680625335733       0.25628111315082464       0.21700566759384560       0.19781869371395025        91.464380066839368     
   36.091073993148143       0.25216293548892105       0.21191626986167339       0.20322769639612076        91.891229457123544     
   36.271414408032783       0.24782648187900874       0.20564153000294194       0.20992008797532746        92.393012586772073     
   36.451754822917422       0.24437839311501885       0.19955258220406721       0.21640083490312739        92.845312322634754     
   36.632095237802062       0.24168272858363291       0.19364392525061117       0.22265732357496409        93.245912121656801     
   36.812435652686702       0.23968689319218880       0.18791022081647618       0.22864392849004797        93.594873589550147     
   36.992776067571342       0.23827666440052075       0.18234628864085883       0.23434877230404377        93.893589095719577     
   37.173116482455981       0.23725088537080763       0.17694710184801182       0.23980742787884998        94.146368303694487     
   37.329766989387124       0.23652993486196985       0.17238707949023196       0.24437811228173070        94.334351199104859     
   37.551305555395871       0.23569667983857454       0.16613809101642338       0.25055740965751677        94.559972870432873     
   37.746818406769577       0.23513367659360207       0.16081165587547444       0.25568736753096405        94.727393979401967     
   37.898865939236806       0.23494737739160679       0.15678768816763405       0.25937131613115899        94.839242251330091     
   38.023439544147259       0.23526675021468804       0.15356598095242913       0.26203371619229116        94.915448907898238     
   38.131501719064381       0.23598768601286585       0.15082495945769664       0.26402618655819926        94.965613034041553     
   38.239563893981504       0.23709379648624235       0.14813286285367228       0.26572322392928749        94.997465512326954     
   38.347626068898627       0.23846692441447126       0.14548881787287699       0.26715930289083034        95.009369707440172     
   38.455688243815750       0.23991842990368503       0.14289196683490973       0.26839502571260754        95.002281296359897     
   38.550873194683980       0.24117343927484997       0.14064299223920962       0.26934514471889343        94.982659869074979     
   38.686900821612646       0.24289446059952577       0.13749030952370747       0.27048608131936036        94.937372291581767     
   38.883349266493575       0.24521456730854338       0.13306158031485238       0.27168554808576895        94.845827037275882     
   39.042164317179996       0.24699474433677543       0.12958575410377138       0.27225563510042078        94.756057681864348     
   39.180525796215441       0.24857009936341615       0.12663166657182079       0.27243383878752608        94.668776398637192     
   39.361199309811866       0.25082331012827924       0.12287534142074266       0.27217063685128406        94.541141022839994     
   39.523545457175182       0.25307601492903120       0.11959519508542656       0.27144663704095628        94.410643903220304     
   39.685891604538497       0.25545757084941739       0.11640261196545279       0.27029543881256096        94.263920502638669     
   39.900318664338592       0.25856313313891516       0.11231609032499532       0.26821491320735530        94.048586979745778     
   40.073139821536344       0.26095760974043286       0.10912713788360891       0.26611954948683547        93.862251658013420     
   40.245960978734097       0.26329937058316072       0.10602872828113363       0.26365553510672057        93.667956534575779     
   40.408689112237319       0.26559593741989868       0.10319173094432492       0.26096736251720831        93.477958197556134     
   40.571417245740541       0.26823684800486070       0.10043064278816505       0.25785267633992676        93.277066393180590     
   40.695454728372177       0.27056541681707347        9.8375762137231981E-002  0.25517030586730993        93.112324688239681     
   40.846444754729731       0.27374146255819626        9.5931025569148107E-002  0.25155710320299757        92.894024648698277     
   40.988458734011154       0.27694808808325561        9.3687095005772880E-002  0.24785286022863570        92.669367854322743     
   41.130472713292576       0.28025867884446015        9.1495652408031050E-002  0.24390000927055031        92.427062702174908     
   41.329868951371544       0.28501070686976132        8.8504973673913995E-002  0.23799388185492254        92.061169374521953     
   41.498434746390018       0.28912451817137008        8.6053091686851879E-002  0.23271503331373219        91.732067818970776     
   41.713958460896613       0.29459909386381239        8.3016869313501718E-002  0.22560656570154522        91.287794854809576     
   41.929482175403209       0.30038183252243583        8.0087774367182063E-002  0.21812195749469587        90.817588025248867     
   42.118562537224008       0.30573964526766673        7.7603289687080357E-002  0.21127549743073287        90.383256863213759     
   42.307642899044808       0.31140479569780877        7.5195878744817340E-002  0.20419442052175893        89.927790071058027     
   42.487514451948691       0.31717154699466077        7.2975066891687049E-002  0.19725652023831622        89.473022681920753     
   42.611491447002656       0.32134855654350736        7.1482667009865025E-002  0.19237968718277659        89.146304679560032     
   42.791403386329435       0.32757214843399679        6.9371053062000074E-002  0.18521249025622641        88.653495396058759     
   42.971315325656214       0.33378603568621140        6.7321816661746803E-002  0.17800080960715159        88.143043112686485     
   43.199693268712643       0.34150259815356560        6.4807501718474658E-002  0.16885485516048859        87.480284373881119     
   43.577735162312230       0.35348777353541622        6.0850155911687923E-002  0.15395459672436032        86.379847927488470     
   43.734749430381740       0.35805672826877571        5.9278420564371014E-002  0.14793922706149787        85.932629242976844     
   43.806739720175344       0.36006543455978163        5.8571425332816125E-002  0.14522756322017921        85.731058987947861     
   43.905028503160949       0.36271650869062788        5.7619755799025611E-002  0.14157897262790825        85.460057862845431     
   43.967594029514942       0.36437947145586169        5.7022042510573988E-002  0.13928633060216114        85.290211354919862     
   44.014375537983739       0.36559517698050598        5.6579175060646199E-002  0.13759046291483884        85.164536705456399     
   44.058076978664360       0.36666716338186089        5.6168573621617625E-002  0.13602755924848778        85.048369576637441     
   44.086357442208360       0.36734734427702231        5.5904451019964822E-002  0.13502447465426534        84.973941409795330     
   44.130106809095004       0.36849770679264027        5.5498302823591736E-002  0.13346771824651227        84.859715401381408     
   44.173856175981648       0.36993638737087364        5.5095105311008724E-002  0.13188027043455358        84.745426344651861     
   44.213813315589348       0.37157011233253107        5.4729417181043689E-002  0.13039516051850447        84.639342905762106     
   44.253770455197049       0.37348017211063833        5.4366156268662834E-002  0.12888169089285673        84.530163721829538     
   44.313900275810838       0.37679880482865441        5.3824039384470113E-002  0.12656290752981725        84.357674992955054     
   44.374030096424626       0.38062587882331567        5.3287328266241718E-002  0.12420041301649447        84.172798650215753     
   44.457585411587324       0.38675155957898122        5.2550398127291731E-002  0.12085435173641319        83.890806499909729     
   44.565385988880074       0.39586449777064647        5.1614668785893984E-002  0.11645739468249255        83.477080406278645     
   44.634901967288357       0.40236746907811555        5.1020112493862478E-002  0.11358895100887452        83.178001452083947     
   44.704417945696640       0.40929305635240482        5.0432406569601192E-002  0.11070416063936503        82.852696405986862     
   44.753990914986780       0.41437186594563152        5.0017451305134353E-002  0.10864830737589987        82.604927892163673     
   44.803563884276919       0.41939664844690733        4.9605951704994565E-002  0.10660837799014741        82.345137542643755     
   44.853136853567058       0.42414875609281799        4.9198081904059172E-002  0.10460306178829204        82.075516413262434     
   44.916305655474552       0.42946460651333646        4.8685810398290300E-002  0.10212949023009989        81.723258338139686     
   44.964867344530077       0.43279051065186031        4.8308049518480459E-002  0.10031171651298355        81.451191545968811     
   44.996899984805218       0.43456978762207837        4.8090132087486193E-002   9.9160338625332828E-002   81.273635534843621     
   45.021403525139242       0.43569940749013214        4.7984306044358625E-002   9.8307587967595617E-002   81.139837181586955     
   45.042569385026106       0.43650994352459271        4.8010782208851153E-002   9.7591840256449305E-002   81.026190150476125     
   45.063735244912969       0.43715981752096522        4.8269618584667807E-002   9.6897058157801613E-002   80.914758229243816     
   45.082276053236981       0.43758806225317037        4.8796450358047437E-002   9.6307409698031518E-002   80.819319201473107     
   45.093835202138010       0.43778370287866314        4.9288676116219156E-002   9.5949649247562857E-002   80.760997691805557     
   45.112074177443375       0.43797256850603516        5.0289208275248208E-002   9.5402164755665320E-002   80.671051058816275     
   45.136688392187601       0.43797709273889734        5.1909630763243737E-002   9.4700292688370810E-002   80.554215401257878     
   45.161302606931827       0.43767776224232591        5.3632122086300138E-002   9.4046124462319650E-002   80.443326833201425     
   45.185655891778552       0.43707783222146779        5.5306679099156680E-002   9.3450536510610624E-002   80.340198190536086     
   45.209993333619096       0.43618527193560330        5.6930186061531607E-002   9.2909889239404714E-002   80.244346894067434     
   45.234330775459640       0.43502001484983216        5.8569046717607758E-002   9.2425302538878776E-002   80.156297815955412     
   45.268271712806218       0.43298566234417218        6.1006318463563594E-002   9.1844030906085949E-002   80.047485646988605     
   45.301820358412137       0.43056731904075723        6.3666038257209220E-002   9.1376921796170268E-002   79.956889007051174     
   45.335266137329526       0.42782075393139996        6.6553593911513248E-002   9.1014216945371221E-002   79.884063729009625     
   45.382531763802177       0.42349088124775702        7.0946401630718747E-002   9.0666224489645383E-002   79.811560452797238     
   45.429797390274828       0.41877597932363619        7.5654325814462783E-002   9.0493834366386597E-002   79.774611097423332     
   45.489071134255845       0.41249254013935099        8.1992266845194325E-002   9.0501161350324197E-002   79.777139381943826     
   45.542018439899266       0.40659604525504395        8.8016105149147067E-002   9.0717798206933209E-002   79.823367946571736     
   45.618954819765904       0.39757118139782777        9.7236025513372903E-002   9.1420619561357289E-002   79.960527131937397     
   45.691667976021897       0.38863572387076534       0.10632002255784534        9.2524099991070086E-002   80.161819167595112     
   45.799806559514614       0.37489336178401400       0.12024156528786387        9.4944152669523108E-002   80.578387746459086     
   45.888363223296331       0.36350588904597808       0.13182904030447182        9.7565237516690134E-002   81.011817602427868     
   45.976919887078047       0.35228564683466007       0.14346338580945911       0.10064345247169461        81.515354839383392     
   46.039384055615159       0.34462006533888251       0.15165457821479275       0.10300150791432972        81.905345609788043     
   46.084463133478820       0.33928776386279785       0.15754436643337294       0.10474826634115866        82.201332985403226     
   46.142948613077856       0.33275487176495888       0.16514715529484814       0.10697355142960265        82.599426210268604     
   46.217890228500259       0.32531279520630507       0.17480848836312890       0.10956373229592754        83.123843460756632     
   46.282697011494321       0.31995698613206136       0.18307593907487552       0.11144152274689002        83.579986892389101     
   46.347503794488382       0.31576740894294530       0.19125095763220828       0.11293526811017240        84.028146360091029     
   46.412310577482444       0.31283496777329411       0.19932437270390488       0.11405238265685201        84.458558062972216     
   46.477117360476505       0.31117248076199994       0.20728853786501164       0.11483519143975399        84.862273865777425     
   46.541924143470567       0.31070340433251253       0.21513778206221026       0.11534588588450864        85.231802713782798     
   46.606730926464628       0.31125913640931124       0.22286812570531558       0.11565527925591290        85.561705911325106     
   46.671537709458690       0.31260178177464448       0.23047568101494301       0.11583310085429141        85.849047076849530     
   46.724482902584803       0.31415911625829351       0.23659678977851320       0.11591189708634900        86.051684613674183     
   46.792349128317070       0.31671549213202732       0.24431515654606581       0.11593839126667080        86.269406668148392     
   46.880709426610871       0.32090987534949966       0.25414074228631178       0.11586719158472628        86.483077392341457     
   47.005810383251898       0.32825789254934068       0.26759577177391780       0.11561707698867499        86.655353597838840     
   47.130911339892926       0.33689083805334857       0.28048015977723001       0.11525652167644937        86.685143856198806     
   47.252605224250040       0.34612214758722842       0.29242574747590111       0.11486402818348382        86.591496208701628     
   47.374299108607154       0.35582640880401178       0.30375146364781397       0.11448976259079922        86.393372976935566     
   47.495992992964268       0.36579035884051775       0.31441973787609373       0.11417092595083449        86.107676418949083     
   47.656236225034888       0.37904114977493020       0.32741217492123803       0.11388054676261150        85.624559073971298     
   47.816479457105508       0.39218943913177101       0.33916578441817530       0.11377733424385526        85.049784106635002     
   47.976722689176128       0.40504144439536593       0.34968185337783197       0.11388121686978124        84.411474475871572     
   48.136965921246748       0.41745988973821158       0.35902043271467854       0.11417714400235432        83.733057126780778     
   48.261873940784376       0.42678838854885537       0.36556087168909662       0.11450570079838311        83.188730938040649     
   48.386781960322004       0.43580013037979859       0.37157285429103498       0.11486626001499192        82.638621960476911     
   48.482587781822062       0.44251285205563012       0.37600287785210179       0.11513103625144490        82.216150370003149     
   48.607021734561954       0.45103028825878710       0.38187523407446633       0.11541980349146727        81.669889460584145     
   48.717398682291844       0.45848275534586780       0.38753697584246699       0.11558321835217121        81.189150215384387     
   48.801961277040860       0.46416157343572179       0.39233043538522644       0.11562493139775670        80.823526619583930     
   48.907583347575788       0.47121251604409681       0.39896545493984881       0.11555209332064768        80.370196329943767     
   49.008338713663555       0.47785146066189771       0.40593716990474649       0.11533727047641264        79.941550860053255     
   49.138668059098165       0.48618180225963287       0.41570835972280823       0.11484000410038576        79.394181277085593     
   49.268997404532776       0.49400880013754234       0.42609399467736925       0.11412216348968798        78.858772949591767     
   49.399326749967386       0.50115397723921429       0.43686061476140359       0.11325190347007329        78.341685899218774     
   49.567582298060572       0.50925043808685333       0.45096551362814236       0.11201988616481437        77.712137355604881     
   49.700468485917327       0.51473183647661591       0.46205100198906507       0.11102652561602232        77.252674159044517     
   49.833354673774082       0.51947254215272387       0.47296216712194677       0.11004231615583333        76.831055157432601     
   49.966240861630837       0.52361166562492456       0.48363121804524439       0.10907445518972060        76.448715493883071     
   50.067274413917133       0.52652186574315818       0.49156460993111512       0.10834428304570604        76.183229808351385     
   50.197900994894979       0.53034412958130916       0.50158989656705644       0.10738434378633557        75.866672520572848     
   50.312509133768842       0.53395804091546550       0.51016755851605866       0.10651245439656509        75.605871422792433     
   50.427117272642704       0.53787162812532219       0.51853794453701796       0.10560715646710650        75.353131003105560     
   50.541725411516566       0.54201545416347785       0.52669733597394253       0.10467106331237538        75.102741213016031     
   50.656333550390428       0.54621780425383148       0.53464137914073506       0.10371361796862456        74.851848034354063     
   50.794543659131712       0.55105237994623091       0.54392764548714723       0.10254883728086939        74.549769384451722     
   50.908502306607673       0.55475741584272875       0.55133584856705109       0.10158363244724679        74.304351169606548     
   51.128212735782611       0.56117456046902980       0.56495660021113292        9.9702365378859306E-002   73.849969951963956     
   51.318923358932643       0.56603652400730853       0.57603222677717292        9.8035112170903868E-002   73.482935931763166     
   51.509633982082676       0.57039433021855002       0.58636104063142769        9.6324103825018520E-002   73.144348093331615     
   51.657097273301538       0.57358453101724571       0.59379773133590807        9.4964647505331706E-002   72.900509243342285     
   51.804560564520401       0.57673570318646217       0.60071983360143133        9.3573398759957405E-002   72.668751319080982     
   51.952023855739263       0.57986721203652636       0.60709156309451351        9.2160317979962436E-002   72.445525233767569     
   52.099487146958126       0.58292530594804126       0.61287396328958066        9.0743373911876132E-002   72.228537063140251     
   52.277784371614082       0.58635300226802789       0.61901913282733145        8.9058927915152783E-002   71.974448710179175     
   52.456081596270039       0.58924004174461309       0.62416666748491989        8.7445176681172451E-002   71.733846245596609     
   52.672533940071702       0.59182145513684581       0.62896839249198799        8.5617048409365681E-002   71.470304170202056     
   52.886950440239637       0.59330960941316901       0.63204998489828945        8.3966888955170363E-002   71.251038379598825     
   53.098165796415742       0.59379007853776489       0.63336887313529555        8.2504206088376469E-002   71.083104718162645     
   53.309381152591847       0.59336451046197958       0.63293823828597606        8.1209923534736023E-002   70.965483569831349     
   53.520596508767952       0.59191301312143318       0.63076212604444004        8.0111026071166797E-002   70.900905738822857     
   53.688837499431493       0.59003857744706434       0.62781686193669595        7.9388471743775460E-002   70.889795756945901     
   53.857078490095034       0.58765699531678073       0.62385349451332350        7.8801017812622651E-002   70.914331310901076     
   54.025319480758576       0.58497956143501950       0.61894424600929931        7.8338132258785012E-002   70.971121255933312     
   54.149053141598607       0.58293428652652757       0.61478044378959507        7.8070494756480716E-002   71.029761990458596     
   54.422511341874575       0.57834648384040455       0.60412601417850209        7.7690373465089932E-002   71.195617599112794     
   54.661054855486732       0.57437497652547698       0.59348458013955951        7.7593916885110692E-002   71.366110164414366     
   54.899598369098889       0.57046150573885424       0.58190605349429403        7.7720689101726470E-002   71.548998657486649     
   55.088379789033809       0.56736011597997038       0.57227246171547574        7.7986219185336852E-002   71.698771946057917     
   55.277161208968728       0.56424610129977881       0.56237253480003957        7.8398940795921232E-002   71.852098367590571     
   55.465942628903647       0.56119318952174457       0.55233445297262307        7.8949511090874419E-002   72.007888722114842     
   55.654724048838567       0.55834544872440983       0.54227891384326887        7.9618663339573181E-002   72.163187023055599     
   55.812028170769139       0.55629726469502572       0.53398279202019749        8.0244889257335056E-002   72.288068470671107     
   55.969332292699711       0.55471639736863931       0.52586535332542395        8.0910232226841738E-002   72.403089722486115     
   56.160827729384131       0.55354233902066940       0.51637120395184688        8.1749297810056284E-002   72.520882268715724     
   56.344892804580134       0.55318895412748448       0.50778108253268528        8.2570739213789920E-002   72.603222150101715     
   56.477124447440012       0.55334040239373916       0.50197852281754085        8.3166239671515707E-002   72.641169811923263     
   56.597461250760247       0.55375598133312687       0.49695958304090798        8.3708011846366309E-002   72.659858184032842     
   56.717798054080482       0.55446911515768826       0.49215193250604383        8.4242456155688580E-002   72.662880432432146     
   56.888291942498775       0.55596014156437545       0.48557388619541103        8.4980809562961807E-002   72.639092040878438     
   57.057811504277232       0.55785104112360739       0.47910986301661407        8.5694666630114755E-002   72.583031438603911     
   57.224311936861113       0.55983737607453532       0.47266685638505501        8.6388026949129129E-002   72.500384870111958     
   57.368734675109259       0.56140934288631716       0.46696249387388311        8.6998059553494267E-002   72.413000943685148     
   57.497086237833294       0.56258115638515205       0.46185971698483413        8.7553281190438106E-002   72.329266478196104     
   57.656437168327912       0.56370217592775296       0.45565966052223761        8.8261215179664926E-002   72.224797357488754     
   57.815788098822530       0.56446616152642171       0.44990999706031348        8.8987311093024796E-002   72.126681363501447     
   57.975139029317148       0.56493710947218623       0.44501621642452077        8.9724663481451444E-002   72.040151065625963     
   58.134489959811766       0.56522068245540980       0.44145311335630122        9.0462157562176099E-002   71.968031633363665     
   58.293840890306384       0.56540851335921205       0.43970207611545009        9.1188646190179759E-002   71.911077847136227     
   58.413866249074431       0.56549915613971746       0.43979102689798388        9.1724947142444682E-002   71.878309781878045     
   58.533891607842477       0.56555395547937581       0.44113135528377262        9.2249306217434199E-002   71.854336141409121     
   58.653916966610524       0.56558343547395995       0.44363608603579174        9.2759289704228240E-002   71.839044014990705     
   58.773942325378570       0.56560118633044099       0.44711689078543221        9.3252426973612190E-002   71.832001415259285     
   58.944496272459133       0.56564089450845523       0.45325392852939339        9.3919290723346052E-002   71.834483131746964     
   59.107418085751242       0.56569666794376328       0.45980017317527022        9.4517088713126279E-002   71.847742594411088     
   59.318335371249795       0.56572305113178056       0.46824196485582081        9.5238068346701815E-002   71.876569498248543     
   59.529252656748348       0.56562412680575047       0.47550512361565689        9.5905091227132713E-002   71.914887186504146     
   59.626394800556454       0.56552230314098018       0.47814376790965107        9.6195638660542940E-002   71.934812129855956     
   59.712790239501103       0.56543059159005493       0.48001280260780405        9.6443286030683528E-002   71.953266564284746     
   59.779007028783688       0.56543372825891691       0.48111043291829064        9.6620439813700595E-002   71.967212789193709     
   59.876579915299978       0.56568356906810535       0.48216675107636281        9.6850897480616441E-002   71.985052107492336     
   59.974152801816267       0.56630154722804604       0.48253929480699048        9.7038030967931066E-002   71.995896763463534     
   60.071725688332556       0.56730363587701982       0.48224083081851638        9.7179341495984645E-002   71.995694295929255     
   60.169298574848845       0.56863353315020115       0.48131590866828394        9.7277746724140454E-002   71.981396486342078     
   60.288328329310687       0.57052414249911165       0.47944668910403843        9.7350927571590126E-002   71.943018957306336     
   60.378354042554058       0.57196386477947703       0.47759158924515527        9.7384735217643209E-002   71.899665743304155     
   60.456001231464633       0.57310792883904482       0.47575951838004599        9.7406498044063108E-002   71.854394978154858     
   60.599535107767494       0.57493349493821899       0.47201128971768258        9.7433408682127604E-002   71.757965549949319     
   60.792763988840001       0.57675440049007787       0.46678257389336708        9.7449037145905734E-002   71.617452427374715     
   60.985992869912508       0.57785329106465411       0.46214775073715586        9.7446377037797460E-002   71.482962580148651     
   61.124114824473807       0.57824212504991501       0.45967150858444938        9.7433870089184652E-002   71.398682913064931     
   61.234854862494892       0.57832049603438473       0.45841125683683842        9.7419190592561031E-002   71.341176006445593     
   61.345594900515977       0.57812613395507173       0.45792510234735184        9.7407156730489025E-002   71.294884453646418     
   61.480046178793714       0.57745253652844220       0.45847911168527256        9.7405002921062245E-002   71.257584852815668     
   61.614497457071451       0.57627612932135974       0.46030987061329903        9.7423217732761733E-002   71.245342288708770     
   61.748948735349188       0.57463274278148768       0.46332497303228276        9.7464621318922653E-002   71.261568236919587     
   61.883400013626925       0.57261882890914195       0.46732850660883096        9.7526851686095192E-002   71.307620260034170     
   61.994769726715326       0.57077670544975601       0.47121570640623883        9.7588647782218943E-002   71.367538649911367     
   62.081200105060020       0.56927666265878829       0.47449206889349049        9.7641113734228874E-002   71.426394392696878     
   62.232538837275008       0.56648946089533170       0.48057631242028986        9.7745944040458818E-002   71.552737734124975     
   62.426034307292653       0.56266963479132726       0.48859672996289799        9.7906022540929297E-002   71.752053145013875     
   62.607786313675838       0.55897207563653317       0.49595307659430360        9.8075517730135467E-002   71.970341094827234     
   62.732541076770872       0.55650893153849523       0.50072329762741807        9.8192328978073451E-002   72.132324430385069     
   62.857295839865905       0.55427403289969135       0.50517594572162028        9.8295168334825517E-002   72.299109702374750     
   62.952571311485599       0.55290597740049630       0.50832937175002979        9.8347893247053245E-002   72.425423409052542     
   63.068933168833809       0.55178480453870471       0.51185678634703147        9.8367863941246025E-002   72.571727562203463     
   63.185295026182018       0.55130951751753388       0.51499427600533976        9.8334198468148629E-002   72.702139845152303     
   63.301656883530228       0.55141235162747559       0.51770908561661022        9.8251136682245749E-002   72.810755848695678     
   63.418018740878438       0.55192494609365939       0.51997243637411383        9.8130973648603084E-002   72.894569745479657     
   63.522529828244103       0.55251856230253782       0.52160062137787055        9.8007834280629633E-002   72.949191795210467     
   63.627040915609768       0.55307892383766422       0.52283184387280923        9.7883015860086645E-002   72.987202393189037     
   63.731552002975434       0.55357728748265445       0.52365698941832883        9.7759381109462778E-002   73.012036001205402     
   63.885237735176325       0.55420289933803701       0.52412478664614903        9.7580507533601646E-002   73.030426555779357     
   64.081014489585044       0.55482648124302603       0.52344897503614296        9.7359216012396929E-002   73.032020689189167     
   64.276791243993756       0.55529420300516774       0.52141600071393490        9.7145152686662697E-002   73.017888817126646     
   64.472567998402468       0.55570552016522068       0.51815511559267802        9.6931840673197101E-002   72.993354510565439     
   64.649825784929391       0.55616959835589386       0.51429205365255104        9.6726430398615809E-002   72.962730699672633     
   64.827083571456313       0.55675924290498646       0.50972715494916065        9.6502881259899323E-002   72.922829173354302     
   65.004341357983236       0.55741346238176126       0.50463561217821895        9.6262945886471829E-002   72.873359020274847     
   65.116424533339838       0.55779423703570641       0.50122853191889361        9.6107331524593401E-002   72.838017463756586     
   65.170923249080175       0.55793245878119491       0.49953772537838653        9.6033571017850303E-002   72.820187302249735     
   65.296313550840125       0.55801196125781105       0.49560363765344245        9.5879039703732308E-002   72.779969503896453     
   65.421703852600075       0.55765285895965155       0.49167013763066308        9.5756464434847616E-002   72.745577124102198     
   65.547094154360025       0.55680919690441133       0.48781531115500348        9.5673418990044945E-002   72.722855041001395     
   65.672484456119975       0.55553063799518565       0.48411914219727875        9.5630080712788862E-002   72.716397942272422     
   65.797874757879924       0.55395602888590600       0.48066329406933644        9.5618554697422517E-002   72.728431359343517     
   65.910822294252156       0.55247259169811902       0.47782483429446787        9.5621473148587932E-002   72.754375092235222     
   66.020287126880120       0.55111819953549890       0.47538206814194162        9.5625165084944244E-002   72.790364707851296     
   66.129751959508084       0.54987238836789776       0.47329822277356748        9.5628228351407246E-002   72.833909344779471     
   66.302089290342280       0.54812759949538170       0.47086849957915716        9.5634212881543501E-002   72.911968285339711     
   66.516720090383359       0.54632337532678599       0.46952900568656908        9.5646830593817123E-002   73.016453027540251     
   66.731350890424437       0.54491762929136511       0.47028896620197519        9.5664857779700463E-002   73.121059794752853     
   66.941330939983914       0.54390667627189226       0.47317051457908704        9.5684489323630967E-002   73.218692640378734     
   67.148188623421461       0.54322532151519354       0.47802830709523464        9.5704007273601135E-002   73.308013786108361     
   67.355046306859009       0.54281145560554267       0.48470233684805974        9.5723163144978654E-002   73.389762504550887     
   67.518842172473114       0.54264148480067476       0.49108607797152759        9.5738566672211672E-002   73.449176665602351     
   67.614635029931122       0.54257867466282028       0.49519566737663839        9.5749636934503002E-002   73.481917918861782     
   67.652603724823777       0.54253635202513606       0.49689124105043975        9.5756577721845745E-002   73.494630834803800     
   67.760471562662019       0.54225460751129628       0.50188923240015115        9.5794033139464080E-002   73.531349876270397     
   67.868339400500261       0.54163122082148718       0.50711565540082049        9.5868630194089463E-002   73.572221368384263     
   67.999213444794648       0.54032495704494543       0.51369380471472692        9.6022131970787475E-002   73.633813089413167     
   68.128457050412024       0.53847510213023120       0.52036946361479930        9.6245271589872838E-002   73.713727100041112     
   68.254876093312461       0.53629589633909280       0.52699998531927594        9.6522382851061184E-002   73.813489582654597     
   68.380268953200371       0.53406426171892674       0.53361118721718015        9.6829577107740608E-002   73.932356938595035     
   68.505661813088281       0.53210966332107090       0.54019921837724194        9.7134238295749256E-002   74.065022780762177     
   68.631054672976191       0.53067488780276217       0.54671152512646215        9.7408637267333273E-002   74.202182044595773     
   68.756447532864101       0.52988782266428291       0.55309948121068320        9.7634995887121157E-002   74.333779471436102     
   68.881840392752011       0.52977879937520211       0.55931753669680051        9.7804895560754543E-002   74.450760444588511     
   69.007233252639921       0.53029232499888312       0.56532260057681005        9.7918668854768590E-002   74.546239958270519     
   69.132626112527831       0.53129733424071213       0.57107382964011544        9.7984216340375907E-002   74.616246310737793     
   69.291820680988991       0.53308266771372648       0.57794988613202136        9.8010911031344752E-002   74.667090108091145     
   69.451015249450151       0.53538732362715102       0.58428236836159841        9.7974835592290893E-002   74.676166717378734     
   69.665260405997941       0.53914009843723010       0.59182915858857754        9.7834727736615307E-002   74.625465330469893     
   69.839828827369800       0.54248589239641487       0.59706269508639376        9.7660324509104654E-002   74.536759767262680     
   69.991602620550296       0.54536224832378610       0.60089715670401789        9.7482974743754072E-002   74.432513145307311     
   70.133382731507481       0.54794559417857014       0.60385920509892288        9.7302348066888839E-002   74.318919920382015     
   70.340268140814231       0.55151036303986500       0.60711154773281939        9.7016764621606660E-002   74.134861952717330     
   70.547153550120981       0.55476961327079122       0.60916441716137448        9.6712767813076722E-002   73.939238855839079     
   70.754038959427731       0.55762130457018999       0.61018076253040332        9.6401620466488674E-002   73.741931198547235     
   70.926804985464287       0.55957248381673885       0.61043774316726984        9.6145601893351154E-002   73.583044025059067     
   71.058027235293068       0.56072413003530674       0.61049370697917016        9.5957611775338902E-002   73.470294747403599     
   71.247741892058386       0.56184717024511521       0.61084384047434637        9.5697009323575000E-002   73.325973249712490     
   71.402445699294049       0.56229914199419662       0.61176450251774428        9.5493677832019258E-002   73.229411221998859     
   71.534338728280034       0.56238242017110651       0.61319773254521370        9.5326896283489546E-002   73.164597931155512     
   71.666231757266019       0.56221688034423445       0.61526849147712304        9.5167275766527656E-002   73.117062649548515     
   71.798124786252004       0.56174805833174590       0.61793842283844747        9.5023486300230650E-002   73.087707518249843     
   71.930017815237989       0.56085091567473577       0.62113110359040979        9.4911480778733126E-002   73.078841633101035     
   72.089387483861529       0.55913646309578957       0.62549915947787282        9.4833563504660878E-002   73.099778155138878     
   72.240959401841934       0.55694066581979595       0.62994092199419871        9.4822129763940999E-002   73.154823174092030     
   72.387080482684453       0.55450608570296567       0.63428419967400995        9.4859735224972930E-002   73.239729723525144     
   72.498407764626720       0.55263875035978249       0.63753859141349822        9.4906400407583844E-002   73.322337020513459     
   72.596107381108482       0.55110881421560876       0.64031948524001892        9.4950487539909867E-002   73.404085201898539     
   72.739121051198865       0.54910698494208310       0.64423903998981324        9.5015235323236774E-002   73.532902414841743     
   72.942012366901054       0.54678711216393783       0.64943942588131220        9.5102248624076305E-002   73.720633905449247     
   73.144903682603243       0.54509191660692002       0.65411945305417285        9.5177435111514760E-002   73.899039440677342     
   73.270710182318339       0.54434149411431787       0.65670016717176427        9.5216605812581873E-002   73.999680188881143     
   73.372877543784000       0.54390074186401971       0.65858139399078908        9.5243130056043901E-002   74.074142034078207     
   73.500244616449919       0.54366621953958794       0.66061560201302250        9.5259260665519152E-002   74.155783054560260     
   73.627611689115838       0.54390386646021083       0.66225042519194377        9.5243768089071576E-002   74.221182113213459     
   73.754978761781757       0.54464430506294026       0.66341847017626610        9.5191074219821065E-002   74.265908028455527     
   73.882345834447676       0.54582746120234393       0.66404160879698537        9.5103161379019335E-002   74.286697850440859     
   74.009712907113595       0.54731376254217667       0.66403054836114250        9.4988765981826220E-002   74.282478328246114     
   74.137079979779514       0.54889443193372078       0.66328574344465674        9.4862818701013665E-002   74.254990197494990     
   74.264447052445433       0.55028952986563362       0.66170043204388429        9.4747180376413553E-002   74.209186020462226     
   74.352806152577699       0.55096208527000146       0.66004594524926752        9.4688777535048410E-002   74.171059347978726     
   74.424059384031253       0.55125556053529257       0.65835452257693583        9.4661752480543551E-002   74.139429094847955     
   74.489151693258080       0.55131485874943642       0.65653573664870968        9.4654975893838408E-002   74.111642116104520     
   74.530001931519010       0.55121891110721122       0.65522214862845241        9.4662523616140623E-002   74.095457986042405     
   74.567289823478490       0.55102613779386767       0.65388603616577023        9.4679040178756016E-002   74.082010400629727     
   74.600000000000009       0.55080260979013063       0.65264295428789143        9.4698973453530566E-002   74.071497089074370     
