   0.0000000000000000        1.0298541344230814       0.17013024591885337       0.14843690323140418        95.213424682617188     
  0.10000000000000001        1.0298773185609249       0.17021223980338676       0.14843615932871379        91.724242898092882     
  0.20000000000000001        1.0300961730609355       0.17052732394596198       0.14842906692648375        88.868974624314262     
  0.30000000000000004        1.0307548826473238       0.17102619673023767       0.14840751985797596        86.532462306840614     
  0.40000000000000002        1.0319998496871732       0.17171376806857730       0.14836639408760441        84.618667509853125     
  0.50000000000000000        1.0338296210805207       0.17255308204903602       0.14830514859309799        83.048230237687207     
  0.59999999999999998        1.0361598656275319       0.17367904467525339       0.14822578267412703        81.756895432611557     
  0.69999999999999996        1.0387664769924805       0.17521590600846190       0.14813441583988468        80.695078672174148     
  0.79999999999999993        1.0413751326697129       0.17709717780021481       0.14803881395069826        79.824293367468442     
  0.89999999999999991        1.0438912953501838       0.17928466186884071       0.14794178690347914        79.113904529320052     
  0.99999999999999989        1.0463068182291821       0.18172913342385905       0.14784372124865061        78.538601444999287     
   1.0999999999999999        1.0486042101087891       0.18438429900956294       0.14774528967726319        78.077261699287646     
   1.2000000000000000        1.0507721836507899       0.18720523827278601       0.14764700972529865        77.712194670586655     
   1.3000000000000000        1.0527947503259378       0.19015061331391528       0.14754955479030102        77.428553157774303     
   1.4000000000000001        1.0546263742640511       0.19318288231960898       0.14745447147954999        77.213874687926676     
   1.5000000000000002        1.0555055358774412       0.19627066427548884       0.14738474049541089        77.060187658409959     
   1.6000000000000003        1.0543040458220354       0.19937513961962974       0.14737865185823354        76.968856339010131     
   1.7000000000000004        1.0504960089699309       0.20241540752069123       0.14746330653462505        76.946726620557683     
   1.8000000000000005        1.0441466739590748       0.20526931604886839       0.14765081901173188        76.999992525744133     
   1.9000000000000006        1.0359119521155207       0.20780712088915168       0.14792995280131341        77.129525033095291     
   2.0000000000000004        1.0270252686081023       0.20992087496015047       0.14825734106486277        77.327419942386015     
   2.1000000000000005        1.0190145547351217       0.21155246845854234       0.14856748310739532        77.575283616891355     
   2.2000000000000006        1.0130479294369872       0.21270999906998650       0.14880900458131732        77.847096735760559     
   2.3000000000000007        1.0096154118982725       0.21345395667150363       0.14896269631158854        78.115675887135737     
   2.4000000000000008        1.0085782909121102       0.21387281752954027       0.14903534687319597        78.358364722644694     
   2.5000000000000009        1.0092015050069678       0.21406859195294198       0.14905290046308878        78.561101029927059     
   2.6000000000000010        1.0102985206172783       0.21415853800425286       0.14905351678259243        78.721197284302889     
   2.7000000000000011        1.0111077463761045       0.21429745261631916       0.14906157562104327        78.846038252183575     
   2.8000000000000012        1.0114647735364732       0.21468326731213030       0.14908314010458376        78.946567558790917     
   2.9000000000000012        1.0113056610466524       0.21554974346156594       0.14912141436006873        79.034946088984668     
   3.0000000000000013        1.0107015366034087       0.21715993626238783       0.14917522458220708        79.124017068198128     
   3.1000000000000014        1.0097971087022211       0.21975405484145250       0.14924060104947126        79.225426063613426     
   3.2000000000000015        1.0088731891262805       0.22351223018189964       0.14930843972688210        79.350443906677555     
   3.3000000000000016        1.0081180553207916       0.22847075417107512       0.14937228207389408        79.506952503542763     
   3.4000000000000017        1.0075578005144765       0.23452680011962301       0.14943108419433304        79.700342229245834     
   3.5000000000000018        1.0071739239912383       0.24148638249722096       0.14948534818541651        79.933374233046990     
   3.6000000000000019        1.0069299658574729       0.24912474444437785       0.14953621298859959        80.206207751361106     
   3.7000000000000020        1.0067681398756840       0.25722062104657956       0.14958556604298040        80.516896537418063     
   3.8000000000000020        1.0065864050639282       0.26557612120729496       0.14963680848403441        80.862079256895129     
   3.9000000000000021        1.0057768657706707       0.27401993447136919       0.14971102258098887        81.239435076257109     
   4.0000000000000018        1.0035298398545729       0.28240539888887595       0.14983954443461417        81.651514898889872     
   4.1000000000000014       0.99953109655162820       0.29060533383228093       0.15004082851682443        82.103238396024324     
   4.2000000000000011       0.99393335642647762       0.29850915179613541       0.15031769853440596        82.597919282860005     
   4.3000000000000007       0.98733528001318938       0.30602459069401533       0.15065251308368668        83.134247966867505     
   4.4000000000000004       0.98079817754131593       0.31308052049016444       0.15100183905334791        83.703844581536416     
   4.5000000000000000       0.97556882388742150       0.31961523709160761       0.15130990174103948        84.289887025508278     
   4.5999999999999996       0.97245704462240123       0.32556686955948827       0.15154123209103240        84.869742176155071     
   4.6999999999999993       0.97157640702939385       0.33087687356820539       0.15169145079537738        85.420784017071938     
   4.7999999999999989       0.97242930788907389       0.33549275760370750       0.15177858060194468        85.925461653826758     
   4.8999999999999986       0.97390704539943962       0.33937191905449449       0.15183963631195554        86.375192642220910     
   4.9999999999999982       0.97509444334091699       0.34248547482684860       0.15190483085704143        86.771098827589029     
   5.0999999999999979       0.97570215208242161       0.34482133195013964       0.15198484688146341        87.118091811552006     
   5.1999999999999975       0.97563242343965928       0.34638630503080758       0.15208516479540499        87.421515158211889     
   5.2999999999999972       0.97492041562366494       0.34720621363556903       0.15220720862598214        87.686151480809940     
   5.3999999999999968       0.97372707456022856       0.34732423883764763       0.15234763966529305        87.915530583201587     
   5.4999999999999964       0.97232095514814842       0.34679764828003173       0.15249823151107444        88.111400087619273     
   5.5999999999999961       0.97085997980062166       0.34569361472197113       0.15265378467775884        88.274063801507907     
   5.6999999999999957       0.96935351673270354       0.34408479341849513       0.15281409729884549        88.404052759386587     
   5.7999999999999954       0.96781387116918305       0.34204532390490117       0.15297870135162805        88.502537873112601     
   5.8999999999999950       0.96625284766345321       0.33964744613016734       0.15314707100915101        88.571184567708571     
   5.9999999999999947       0.96467600023754385       0.33695968336874960       0.15331888688810311        88.612046783681436     
   6.0999999999999943       0.96319161319158053       0.33404531891121508       0.15348985554914432        88.627198771491521     
   6.1999999999999940       0.96200953953154711       0.33096236913922816       0.15365155101748726        88.617624995495731     
   6.2999999999999936       0.96126114240767013       0.32776612947800327       0.15379837864450496        88.583382636502478     
   6.3999999999999932       0.96096056841507860       0.32451106376313305       0.15392914330407964        88.524575143046746     
   6.4999999999999929       0.96101776189284127       0.32125074816816201       0.15404654736832565        88.442177278057258     
   6.5999999999999925       0.96123821886571492       0.31803898814420534       0.15415722219898004        88.338676770551871     
   6.6999999999999922       0.96137865968339120       0.31493180803743376       0.15426987882970278        88.218448483712010     
   6.7999999999999918       0.96122766886749111       0.31199010405033734       0.15439257280458299        88.087472960535791     
   6.8999999999999915       0.96062209394117559       0.30928283730266154       0.15453210717533428        87.952775662626863     
   6.9999999999999911       0.95944422908765770       0.30689107780625008       0.15469392630641640        87.822000245875543     
   7.0999999999999908       0.95760257022400319       0.30491082268981196       0.15488281435994733        87.703157000659971     
   7.1999999999999904       0.95508970724744990       0.30345575999437052       0.15510061368100519        87.604330139261592     
   7.2999999999999901       0.95157062148711868       0.30265318120578871       0.15536346042674587        87.534346542096287     
   7.3999999999999897       0.94623695476050174       0.30263459113789348       0.15571301756912356        87.506682562821311     
   7.4999999999999893       0.93852861665875054       0.30352365979905133       0.15619125109357360        87.539436016221828     
   7.5999999999999890       0.92843096617768583       0.30541924356299388       0.15682353913112254        87.650831828211352     
   7.6999999999999886       0.91639961738099440       0.30837720254728818       0.15761045030336335        87.854910891489737     
   7.7999999999999883       0.90319202229637918       0.31239762266736903       0.15852437802132444        88.158575769804784     
   7.8999999999999879       0.88918035578171073       0.31742208346799716       0.15955389267946590        88.562379457807126     
   7.9999999999999876       0.87443463653903264       0.32334269590225950       0.16070670261078987        89.064759957553136     
   8.0999999999999872       0.85921618960177282       0.33001957888658556       0.16197280587917393        89.661794760317534     
   8.1999999999999869       0.84391600541786194       0.33729992707507955       0.16332451383627641        90.346104094675908     
   8.2999999999999865       0.82903421360375584       0.34503386157709531       0.16471590701353747        91.106511132341922     
   8.3999999999999861       0.81531380850106705       0.35308396615027626       0.16607097099835130        91.927513850242690     
   8.4999999999999858       0.80353357831741301       0.36132886408757392       0.16731113011334697        92.788631787335945     
   8.5999999999999854       0.79405014057988899       0.36966354568271803       0.16840438497816201        93.667343104134403     
   8.6999999999999851       0.78671951221208991       0.37799761083141986       0.16936453384000077        94.543372782935876     
   8.7999999999999847       0.78084955933923827       0.38625118845806145       0.17024326376930990        95.402538915374819     
   8.8999999999999844       0.77553481713134731       0.39435005300818926       0.17110291539624581        96.239065224788874     
   8.9999999999999840       0.77036272616593260       0.40222072185514529       0.17197121124802273        97.052805023504675     
   9.0999999999999837       0.76528240526901603       0.40978596289503078       0.17285135085109435        97.844153032160904     
   9.1999999999999833       0.76025266183090134       0.41696120119187313       0.17374619516023804        98.612931535128439     
   9.2999999999999829       0.75528141704514529       0.42365285970364552       0.17465527935574113        99.358140137090317     
   9.3999999999999826       0.75052348896819698       0.42976022930177737       0.17556721538780454        100.07741990454413     
   9.4999999999999822       0.74665582857874380       0.43518272617260267       0.17643196710880732        100.76462601075441     
   9.5999999999999819       0.74439341368179990       0.43983114506473664       0.17719859556393525        101.40753626036194     
   9.6999999999999815       0.74385691819047817       0.44364083813953925       0.17786029588467595        101.99213731197425     
   9.7999999999999812       0.74464472332428011       0.44658568889994477       0.17844230206640191        102.50762573653253     
   9.8999999999999808       0.74583103318366017       0.44868768701569500       0.17899707265558065        102.95041584552712     
   9.9999999999999805       0.74666879699503730       0.45001978702806128       0.17956667469125193        103.32523077120806     
   10.099999999999980       0.74688689303700628       0.45069400424750861       0.18016830236526474        103.64050444331308     
   10.199999999999980       0.74631521470109752       0.45084493451902891       0.18081516190847643        103.90614819078134     
   10.299999999999979       0.74486509093407471       0.45061805678520839       0.18151717181524701        104.13279997396340     
   10.399999999999979       0.74253532911544118       0.45016139612563894       0.18227959596368726        104.33111833668148     
   10.499999999999979       0.73929595667057346       0.44962046204103207       0.18310997253262759        104.51141976526105     
   10.599999999999978       0.73490574424831967       0.44913540776121863       0.18403289730537567        104.68477088600996     
   10.699999999999978       0.72912002505843987       0.44883907598136397       0.18507942669330488        104.86388539183794     
   10.799999999999978       0.72188668416705348       0.44885441390418201       0.18627225249179738        105.06171937446970     
   10.899999999999977       0.71329871789122290       0.44929027888669310       0.18762536562117965        105.29001522864610     
   10.999999999999977       0.70354202291894496       0.45023563310134290       0.18914393732637066        105.55832132152884     
   11.099999999999977       0.69254056793160446       0.45175935342678114       0.19086443277041334        105.87473120468846     
   11.199999999999976       0.68017337538900990       0.45391106633798906       0.19284082314026746        106.24789727954359     
   11.299999999999976       0.66669520529688786       0.45671769008819174       0.19508316081436272        106.68484359113398     
   11.399999999999975       0.65261926461459796       0.46018143471853712       0.19754687175175178        107.18845780590712     
   11.499999999999975       0.63871510909876428       0.46427990279641429       0.20011069563843600        107.75581320992855     
   11.599999999999975       0.62561960373085013       0.46896865984285230       0.20265199850636542        108.37804855969742     
   11.699999999999974       0.61355490299156368       0.47418710207963766       0.20512080696681151        109.04397976863787     
   11.799999999999974       0.60258270871632391       0.47986095214068586       0.20749813433727204        109.74271382423187     
   11.899999999999974       0.59271876313958805       0.48592050852598739       0.20977409908693972        110.46421387050154     
   11.999999999999973       0.58390566927680299       0.49226880707389264       0.21195196722610976        111.19951129047702     
   12.099999999999973       0.57608751812398185       0.49889952783179958       0.21403510271487436        111.94117992762416     
   12.199999999999973       0.56907807257126042       0.50530049412060962       0.21604723718809918        112.68191973367097     
   12.299999999999972       0.56255311262074559       0.50998043299784190       0.21803353446504392        113.40706144728446     
   12.399999999999972       0.55627541047770757       0.51007594981983706       0.22002714215490643        114.08305240421086     
   12.499999999999972       0.55007616593514774       0.50448830966319069       0.22205328737602872        114.65707975907145     
   12.599999999999971       0.54397856163668268       0.49659240374316727       0.22410922180891424        115.10307327067142     
   12.699999999999971       0.53818413134439802       0.48842671375984592       0.22616248559870070        115.43151900538648     
   12.799999999999971       0.53277095671191410       0.48035676106191505       0.22819839494027122        115.66072299057485     
   12.899999999999970       0.52759271088519788       0.47241732801794245       0.23023793527858682        115.80751617665506     
   12.999999999999970       0.52229575150761676       0.46460896406968311       0.23233812000283569        115.88785838656295     
   13.099999999999969       0.51659533628953480       0.45692965367662763       0.23455239201823644        115.91769162841327     
   13.199999999999969       0.51059645484378779       0.44937727079824519       0.23687161007598995        115.91078585774933     
   13.299999999999969       0.50454128521905450       0.44194971781738929       0.23925677782890345        115.87667072832167     
   13.399999999999968       0.49854260440064846       0.43464493149087430       0.24168777122774235        115.82169290070374     
   13.499999999999968       0.49259837175532134       0.42746088265753857       0.24416493940913522        115.75060697019933     
   13.599999999999968       0.48661615621357951       0.42039557574617686       0.24670742954418698        115.66769467719176     
   13.699999999999967       0.48038971334024949       0.41344704807062899       0.24936204324814989        115.57765177176709     
   13.799999999999967       0.47366291608131778       0.40661336943318460       0.25219722920072363        115.48635064946116     
   13.899999999999967       0.46628490932864053       0.39989264156338533       0.25527335372865456        115.40036089395072     
   13.999999999999966       0.45823592070878516       0.39328299757628205       0.25863130847400045        115.32580660804129     
   14.099999999999966       0.44959855301537516       0.38678260139569265       0.26228876519950889        115.26750757888564     
   14.199999999999966       0.44053486356583305       0.38038964731399222       0.26623347291771343        115.22844991789647     
   14.299999999999965       0.43126557978329078       0.37410235946924947       0.27041772394552022        115.20950388345922     
   14.399999999999965       0.42205755974145143       0.36791899135192291       0.27475481248727329        115.20930538598070     
   14.499999999999964       0.41321442118402507       0.36183782531971070       0.27912221328620840        115.22421953103661     
   14.599999999999964       0.40500208259297416       0.35585717212041940       0.28340117568849099        115.24865525202868     
   14.699999999999964       0.39759512718279755       0.34997537042271870       0.28751018376910964        115.27606585930117     
   14.799999999999963       0.39109035800836722       0.34419078635465178       0.29140355912222221        115.29986902747088     
   14.899999999999963       0.38550592935507055       0.33850181304977395       0.29506955760217557        115.31414685551793     
   14.999999999999963       0.38077530372264867       0.33290687020079246       0.29852709235427421        115.31423951920421     
   15.099999999999962       0.37674674508386685       0.32740440360577844       0.30182053250633195        115.29724479389806     
   15.199999999999962       0.37316374177629569       0.32199288479564464       0.30502292903081940        115.26250836486484     
   15.299999999999962       0.36979256551682071       0.31667081051706292       0.30819963400708517        115.21169408859862     
   15.399999999999961       0.36654498006107050       0.31143670238883148       0.31137424286888682        115.14746496818744     
   15.499999999999961       0.36338943847995570       0.30628910695957584       0.31455432846243375        115.07239254924760     
   15.599999999999961       0.36029408292734494       0.30122659249992895       0.31774805984312682        114.98885307877586     
   15.699999999999960       0.35723561711556373       0.29624775565350459       0.32096213680858043        114.89896382908670     
   15.799999999999960       0.35419480844502216       0.29135121016091176       0.32420272798893685        114.80467758521860     
   15.899999999999959       0.35115898287970576       0.28653559859772559       0.32747454100229978        114.70766024525858     
   15.999999999999959       0.34811481328244531       0.28179958168983105       0.33078250620953253        114.60939648277206     
   16.099999999999959       0.34499383439804249       0.27714184426858063       0.33415021322535382        114.51138879628810     
   16.199999999999960       0.34170024931730208       0.27256109257510608       0.33761411187569301        114.41564621900253     
   16.299999999999962       0.33817419864709780       0.26805605391401099       0.34120373115869118        114.32448588250757     
   16.399999999999963       0.33438674548074088       0.26362547701187555       0.34494218906224405        114.24020022249438     
   16.499999999999964       0.33033705823362319       0.25926813113906155       0.34884491219208719        114.16481856279054     
   16.599999999999966       0.32604751634501405       0.25498280592900324       0.35291893513925993        114.09993533158649     
   16.699999999999967       0.32156194864869136       0.25076831088318746       0.35716083329004272        114.04659818753022     
   16.799999999999969       0.31692588485580303       0.24662347516338989       0.36156309786010865        114.00526598211175     
   16.899999999999970       0.31215441084610723       0.24254714769661362       0.36613018873299630        113.97606318835938     
   16.999999999999972       0.30725237552875129       0.23853819596620354       0.37087143499949338        113.95905663191085     
   17.099999999999973       0.30223346563698172       0.23459550658658571       0.37579173238346925        113.95423627543941     
   17.199999999999974       0.29711621391735682       0.23071798354431733       0.38089296932482153        113.96147709421220     
   17.299999999999976       0.29192413467884010       0.22690455082710165       0.38617313912166085        113.98048913223286     
   17.399999999999977       0.28668361472409765       0.22315414850229601       0.39162735063507681        114.01083780466547     
   17.499999999999979       0.28142302759811999       0.21946573487472171       0.39724787681517854        114.05191626918524     
   17.599999999999980       0.27614075853474712       0.21583828535713817       0.40304758723602280        114.10309554086983     
   17.699999999999982       0.27081918060971433       0.21227079232515611       0.40905411680209208        114.16403906548138     
   17.799999999999983       0.26546801518927043       0.20876226470993750       0.41527725983849634        114.23455214256646     
   17.899999999999984       0.26012067194384325       0.20531172791723371       0.42170601722245810        114.31429106046815     
   17.999999999999986       0.25482841662322298       0.20191822357241362       0.42830813913871851        114.40257108269302     
   18.099999999999987       0.24966338441283134       0.19858080890481106       0.43502373503142905        114.49821275492015     
   18.199999999999989       0.24469867593805167       0.19529855683479247       0.44178192690956747        114.59950492174295     
   18.299999999999990       0.24023363551088273       0.19207055561091677       0.44829611791597834        114.70334969559308     
   18.399999999999991       0.23678493387104269       0.18889590856991301       0.45412363128736738        114.80260800721489     
   18.499999999999993       0.23479246354581021       0.18577373382510848       0.45901060815403133        114.88666796356925     
   18.599999999999994       0.23454749668723796       0.18270316408093290       0.46292186990463291        114.94361783269811     
   18.699999999999996       0.23608318122136271       0.17968334640114525       0.46599196995478553        114.96259729820383     
   18.799999999999997       0.23905013751474893       0.17671344191065874       0.46846142870938673        114.93645088643454     
   18.899999999999999       0.24257642924525649       0.17379262562634623       0.47065882419197269        114.86488462972899     
   19.000000000000000       0.24597572141450808       0.17092008620578261       0.47280291401988933        114.75517754179828     
   19.100000000000001       0.24915535600347988       0.16809502573322566       0.47492489264030557        114.61615124164904     
   19.200000000000003       0.25211671054942658       0.16531665918282221       0.47702734564497351        114.45524894405385     
   19.300000000000004       0.25486650700527680       0.16258421523243785       0.47911083834679430        114.27846917767725     
   19.400000000000006       0.25742410397485427       0.15989693451845097       0.48117158120685521        114.09067509491501     
   19.500000000000007       0.25980571605182007       0.15725407064502825       0.48320620971693606        113.89566008584809     
   19.600000000000009       0.26214431028201568       0.15465488947862197       0.48517418847432164        113.69606240087482     
   19.700000000000010       0.26499048317775686       0.15209866899353014       0.48690856638206481        113.49122536411927     
   19.800000000000011       0.26898776590333218       0.14958469912443351       0.48823925626902753        113.27501115572487     
   19.900000000000013       0.27442816832392697       0.14711228151116265       0.48912641003825813        113.03857613407098     
   20.000000000000014       0.28124103006170059       0.14468072937455442       0.48962113941630347        112.77385831009080     
   20.100000000000016       0.28889009878499144       0.14228936725977309       0.48984527983967757        112.47682522633698     
   20.200000000000017       0.29648767421859362       0.13993753088107486       0.48995608999274770        112.15027207264453     
   20.300000000000018       0.30352213446778509       0.13762456693629607       0.49004085057886049        111.80265099081073     
   20.400000000000020       0.30992025445983407       0.13534983292550090       0.49011621511504161        111.44272121542912     
   20.500000000000021       0.31562937854461859       0.13311269698141306       0.49019702263440784        111.07816900200977     
   20.600000000000023       0.32066237321650581       0.13091253762636323       0.49028782595758336        110.71544918613706     
   20.700000000000024       0.32507799486321975       0.12874874368414757       0.49038453951569538        110.35955962179094     
   20.800000000000026       0.32897862776160719       0.12662071412343498       0.49047344589139269        110.01393407547309     
   20.900000000000027       0.33250985019020524       0.12452785779596963       0.49053032707549782        109.68038445488749     
   21.000000000000028       0.33582329010951539       0.12246959334656257       0.49052745072116749        109.35913187637155     
   21.100000000000030       0.33900621346929960       0.12044534902409426       0.49044836596053887        109.04936101636113     
   21.200000000000031       0.34209689907649676       0.11845456256501810       0.49028618605816365        108.74993999412750     
   21.300000000000033       0.34512241145072237       0.11649668078944028       0.49003732271472866        108.45966873019209     
   21.400000000000034       0.34809274100512050       0.11457116003020693       0.48970553093915159        108.17742967479985     
   21.500000000000036       0.35100393606801933       0.11267746534363157       0.48930058786227643        107.90229771583282     
   21.600000000000037       0.35383786725274335       0.11081507063990571       0.48883643180071334        107.63363052757289     
   21.700000000000038       0.35656276707834539       0.10898345858279831       0.48832915442922215        107.37113625644808     
   21.800000000000040       0.35913596098421091       0.10718212057334728       0.48779516925271743        107.11491271811410     
   21.900000000000041       0.36151679302567630       0.10541055582120389       0.48724824843162118        106.86539510774466     
   22.000000000000043       0.36368324437287808       0.10366827263708543       0.48669598842430556        106.62321413225840     
   22.100000000000044       0.36562921455533665       0.10195478687421697       0.48614226143826889        106.38899630882307     
   22.200000000000045       0.36736464012163744       0.10026962234535468       0.48558785357519157        106.16324959701285     
   22.300000000000047       0.36891582647240723        9.8612311368812072E-002  0.48503019418087490        105.94621763937172     
   22.400000000000048       0.37032060749825468        9.6982393150775656E-002  0.48446416592275182        105.73787390390379     
   22.500000000000050       0.37164054738780544        9.5379415192838338E-002  0.48387947124774289        105.53777337689256     
   22.600000000000051       0.37299573732061153        9.3802932164098643E-002  0.48325391937607326        105.34483810127109     
   22.700000000000053       0.37452228005291438        9.2252506046399632E-002  0.48256243383596892        105.15706991597625     
   22.800000000000054       0.37630298798262846        9.0727706226215551E-002  0.48179202748274647        104.97193904327014     
   22.900000000000055       0.37837641488620610        8.9228109147256637E-002  0.48093925221874023        104.78689643285114     
   23.000000000000057       0.38073469673260824        8.7753298249877112E-002  0.48000911302033139        104.59974619829777     
   23.100000000000058       0.38332662199855921        8.6302863801195062E-002  0.47901322208739061        104.40893123333888     
   23.200000000000060       0.38604965242979117        8.4876402922436631E-002  0.47797009264773449        104.21381840052086     
   23.300000000000061       0.38880588477154282        8.3473519372247201E-002  0.47689616842486487        104.01475291307499     
   23.400000000000063       0.39155188930451962        8.2093823449766193E-002  0.47579881820672137        103.81257068993128     
   23.500000000000064       0.39426885181399263        8.0736931978806381E-002  0.47468141167182953        103.60817403228931     
   23.600000000000065       0.39694461370119505        7.9402467731934143E-002  0.47354623464536405        103.40243116659968     
   23.700000000000067       0.39957695225130968        7.8090060446823067E-002  0.47239404696672971        103.19608997600133     
   23.800000000000068       0.40217075385471013        7.6799345339182840E-002  0.47122458327660904        102.98976227835851     
   23.900000000000070       0.40473891980236182        7.5529963683505397E-002  0.47003647601877663        102.78387650181404     
   24.000000000000071       0.40730189135833594        7.4281563323448721E-002  0.46882742439326613        102.57862196583100     
   24.100000000000072       0.40989821914990743        7.3053796944529029E-002  0.46759252193065770        102.37397621077464     
   24.200000000000074       0.41258815250923370        7.1846323983210419E-002  0.46632362081932183        102.16944625060680     
   24.300000000000075       0.41541901109149260        7.0658808649726290E-002  0.46501447534330287        101.96421900004536     
   24.400000000000077       0.41840428435291011        6.9490921277135576E-002  0.46366377222479260        101.75737390550647     
   24.500000000000078       0.42153031838913607        6.8342337389306299E-002  0.46227399130592911        101.54816051671430     
   24.600000000000080       0.42475497438982890        6.7212737914282047E-002  0.46085142659225342        101.33618753736832     
   24.700000000000081       0.42800854351061995        6.6101809041024390E-002  0.45940596549819901        101.12158133682176     
   24.800000000000082       0.43119520238473164        6.5009242263294062E-002  0.45795096137142638        100.90512060649803     
   24.900000000000084       0.43419235970991910        6.3934734006441354E-002  0.45650361034908588        100.68829496389577     
   25.000000000000085       0.43687758714165581        6.2877985772684025E-002  0.45508196626154140        100.47334479987643     
   25.100000000000087       0.43917126075822394        6.1838704096594692E-002  0.45369962076007403        100.26291947584279     
   25.200000000000088       0.44103814111705275        6.0816600229146159E-002  0.45236514181701432        100.05964111853173     
   25.300000000000090       0.44248546786850107        5.9811390252891533E-002  0.45108178514205421        99.865771586872270     
   25.400000000000091       0.44355906345649848        5.8822794904864216E-002  0.44984727869264279        99.682958476198834     
   25.500000000000092       0.44433971034586600        5.7850539620725804E-002  0.44865357693062557        99.512033240675976     
   25.600000000000094       0.44494284164114317        5.6894354327691590E-002  0.44748642308458375        99.352901735772519     
   25.700000000000095       0.44548883184402249        5.5953973352744352E-002  0.44632963853999708        99.204509973044580     
   25.800000000000097       0.44604027152611669        5.5029135539565822E-002  0.44517486475105694        99.065242116855785     
   25.900000000000098       0.44662492892679212        5.4119583884196083E-002  0.44401868838508179        98.933458344926734     
   26.000000000000099       0.44726899157583005        5.3225065903886717E-002  0.44285774270920775        98.807603904755965     
   26.100000000000101       0.44799341872411924        5.2345332895455718E-002  0.44168924993766506        98.686208324595825     
   26.200000000000102       0.44881425367721961        5.1480140731121581E-002  0.44051090607413751        98.567931391144739     
   26.300000000000104       0.44974440945453031        5.0629248693195343E-002  0.43932065614515892        98.451536251992309     
   26.400000000000105       0.45079040190567077        4.9792420901576151E-002  0.43811721840382800        98.335961094421435     
   26.500000000000107       0.45197382695552440        4.8969424572707344E-002  0.43689718475011374        98.220226368728504     
   26.600000000000108       0.45342836087414479        4.8160031178636785E-002  0.43564161916703686        98.102969974588419     
   26.700000000000109       0.45533037205810900        4.7364015888221200E-002  0.43432608145463703        97.981686010289565     
   26.800000000000111       0.45777205796308207        4.6581157553403932E-002  0.43293833123885700        97.853254981655780     
   26.900000000000112       0.46077091003474446        4.5811238736952690E-002  0.43147638652879783        97.714701289197876     
   27.000000000000114       0.46426712708887896        4.5054045560586266E-002  0.42994770162274004        97.563758927601540     
   27.100000000000115       0.46812387435805708        4.4309367689853822E-002  0.42836810791345498        97.399361187374609     
   27.200000000000117       0.47212639402373446        4.3576998262382337E-002  0.42676142201327683        97.222029025749436     
   27.300000000000118       0.47601549818743760        4.2856733833598330E-002  0.42515619897943518        97.034118828613089     
   27.400000000000119       0.47965007545327959        4.2148374328855341E-002  0.42356910569718076        96.839245964895284     
   27.500000000000121       0.48300395632604820        4.1451722978305454E-002  0.42200496542145643        96.640896026269800     
   27.600000000000122       0.48605312990914867        4.0766586275702760E-002  0.42046854373274328        96.442122303411296     
   27.700000000000124       0.48878711737559910        4.0092773847859885E-002  0.41896325534517342        96.245569802633995     
   27.800000000000125       0.49120490360094210        3.9430098609920687E-002  0.41749147460715724        96.053435523330378     
   27.900000000000126       0.49331500803579664        3.8778376376319604E-002  0.41605441517799596        95.867514531937246     
   28.000000000000128       0.49513338712368382        3.8137426197572336E-002  0.41465221609939273        95.689161467208606     
   28.100000000000129       0.49668940666346950        3.7507069993020080E-002  0.41328319751100351        95.519320745077877     
   28.200000000000131       0.49799139074967008        3.6887132654931133E-002  0.41194781096335858        95.358596863185937     
   28.300000000000132       0.49907900902010327        3.6277441979793476E-002  0.41064267403909027        95.207307990622908     
   28.400000000000134       0.49975880744266654        3.5677828604900826E-002  0.40939237805440576        95.066299420237584     
   28.500000000000135       0.50124722268240862        3.5088125967153917E-002  0.40805588436174450        94.933665445816757     
   28.600000000000136       0.50475996954220459        3.4508170256712795E-002  0.40650252096911038        94.795086983870235     
   28.700000000000138       0.51010326930078942        3.3937800371281662E-002  0.40476750274026752        94.636711905639316     
   28.800000000000139       0.51733460569925471        3.3376857870781200E-002  0.40285941187997376        94.447621818871099     
   28.900000000000141       0.52644472917118557        3.2825186992702468E-002  0.40079220828564727        94.218774937236276     
   29.000000000000142       0.53744833097500033        3.2282638204364660E-002  0.39857725304899011        93.942768689423517     
   29.100000000000144       0.55035472208143899        3.1749101085672929E-002  0.39622562116138538        93.613485567101861     
   29.200000000000145       0.56518488842594583        3.1225754463331104E-002  0.39374707803479347        93.225823683695950     
   29.300000000000146       0.58183775124563997        3.0747431902834299E-002  0.39115627730118097        92.776029936935856     
   29.400000000000148       0.60043534308246982        3.1446124675663920E-002  0.38845707440759092        92.265019362240565     
   29.500000000000149       0.61941520927498839        3.4395549624568832E-002  0.38571497151407996        91.718451333340411     
   29.600000000000151       0.63735521216671254        3.6400469028373697E-002  0.38298577896889818        91.149656815851102     
   29.700000000000152       0.65448344577543516        3.8314665921531182E-002  0.38026344279005236        90.564609873543631     
   29.800000000000153       0.67076547868908920        4.0058381700220289E-002  0.37755161433989087        89.971013064792544     
   29.900000000000155       0.68580602202981611        4.1766548709030363E-002  0.37486762321305239        89.376835175369706     
   30.000000000000156       0.69870521025447463        4.3515308068483714E-002  0.37225052714174478        88.795211633794850     
   30.100000000000158       0.70882650842174488        4.5399737172646108E-002  0.36973595011803911        88.244045394709360     
   30.200000000000159       0.71600551472719487        4.7519933243610604E-002  0.36734681201969149        87.742077188206977     
   30.300000000000161       0.72050320885814845        4.9990057984322225E-002  0.36508934195139442        87.305431712472924     
   30.400000000000162       0.72296962397287423        5.2938208814124109E-002  0.36294637967433241        86.945097063731694     
   30.500000000000163       0.72443391317690409        5.6501662989471499E-002  0.36087014134381840        86.665005078624674     
   30.600000000000165       0.72602190938139866        6.0812567836563532E-002  0.35879765405523917        86.461211395705917     
   30.700000000000166       0.72849193754091546        6.5979185743328769E-002  0.35668458644425549        86.324374582521187     
   30.800000000000168       0.73218942515342478        7.2066166403555579E-002  0.35451177047070692        86.243688619596625     
   30.900000000000169       0.73714572239660636        7.9079226454914275E-002  0.35227816722979405        86.209276604417155     
   31.000000000000171       0.74308174657431081        8.6960116546997396E-002  0.34999783660437378        86.213759086238497     
   31.100000000000172       0.74940687938901418        9.5595550044916280E-002  0.34769797231182420        86.253568600751208     
   31.200000000000173       0.75567275562057723       0.10482609647106518       0.34539864528258546        86.328733027032754     
   31.300000000000175       0.76177625342597410       0.11444669187287215       0.34310451397327979        86.439134324074459     
   31.400000000000176       0.76766446169221569       0.12422306821718339       0.34081799016777770        86.582779885844602     
   31.500000000000178       0.77331341338694770       0.13391053832871069       0.33854063416979119        86.755734539391000     
   31.600000000000179       0.77870982325058558       0.14325408692063699       0.33627538668494056        86.952212859183120     
   31.700000000000180       0.78401805074763187       0.15198184564681524       0.33401759598975977        87.164188759002883     
   31.800000000000182       0.78952820621750130       0.15980393929155473       0.33175661561799435        87.380044701017667     
   31.900000000000183       0.79533943611460933       0.16643216416112536       0.32948977010194563        87.585524122353675     
   32.000000000000185       0.80131312898773588       0.17163291825182386       0.32722422628773556        87.766272388742237     
   32.100000000000186       0.80708591214756020       0.17529956373179112       0.32497635649838225        87.910619655119277     
   32.200000000000188       0.81216859762885540       0.17751138664972951       0.32276838359338522        88.012282548219630     
   32.300000000000189       0.81619346808006543       0.17851815330315632       0.32061923941777853        88.071434868824980     
   32.400000000000190       0.81903289959091186       0.17863719568214628       0.31853942327325468        88.093292918184900     
   32.500000000000192       0.82077273735461387       0.17816336065276372       0.31653049261971045        88.085640201883194     
   32.600000000000193       0.82169971169438483       0.17733831018355864       0.31458321948794882        88.056302565101134     
   32.700000000000195       0.82230472998047388       0.17635514832372864       0.31267654899279579        88.011055698964995     
   32.800000000000196       0.82344731806007310       0.17537863431482367       0.31076979153978851        87.951395324666052     
   32.900000000000198       0.82596839364358687       0.17456940118794234       0.30882346182416348        87.873213362273589     
   33.000000000000199       0.83018517996355934       0.17410819287399182       0.30682414733506841        87.770561743133300     
   33.100000000000200       0.83594330934080996       0.17421621952861374       0.30477876631310130        87.640186842762759     
   33.200000000000202       0.84256603485736148       0.17516078237724125       0.30271267500145532        87.485379059683510     
   33.300000000000203       0.84943250499675171       0.17723914486050968       0.30064747310004397        87.317509719795808     
   33.400000000000205       0.85640360526662029       0.18073774479352941       0.29858698318404370        87.151798775426485     
   33.500000000000206       0.86345726510313903       0.18585516424865078       0.29653114571735795        87.003804035595863     
   33.600000000000207       0.87053496095618943       0.19262174846058358       0.29448176049903807        86.887843941232433     
   33.700000000000209       0.87760760707786223       0.20087736343997548       0.29244019733142584        86.815230755642332     
   33.800000000000210       0.88436134436948421       0.21032703445209167       0.29041778270322938        86.793651871116268     
   33.900000000000212       0.89008605130884799       0.22063370889196882       0.28844039616291445        86.830123511422528     
   34.000000000000213       0.89428031209086145       0.23149265137378056       0.28652945684618747        86.931869211184591     
   34.100000000000215       0.89693339076826195       0.24265989558014073       0.28469092778965255        87.103715191404106     
   34.200000000000216       0.89846279269802531       0.25394903148950188       0.28291396603901559        87.345700140796410     
   34.300000000000217       0.89962557099250884       0.26522135513741402       0.28117151114261557        87.651373702489167     
   34.400000000000219       0.90083725134328474       0.27637032741148226       0.27944745682140298        88.009156528081576     
   34.500000000000220       0.90208655957483530       0.28730218676803637       0.27774207734346118        88.407443381978794     
   34.600000000000222       0.90338126145322584       0.29791590497217785       0.27605488809609380        88.835716380422639     
   34.700000000000223       0.90469416741355735       0.30808122717664743       0.27438678282952333        89.284208001247251     
   34.800000000000225       0.90616457385604887       0.31761485835139913       0.27273228166673552        89.743028437787231     
   34.900000000000226       0.90845676909187989       0.32626178736506400       0.27106567968702394        90.198638774410369     
   35.000000000000227       0.91219484071502677       0.33370426911876006       0.26936363584577550        90.631156845286895     
   35.100000000000229       0.91738981410263454       0.33964393948574806       0.26762608759165118        91.018531967656060     
   35.200000000000230       0.92355959953422395       0.34394870841354569       0.26586894825201601        91.342177993671513     
   35.300000000000232       0.92974277576970143       0.34673286182015733       0.26412221025601790        91.592465424545836     
   35.400000000000233       0.93507747480177561       0.34831247775687391       0.26241321592560363        91.771489114050041     
   35.500000000000234       0.93919601706909162       0.34910063788461665       0.26075545924943044        91.889579476685711     
   35.600000000000236       0.94203017976886516       0.34952346013851787       0.25915399127416416        91.961377219006181     
   35.700000000000237       0.94379030568908551       0.34998767498553912       0.25760460454045514        92.002819588253161     
   35.800000000000239       0.94491958399679510       0.35087628204281107       0.25609390950787064        92.028700491782956     
   35.900000000000240       0.94623054019738451       0.35253784077803274       0.25459373033045718        92.050402766376493     
   36.000000000000242       0.94877022414039347       0.35524661607256375       0.25306707019502162        92.073183785756882     
   36.100000000000243       0.95321953172791940       0.35913539105820669       0.25149176773122406        92.096684977232400     
   36.200000000000244       0.95966210344390823       0.36416059087628977       0.24986704249275407        92.118254940335703     
   36.300000000000246       0.96768059720077293       0.37014154368509283       0.24820659029782488        92.135796140254484     
   36.400000000000247       0.97635682353577691       0.37683855308074604       0.24653619147234368        92.150431785332444     
   36.500000000000249       0.98471186657961673       0.38401381485272190       0.24488223976544196        92.168180193867698     
   36.600000000000250       0.99221417079184204       0.39145760240181177       0.24325976624129567        92.197330307306245     
   36.700000000000252       0.99866623194614301       0.39899289420589690       0.24167568831277458        92.245154840178401     
   36.800000000000253        1.0040686550038036       0.40646709732975922       0.24013189271169838        92.316571515497174     
   36.900000000000254        1.0086347931273911       0.41373964152438686       0.23862394434282555        92.413185389617865     
   37.000000000000256        1.0127530386846775       0.42066990318532826       0.23714140635330394        92.532419349930450     
   37.100000000000257        1.0167593059803151       0.42710890455020206       0.23567439144325739        92.667637836018912     
   37.200000000000259        1.0208184514914818       0.43289977471520258       0.23421757471172694        92.809903787171834     
   37.300000000000260        1.0249879362308238       0.43788660841568927       0.23276878380088889        92.949357838585428     
   37.400000000000261        1.0292217879292473       0.44192220192730591       0.23132900226182720        93.076252005314601     
   37.500000000000263        1.0333647193297908       0.44488378779578586       0.22990241425903954        93.181911474365307     
   37.600000000000264        1.0372843886891592       0.44669844206936504       0.22849276237242472        93.259394806275012     
   37.700000000000266        1.0409608627634002       0.44736220822180373       0.22710077788970945        93.303123720324095     
   37.800000000000267        1.0443956939006258       0.44694545455294143       0.22572661544473152        93.308936127498328     
   37.900000000000269        1.0475825965935355       0.44558103298616414       0.22437080407256188        93.274576949654005     
   38.000000000000270        1.0505155642315593       0.44344202888911854       0.22303415916545286        93.199928705688507     
   38.100000000000271        1.0531502204536844       0.44071548056073845       0.22171871549718106        93.087037968290076     
   38.200000000000273        1.0553033118152726       0.43758216112002757       0.22043053819146649        92.940425989663382     
   38.300000000000274        1.0567565606803520       0.43420809954749473       0.21917701030942952        92.767372378926510     
   38.400000000000276        1.0573874730177368       0.43074412121577099       0.21796307240021623        92.576839429407400     
   38.500000000000277        1.0571503565603748       0.42733011444233099       0.21679164790377373        92.378371337058326     
   38.600000000000279        1.0560730673481933       0.42410099166841470       0.21566354852681771        92.181337451209444     
   38.700000000000280        1.0542413120854757       0.42119226622643513       0.21457768941365349        91.994361547612314     
   38.800000000000281        1.0515203666408197       0.41874271800437091       0.21354033925218238        91.826007147377297     
   38.900000000000283        1.0476604036898347       0.41689250244522924       0.21256305866607908        91.686633909880769     
   39.000000000000284        1.0426336533553464       0.41577439500173741       0.21165145053764203        91.587284206629406     
   39.100000000000286        1.0366184159420972       0.41550151230117760       0.21080400350434669        91.537751294941515     
   39.200000000000287        1.0299949785717772       0.41615355024033751       0.21001015841712570        91.544947089696137     
   39.300000000000288        1.0233356547881345       0.41776304368227940       0.20924911123872669        91.611467484186491     
   39.400000000000290        1.0173485479414583       0.42030797020209337       0.20849199022630047        91.734478509333996     
   39.500000000000291        1.0126043679936572       0.42371376479671874       0.20771450148067480        91.905989709408885     
   39.600000000000293        1.0093338666098324       0.42786500591282717       0.20690622286072360        92.115361568752888     
   39.700000000000294        1.0074439964634689       0.43262084020895186       0.20606928503395761        92.351993919944576     
   39.800000000000296        1.0065268185870058       0.43783616967555672       0.20521678430452100        92.607593442467817     
   39.900000000000297        1.0059845841519126       0.44337858855324075       0.20436806538068303        92.877923875277347     
   40.000000000000298        1.0055032514498923       0.44913230143077765       0.20353318254484709        93.161940706183017     
   40.100000000000300        1.0050548380588271       0.45499761582228138       0.20271279532299555        93.458587792413212     
   40.200000000000301        1.0046010163099270       0.46088880423059281       0.20190804907861468        93.766256196134890     
   40.300000000000303        1.0041297465291350       0.46673150692831916       0.20111928733702028        94.082946753675515     
   40.400000000000304        1.0036380756047327       0.47246029375233639       0.20034656776676479        94.406328148799844     
   40.500000000000306        1.0031814840391367       0.47801743665446095       0.19958790703083565        94.733671882325481     
   40.600000000000307        1.0029383433794650       0.48335237448348151       0.19883691944382459        95.061243533783937     
   40.700000000000308        1.0030720216189919       0.48842311609831157       0.19808746564352062        95.384029080155557     
   40.800000000000310        1.0036130993848529       0.49319307710930343       0.19733779096186810        95.696785205918260     
   40.900000000000311        1.0044716501941515       0.49762545704768063       0.19659015059687240        95.995064549155188     
   41.000000000000313        1.0054735641500694       0.50168255801248884       0.19584964950668668        96.275850123334976     
   41.100000000000314        1.0061451401632606       0.50532620210948442       0.19513148740564423        96.538543708556503     
   41.200000000000315        1.0057699398580513       0.50851841287936339       0.19446059391988876        96.787147070503465     
   41.300000000000317        1.0038916338833499       0.51122244955337226       0.19385650132043589        97.029225479551769     
   41.400000000000318        1.0004619035205022       0.51340412762594989       0.19332695331952043        97.272463563639107     
   41.500000000000320       0.99580527328126178       0.51503338425517786       0.19286564590678140        97.521710610433217     
   41.600000000000321       0.99061030351668855       0.51608597208285256       0.19244876721370957        97.776700921304524     
   41.700000000000323       0.98583499110221018       0.51654504141486413       0.19203731652563308        98.030532411252139     
   41.800000000000324       0.98229682342906266       0.51640256057851353       0.19159632212858846        98.270262676650887     
   41.900000000000325       0.98036769731877871       0.51566024185604398       0.19110964628007301        98.480732607414097     
   42.000000000000327       0.97999176405531963       0.51432986874372488       0.19057827366336541        98.648457348963333     
   42.100000000000328       0.98071198560209338       0.51243301545350040       0.19001719549715812        98.764608904686582     
   42.200000000000330       0.98171046800014183       0.51000011689098035       0.18945312158743624        98.827259182672819     
   42.300000000000331       0.98228021275774047       0.50706899068293443       0.18890977294089792        98.841456206416140     
   42.400000000000333       0.98208585367470647       0.50368307685934643       0.18839998055019641        98.815589673887857     
   42.500000000000334       0.98098017435313611       0.49988949713267739       0.18793153943547447        98.758820894127126     
   42.600000000000335       0.97899883115651520       0.49573720607741090       0.18750641985499863        98.679581387379883     
   42.700000000000337       0.97634516454806131       0.49127534304724668       0.18712000850593877        98.584375776999806     
   42.800000000000338       0.97339140426958026       0.48655189892902601       0.18675985121308925        98.476831096636872     
   42.900000000000340       0.97058976801575281       0.48161273999947296       0.18640859623160647        98.357149853337333     
   43.000000000000341       0.96828820733161003       0.47650097070145925       0.18605184797186203        98.222822998698987     
   43.100000000000342       0.96666729549281938       0.47125663333448520       0.18568149605043291        98.070254740995608     
   43.200000000000344       0.96576322162113593       0.46591665212760203       0.18529502887250021        97.896106026001263     
   43.300000000000345       0.96547159201325528       0.46051503720757320       0.18489526463234476        97.698307949032468     
   43.400000000000347       0.96555971917378891       0.45508294777996222       0.18448977169933969        97.476828844148088     
   43.500000000000348       0.96566314967069078       0.44964840329595274       0.18409112438820557        97.234274391402977     
   43.600000000000350       0.96537929640048503       0.44423641645890299       0.18371409681765807        96.976113493363655     
   43.700000000000351       0.96442464865126754       0.43886944932287403       0.18337044915931311        96.709765777322460     
   43.800000000000352       0.96267944518258741       0.43356781236988112       0.18306700632563322        96.443065564691480     
   43.900000000000354       0.96017449053697235       0.42834998052190992       0.18280532839972621        96.182957823983628     
   44.000000000000355       0.95708827576073108       0.42323285435478308       0.18258075687671124        95.934499691094018     
   44.100000000000357       0.95369576140795465       0.41823190785968439       0.18238355852627114        95.700194259341202     
   44.200000000000358       0.95018212572487637       0.41336121588621261       0.18220642710469806        95.480363657086087     
   44.300000000000360       0.94661604380416231       0.40863335056582023       0.18204622489205391        95.274549443188519     
   44.400000000000361       0.94303346221002504       0.40405932792358595       0.18190086884946860        95.082103406246375     
   44.500000000000362       0.93943217171992921       0.39964915159758119       0.18176984400376481        94.902484181491914     
   44.600000000000364       0.93577302043204358       0.39541199170652314       0.18165444392018973        94.735512613822067     
   44.700000000000365       0.93198499185875350       0.39135603384073042       0.18155788944947246        94.581556074662302     
   44.800000000000367       0.92785180649124066       0.38748834229311047       0.18149082317230322        94.442019495964246     
   44.900000000000368       0.92310811482076682       0.38381462454375032       0.18146784365848267        94.320204905976098     
   45.000000000000369       0.91765406669802985       0.38033899491027567       0.18149748142044386        94.220283506016955     
   45.100000000000371       0.91155698167597210       0.37706367682465736       0.18158063092734794        94.145817967000468     
   45.200000000000372       0.90504125741172792       0.37398871100672587       0.18170920862012810        94.098597941279863     
   45.300000000000374       0.89847733062685975       0.37111165745594632       0.18186522968584307        94.077765781004473     
   45.400000000000375       0.89235936899051016       0.36842731667920520       0.18202166161918465        94.079190167584983     
   45.500000000000377       0.88713542736554274       0.36592748274953768       0.18215265057545268        94.095621445652526     
   45.600000000000378       0.88304844677769567       0.36360075723212903       0.18224336793220444        94.118346423168759     
   45.700000000000379       0.88013257217255458       0.36143239550801587       0.18229021857547312        94.139048098240693     
   45.800000000000381       0.87821646090766781       0.35940442989208710       0.18229984025490303        94.151288352922933     
   45.900000000000382       0.87695287940507005       0.35749638684196328       0.18228700902162942        94.151612115252917     
   46.000000000000384       0.87571142366034216       0.35568608146238267       0.18227970101724883        94.140643599834974     
   46.100000000000385       0.87366626288846927       0.35395022389867786       0.18231735188317677        94.124509646414779     
   46.200000000000387       0.87027169592866849       0.35226509557626451       0.18243170614404189        94.113514350504914     
   46.300000000000388       0.86546560054536170       0.35060723262151788       0.18263513148671701        94.118106897538581     
   46.400000000000389       0.85959808226903445       0.34895409722148824       0.18291788351752475        94.145442438913889     
   46.500000000000391       0.85342797058736386       0.34728472477036160       0.18324172100950933        94.196801724574669     
   46.600000000000392       0.84782079329096760       0.34558031686377894       0.18355589078761153        94.266386686791392     
   46.700000000000394       0.84334371541456565       0.34382477857813154       0.18382531340483735        94.343635503859190     
   46.800000000000395       0.84020908196185240       0.34200499322277483       0.18403621869394277        94.416804699340972     
   46.900000000000396       0.83831572066099691       0.34011052321847696       0.18419252116500506        94.475757564630896     
   47.000000000000398       0.83725574477977338       0.33813333879197371       0.18431347752519925        94.514107268858368     
   47.100000000000399       0.83633865196455315       0.33606775498832764       0.18443202368007630        94.530862201260589     
   47.200000000000401       0.83485731242679673       0.33391029967030456       0.18458371402468693        94.530806836172147     
   47.300000000000402       0.83238936003861608       0.33165956805957403       0.18479359877225793        94.522240275296397     
   47.400000000000404       0.82883314007652320       0.32931605529259000       0.18507314856482057        94.513929261522904     
   47.500000000000405       0.82437974891037014       0.32688195922355973       0.18541814837921164        94.512687701010535     
   47.600000000000406       0.81949260809345892       0.32436098251122958       0.18580578564379191        94.521569598804760     
   47.700000000000408       0.81485273504832656       0.32175812897341877       0.18619574120827018        94.538600964699157     
   47.800000000000409       0.81107910119611160       0.31907950444041910       0.18654893084570909        94.556948542875944     
   47.900000000000411       0.80850165244778838       0.31633212116962334       0.18684398994881182        94.567428400940031     
   48.000000000000412       0.80716012235415524       0.31352372013709862       0.18707715792601790        94.561211647383530     
   48.100000000000414       0.80682044659754693       0.31066261110177823       0.18725955366466360        94.531945739204772     
   48.200000000000415       0.80695620416339986       0.30775753491584501       0.18741680682097053        94.477495624821387     
   48.300000000000416       0.80704647095820548       0.30481755053334758       0.18757450773300838        94.400573981303253     
   48.400000000000418       0.80684693374843319       0.30185194828637923       0.18774544302379942        94.306385764686326     
   48.500000000000419       0.80624847686348711       0.29887019178726276       0.18793658797783894        94.200551133531036     
   48.600000000000421       0.80520995105661031       0.29588188349673278       0.18815210876639074        94.088338935981866     
   48.700000000000422       0.80375735253945835       0.29289679109567035       0.18839286557955359        93.974229245187374     
   48.800000000000423       0.80198181698454107       0.28992472937726799       0.18865592862127578        93.861526425578319     
   48.900000000000425       0.79993223308955164       0.28697517323480426       0.18894018859572084        93.752412631349543     
   49.000000000000426       0.79759185889722028       0.28405676453418893       0.18924796360912108        93.648738432130884     
   49.100000000000428       0.79498156687028143       0.28117688868824636       0.18957913737839485        93.552109284026443     
   49.200000000000429       0.79216188946929023       0.27834126202609544       0.18993074253943654        93.463598294971021     
   49.300000000000431       0.78923913881550956       0.27555357721160101       0.19029643237572480        93.383481771179632     
   49.400000000000432       0.78633742020909370       0.27281559870571498       0.19066817675010903        93.311119340576198     
   49.500000000000433       0.78379190528640919       0.27012731876335921       0.19102470793970128        93.244380603361861     
   49.600000000000435       0.78208128993132597       0.26748695744283280       0.19133604348827984        93.178065671797484     
   49.700000000000436       0.78146530767608602       0.26489093362674604       0.19158628816719075        93.104936122454589     
   49.800000000000438       0.78192314666214791       0.26233403732508032       0.19177637179516274        93.018139575888100     
   49.900000000000439       0.78317270764186786       0.25980994729353835       0.19192104439104188        92.913211702500774     
   50.000000000000441       0.78469467859376796       0.25731187756194768       0.19204656155973537        92.789619335309808     
   50.100000000000442       0.78616829245414499       0.25483319846114022       0.19216915185671155        92.650460608508510     
   50.200000000000443       0.78757721360205135       0.25236806464452494       0.19228964453671860        92.499188339532679     
   50.300000000000445       0.78891199747868479       0.24991175753586156       0.19240824386884114        92.338663200866336     
   50.400000000000446       0.79017498325029589       0.24746076569568498       0.19252438113587347        92.171155706592131     
   50.500000000000448       0.79137271671601106       0.24501240163560259       0.19263722955128013        91.998511944642289     
   50.600000000000449       0.79252201645239428       0.24256497883757613       0.19274555976255528        91.822086602472766     
   50.700000000000450       0.79365227070629529       0.24011757913565163       0.19284776155702799        91.642816558461135     
   50.800000000000452       0.79478777671848222       0.23767007072432397       0.19294283477237412        91.461235286593961     
   50.900000000000453       0.79593383556024233       0.23522301123228259       0.19303098769619567        91.277664168259150     
   51.000000000000455       0.79706569103484026       0.23277755371989980       0.19311406851837701        91.092461882659677     
   51.100000000000456       0.79819070127164682       0.23033541023272358       0.19319232370404898        90.906012094466362     
   51.200000000000458       0.79891921373813379       0.22789876908520829       0.19328591250425281        90.719697257101856     
   51.300000000000459       0.79838063037311136       0.22547024352779430       0.19344281268878738        90.540033265811616     
   51.400000000000460       0.79597241887229486       0.22305282926623807       0.19370577996052310        90.378429416518671     
   51.500000000000462       0.79162062468940841       0.22064984743463670       0.19409595464587096        90.246819565192197     
   51.600000000000463       0.78569726181146493       0.21826515825975812       0.19460758525033833        90.153816363752398     
   51.700000000000465       0.77898331790047703       0.21590423390180380       0.19519873764630649        90.102021021474627     
   51.800000000000466       0.77254420630404042       0.21357463039854166       0.19579440186204330        90.086298101820418     
   51.900000000000468       0.76729628259571925       0.21128555075434616       0.19632493555912817        90.094486663149539     
   52.000000000000469       0.76375590819844374       0.20904764111591934       0.19675266496497534        90.111258084976882     
   52.100000000000470       0.76208754090672925       0.20687288169814677       0.19706781343923335        90.121582149253413     
   52.200000000000472       0.76210665574462499       0.20477458157171916       0.19728322920579180        90.113420730129619     
   52.300000000000473       0.76324911274763041       0.20276743730266975       0.19743122152504594        90.080048897797440     
   52.400000000000475       0.76504212248606629       0.20086760650053051       0.19753685037097313        90.020610905721028     
   52.500000000000476       0.76736793820075755       0.19909278152211340       0.19760567215621563        89.936611721452934     
   52.600000000000477       0.77013456498882271       0.19746191986682127       0.19764207564690278        89.830168267177768     
   52.700000000000479       0.77320541637614459       0.19599336139831666       0.19765288172345716        89.704116087512872     
   52.800000000000480       0.77641279791197837       0.19470316223971487       0.19764652606560054        89.562133046520387     
   52.900000000000482       0.77951618711384008       0.19360419827262149       0.19763505056123062        89.408912456720202     
   53.000000000000483       0.78216727763602423       0.19270477268741515       0.19763616612765852        89.250739592036453     
   53.100000000000485       0.78408997087111387       0.19200717284978311       0.19766531471380744        89.095374579415946     
   53.200000000000486       0.78520430363078975       0.19150614406867411       0.19772951266526143        88.950497169418512     
   53.300000000000487       0.78559973217559687       0.19118761722281175       0.19782746950613941        88.822235034336614     
   53.400000000000489       0.78552741191928621       0.19102975619523152       0.19794856512878842        88.714075085607575     
   53.500000000000490       0.78538985239509551       0.19100517360445499       0.19807242306474507        88.626049113477421     
   53.600000000000492       0.78560386443338903       0.19108233968399449       0.19817647945991032        88.554554211279509     
   53.700000000000493       0.78642565606847015       0.19122735114683598       0.19824641116890587        88.493648320340668     
   53.800000000000495       0.78792020307892818       0.19140583951905346       0.19827809658514814        88.436885498047232     
   53.900000000000496       0.78997212046460619       0.19158490539292430       0.19827661357582946        88.378838494321428     
   54.000000000000497       0.79229852327133299       0.19173495409476007       0.19825515579325026        88.316285343266557     
   54.100000000000499       0.79443935751983252       0.19183130909774604       0.19823571218046251        88.249180740309043     
   54.200000000000500       0.79592695833231120       0.19185550584971323       0.19824206843220424        88.181024563419527     
   54.300000000000502       0.79651724243217592       0.19179613789805164       0.19828894748188455        88.117305592051181     
   54.400000000000503       0.79622271647067411       0.19164741352903264       0.19837896591568085        88.063285030717111     
   54.500000000000504       0.79528670034324400       0.19140733454503861       0.19850179780722266        88.022211009308435     
   54.600000000000506       0.79420538573434818       0.19107736886341034       0.19863118800330745        87.993910031373630     
   54.700000000000507       0.79376140909386450       0.19066206546567785       0.19872326132399171        87.973234823263354     
   54.800000000000509       0.79462361056542441       0.19016870174035008       0.19874139041126232        87.950051350220846     
   54.900000000000510       0.79700192456773089       0.18960690581995512       0.19867575539937812        87.912819008010857     
   55.000000000000512       0.80069224930918448       0.18898871724775840       0.19853756796443184        87.852255561074713     
   55.100000000000513       0.80506022585191117       0.18832903017382671       0.19835617918991000        87.764198093250528     
   55.200000000000514       0.80927295627672713       0.18764512952603726       0.19816844781418672        87.651364563066082     
   55.300000000000516       0.81278835101673452       0.18695563425617673       0.19799964281805923        87.521686387539205     
   55.400000000000517       0.81541128372534699       0.18627973595486905       0.19786136201782223        87.384498184001686     
   55.500000000000519       0.81714205149891805       0.18563652046124496       0.19775721281721120        87.248385174491389     
   55.600000000000520       0.81818306712081235       0.18504431640032079       0.19768116885021386        87.119773833868422     
   55.700000000000522       0.81892906551068156       0.18451997481649129       0.19761663112194744        87.001789072761937     
   55.800000000000523       0.81977585956094556       0.18407796446625840       0.19754525116446181        86.893912381096143     
   55.900000000000524       0.82094989232302173       0.18372930181640171       0.19745597084126576        86.793492566059101     
   56.000000000000526       0.82254865967633373       0.18347984841967699       0.19734357449719275        86.697242774320500     
   56.100000000000527       0.82455832812219909       0.18332794257002494       0.19720786642107399        86.602188089329090     
   56.200000000000529       0.82685317376313994       0.18326390546072019       0.19705364992564722        86.506379499295065     
   56.300000000000530       0.82924464710219892       0.18327134743361506       0.19688861579147030        86.409359517286234     
   56.400000000000531       0.83162222243788453       0.18332864125765566       0.19671729334214436        86.311764469280547     
   56.500000000000533       0.83395597564524915       0.18341080418403130       0.19654093681362114        86.214325277110106     
   56.600000000000534       0.83623362734075113       0.18349153948908969       0.19636030885687417        86.117510578331476     
   56.700000000000536       0.83846792144467841       0.18354550270902639       0.19617526948886430        86.021422248508259     
   56.800000000000537       0.84069932567193151       0.18355029732519235       0.19598452854592818        85.925697874776603     
   56.900000000000539       0.84306544914048187       0.18348849568714268       0.19578249016004440        85.829169928699500     
   57.000000000000540       0.84572038235080682       0.18334919565729782       0.19556256933115909        85.729466215107294     
   57.100000000000541       0.84870507403299722       0.18312904228810603       0.19532274762092877        85.623830381200605     
   57.200000000000543       0.85195684428826524       0.18283232222821405       0.19506508373537787        85.510108906330927     
   57.300000000000544       0.85530778403562713       0.18247043537296964       0.19479578505262918        85.387524292597874     
   57.400000000000546       0.85854102760401274       0.18206089787820215       0.19452316507869324        85.257160146510429     
   57.500000000000547       0.86156004370179284       0.18162566023674276       0.19425107931544630        85.121407771038136     
   57.600000000000549       0.86436813039978067       0.18118989767076352       0.19397966070007380        84.982709942437623     
   57.700000000000550       0.86696224594243043       0.18078110168678188       0.19370964436295326        84.843358028270401     
   57.800000000000551       0.86934133740241004       0.18042854653503110       0.19344214159277309        84.705552989605877     
   57.900000000000553       0.87152236636519276       0.18016275708099522       0.19317774801943291        84.571365573896699     
   58.000000000000554       0.87341124083934252       0.18001499635089241       0.19292158852787777        84.442998788105953     
   58.100000000000556       0.87475504085468636       0.18001663104233467       0.19268562668613035        84.324055375966964     
   58.200000000000557       0.87538523809736168       0.18019768370206968       0.19247903553912499        84.219592248005000     
   58.300000000000558       0.87532544080517538       0.18058570060074103       0.19230313546575797        84.134587178926822     
   58.400000000000560       0.87476361984029993       0.18119991975824562       0.19215158924145886        84.072538316199768     
   58.500000000000561       0.87405667683492760       0.18206542530615930       0.19200935480896236        84.034440006750856     
   58.600000000000563       0.87367997170019440       0.18311797373508559       0.19185481719914546        84.017716788560804     
   58.700000000000564       0.87403820291017675       0.18429000499172898       0.19166912610002784        84.015748537943296     
   58.800000000000566       0.87525962827898651       0.18558992352600193       0.19144591732278082        84.020890677898393     
   58.899999999999977       0.87735036149722423       0.18704196054734784       0.19118441137893019        84.026589098395675     
