   0.0000000000000000       0.49878113786523964       0.59921302416604361       0.33417790978871315        63.398410797119141     
   1.0000000000000000E-004  0.49878113786529921       0.59921302416606081       0.33417790978870571        63.403803172373841     
   9.0000000000000008E-004  0.49878113790838285       0.59921302417854672       0.33417790978331924        63.446903371299541     
   7.3000000000000001E-003  0.49878115978161519       0.59921303069902576       0.33417790704622719        63.789233600673633     
   5.8500000000000003E-002  0.49878789235216248       0.59921581450756722       0.33417705802819303        66.375680506624903     
  0.10970000000000001       0.49879620210404524       0.59922766739029920       0.33417597542246330        68.710311463723386     
  0.15603242053446514       0.49876561516182216       0.59924609387908423       0.33417979810449366        70.626639820002708     
  0.19327613148436115       0.49873544280209547       0.59926497291691438       0.33418366719831466        72.043662491806998     
  0.23938503636775721       0.49882646627737059       0.59929300201344826       0.33417247192979732        73.657837129576393     
  0.29528090211955155       0.49945893972321592       0.59933427342797563       0.33409557958981811        75.422046639393969     
  0.35099709184060734       0.50112384824610989       0.59938356504206003       0.33390270220970164        76.983814137679957     
  0.40482195522316905       0.50415263299947688       0.59943830857819957       0.33357523274986689        78.313494749260215     
  0.45825089038401318       0.50883386305689793       0.59949817918496817       0.33310699475695860        79.462254292384685     
  0.51167982554485725       0.51533673481519637       0.59956457188548040       0.33250577082414445        80.440968759932801     
  0.56510876070570137       0.52367875794606211       0.59964251458146944       0.33178898976857096        81.249287541507670     
  0.61853769586654550       0.53373683551406681       0.59973530009865383       0.33097730838094797        81.887456875712260     
  0.67196663102738963       0.54523967160301601       0.59984181007671966       0.33009239202650220        82.357592991543157     
  0.71971924490192807       0.55637193111751271       0.59994730618049763       0.32925848321627904        82.639869680834252     
  0.76747185877646662       0.56787054856385255       0.60006215150781461       0.32840136190325575        82.799082822967790     
  0.81522447265100517       0.57937190149582540       0.60018605628651567       0.32753389679404493        82.844981590752013     
  0.86297708652554372       0.59062718593444230       0.60031853642013322       0.32666457281147582        82.789037888100694     
  0.91072970040008228       0.60150971513998364       0.60045909343109094       0.32579785980878723        82.643277145336512     
  0.95848231427462083       0.61200264235097301       0.60060729745509922       0.32493467703281509        82.419201570353778     
   1.0292691162280174       0.62685003372220371       0.60084019115356346       0.32366208211212033        81.964963118046512     
   1.1000559181814140       0.64080048856763583       0.60108766845605222       0.32240073362941163        81.391811329565897     
   1.1708427201348106       0.65381098430577655       0.60134845358164990       0.32115358547723466        80.726883630766380     
   1.2618384775777345       0.66913563953299748       0.60170129278997642       0.31957457599657557        79.775336362108860     
   1.3528342350206584       0.68288639910300031       0.60207166695811543       0.31802624190002288        78.754633989332007     
   1.4438299924635822       0.69510491622448634       0.60245726340500672       0.31651105209755498        77.700586877842568     
   1.5348257499065061       0.70587217347989228       0.60285590792141475       0.31502999065178983        76.642073329064445     
   1.6258215073494300       0.71530654635488933       0.60326556142146681       0.31358232958907539        75.601600105504914     
   1.7168172647923539       0.72356195189625561       0.60368431687393986       0.31216539052343106        74.595791354303387     
   1.8078130222352777       0.73082582150853626       0.60411039625164886       0.31077434330287779        73.635827636455048     
   1.8988087796782016       0.73731675191908908       0.60454214766724934       0.30940209689775749        72.727845666553222     
   1.9898045371211255       0.74328427994440327       0.60497804263245591       0.30803922350101681        71.873291122641746     
   2.0808002945640496       0.74899679112796458       0.60541667341019512       0.30667459575881117        71.069278775775544     
   2.1717960520069735       0.75469832023425354       0.60585675063729105       0.30529763636852614        70.309324250647904     
   2.2904381253770429       0.76241252213226363       0.60643077749625962       0.30347079661372350        69.370037555169489     
   2.4090801987471124       0.77067772712112292       0.60700296876936966       0.30159818996281723        68.469239352238972     
   2.5277222721171819       0.77960006808385829       0.60757133006110298       0.29967546530851286        67.586421278335436     
   2.6434693807814664       0.78889946331627092       0.60812052790548021       0.29775308505545062        66.726420372571411     
   2.7561660304496773       0.79836127153807790       0.60864903996705699       0.29584345761061998        65.880351614858697     
   2.8671367595134791       0.80781976613544282       0.60916170535496306       0.29393619284715583        65.035249212323833     
   2.9402115417810655       0.81396091386876590       0.60949077996435397       0.29267188938340694        64.473313697300014     
   2.9999999999999996       0.81884051827157778       0.60975065034045317       0.29163608443874034        64.012127740024894     
   3.0597884582189336       0.82355603546551182       0.60999772750527725       0.29060045036381665        63.551466006870228     
   3.2066485806763878       0.83440156071319027       0.61051728960753893       0.28806005904538534        62.432241023883087     
   3.3535087031338420       0.84416044405917834       0.61083490995031409       0.28552979310210791        61.346423059131560     
   3.5003688255912961       0.85280062968516246       0.61083292605722517       0.28302386648942474        60.309524613767849     
   3.6472289480487503       0.86030995422346157       0.61037281472426919       0.28056062862386960        59.332586224015820     
   3.7940890705062045       0.86669545508991985       0.60929972891057471       0.27815348644781940        58.422685996959110     
   3.9409491929636586       0.87198404243063088       0.60745619131381579       0.27580881505809524        57.583365958442180     
   4.0878093154211133       0.87622635221241252       0.60471810035603446       0.27352845834684997        56.815125348759430     
   4.2688145986517583       0.88010420543450874       0.60001092185263560       0.27080733374199228        55.963145308070622     
   4.4261785252393890       0.88227984388981406       0.59471413810893614       0.26852479003450530        55.303960822631623     
   4.5835424518270198       0.88334462069060460       0.58836833380849496       0.26632295763107450        54.718409390356321     
   4.7822478017495991       0.88312494171798639       0.57906715247912555       0.26366248651187918        54.083214938462355     
   4.9809531516721783       0.88121034336664139       0.56866611596090477       0.26114122154448216        53.565432233049201     
   5.2568865210186155       0.87589128620370515       0.55316420366809815       0.25788380769550384        53.047014944567621     
   5.3940294194755012       0.87208788595020437       0.54530391070982320       0.25638044560069018        52.879589724227557     
   5.4532905086658623       0.87012831805752910       0.54192099273351391       0.25576037952431124        52.827407091427553     
   5.5919251096863993       0.86466612388496855       0.53411091981775993       0.25439118856580245        52.759402694257226     
   5.7305597107069364       0.85791217775324402       0.52654366555960819       0.25314792722896495        52.777500730021345     
   5.8632255856454885       0.85030071281680986       0.51963734880282864       0.25208346839624574        52.885496563757563     
   5.9894229865011903       0.84219151786614210       0.51346376126059912       0.25118368560353227        53.075493001235344     
   6.1121992157541198       0.83373750784902734       0.50790639437438567       0.25040536201568631        53.341676808776235     
   6.2345842264064197       0.82506894184028534       0.50287556843539893       0.24970897269839373        53.681359774080299     
   6.3524971025122108       0.81683948782061366       0.49856401876877859       0.24909125058642576        54.068717235279287     
   6.4692561922222129       0.80922422769191016       0.49485449783446356       0.24850195233236941        54.495831594861734     
   6.5603286273898247       0.80404855871810554       0.49236645159369652       0.24802923171600472        54.845628673828372     
   6.6514010625574365       0.79984415803833386       0.49024148145038088       0.24752340228387193        55.195560724843290     
   6.7640769674168997       0.79626825990090333       0.48811425211557941       0.24683234654298972        55.606574739732331     
   6.8754844802987867       0.79468244956695189       0.48654164054569538       0.24606668709274843        55.963778019416829     
   6.9806208076750877       0.79499610311482372       0.48551257109252061       0.24526757941548191        56.234545847354113     
   7.0818823123516284       0.79686254520052135       0.48490045806214499       0.24443332521316591        56.419550347167579     
   7.1795955885224823       0.79992555005835486       0.48461609191988225       0.24357792640733739        56.519040676112915     
   7.2773088646933362       0.80395269849484907       0.48456987038992916       0.24268555631131902        56.537877355679520     
   7.3635330988887908       0.80801084407630597       0.48465986435788760       0.24187995186841232        56.489362201810067     
   7.4485871247355444       0.81221978368279157       0.48479999996379386       0.24107911467949961        56.387005562690860     
   7.5336411505822980       0.81654147983397196       0.48492065744277341       0.24027568586986151        56.236940478829816     
   7.6573227131364039       0.82296447261269379       0.48491391548034979       0.23910483899092827        55.945229105124383     
   7.8061311853197974       0.83078833366291216       0.48435207252719148       0.23769624476609424        55.496983944411589     
   7.9549396575031910       0.83854956367407885       0.48290073544586409       0.23629362567194001        54.961754788815618     
   8.1026155183864912       0.84601314023704144       0.48040561126759551       0.23491396949126350        54.361860361528713     
   8.2346525869757343       0.85234793126465846       0.47728294032701585       0.23369594748683367        53.780693655109310     
   8.3406091009505001       0.85712059962049147       0.47424727196624683       0.23273227746339864        53.292088879222263     
   8.4226014298819507       0.86057444938245209       0.47163505393122968       0.23199696991636712        52.904858471659864     
   8.4610818387972628       0.86207384244546981       0.47034432895175038       0.23165696408582948        52.721601658824419     
   8.5571058838790908       0.86528372279323418       0.46698219154235704       0.23083069330335407        52.265466176986322     
   8.6531299289609187       0.86749542745454100       0.46347660821371095       0.23004721756944688        51.821919426318658     
   8.7491539740427466       0.86849610044532388       0.45989645986684308       0.22931855141964494        51.406445323537206     
   8.8451780191245746       0.86816791078933697       0.45630422668408788       0.22865449873434326        51.034902480855152     
   8.9412020642064025       0.86648289171695680       0.45275430485127210       0.22806233235085144        50.721908353580197     
   9.0372261092882304       0.86349745866985117       0.44929117064488538       0.22754620946849036        50.479575312140994     
   9.1332501543700584       0.85934595449849416       0.44594686385952448       0.22710641059957756        50.316551227673379     
   9.2292741994518863       0.85423380161861684       0.44273891983876174       0.22673848656122475        50.237319819665267     
   9.3252982445337143       0.84843332235294466       0.43967946153895415       0.22643231094905500        50.241727995410905     
   9.4213222896155422       0.84227788407298421       0.43677991804697680       0.22617151603684413        50.324731826948472     
   9.4986431377630076       0.83731190889324281       0.43456870360131383       0.22598024827153160        50.442048114036680     
   9.5657336949872729       0.83307397999605559       0.43274386041606983       0.22582304328855610        50.574817103816919     
   9.6773977805009999       0.82616730812545947       0.42990909992279419       0.22557936583122207        50.848601791481748     
   9.7890618660147268       0.81946147129825642       0.42733933133067459       0.22535715592686190        51.175298076522267     
   9.9262518574043348       0.81152336772446898       0.42456311227242466       0.22511215658957109        51.630766786521924     
   10.063441848793943       0.80395079831254723       0.42222494115919351       0.22489599959895437        52.128450730437038     
   10.200631840183551       0.79678300074126496       0.42033945913617493       0.22470587531384714        52.653346089006767     
   10.375360880645694       0.78830733844504541       0.41860744085660967       0.22449549235570579        53.342159498200715     
   10.550089921107837       0.78065399734355012       0.41762892542274932       0.22431121723463540        54.034609652718537     
   10.724818961569980       0.77396148917069629       0.41739106268697174       0.22413869800124095        54.712716080908578     
   10.899548002032123       0.76835295981342189       0.41786246126394982       0.22396378052181140        55.359639498169834     
   11.074277042494266       0.76387536567247794       0.41899305844403523       0.22377695923643562        55.960750090170961     
   11.249006082956409       0.76050374332664583       0.42071481477221229       0.22357340302565704        56.504868736494707     
   11.423735123418552       0.75814701776003823       0.42294305037314167       0.22335271154317959        56.984989633219691     
   11.598464163880696       0.75668167905588712       0.42557811464511797       0.22311671656938120        57.398431492040437     
   11.773193204342839       0.75606196043569640       0.42850632264914801       0.22286192718123490        57.744607564481015     
   11.996435894468881       0.75645960537672430       0.43244140174364964       0.22250001829394062        58.087442957711893     
   12.219678584594924       0.75812295758139392       0.43621998805563728       0.22208651570916810        58.315478489467964     
   12.388559083433814       0.76016859567257222       0.43868879402024963       0.22173332719046934        58.408786073911720     
   12.521198733005555       0.76223374348310036       0.44023642073590757       0.22142880843646959        58.432339922384173     
   12.593515500442734       0.76355330748211891       0.44089420107125044       0.22125080540111250        58.425895694121714     
   12.739069928866233       0.76669554147522256       0.44174254449622352       0.22086192474610458        58.368211482904627     
   12.920110433009674       0.77155959077202241       0.44177959599910116       0.22031612054092164        58.204266958292393     
   13.072284000704057       0.77642518316673703       0.44085469997705012       0.21980378046921256        57.979676241445780     
   13.224457568398440       0.78186734908998601       0.43903741768745164       0.21924705644158365        57.672438653527834     
   13.372270031562175       0.78750937075560168       0.43644996893980054       0.21867173356956193        57.296827741933114     
   13.518017761420584       0.79316467988418049       0.43317390374880105       0.21808195850629114        56.859174295529542     
   13.663765491278992       0.79866944922214278       0.42927365413897972       0.21748087035406721        56.366871487262380     
   13.769295018015029       0.80253159790772499       0.42612403197623677       0.21704029333484098        55.983991051224123     
   13.964012663164656       0.80939904494019443       0.41976873428766487       0.21621604257847060        55.234954263066136     
   14.158730308314283       0.81594475364461716       0.41299277626210273       0.21537817813755675        54.449286992962797     
   14.353164240255712       0.82219317325819530       0.40625561364106672       0.21452847777026601        53.646980777082526     
   14.547598172197141       0.82820021047236903       0.40013387933752070       0.21366552670882163        52.844055762052669     
   14.667959823005814       0.83181803542385613       0.39698015789715890       0.21312450876766212        52.354342489257967     
   14.780268101507673       0.83511240682614873       0.39471814396759874       0.21261587053240782        51.907425391609905     
   14.883772809950463       0.83796702207813578       0.39341476746692616       0.21214898378162211        51.509246117328018     
   15.008416258175759       0.84098229019082271       0.39312845531235091       0.21159828892444021        51.057877523001906     
   15.133059706401054       0.84336739559634599       0.39454799939784374       0.21106927795393007        50.652828436923009     
   15.243654363070727       0.84484400553175731       0.39740028113152243       0.21062506178378315        50.346756142891543     
   15.350532944526078       0.84563098885320787       0.40159124122654782       0.21022358658139290        50.110538202207522     
   15.457411525981430       0.84574735180966387       0.40707682362638320       0.20985385909755266        49.942380854454235     
   15.564290107436781       0.84517276241031902       0.41365178471885777       0.20951964761929645        49.849341413674914     
   15.671168688892132       0.84390327474991034       0.42106994363283767       0.20922425223458663        49.835816391290869     
   15.778047270347484       0.84196497210563548       0.42909046541373597       0.20896970566734860        49.903613618278506     
   15.856570677139393       0.84010193539558786       0.43524505819836234       0.20881139113193276        50.005052314088978     
   15.935094083931302       0.83773601994459057       0.44154507614057870       0.20868620263047738        50.150656808562225     
   16.031643348092771       0.83388549520182786       0.44941105207683157       0.20859565357999094        50.393722514663281     
   16.128192612254239       0.82879608385921977       0.45733522822981676       0.20859429659979004        50.714286379171028     
   16.224741876415706       0.82237021099396390       0.46525669127167935       0.20869946882881102        51.120426569513725     
   16.321291140577173       0.81461659408863896       0.47312907824934225       0.20892462187462008        51.619237212569352     
   16.417840404738641       0.80564460832759444       0.48091631587394368       0.20927753406684971        52.215347920034411     
   16.514389668900108       0.79565271202994692       0.48858874855774015       0.20975833340953623        52.909837976992286     
   16.610938933061576       0.78491648201867914       0.49612004819230965       0.21035736772673647        53.699505571166974     
   16.707318095684023       0.77380065278870191       0.50347237749267637       0.21105177984679313        54.574787211341572     
   16.803697258306471       0.76268261928198156       0.51063395519742527       0.21180914099219564        55.524185392630898     
   16.879839235887978       0.75422973078310407       0.51614228350116387       0.21241870842575908        56.314931006282798     
   16.955981213469485       0.74640859501642842       0.52150333788283043       0.21300212013508490        57.128847203495930     
   17.032123191050992       0.73953961105548094       0.52671471455487240       0.21352626284362172        57.951316031068941     
   17.093532071061478       0.73486608186885849       0.53081850889436155       0.21388956046461555        58.609725555966598     
   17.139728205186636       0.73189905261092569       0.53380169674598033       0.21412497626527130        59.096358120581371     
   17.193482679446443       0.72903256675251804       0.53703607033110956       0.21435931017757634        59.647911959446652     
   17.242069979834337       0.72695876348935928       0.53954671753005967       0.21453707903147737        60.128419539123506     
   17.289285466810675       0.72537902792051168       0.54130853727983874       0.21468196319807667        60.574797062478034     
   17.336500953787013       0.72418812069639682       0.54199740412320574       0.21480261817706803        60.996564513829163     
   17.371685691793804       0.72352553539546705       0.54158838297301026       0.21487884211987682        61.292024629607376     
   17.399962653353125       0.72311514513878872       0.54064842446637551       0.21493281912005324        61.516315888069443     
   17.435201250865365       0.72273462696902524       0.53880051968015141       0.21499242907054611        61.778032574623559     
   17.477749100360956       0.72243110000604349       0.53584191814660442       0.21505551344391555        62.066417128245853     
   17.520296949856547       0.72224673807047080       0.53243094030209293       0.21511211782728457        62.324274830201716     
   17.560664435906595       0.72212789027107749       0.52900689988580685       0.21516321244867928        62.541538228846861     
   17.601031921956643       0.72200790858327635       0.52551735882208928       0.21521527160131829        62.733733448889005     
   17.656464008557741       0.72173379345512223       0.52071007683148718       0.21529528519513336        62.960674198518447     
   17.724585279344144       0.72099836535972128       0.51483827443230490       0.21542262434000389        63.189925955563687     
   17.786511741175126       0.71971134767176803       0.50955294437679344       0.21558443255034032        63.362127106340544     
   17.834298123229111       0.71824242616468736       0.50551094231295512       0.21574704147658680        63.478952687204462     
   17.920256371395070       0.71456529239933020       0.49832048194469375       0.21613004592793061        63.670548580826868     
   18.006214619561028       0.70958195842539395       0.49123225524817343       0.21664116377124878        63.858879223498654     
   18.092172867726987       0.70331024177900181       0.48424484974999199       0.21729738692161146        64.064509169768868     
   18.149393187479809       0.69848620998814626       0.47964869320464321       0.21781853795789002        64.219253984181663     
   18.235879561259129       0.69041861072690447       0.47278443807645226       0.21872689543794629        64.488764432029598     
   18.322365935038448       0.68166965156556625       0.46601841733894228       0.21976594458735979        64.806363324890171     
   18.408852308817767       0.67247040068477415       0.45934922516173221       0.22091962092538170        65.173525849360075     
   18.517692055006631       0.66052708460346654       0.45109177101369391       0.22251159367757206        65.703000071447107     
   18.626531801195494       0.64842719452567177       0.44298275632144712       0.22423468691839743        66.299807574976739     
   18.763712178445292       0.63326028847139149       0.43296956995683522       0.22655680835815561        67.130878045775162     
   18.900892555695091       0.61844820971867898       0.42318272175040517       0.22900902963767514        68.027408321877914     
   19.024110545056054       0.60560348684142296       0.41458073005827406       0.23129481757864437        68.868951365689270     
   19.117902655019087       0.59623780031299822       0.40815038705046885       0.23306361002221873        69.521917197199627     
   19.272634676446334       0.58192132515370143       0.39775929343615296       0.23596204271242624        70.599347707272912     
   19.415765781630995       0.57026968432269554       0.38838295402200229       0.23854508287570136        71.566890351347638     
   19.558896886815656       0.56039896705139380       0.37922764210428006       0.24097105729572108        72.475296830380358     
   19.702027992000318       0.55245780695576585       0.37028814742426813       0.24319913122042480        73.297067655971404     
   19.845159097184979       0.54650989402939398       0.36155938254414771       0.24520723034673736        74.008965426995488     
   19.988290202369640       0.54253703773677386       0.35303637995175485       0.24699051920366633        74.592957783443850     
   20.131421307554302       0.54043903629418111       0.34471428923358521       0.24855966874474347        75.036891137944650     
   20.274247206208820       0.54003178714000066       0.33660549624488112       0.24993471207639525        75.334524680348537     
   20.416277011625596       0.54103493517046697       0.32873106211555297       0.25114327560405014        75.487495503603398     
   20.556480962103091       0.54306996943553409       0.32113855034501931       0.25221538407563765        75.506271135994538     
   20.671711086314904       0.54523726398356542       0.31502992374164507       0.25303340912861688        75.433149339674003     
   20.784379601633290       0.54755985593467593       0.30916946111904908       0.25379848022602353        75.295648407221464     
   20.897048116951677       0.55001018528998458       0.30341801995620182       0.25453398893198842        75.103902628266340     
   21.054205031352456       0.55361745305637033       0.29557382589871789       0.25550782840182312        74.763106110358635     
   21.211361945753236       0.55740520104424096       0.28793242592848151       0.25641733580664139        74.354785204362258     
   21.408631853656168       0.56233952812396437       0.27861962557704534       0.25746251310576501        73.770662091912612     
   21.605901761559100       0.56737231754690010       0.26960803565755703       0.25839787262651587        73.129682842875440     
   21.855035822086531       0.57368222932987034       0.25864251078785000       0.25942574877973346        72.269867190320269     
   22.104169882613963       0.57969606312319610       0.24812297683742288       0.26029528032891436        71.385575760555653     
   22.255872165299916       0.58309385332252206       0.24192815062343806       0.26075680189003214        70.848295965896270     
   22.407574447985869       0.58618020787730674       0.23588798913381942       0.26117883995201774        70.320204252056826     
   22.559276730671822       0.58876047044694790       0.22999863089188674       0.26158259361541630        69.810120065482394     
   22.764910869306533       0.59115375078971755       0.22224958337689663       0.26213969391291991        69.167587772730812     
   22.967707267266245       0.59203227632843025       0.21486321152019289       0.26274364182865856        68.614879113091334     
   23.161181907060655       0.59138819777034446       0.20804529634122423       0.26340737011909782        68.185154985950476     
   23.349806845494445       0.58937191134174238       0.20160661277551842       0.26416337169572979        67.873289604102482     
   23.537316887035356       0.58609907575679576       0.19540350236660983       0.26503873681070139        67.676528510052407     
   23.643626991876790       0.58373927628629241       0.19197176669051613       0.26559331124945773        67.616151483860264     
   23.749937096718224       0.58102199585793091       0.18860030019899662       0.26619456163056227        67.592512339824239     
   23.842725076216993       0.57827373700673246       0.18570609668917257       0.26677064329471284        67.602489038562638     
   23.971867198940185       0.57374322677418643       0.18175172574940762       0.26767503021224770        67.667333648158106     
   24.101009321663376       0.56832193581797485       0.17788155802002747       0.26872205300814195        67.796987858225322     
   24.230151444386568       0.56201389761268528       0.17409380050266471       0.26993064295691205        67.996947974628810     
   24.359293567109759       0.55489910467004955       0.17038669837853121       0.27131110053098462        68.270554745633476     
   24.488435689832951       0.54712087977748236       0.16675853419543338       0.27286338613869066        68.617977172461565     
   24.617577812556142       0.53887423524386036       0.16320762707209890       0.27457534949110257        69.035678246275154     
   24.746719935279334       0.53039627736735240       0.15973233191944636       0.27642120961627248        69.516222377221041     
   24.875862058002525       0.52195930645893007       0.15633103867843681       0.27836069853919471        70.048287568811688     
   24.972098882181253       0.51588215994339837       0.15384357370322957       0.27983424613835828        70.469437484084068     
   25.048001035909909       0.51129660754397221       0.15190965544368221       0.28099725809445769        70.811032433760928     
   25.165114576643809       0.50459010008024696       0.14897329304937915       0.28278798563904611        71.345809885520012     
   25.314076781085024       0.49666731713107048       0.14532026261876041       0.28505952060660966        72.025628670328516     
   25.463038985526239       0.48937480611137801       0.14175680952817271       0.28732462507009765        72.691197860285399     
   25.612001189967454       0.48266269439277942       0.13828073721780099       0.28958356704919336        73.332442882622829     
   25.803534950212971       0.47481155154474503       0.13393621149692014       0.29247896957631164        74.111305440007158     
   25.995068710458487       0.46775472963192183       0.12972818276122433       0.29536345958398141        74.832429812168215     
   26.191789021034140       0.46124918952023813       0.12554379240892932       0.29831329814537294        75.510378319210048     
   26.328437947376624       0.45711294067424496       0.12271686853562455       0.30035719575507458        75.944233444882215     
   26.394437450216795       0.45518378602609844       0.12137439026136325       0.30134928923153520        76.143523335121031     
   26.534421242699938       0.45112889407833878       0.11857542677133390       0.30348325308895063        76.547367473412422     
   26.721972682351179       0.44559893617183721       0.11492625912033613       0.30643936870321864        77.059222263387824     
   26.898616642275410       0.44016661806441476       0.11159207531042824       0.30935343529830128        77.525749364088540     
   27.072681967327547       0.43460219330527483       0.10840119903513495       0.31235405584896292        77.983081860056075     
   27.245071441953503       0.42899237122438405       0.10533097875212134       0.31543334429729558        78.440229559656132     
   27.416541484015994       0.42350701612206421       0.10236340039575714       0.31855976644788625        78.899276321450373     
   27.579212715489863       0.41862720187154290        9.9625420586111152E-002  0.32152519151035153        79.332971248224396     
   27.735471182514196       0.41440141377625539        9.7064361681230893E-002  0.32432578334181567        79.738688861949143     
   27.940023005146870       0.40965174288549872        9.3811017879684835E-002  0.32787961339036842        80.238578163083133     
   28.122150187941564       0.40619460266213536        9.1006213103822814E-002  0.33091349015519095        80.641612632635372     
   28.304277370736258       0.40342586427164762        8.8285267665685785E-002  0.33381806356212534        80.996772094232767     
   28.486404553530953       0.40124935759963942        8.5645674300388802E-002  0.33660121212197741        81.300589388241548     
   28.668531736325647       0.39951557982522873        8.3085000706400708E-002  0.33928378272914783        81.554258765701249     
   28.809798578301635       0.39835251866492483        8.1151657183673967E-002  0.34131585178811663        81.720103248583598     
   28.913332880853282       0.39755778348447623        7.9763339800355493E-002  0.34278569731375857        81.827158639391527     
   29.134869693816555       0.39600234115225030        7.6871961161629573E-002  0.34587682667914860        82.022675056582230     
   29.405523444074849       0.39434082826722522        7.3481394444543366E-002  0.34955424620750541        82.212893305946608     
   29.676177194333142       0.39290691335403088        7.0240374356543955E-002  0.35312149612310462        82.363136290388425     
   30.016817847105351       0.39137987266974877        6.6363674557376504E-002  0.35744474739159976        82.510139185595023     
   30.182881730866168       0.39082065541378008        6.4552091816230811E-002  0.35946244565602137        82.567620527424893     
   30.250091020035342       0.39071119383680608        6.3833043196076064E-002  0.36024410647012151        82.587310447176606     
   30.414168675599981       0.39088876137929673        6.2111098873038069E-002  0.36203119891925450        82.620489488805674     
   30.578246331164621       0.39183139091385544        6.0435605292486767E-002  0.36361441716842119        82.621705362310792     
   30.742323986729261       0.39359506566970082        5.8805309410726897E-002  0.36497726249434576        82.578288580967651     
   30.902207254161485       0.39603630099366499        5.7259005747154937E-002  0.36610123623362234        82.484561730114876     
   31.057988692250518       0.39892870641884576        5.5791490774355919E-002  0.36702965375409025        82.341845381020676     
   31.211693605445070       0.40201736512096953        5.4380404476614547E-002  0.36782660432803654        82.155141568050624     
   31.365398518639623       0.40499190127286538        5.3005007573654297E-002  0.36856234651327163        81.933429329458519     
   31.519103431834175       0.40745087229873284        5.1664397404240434E-002  0.36930666172171045        81.694210926528825     
   31.670619183441271       0.40907408008791935        5.0376071011272089E-002  0.37010856590099178        81.462787506664924     
   31.821876315800097       0.40975335804878144        4.9121988167905459E-002  0.37101908784155629        81.257240639746982     
   31.971750127611916       0.40948002547550005        4.7910169564351401E-002  0.37205435146706495        81.095970321632791     
   32.121040817704454       0.40835909373904516        4.6732787608068066E-002  0.37322362143676613        80.989007741096557     
   32.270331507796996       0.40656774721852301        4.5584339556289481E-002  0.37451711216189948        80.940969257011929     
   32.358455387025089       0.40529075782750323        4.4919720763613370E-002  0.37532643969563062        80.939995790537125     
   32.418437149302662       0.40436872431197185        4.4472897254594967E-002  0.37588991529227389        80.950255623282715     
   32.482361873934906       0.40338696232016896        4.4001592761805958E-002  0.37649202976098473        80.969955992832098     
   32.525502779548134       0.40270813802957400        4.3686349350426215E-002  0.37690290135236754        80.987861749464258     
   32.568643685161362       0.40199790282221826        4.3373364457481391E-002  0.37732150988152913        81.009375867334313     
   32.608915363357738       0.40137382499501112        4.3083219569248050E-002  0.37770503036139230        81.032481462929027     
   32.649187041554114       0.40092827478040488        4.2795015596994390E-002  0.37805190030933394        81.057479066343205     
   32.689458719750490       0.40077761315155652        4.2508739557018178E-002  0.37833955486886778        81.082402645649324     
   32.729730397946867       0.40095212362471161        4.2224378552471374E-002  0.37856444356968172        81.104887737585159     
   32.790656291502117       0.40177476203475437        4.1797788417854066E-002  0.37880106318748041        81.129616933747897     
   32.838940240079808       0.40288748514770872        4.1462777817563891E-002  0.37890659936742205        81.137803901329562     
   32.933498898995573       0.40631961284335599        4.0814455830408630E-002  0.37890473658554563        81.113501158159011     
   33.013569916563583       0.41054888095136993        4.0273398283122486E-002  0.37869808319091958        81.039580177369331     
   33.127394307655337       0.41867693296047082        3.9516584146178160E-002  0.37810530455956298        80.829970655545438     
   33.241218698747090       0.42932173170568072        3.8774012937370490E-002  0.37719035830518344        80.476217197996021     
   33.355043089838844       0.44248899749789106        3.8046777818697572E-002  0.37598538602281900        79.958880051739982     
   33.408823199767298       0.44958124860960402        3.7716109078346591E-002  0.37532405817218728        79.652999716644104     
   33.449131172318445       0.45523940282265285        3.7496923999696063E-002  0.37479366359207805        79.396871887343565     
   33.478033137565177       0.45947702931206869        3.7397166991124310E-002  0.37439568421150304        79.198904451324665     
   33.499649951544676       0.46275322404389058        3.7416818102960332E-002  0.37408812285782289        79.043021604122600     
   33.517659692235796       0.46555936391630642        3.7582938365340990E-002  0.37382513796076400        78.908108076906615     
   33.535669432926916       0.46843856376240761        3.8021382781845553E-002  0.37355593878443710        78.768780610626223     
   33.551805799791900       0.47107834288579192        3.8775932551909455E-002  0.37330966693045292        78.640469998632895     
   33.559595892404374       0.47237143183055463        3.9286835608497002E-002  0.37318917242531502        78.577457488832195     
   33.575391145548920       0.47502563448918816        4.0610514272055163E-002  0.37294196666458163        78.447787642334092     
   33.591186398693466       0.47771399956442806        4.2252559396327750E-002  0.37269142185481113        78.315846638644345     
   33.611826198485637       0.48125503093451721        4.4699696522017808E-002  0.37236029909520629        78.140452028038624     
   33.627589022522145       0.48396095089615265        4.6681824127170923E-002  0.37210564007484043        78.004457771980015     
   33.649845497917880       0.48775742913344394        4.9529385826308232E-002  0.37174486816709851        77.809714141575924     
   33.672101973313616       0.49150528191418885        5.2356511960613188E-002  0.37138378361683766        77.612067778686821     
   33.699716594462473       0.49607468079032813        5.5780649062051588E-002  0.37093609060819449        77.363225500968525     
   33.726060342659181       0.50035962422352087        5.8986503882477344E-002  0.37050892723094708        77.122526533837473     
   33.763173000443864       0.50630642407995341        6.3527259014996174E-002  0.36990540691544510        76.778780565451228     
   33.798403631758170       0.51187057219294485        6.7939054030580537E-002  0.36932988697526847        76.448418712647253     
   33.833634263072476       0.51734494283732069        7.2442224395771582E-002  0.36875251847397389        76.115152246878296     
   33.882883323192445       0.52480320687255289        7.8823497475203549E-002  0.36794486996874526        75.646321202689720     
   33.932132383312414       0.53199325962843613        8.5274313669057203E-002  0.36713917236206128        75.176552196475697     
   34.016645631867974       0.54362290284620940        9.6510611435526597E-002  0.36576706879967608        74.376297587524860     
   34.081583739760141       0.55188225886146991       0.10525487902180232       0.36472713033920640        73.773836112142916     
   34.180512819199542       0.56322962623820949       0.11867170161964602       0.36317682007284430        72.891296173170190     
   34.279441898638943       0.57302262533056880       0.13211685581480412       0.36167747481641249        72.067834939919223     
   34.378370978078344       0.58126451645591026       0.14550927441999886       0.36023694842013404        71.319006124412667     
   34.477300057517745       0.58803893368671800       0.15878899513381234       0.35885849285420185        70.656410744174252     
   34.576229136957146       0.59350511654506055       0.17191200095619666       0.35753982071669743        70.087196901039150     
   34.675158216396547       0.59789593783905215       0.18484557501286464       0.35627193752183045        69.613683959459792     
   34.774087295835947       0.60150647789922385       0.19756492213455074       0.35503886597180923        69.233099254650483     
   34.853285943442117       0.60409323213992827       0.20758065737203513       0.35405977270961547        68.990162574786197     
   34.924036294074796       0.60645081252467725       0.21639697606795727       0.35317114999675808        68.813278239847705     
   34.994786644707474       0.60917753018883247       0.22508769569872675       0.35224546778678473        68.665833825603443     
   35.065536995340153       0.61254130206205071       0.23365330353403524       0.35126413483791807        68.536948419152836     
   35.157484191332109       0.61815530081136638       0.24460193465241656       0.34988848840292147        68.377104381264772     
   35.245398281046270       0.62502698013854008       0.25488297128271453       0.34845953710437977        68.209424245271080     
   35.329509725450592       0.63300836557037132       0.26455615971996521       0.34699135645708157        68.015242472822109     
   35.411674377267886       0.64201720050149635       0.27386055728188319       0.34547167845925825        67.778996311490317     
   35.491360812625189       0.65166603120964817       0.28275675412943468       0.34393088503119107        67.497094324705813     
   35.571047247982492       0.66188128604449226       0.29153649135050536       0.34234041528810794        67.159976107134625     
   35.642831463263988       0.67120047632419111       0.29935305885797048       0.34088129169026188        66.811111140423392     
   35.714615678545485       0.68026598212349865       0.30708786937487259       0.33941334815348417        66.425946617916821     
   35.777394008863027       0.68783445423955580       0.31378908009868611       0.33813007539985185        66.066430571855022     
   35.894867083525909       0.70088553809804088       0.32617867114494159       0.33574367867049310        65.359501486886288     
   36.005534943335149       0.71168117372443040       0.33767896406653086       0.33352807924453931        64.682288206882376     
   36.112902061816889       0.72070109756611622       0.34868161791762098       0.33142001620389333        64.042819292053622     
   36.217272635978212       0.72815564114483833       0.35923304006822393       0.32941517404107795        63.458117172181979     
   36.320293914059434       0.73439825358526667       0.36950876878081579       0.32747906614003519        62.930305670026137     
   36.420706660068674       0.73964694998142022       0.37939009049000666       0.32562767455047842        62.470057436486414     
   36.521119406077915       0.74436671752727712       0.38913706235676743       0.32380151331700069        62.064388216154271     
   36.599566367982696       0.74795934735103098       0.39665682335762936       0.32238104875965740        61.782281565888958     
   36.695919277338696       0.75265235436645772       0.40577707092554816       0.32062603737625112        61.468547114580794     
   36.789019867466784       0.75781219978664160       0.41446624530527343       0.31890401249360334        61.186082859593867     
   36.882120457594873       0.76379654245777961       0.42303256676042417       0.31714697103605594        60.907924704226936     
   36.975221047722961       0.77069491966721670       0.43147446492573877       0.31535162517839144        60.618583804870411     
   37.068321637851049       0.77847994911009255       0.43979052028823984       0.31351968445051903        60.304731163445084     
   37.161422227979138       0.78701791966703361       0.44797946274021788       0.31165676551636978        59.956630687268664     
   37.247961566561699       0.79541625932483306       0.45547631612464895       0.30990537425557146        59.597810339899972     
   37.334500905144260       0.80399677353558063       0.46286159495830748       0.30814428923193532        59.205206512283084     
   37.421040243726821       0.81260806193024915       0.47013465342496852       0.30637866346188597        58.782204408504924     
   37.507579582309383       0.82122189995342321       0.47729500191529833       0.30460930323980911        58.332877666895392     
   37.633946587866582       0.83378608213276317       0.48754763409024160       0.30201921137471227        57.636753246631393     
   37.819939326092481       0.85212279667991475       0.50219742315947224       0.29819681720414115        56.544363982366690     
   38.045229065839187       0.87373677167293484       0.51923352822300051       0.29356421903093644        55.150190702879300     
   38.263903009130537       0.89354005590126884       0.53501445003717329       0.28909450036856182        53.768520481740424     
   38.389712544423425       0.90414363228891026       0.54374959296357905       0.28655087643898186        52.980824609113604     
   38.487676600798942       0.91186749946909929       0.55037364255485244       0.28459166769112393        52.379723613249141     
   38.605660370829582       0.92033779487051526       0.55814067861088579       0.28226630662935143        51.679502919553755     
   38.723644140860223       0.92766739835828005       0.56567233027346786       0.27998851140111108        51.017877147895859     
   38.880560715305542       0.93537662804347232       0.57531356250788479       0.27704692981136142        50.222613818982438     
   39.009573392280998       0.93985499323356836       0.58290768393094106       0.27471271504437750        49.661707644098847     
   39.138586069256455       0.94265830657346494       0.59018952078160125       0.27245984052029726        49.200246584630165     
   39.263489066562258       0.94387292627755304       0.59692977311542617       0.27035773220786435        48.857472504426745     
   39.385485576864831       0.94380203931801865       0.60320657400301125       0.26837787458118256        48.625333516339502     
   39.506430032657121       0.94273170299536635       0.60911705429702279       0.26648179568063529        48.494147158185541     
   39.623851244905538       0.94101000693872194       0.61454480930058175       0.26469677684901682        48.455189834761676     
   39.741272457153954       0.93886769592301611       0.61965306439785128       0.26295878080227209        48.493376093687971     
   39.831159605496737       0.93699469530864787       0.62333890870644271       0.26165913210880193        48.567737840390663     
   39.978590470216247       0.93352088187995252       0.62894451730831880       0.25958622333772213        48.762036518091300     
   40.126021334935757       0.92961462255057425       0.63397924456141252       0.25758663628232176        49.031729775152556     
   40.329784512236600       0.92366848698405790       0.63994814249163889       0.25494226457585739        49.501413853670400     
   40.574946001893231       0.91602778299881116       0.64552796332705420       0.25193485294253010        50.170508249862408     
   40.872350067150357       0.90679906887054085       0.64984732068178019       0.24851312681261808        51.056030731256612     
   41.058638892919006       0.90147134356726177       0.65116658052716170       0.24647606139832265        51.609513160781070     
   41.190383394338632       0.89803000077470707       0.65146402614857435       0.24507812844636526        51.984651158005498     
   41.373536156422297       0.89375271258995281       0.65103165338369040       0.24318840952954573        52.469293426165180     
   41.553018429528983       0.89014107755144922       0.64970347547942664       0.24139358218946008        52.890627476885861     
   41.731485861725034       0.88707332349102386       0.64756681108550862       0.23966304290016119        53.248938188006079     
   41.909517531368571       0.88443642923450905       0.64471199834864190       0.23799074158884170        53.543469075062447     
   42.041788043729589       0.88266750836556063       0.64218244830387006       0.23678456680027701        53.722927848218497     
   42.143584772652716       0.88135125779171952       0.64003026709992272       0.23587919208573926        53.840043883620154     
   42.193542184345731       0.88066035591222591       0.63891606596906336       0.23544467303126643        53.891774159970268     
   42.308312014247115       0.87877314084988234       0.63622956411926290       0.23447957183526852        54.001181305698118     
   42.423081844148498       0.87625600501096068       0.63339325454083550       0.23357168727806824        54.107448032232490     
   42.561138544275970       0.87215349400178133       0.62983107034700936       0.23257077552012079        54.250745740845439     
   42.692754913424331       0.86704674883439370       0.62633846624821055       0.23172054208605569        54.423365437122676     
   42.817319136966390       0.86117843384000770       0.62301118427069291       0.23101410785896212        54.634565485774367     
   42.937925742622468       0.85468254757155315       0.61983625613184890       0.23041930049593637        54.892483320413717     
   43.056295978800904       0.84775022707213332       0.61683016928205148       0.22991286097418720        55.200068253284499     
   43.173634402291498       0.84062062745425481       0.61401983506787883       0.22947231423273548        55.556131306813924     
   43.290972825782092       0.83357880369849058       0.61143516143396459       0.22907276038170329        55.955658048785985     
   43.382153223728722       0.82844598475728271       0.60961395726468348       0.22877260230029903        56.287967147282806     
   43.494158843389393       0.82295239564664091       0.60762992393926685       0.22838915007470614        56.707839818450822     
   43.606164463050064       0.81872427011657301       0.60594456913650507       0.22796439504166302        57.120505237452015     
   43.718170082710735       0.81603076541475450       0.60455926990306619       0.22748039439385329        57.502815266023077     
   43.830175702371406       0.81501650733231479       0.60344762089310899       0.22692779929891035        57.832315152072489     
   43.942181322032077       0.81570318800722952       0.60254899159752651       0.22630487888832237        58.089232123483562     
   44.052227046169556       0.81794113468734775       0.60178597529424238       0.22562869370439304        58.255866317763449     
   44.160008130466650       0.82144494081336983       0.60105273899915512       0.22491328278736775        58.327174749862181     
   44.266300677455817       0.82590160453809569       0.60023726495890339       0.22416759502097247        58.304688089526188     
   44.372554999630182       0.83100737419085702       0.59922368194260045       0.22339598895185933        58.192005716627875     
   44.475062562343062       0.83615884709843347       0.59796212992881959       0.22264193779208241        58.004986912205531     
   44.577570125055942       0.84112915561413504       0.59633945574279990       0.22189413109856890        57.753261272947782     
   44.658488936567927       0.84476192645136461       0.59476062133119578       0.22131490979191895        57.518793231078718     
   44.781986524210119       0.84973775267116902       0.59179611997985970       0.22045370447089210        57.117358102592938     
   44.905484111852310       0.85395909191100994       0.58815800325883327       0.21962432519128960        56.682340750081792     
   45.028981699494501       0.85739558790026149       0.58392131220329480       0.21883005795480212        56.232248510249072     
   45.152479287136693       0.86005950147080179       0.57922288868974314       0.21807260626514410        55.782513604927530     
   45.275976874778884       0.86200039959046915       0.57423404770978059       0.21735201944141716        55.345701832864059     
   45.399474462421075       0.86329995902470602       0.56914324688897333       0.21666657818425542        54.931613319270909     
   45.547895581720205       0.86416931393024532       0.56316607541374364       0.21588428306698726        54.473872441028362     
   45.696316701019335       0.86450593538665454       0.55766508261448533       0.21513841754359239        54.066481321893455     
   45.844737820318464       0.86452804502162561       0.55297305737954972       0.21441911520642118        53.712108869677991     
   45.993158939617594       0.86431772264095719       0.54939035961394778       0.21372180912822925        53.412012456175155     
   46.177675951126197       0.86381529148170422       0.54683648841546673       0.21288039785304602        53.117414977153793     
   46.337816376799516       0.86325276081993985       0.54652901888517180       0.21216793284550428        52.934386074911615     
   46.492367479864413       0.86268967437262967       0.54795003951270316       0.21149155577580026        52.821899335895118     
   46.646918582929310       0.86220035296308473       0.55094810209276590       0.21082252053016481        52.769785001925641     
   46.761137265958453       0.86194350221448279       0.55405198191642246       0.21033084231781846        52.766734483047280     
   46.875355948987597       0.86184620125522937       0.55778694621065616       0.20983888599180345        52.789915714868918     
   46.952028390145088       0.86199279879419255       0.56058813796026008       0.20950314455848654        52.817095727790644     
   47.059908456184729       0.86273019684763141       0.56484920604661182       0.20901238534797983        52.863474014672683     
   47.167788522224370       0.86427529651407364       0.56939577771511107       0.20849176291825666        52.907549586310800     
   47.275668588264011       0.86674114670851921       0.57413783270286622       0.20793620879953964        52.935423934164419     
   47.383548654303652       0.87014607263351473       0.57899622328457601       0.20734470738301480        52.934172966899922     
   47.491428720343293       0.87441918351475179       0.58390164842135361       0.20671972127327937        52.893411614012983     
   47.599308786382934       0.87940626584552717       0.58879287342161957       0.20606662687173918        52.806426779004276     
   47.707188852422576       0.88487582873215520       0.59361480667257915       0.20539333293339213        52.670970438323963     
   47.814688926668509       0.89050519733927924       0.59830049683191988       0.20471254897215374        52.490487510744565     
   47.921127974450769       0.89589474505033739       0.60277646091273318       0.20404122542270087        52.274822683709189     
   48.027567022233029       0.90069769096775743       0.60704651087721928       0.20338716483230856        52.035283581065812     
   48.134006070015289       0.90456746206932992       0.61107036046525076       0.20276409051639749        51.788893360699312     
   48.240445117797549       0.90726212485567315       0.61481051565409639       0.20218345030492901        51.554415293337122     
   48.346884165579809       0.90863770722296677       0.61823061818500047       0.20165452378684320        51.350220876999202     
   48.453323213362069       0.90864409135184654       0.62129549271149109       0.20118418263127752        51.192649562531052     
   48.559762261144328       0.90732046318466131       0.62397226431824748       0.20077643770964693        51.094767148617358     
   48.666201308926588       0.90479040265836330       0.62623181304095787       0.20043181597823367        51.065451303890477     
   48.771358768101862       0.90130401136949734       0.62803135737845039       0.20014976247846883        51.107800382662440     
   48.876044756597530       0.89712259091439817       0.62938000102264469       0.19991854610403353        51.219287150184755     
   48.979300404281275       0.89262258927002736       0.63027088854053692       0.19972614540554504        51.390988216892282     
   49.064498430676906       0.88887988979666677       0.63067949963264036       0.19958234617787105        51.571269490317079     
   49.138273529676979       0.88573167681852538       0.63080054961170173       0.19946294491419361        51.749121593880233     
   49.233512655570749       0.88179735720472818       0.63065086107017809       0.19931534035577964        52.000324110671542     
   49.354536334212021       0.87700133723708673       0.62999989918283672       0.19913816910033855        52.342421657474347     
   49.475560012853293       0.87243269669530610       0.62889721318050718       0.19897186217387097        52.697484045753768     
   49.596583691494565       0.86809088374746257       0.62742720648106898       0.19881561966940492        53.055240786598482     
   49.747083567015480       0.86300849389569911       0.62522242346480772       0.19863411231340253        53.492900423407441     
   49.897583442536394       0.85827755175558451       0.62275929143726005       0.19846534686007450        53.913823522563831     
   50.048083318057309       0.85389653390081288       0.62019671760642248       0.19830807664693456        54.312392530189186     
   50.161762571642839       0.85081579349048553       0.61828063730111027       0.19819655194584451        54.596852311635686     
   50.244013213848596       0.84871237784168263       0.61693721013589409       0.19811946014989859        54.793462690369665     
   50.300362048312401       0.84737082645619310       0.61604708178480083       0.19806635495167729        54.923470607912002     
   50.370391957741148       0.84593792785809430       0.61498226541395162       0.19799367927309758        55.078558357177641     
   50.458877064925353       0.84472311500233566       0.61371122860584904       0.19787958905013095        55.259696809868082     
   50.566324900628956       0.84443367916699197       0.61229085199510280       0.19769278248380251        55.445537251031254     
   50.673772736332559       0.84569995911902829       0.61101628595888935       0.19744095439583326        55.576873709788217     
   50.781220572036162       0.84866057260044725       0.60989597151030950       0.19711855369318684        55.635474663717886     
   50.888668407739765       0.85332039537121618       0.60893516764870148       0.19672640034883707        55.605434298767292     
   50.992546964330316       0.85932649434840402       0.60815996814876960       0.19628634802519834        55.481093067408111     
   51.093812691892630       0.86639402752642780       0.60754900374114396       0.19580785676656054        55.264238336587404     
   51.193721024216629       0.87425676394076968       0.60708326706405713       0.19529776959550899        54.957779537982631     
   51.292717275426597       0.88257144841501756       0.60675102580073170       0.19476634937397677        54.568833600574543     
   51.391713526636565       0.89099752986070468       0.60654049300969337       0.19422175484202078        54.105702140024718     
   51.488329199275526       0.89887478041024904       0.60644395667276518       0.19369157155386257        53.597615625041932     
   51.584944871914487       0.90596031482666162       0.60644511330132778       0.19317719781756115        53.054107554469731     
   51.681560544553449       0.91189667393681939       0.60653253056395839       0.19269146351989763        52.498147292670865     
   51.778176217192410       0.91643604083935903       0.60669341214906747       0.19224519857081585        51.953551961730788     
   51.874791889831371       0.91943389524132180       0.60691451519455530       0.19184733307054250        51.443084269495820     
   51.971407562470333       0.92084653764947588       0.60718304119628586       0.19150459332981792        50.986963987728622     
   52.068023235109294       0.92072792472674303       0.60748674210178022       0.19122094773630952        50.601685925621112     
   52.162753285696553       0.91926654118531526       0.60780753612714011       0.19100065366826677        50.304167310047674     
   52.255378708422064       0.91676368757220184       0.60813349645333326       0.19083696626136784        50.096133335735843     
   52.348004131147576       0.91347680726353919       0.60846296871066063       0.19071635107876753        49.970932797690068     
   52.438396501395928       0.90984290507461685       0.60878059305966981       0.19062764562403584        49.924600427604588     
   52.528133582456597       0.90618902848082072       0.60908602863438766       0.19055148541469735        49.943863098233798     
   52.611483874886197       0.90293082204024866       0.60935657709201485       0.19048285137418405        50.009582735204205     
   52.694834167315797       0.89982307615959145       0.60961134292036734       0.19041493123059505        50.111867809154276     
   52.808184514781068       0.89581397134168139       0.60992853957038384       0.19032424089849126        50.295970591987640     
   52.921534862246340       0.89204384836686823       0.61020772807911916       0.19023527992435735        50.517841311117358     
   53.034885209711611       0.88849670111240853       0.61044435814105602       0.19014804286396583        50.765191706182186     
   53.175455788640726       0.88438607754530696       0.61067225373974698       0.19004219574801176        51.093219181711461     
   53.316026367569840       0.88057067297513480       0.61082033380531264       0.18993890270359295        51.432223579208028     
   53.456596946498955       0.87702658173914094       0.61088135569073354       0.18983840713347488        51.772380350368337     
   53.632848079376743       0.87293203422419952       0.61082456742171476       0.18971793567551123        52.190081097763468     
   53.759916010590580       0.87018320635177482       0.61068524794101808       0.18963732755412599        52.480466118446266     
   53.834893558782170       0.86857531062190874       0.61056239258811673       0.18959574694858231        52.647063005090445     
   53.975304607947820       0.86543727705384932       0.61024786350192073       0.18953853014495062        52.952078492560403     
   54.115715657113469       0.86199246245981831       0.60981908560502684       0.18951740633679176        53.254120913889679     
   54.285249521284626       0.85730607050810903       0.60914278152747459       0.18955024328657469        53.626390325517264     
   54.440732781601348       0.85251085494733225       0.60836442916769806       0.18964019635626067        53.984727606089471     
   54.590063706813019       0.84757450042359350       0.60747003156724888       0.18977731380923007        54.348940076075621     
   54.735308433224297       0.84265509340814737       0.60645873592507726       0.18994913195913007        54.721373160952190     
   54.835819584063238       0.83931697224740376       0.60567587424636926       0.19008261749019753        54.986695307456714     
   54.936330734902178       0.83619770625675061       0.60482426121887523       0.19021819234259130        55.254107249348955     
   55.011408299510450       0.83418769268410675       0.60414293310538181       0.19031041716270114        55.451196617131110     
   55.116314455080001       0.83208589121765353       0.60312575264256130       0.19041146218235760        55.713565507779435     
   55.248572547884521       0.83093357304099669       0.60173458488400489       0.19047299615753685        56.002159116937293     
   55.374304649501219       0.83163027796122657       0.60029919902208961       0.19044859256617569        56.207347110405351     
   55.494391195867856       0.83400678709875420       0.59882549350776593       0.19034456450568180        56.318309313234124     
   55.608822966489313       0.83776959194241274       0.59732795535263672       0.19017412557542340        56.331732577225409     
   55.720211439017241       0.84268160180891416       0.59578326066957099       0.18994776467792748        56.249668099581712     
   55.829124014117134       0.84844643328402047       0.59419049223221876       0.18967774987139496        56.075957730017414     
   55.938036589217027       0.85486402762097957       0.59251697097918210       0.18937069777637430        55.812595127388811     
   56.042952897559019       0.86132541328923196       0.59082933294539786       0.18905209730128902        55.481927491186767     
   56.147869205901010       0.86783441108398707       0.58906855303183692       0.18871924689221606        55.087149206341302     
   56.250980122899087       0.87424444243339439       0.58726787843506101       0.18837955439694146        54.647622590195027     
   56.394021577444491       0.88313010184048990       0.58465690704091178       0.18788890843879141        53.969776938237516     
   56.537063031989895       0.89195506972305549       0.58191792394401520       0.18737790334758408        53.230445318718616     
   56.713873657399759       0.90267584901280895       0.57836151127476088       0.18672235329633607        52.255790183089580     
   56.890684282809623       0.91304424414689744       0.57462438774855606       0.18604617752932148        51.238348786495521     
   57.125088605466424       0.92594041034220653       0.56940797392166753       0.18512971568886660        49.862968934051672     
   57.212868545382051       0.93043829164074321       0.56738218584845301       0.18478376200293742        49.349312507146202     
   57.273850053128236       0.93341318558405073       0.56595283600558821       0.18454408999848090        48.995205341265994     
   57.334831560874420       0.93619525918755364       0.56450599334482021       0.18430736255289903        48.644825389841266     
   57.428947155206821       0.93989847329501974       0.56223984209714717       0.18395532833948897        48.116444645383247     
   57.523062749539221       0.94266082883140911       0.55993510088846477       0.18362845591276014        47.612670043087114     
   57.651610153291166       0.94460624894633927       0.55672836211270837       0.18323809456673626        46.986568441772000     
   57.759715963584199       0.94446108096579173       0.55398238760979779       0.18297154334728624        46.536065030308791     
   57.867336107806352       0.94269579126838055       0.55120743579747711       0.18276967543137443        46.173545555908298     
   57.969550835934740       0.93962955145124449       0.54853659309732827       0.18263916202375508        45.919265063473190     
   58.068731853443957       0.93554631490387163       0.54591486017266155       0.18256784436038864        45.761678697100542     
   58.165854935389632       0.93073645539470107       0.54332126418907056       0.18254489185457529        45.692846175290533     
   58.262765685336660       0.92543865482701348       0.54070992728528944       0.18255788048589514        45.704230535572393     
   58.356792469212834       0.92016506115828267       0.53815632269705860       0.18259030330688486        45.783295865805016     
   58.450819253089008       0.91510548342834996       0.53558538722642979       0.18262590621504440        45.916838070349868     
   58.544846036965183       0.91047697315935283       0.53299947319459928       0.18265370950220391        46.090049005024042     
   58.674757724256025       0.90504375905963919       0.52940643130867449       0.18266575265405227        46.366890615758088     
   58.798702808694266       0.90109276883983846       0.52596183131371688       0.18263779568929051        46.640841657479207     
   58.915901939733970       0.89854865614783019       0.52269495132799215       0.18257033757954924        46.882819239156390     
   59.029526162474667       0.89717581584239114       0.51952327065749204       0.18246602459052136        47.082984236087249     
   59.141196480304373       0.89679073846277757       0.51640617142484946       0.18232862890880455        47.234036639561666     
   59.251775318675008       0.89720549320031384       0.51332374471547126       0.18216355695787737        47.331559790347356     
   59.361943021893175       0.89820511881085374       0.51026105546634892       0.18197773154209274        47.374657033466299     
   59.472110725111342       0.89953819766016208       0.50721075089817247       0.18178002201136761        47.366031604238771     
   59.576825576712160       0.90082547632047594       0.50432668938384995       0.18159226783972940        47.316243722855972     
   59.675563814127365       0.90171307013364088       0.50162415110637060       0.18142936245355507        47.241939505531057     
   59.774302051542570       0.90194850440626528       0.49894112977456578       0.18129497015182275        47.154514861836269     
   59.896306229623882       0.90099526220364168       0.49565742077455455       0.18118641565441179        47.051719202134919     
   60.015067744851606       0.89851416514893689       0.49249967106621595       0.18115857707980387        46.984014424801408     
   60.125721411579967       0.89475118679253707       0.48959678056800715       0.18121314668907615        46.972016108516208     
   60.231212691194244       0.88991318705511502       0.48686894990458379       0.18134298293993478        47.021795783829646     
   60.333669918761856       0.88418358620326654       0.48426053695127402       0.18154209484067735        47.136611732804987     
   60.434661081100280       0.87774525096779454       0.48173265638646140       0.18180397162521725        47.317969017052775     
   60.534500827389458       0.87086686987023443       0.47927931446460592       0.18211677522492181        47.563053692331685     
   60.634340573678635       0.86378838413599346       0.47687490538979438       0.18246745349321949        47.868137976394344     
   60.730382595930678       0.85712791352734985       0.47461131594145761       0.18282058242880961        48.208719501548657     
   60.826424618182720       0.85083093877330684       0.47239915014738698       0.18317482418906034        48.583154557505651     
   60.922466640434763       0.84496814601337122       0.47024131031654498       0.18352413945920323        48.979194609316941     
   61.057259131153714       0.83754087518651643       0.46730975384329576       0.18399834362023856        49.550995113309042     
   61.191037504383964       0.83116413378442855       0.46451845922464696       0.18444161353731459        50.114416745601339     
   61.324815877614213       0.82582098633780665       0.46185121677784602       0.18485027188494321        50.653303113373887     
   61.458594250844463       0.82152192733693685       0.45931364872120034       0.18521955259076195        51.151492182609346     
   61.592372624074713       0.81824721446212134       0.45691073737675980       0.18554721882672828        51.596763104766659     
   61.726150997304963       0.81594876194743726       0.45464683462696559       0.18583322214114931        51.980555189126470     
   61.859929370535212       0.81455316040733794       0.45252566803850042       0.18607934695863373        52.297718923934831     
   61.991569451060627       0.81407435523287519       0.45058075649561447       0.18628033880735875        52.541995952844260     
   62.123209531586042       0.81468275531782808       0.44877943855717911       0.18642891096489184        52.714168149569225     
   62.286634437407137       0.81711877697611013       0.44674561922133621       0.18653026316340363        52.816479534517931     
   62.415624552395165       0.82035309721546579       0.44529997256928344       0.18654414416965190        52.802190872916860     
   62.544614667383193       0.82463124173837077       0.44399574186408669       0.18650376702898502        52.700193484939348     
   62.673604782371221       0.82975506609631366       0.44283398362915849       0.18641665814075348        52.511248528722874     
   62.796742030899047       0.83517720808911211       0.44184053052314204       0.18629953475537314        52.254956924682531     
   62.900949869096976       0.83993028469339515       0.44105581042746711       0.18618339117503649        51.987147702158474     
   62.973420139876481       0.84321837661085364       0.44054019068220041       0.18609732007072669        51.777943073013873     
   63.025591158637646       0.84550642934577103       0.44018504787201290       0.18603533855073523        51.617870993381310     
   63.081879369340335       0.84782193279351936       0.43981904872673178       0.18597157922957794        51.438593830979300     
   63.099999999999966       0.84853711742197824       0.43970391198995401       0.18595161558087753        51.379816124485323     
