   0.0000000000000000        1.1613459480101671       0.25192243294899114       0.17501584669060785        82.392532348632812     
  0.10000000000000001        1.1614092284304349       0.25207706289994231       0.17501336764139955        76.853435941115265     
  0.20000000000000001        1.1616708385892571       0.25270400156081740       0.17500292094537115        72.259723662457361     
  0.30000000000000004        1.1621327487187103       0.25377538631991808       0.17498406739040046        68.451958983228081     
  0.40000000000000002        1.1628190566134342       0.25534920527607519       0.17495550910930002        65.297851257694262     
  0.50000000000000000        1.1637275879117650       0.25740000055676826       0.17491694138178662        62.687721138841162     
  0.59999999999999998        1.1648996321016745       0.26018282619663108       0.17486643106448896        60.531023343792853     
  0.69999999999999996        1.1664004785300479       0.26396793649846106       0.17480109022414128        58.754772436087748     
  0.79999999999999993        1.1682881405395082       0.26870106975295049       0.17471828852493779        57.298384516335716     
  0.89999999999999991        1.1706128960353119       0.27429272550204109       0.17461566460542702        56.110433529514438     
  0.99999999999999989        1.1733759621049809       0.28058660231649007       0.17449264502666312        55.146984681232816     
   1.0999999999999999        1.1765416006040554       0.28740845457830055       0.17434999898696396        54.370425596345939     
   1.2000000000000000        1.1800413290537555       0.29459132454681192       0.17418967574625985        53.748694677300008     
   1.3000000000000000        1.1837753076608426       0.30198702060897897       0.17401475234256167        53.254797530393674     
   1.4000000000000001        1.1876356866940274       0.30946708014861152       0.17382866139203951        52.866314192381708     
   1.5000000000000002        1.1915649425005113       0.31691911754936947       0.17363323817323978        52.564546877768727     
   1.6000000000000003        1.1955328755690862       0.32424108501139420       0.17342944564207682        52.333500075372285     
   1.7000000000000004        1.1994926704128634       0.33133539947367241       0.17321883660739601        52.159497139640806     
   1.8000000000000005        1.2033885217099152       0.33810417161323197       0.17300331997351237        52.030937946388015     
   1.9000000000000006        1.2071554671659939       0.34444667588363936       0.17278518414283719        51.938009394402599     
   2.0000000000000004        1.2107214149639720       0.35026060335970310       0.17256705329831845        51.872439337845172     
   2.1000000000000005        1.2140082595345740       0.35544069183594607       0.17235188107518629        51.827305826310344     
   2.2000000000000006        1.2169624827706507       0.35987714949714700       0.17214196638742194        51.796697024294453     
   2.3000000000000007        1.2195555904909829       0.36346269787356289       0.17193888758149875        51.775212830758100     
   2.4000000000000008        1.2217635488029703       0.36610377282940637       0.17174415026176840        51.757824527763475     
   2.5000000000000009        1.2235666811383383       0.36773357009958452       0.17155918612293378        51.739927564751071     
   2.6000000000000010        1.2249520012791264       0.36832637704363952       0.17138526819588462        51.717505510790659     
   2.7000000000000011        1.2259033549521499       0.36790392375640674       0.17122383853885442        51.687358411275433     
   2.8000000000000012        1.2264355179421305       0.36653479418416879       0.17107532282100082        51.647210880634461     
   2.9000000000000012        1.2263536122890395       0.36432494366118967       0.17094758037984578        51.596461670381693     
   3.0000000000000013        1.2250781964498507       0.36140270907629685       0.17086351188656360        51.539680229292372     
   3.1000000000000014        1.2220782106332249       0.35790275652397935       0.17084789215009366        51.487759302536510     
   3.2000000000000015        1.2171248300136250       0.35395314097443886       0.17091802508215420        51.454567440458931     
   3.3000000000000016        1.2102579928064199       0.34966723833197766       0.17108277954214748        51.453522745712313     
   3.4000000000000017        1.2018016421385700       0.34514031668140505       0.17133853284326500        51.494753410026426     
   3.5000000000000018        1.1923442036197560       0.34044922155218665       0.17166597033921857        51.582708519790991     
   3.6000000000000019        1.1827304281768427       0.33565445636684349       0.17202746461438262        51.714297269935088     
   3.7000000000000020        1.1735495680725245       0.33080273744623240       0.17239339015153482        51.879527495679227     
   3.8000000000000020        1.1649638010610610       0.32592986371917487       0.17275422666990822        52.067093425635420     
   3.9000000000000021        1.1570527305060025       0.32106313856674862       0.17310438135291722        52.266734431179728     
   4.0000000000000018        1.1498297944628793       0.31622314180992150       0.17344156786902956        52.469659113323807     
   4.1000000000000014        1.1432478504441541       0.31142528445019596       0.17376661065830795        52.668899380904918     
   4.2000000000000011        1.1372019666456046       0.30668143034643847       0.17408336249633749        52.859556324644757     
   4.3000000000000007        1.1315277123547838       0.30200101163181436       0.17439886351549108        53.039003144116684     
   4.4000000000000004        1.1259756218782959       0.29739186684914637       0.17472482354207144        53.207224359020501     
   4.5000000000000000        1.1203119395267005       0.29286086487067675       0.17507306514869408        53.366858935544691     
   4.5999999999999996        1.1144265424090833       0.28841437087513266       0.17545008834293305        53.521873560502172     
   4.6999999999999993        1.1083170365126878       0.28405859183037629       0.17585729594642457        53.676160048237826     
   4.7999999999999989        1.1021070627213243       0.27979979527776622       0.17628933843302860        53.832365521928757     
   4.8999999999999986        1.0959648274938947       0.27564453306596742       0.17673781224403756        53.991231072036008     
   4.9999999999999982        1.0905607348751243       0.27160026320823188       0.17716672846776751        54.149798348716672     
   5.0999999999999979        1.0872151650465627       0.26767599359077415       0.17750679916741530        54.294935068671876     
   5.1999999999999975        1.0869028007616990       0.26388265381944104       0.17771284610013380        54.403434425005372     
   5.2999999999999972        1.0897716452689994       0.26023358534284879       0.17778407574931115        54.450685176502482     
   5.3999999999999968        1.0952965754701740       0.25674507299233862       0.17774664263081527        54.418491975036410     
   5.4999999999999964        1.1023130698772188       0.25343693517152388       0.17764550403870724        54.300559946652861     
   5.5999999999999961        1.1094704818631898       0.25033318004635474       0.17752809312277382        54.105267113010520     
   5.6999999999999957        1.1161612506528278       0.24746262008448458       0.17741579431765933        53.850096500067167     
   5.7999999999999954        1.1223323696914258       0.24485948398048227       0.17731127508574557        53.552215737362111     
   5.8999999999999950        1.1279333241406397       0.24256380278803602       0.17721724445985348        53.226726098749246     
   5.9999999999999947        1.1329940605165305       0.24062152484847366       0.17713365558911082        52.886583214497485     
   6.0999999999999943        1.1376043855540756       0.23908416812334030       0.17705823092016360        52.542305755964115     
   6.1999999999999940        1.1419015437495958       0.23800769277547537       0.17698670234780639        52.201916324653148     
   6.2999999999999936        1.1461755555795463       0.23745063923939894       0.17690882470945990        51.870531712502057     
   6.3999999999999932        1.1509728877218537       0.23747123326923791       0.17680465456959105        51.548541483207792     
   6.4999999999999929        1.1567825342659985       0.23812362074863552       0.17665615994476747        51.231144990326570     
   6.5999999999999925        1.1638144422045462       0.23945358574307146       0.17645524240080460        50.911325352572689     
   6.6999999999999922        1.1720536677904017       0.24149418227745945       0.17620144584846076        50.582646035236742     
   6.7999999999999918        1.1812784496521607       0.24426207082389692       0.17590076392939208        50.241209192796539     
   6.8999999999999915        1.1911009874820231       0.24775522452255488       0.17556406752536510        49.886940943181301     
   6.9999999999999911        1.2009587280994900       0.25195240336830405       0.17520725425033606        49.524512602785101     
   7.0999999999999908        1.2104180833305087       0.25681468197163793       0.17484290507977532        49.162941154900253     
   7.1999999999999904        1.2193392409852668       0.26228856912447057       0.17447574492221729        48.811991924993208     
   7.2999999999999901        1.2276556993592576       0.26831008110972177       0.17410863517200939        48.480197903525131     
   7.3999999999999897        1.2353180773386834       0.27480927836484026       0.17374407054196825        48.174679057827007     
   7.4999999999999893        1.2422973950383538       0.28171426855222120       0.17338403399956356        47.901186150182426     
   7.5999999999999890        1.2485843225431519       0.28895471462236832       0.17302994951837938        47.664079549478338     
   7.6999999999999886        1.2541860707636261       0.29646424541173516       0.17268268530178571        47.466450082691729     
   7.7999999999999883        1.2591234067936017       0.30418190510083482       0.17234258707641170        47.310191488265943     
   7.8999999999999879        1.2632863376542440       0.31205299816019766       0.17201382997751713        47.196708807566750     
   7.9999999999999876        1.2664701445193742       0.32002915246183106       0.17170388167714143        47.128582781419595     
   8.0999999999999872        1.2685625574875807       0.32806802557024867       0.17141815401445804        47.109204270247616     
   8.1999999999999869        1.2695438541049897       0.33613270253548422       0.17115974533556921        47.141729779552236     
   8.2999999999999865        1.2694898751225474       0.34419096332312182       0.17092914949512741        47.228216498367097     
   8.3999999999999861        1.2685723909570612       0.35221462439072104       0.17072411082522188        47.368866072966206     
   8.4999999999999858        1.2670552623415607       0.36017891373307015       0.17053911296209112        47.561453193455229     
   8.5999999999999854        1.2652970631390967       0.36806183409767673       0.17036446955522666        47.800804103613110     
   8.6999999999999851        1.2636960222577880       0.37584347446887412       0.17018785488448199        48.078567563137909     
   8.7999999999999847        1.2625683424124117       0.38350537148615343       0.16999866235918268        48.383992859586769     
   8.8999999999999844        1.2621033632356016       0.39102991125127085       0.16978991415455025        48.705511065015507     
   8.9999999999999840        1.2623813459050000       0.39839978400470816       0.16955803683291651        49.032050681416735     
   9.0999999999999837        1.2633794353236043       0.40559749623289310       0.16930287810249578        49.354020259564912     
   9.1999999999999833        1.2649814875705561       0.41260494628129085       0.16902732434008569        49.664037668475856     
   9.2999999999999829        1.2669856013835847       0.41940310060614633       0.16873703180170535        49.957444536454027     
   9.3999999999999826        1.2691131837780110       0.42597162051718152       0.16844021510167553        50.232644808484309     
   9.4999999999999822        1.2709998306293768       0.43228839826842069       0.16814816672183722        50.491381674829945     
   9.5999999999999819        1.2722691492273388       0.43832921569983302       0.16787342690413054        50.738758351698955     
   9.6999999999999815        1.2726350928861525       0.44406754679851107       0.16762696106447303        50.982153874924172     
   9.7999999999999812        1.2719120509883377       0.44947450905849073       0.16741779824996741        51.229824766424642     
   9.8999999999999808        1.2700114433431922       0.45451901678024154       0.16725276965825378        51.489752289537705     
   9.9999999999999805        1.2669434461598044       0.45916818633995621       0.16713589915517363        51.768692816240950     
   10.099999999999980        1.2628119515149145       0.46338804005237844       0.16706788671914399        52.071408583326267     
   10.199999999999980        1.2578327333690402       0.46714454334877464       0.16704463203619313        52.399963950408477     
   10.299999999999979        1.2522103271739138       0.47040495310425950       0.16706131394823762        52.753511040915761     
   10.399999999999979        1.2459820950211489       0.47313946252379718       0.16711893464102998        53.129891252974083     
   10.499999999999979        1.2391412222359446       0.47532292395305398       0.16722029175080066        53.527136107673918     
   10.599999999999978        1.2317451136836570       0.47693671956856443       0.16736553531895526        53.943168618230587     
   10.699999999999978        1.2238987085624262       0.47797042315809657       0.16755244065104269        54.375323200079762     
   10.799999999999978        1.2157542871325104       0.47842263471508878       0.16777608009520684        54.820058682628272     
   10.899999999999977        1.2075125193552070       0.47830183448742691       0.16802844735907513        55.272681520049325     
   10.999999999999977        1.1994129591333609       0.47762641077400381       0.16829869244937770        55.727167862263734     
   11.099999999999977        1.1918029075998064       0.47642364855914127       0.16856991729607079        56.175819441846272     
   11.199999999999976        1.1850477192995850       0.47472859940194706       0.16882351280362820        56.608678982436061     
   11.299999999999976        1.1793503140519050       0.47258244500877128       0.16904813276645486        57.014898545664650     
   11.399999999999975        1.1747448382506729       0.47003065968543162       0.16924018089940121        57.384661990660760     
   11.499999999999975        1.1711065093189599       0.46712125562763429       0.16940314746326562        57.710687555485940     
   11.599999999999975        1.1681666219944515       0.46390322023056874       0.16954673239447937        57.989331322002172     
   11.699999999999974        1.1655233379201542       0.46042526029586228       0.16968648619918708        58.221409733847679     
   11.799999999999974        1.1628770601437572       0.45673489195274974       0.16983438893155156        58.411781323172221     
   11.899999999999974        1.1601140505700018       0.45287794808190812       0.16999526829741549        58.566758584628872     
   11.999999999999973        1.1571776583825288       0.44889869166681556       0.17017197301795792        58.692757859470113     
   12.099999999999973        1.1540646603255686       0.44484482989486135       0.17036532421437312        58.795764636958197     
   12.199999999999973        1.1508224369849300       0.44077001777493829       0.17057399228184322        58.880919639624928     
   12.299999999999972        1.1475453112161493       0.43673173105277063       0.17079442389762950        58.952217017481402     
   12.399999999999972        1.1443737058368344       0.43279045718720738       0.17102069116019122        59.012250295251981     
   12.499999999999972        1.1414603153791465       0.42900958968042990       0.17124589707807600        59.062130771924558     
   12.599999999999971        1.1389288854446851       0.42545554360247895       0.17146407668065025        59.101900692205632     
   12.699999999999971        1.1368682446965672       0.42219752204802513       0.17167056395088809        59.131074623079904     
   12.799999999999971        1.1353344410401476       0.41930646068935457       0.17186195747193295        59.149078758539822     
   12.899999999999970        1.1343548075642560       0.41685189457168748       0.17203595775709057        59.155598869563200     
   12.999999999999970        1.1339171473096603       0.41489666077228277       0.17219185522473929        59.150832372754408     
   13.099999999999969        1.1341246450256892       0.41348280150035838       0.17232417922452181        59.135096225478016     
   13.199999999999969        1.1351761089115586       0.41261818288494118       0.17242354798198650        59.107082449645013     
   13.299999999999969        1.1371474477338557       0.41227191843822669       0.17248560813932015        59.064163504471914     
   13.399999999999968        1.1399727021879220       0.41237911419578699       0.17251159066356206        59.003747949697598     
   13.499999999999968        1.1434596967598973       0.41285046975034606       0.17250745095502740        58.924385229251897     
   13.599999999999968        1.1472985104001485       0.41358070183344464       0.17248341996008884        58.826632272561156     
   13.699999999999967        1.1511120605344869       0.41445688571253725       0.17245228718823744        58.713638186796835     
   13.799999999999967        1.1546967746047971       0.41536558420196418       0.17242107190466363        58.590227387773908     
   13.899999999999967        1.1580173979745119       0.41619892584036317       0.17239102397308706        58.460457327250985     
   13.999999999999966        1.1610315273918277       0.41686056548872219       0.17236375328767040        58.327252557323355     
   14.099999999999966        1.1637105431923325       0.41727124307951369       0.17234051754067437        58.192696542553456     
   14.199999999999966        1.1660214465982233       0.41737516849558354       0.17232289877397827        58.058283578275962     
   14.299999999999965        1.1679512940922594       0.41714531515615516       0.17231193780296925        57.925075946185473     
   14.399999999999965        1.1689488565697643       0.41658180315753929       0.17232918244557330        57.796119324798966     
   14.499999999999964        1.1681072320144659       0.41570842235539990       0.17241363546496261        57.682389821108465     
   14.599999999999964        1.1649516550400594       0.41456780620043820       0.17259429508221122        57.600347736659671     
   14.699999999999964        1.1594841558970035       0.41321444626304604       0.17288506065780748        57.566406003507595     
   14.799999999999963        1.1521932824480245       0.41171024460397698       0.17327740956151319        57.592126785899765     
   14.899999999999963        1.1440408628540883       0.41012109347692899       0.17373305142546619        57.680240806539622     
   14.999999999999963        1.1363560402945236       0.40851433077739735       0.17418573946003368        57.821747641450308     
   15.099999999999962        1.1303235709080546       0.40695679752815611       0.17457280704921072        57.996440350458435     
   15.199999999999962        1.1265864546334521       0.40551315427885903       0.17486163464864163        58.178890247905407     
   15.299999999999962        1.1252592133499548       0.40424406038826116       0.17504763161284972        58.344782224570608     
   15.399999999999961        1.1259807632558363       0.40320391185193816       0.17514707619532960        58.475778354981138     
   15.499999999999961        1.1279024522627696       0.40243773983148690       0.17519387667279582        58.563265354174852     
   15.599999999999961        1.1302045047459348       0.40198061078480724       0.17521919741199934        58.609561212962234     
   15.699999999999960        1.1326149903820883       0.40185864283575873       0.17523308305711352        58.622230716414933     
   15.799999999999960        1.1350941032278166       0.40208839648129974       0.17523691261036115        58.608874472161880     
   15.899999999999959        1.1376129090297480       0.40267603490998061       0.17523177433038889        58.576240514516314     
   15.999999999999959        1.1401839248856958       0.40361709926725886       0.17521726789875497        58.530018056227718     
   16.099999999999959        1.1428406134891389       0.40489618054120030       0.17519222165284545        58.474595594669445     
   16.199999999999960        1.1457013341553219       0.40648746875226516       0.17515228419400591        58.412754522185487     
   16.299999999999962        1.1489619000921545       0.40835559524285925       0.17509014169572881        58.344863741814478     
   16.399999999999963        1.1527408145402001       0.41045585025293185       0.17500128379888452        58.269219199661144     
   16.499999999999964        1.1570237804446675       0.41273237587283479       0.17488606554588670        58.183513600129679     
   16.599999999999966        1.1616789648788015       0.41511917735680443       0.17474902245997431        58.086102129132541     
   16.699999999999967        1.1664753774045407       0.41754410240902462       0.17459813417376099        57.976912162057481     
   16.799999999999969        1.1710221883433194       0.41993177927761322       0.17444696653260738        57.858347277721897     
   16.899999999999970        1.1747328901779572       0.42220616411252837       0.17431654996113721        57.736802345145428     
   16.999999999999972        1.1771051897114637       0.42429293340496765       0.17422700819384010        57.622788637822119     
   17.099999999999973        1.1779183345869693       0.42612217511676315       0.17419074961427633        57.528030815386472     
   17.199999999999974        1.1772089746161145       0.42763173221711043       0.17421195997031244        57.462628778710275     
   17.299999999999976        1.1752690888363628       0.42877117807615972       0.17428461148757488        57.432827932377862     
   17.399999999999977        1.1726636306125005       0.42950709940841586       0.17438958469999771        57.439097148833135     
   17.499999999999979        1.1698323871136995       0.42983050320214422       0.17451023525643758        57.476079182147934     
   17.599999999999980        1.1668876501408094       0.42976049280861961       0.17464233967921663        57.536878529584172     
   17.699999999999982        1.1638825396515673       0.42934089308961537       0.17478369797559293        57.615331517426469     
   17.799999999999983        1.1608514673170001       0.42863172282640766       0.17493236120309902        57.706303757177302     
   17.899999999999984        1.1578078994931855       0.42770260032324781       0.17508686291836051        57.805817822759927     
   17.999999999999986        1.1547467082647234       0.42662811753548019       0.17524633112360533        57.911100424174002     
   18.099999999999987        1.1516364771428620       0.42548368570210460       0.17541112607273124        58.020656169604052     
   18.199999999999989        1.1484406008727364       0.42434227871128227       0.17558231061420218        58.134210550914936     
   18.299999999999990        1.1451516565465221       0.42327152067524487       0.17576042251122340        58.252326143579310     
   18.399999999999991        1.1417952650756555       0.42233094573823560       0.17594522558541575        58.375889610444638     
   18.499999999999993        1.1384327676610724       0.42156832365086128       0.17613517747035157        58.505618986046557     
   18.599999999999994        1.1351412003977339       0.42101573824638078       0.17632791060528949        58.641728441641966     
   18.699999999999996        1.1321384189999788       0.42068802832178598       0.17651429480632153        58.783300704953867     
   18.799999999999997        1.1300155966529823       0.42058424482885687       0.17666772868721264        58.925546196980413     
   18.899999999999999        1.1293366339651105       0.42068874449901833       0.17676276166871319        59.057964155751414     
   19.000000000000000        1.1302474310465402       0.42097296179943472       0.17679274949636231        59.168181687924609     
   19.100000000000001        1.1325456247142878       0.42139836130147046       0.17676537859008237        59.246028219534196     
   19.200000000000003        1.1357315727393225       0.42191898450755971       0.17669914337317549        59.286340460071422     
   19.300000000000004        1.1387967380160156       0.42248396284291095       0.17663097005632575        59.291676115089288     
   19.400000000000006        1.1396514093193517       0.42303992331743634       0.17664279694274976        59.279237498909723     
   19.500000000000007        1.1361435018497164       0.42353331454732629       0.17684161540860838        59.286035351558226     
   19.600000000000009        1.1272733959539227       0.42391270473466397       0.17732459215281826        59.358228011108800     
   19.700000000000010        1.1131860847764632       0.42413109704627766       0.17816594847251707        59.538147796808637     
   19.800000000000011        1.0951591809982391       0.42414830379468632       0.17937190438319683        59.853327089673655     
   19.900000000000013        1.0755154250163510       0.42393318738144825       0.18081354559367185        60.307911417728327     
   20.000000000000014        1.0565923923889431       0.42346412057030841       0.18228905870011658        60.879953495899642     
   20.100000000000016        1.0395247162906667       0.42272845073032805       0.18368466157180760        61.533203126308621     
   20.200000000000017        1.0246558771538601       0.42172239852853105       0.18496344254018951        62.230884519541647     
   20.300000000000018        1.0120399155612458       0.42045061461253702       0.18611726928197214        62.940460242100926     
   20.400000000000020        1.0013841483165340       0.41892558067769375       0.18716692776748772        63.636278961939887     
   20.500000000000021       0.99203110746205225       0.41716683508519936       0.18815908070051487        64.302068839843045     
   20.600000000000023       0.98329790095383940       0.41520008293478283       0.18914108984684827        64.931903597868981     
   20.700000000000024       0.97495601714982472       0.41305628976912889       0.19012759903167778        65.525764329985464     
   20.800000000000026       0.96700571042456673       0.41077085990431650       0.19111682055701529        66.084613982533398     
   20.900000000000027       0.95942078834733302       0.40838233970687776       0.19210904130942699        66.609686085362299     
   21.000000000000028       0.95218416781064641       0.40593119367719732       0.19310399473816228        67.102556320130702     
   21.100000000000030       0.94528217649893465       0.40345854386966340       0.19410123067059873        67.564983475492156     
   21.200000000000031       0.93867870909336892       0.40100558534494940       0.19510208376312949        67.998975815209832     
   21.300000000000033       0.93224156008541581       0.39861300863386329       0.19611548979957832        68.407350042090030     
   21.400000000000034       0.92583051127746674       0.39632055524976384       0.19715183961213639        68.794313693921382     
   21.500000000000036       0.91940420565581127       0.39416648479684180       0.19821462682449956        69.164579348325375     
   21.600000000000037       0.91300322436323400       0.39218687297214888       0.19930101999668107        69.522339291686080     
   21.700000000000038       0.90674775038590982       0.39041462601906729       0.20040137060127647        69.870513715082097     
   21.800000000000040       0.90082724581580365       0.38887822945481726       0.20149960124214822        70.210165749098934     
   21.900000000000041       0.89544715473984360       0.38760076907364965       0.20257752340125915        70.540299543777635     
   22.000000000000043       0.89078325404871694       0.38659933252209028       0.20361904029760750        70.858301454138427     
   22.100000000000044       0.88698675896815127       0.38588415556818084       0.20461040658752444        71.160431224897437     
   22.200000000000045       0.88417892221589867       0.38545833572695404       0.20554091714673275        71.442274470088634     
   22.300000000000047       0.88248072508004460       0.38531699933042912       0.20640072507317545        71.698917558966883     
   22.400000000000048       0.88202216868254368       0.38544715806286978       0.20718047305198217        71.925271029865129     
   22.500000000000050       0.88471064058891036       0.38582716278455015       0.20776277663477785        72.108356564638726     
   22.600000000000051       0.89327131167728580       0.38642770583356933       0.20802087519789836        72.210148251769795     
   22.700000000000053       0.90846750990086456       0.38719059907745207       0.20797067851570350        72.181061400525252     
   22.800000000000054       0.92919751813590845       0.38801397662286335       0.20769385392787379        71.981744635852436     
   22.900000000000055       0.95297516889374800       0.38877156516735523       0.20728533635307864        71.597463500019032     
   23.000000000000057       0.97666292017816903       0.38933508383569931       0.20683469923345280        71.044156807033474     
   23.100000000000058       0.99829934663884923       0.38959612025266271       0.20639383964656574        70.361290419615912     
   23.200000000000060        1.0172754224079958       0.38949001454768634       0.20598143585872242        69.592107819719146     
   23.300000000000061        1.0332410616141143       0.38900136418059472       0.20561378135037531        68.776947207989792     
   23.400000000000063        1.0462242891266025       0.38814273541687100       0.20529938087889713        67.950873641598790     
   23.500000000000064        1.0566133425633606       0.38694207682986642       0.20503567489192687        67.141026508844703     
   23.600000000000065        1.0651986915835741       0.38544046482341138       0.20480387003028103        66.364259669262694     
   23.700000000000067        1.0729669365032746       0.38370703099129821       0.20457381819150480        65.625655828188073     
   23.800000000000068        1.0804524644518181       0.38184750589524713       0.20432824952914655        64.922041434385420     
   23.900000000000070        1.0877965885272194       0.37998701581380218       0.20406278901208200        64.248961455355442     
   24.000000000000071        1.0951344027673868       0.37825592037131039       0.20377288904385868        63.602340992628633     
   24.100000000000072        1.1025393761598798       0.37677814655588920       0.20345607860169901        62.978797098620824     
   24.200000000000074        1.1100380517355850       0.37565480063304141       0.20311148382095276        62.375935507996786     
   24.300000000000075        1.1176154628114350       0.37495666352921370       0.20273965809157513        61.792430488837034     
   24.400000000000077        1.1253335396295794       0.37473712488321614       0.20233859117262176        61.227543161182446     
   24.500000000000078        1.1332932727031120       0.37503898198297575       0.20190491775934910        60.680050673362274     
   24.600000000000080        1.1415098212102111       0.37588993209064891       0.20143799839008847        60.148640128072110     
   24.700000000000081        1.1499250483064198       0.37730018948877214       0.20093943575788364        59.632611866439895     
   24.800000000000082        1.1584058585143633       0.37926127736593995       0.20041315520436359        59.132364391201058     
   24.900000000000084        1.1667736991454369       0.38174631232486511       0.19986457140074104        58.649655231156082     
   25.000000000000085        1.1746544317212075       0.38471163905958955       0.19930539680509099        58.188256319805902     
   25.100000000000087        1.1814748951114118       0.38809991685151385       0.19875454367912446        57.755909528982109     
   25.200000000000088        1.1867967063531664       0.39184374778119185       0.19822874059198226        57.363839514926077     
   25.300000000000090        1.1904403518661908       0.39586754032938493       0.19773839935591198        57.023851005114693     
   25.400000000000091        1.1924734983713985       0.40008672643386972       0.19728674370962865        56.745630752322000     
   25.500000000000092        1.1932049655522126       0.40440978110359421       0.19686827751530722        56.534602436972541     
   25.600000000000094        1.1932153959591538       0.40874108565122447       0.19646593292323539        56.389971788724900     
   25.700000000000095        1.1929515159526927       0.41298127429854375       0.19606543815779442        56.304613221988568     
   25.800000000000097        1.1925084869842395       0.41702621287528013       0.19566561152537834        56.269372539531638     
   25.900000000000098        1.1919081366572364       0.42076523130534144       0.19526931973341979        56.275357023582238     
   26.000000000000099        1.1911564727154520       0.42408012577344273       0.19488007750450864        56.314139371035864     
   26.100000000000101        1.1902405727689613       0.42684578505391391       0.19450134469878419        56.377805237817533     
   26.200000000000102        1.1891316117995714       0.42893504170003982       0.19413622397802840        56.459001164068532     
   26.300000000000104        1.1877867332070644       0.43022907504498381       0.19378751892846152        56.550991178932449     
   26.400000000000105        1.1861892692104206       0.43063765259543563       0.19345647456336562        56.647697278618821     
   26.500000000000107        1.1843465073791963       0.43011463022554053       0.19314319661476814        56.743523008622269     
   26.600000000000108        1.1822538515630689       0.42866675717651803       0.19284808868613498        56.833657377361149     
   26.700000000000109        1.1798932668715572       0.42635271270851172       0.19257204017180382        56.914498949837466     
   26.800000000000111        1.1772406093906209       0.42327263363912909       0.19231629034137410        56.983917177437498     
   26.900000000000112        1.1742374834528260       0.41955164170938408       0.19208382722248310        57.041488733787311     
   27.000000000000114        1.1708844739187934       0.41532208447977537       0.19187568387653661        57.088173862837877     
   27.100000000000115        1.1664260759127563       0.41071012345254571       0.19172680360209987        57.128630071240423     
   27.200000000000117        1.1594129613023569       0.40582807740337257       0.19171305196287075        57.180194806737973     
   27.300000000000118        1.1489871555826114       0.40077091449305213       0.19190370420496738        57.270254571917071     
   27.400000000000119        1.1351623621044944       0.39561615434995950       0.19234034645569256        57.426441583765033     
   27.500000000000121        1.1187348586140764       0.39042699636021139       0.19301725722314184        57.668112298796665     
   27.600000000000122        1.1013311893711186       0.38525618667265077       0.19384439399763453        57.999374564204707     
   27.700000000000124        1.0843857031671642       0.38014999229965440       0.19471497925973674        58.407053093099961     
   27.800000000000125        1.0682488424383090       0.37515188403436817       0.19559804737015518        58.871840237372005     
   27.900000000000126        1.0528973842364404       0.37030601453095274       0.19649231589934985        59.377191781804065     
   28.000000000000128        1.0383497570343325       0.36566047127844331       0.19739302527807492        59.909724500225309     
   28.100000000000129        1.0246185727275006       0.36127021236241991       0.19829578200227310        60.458577592999937     
   28.200000000000131        1.0116879563860866       0.35719949069897461       0.19919850739709918        61.015238149446148     
   28.300000000000132       0.99975108050371908       0.35352418509457417       0.20008181580259335        61.572627330307668     
   28.400000000000134       0.98946932006605948       0.35033409659414072       0.20088853247268024        62.121039510751203     
   28.500000000000135       0.98147896856234074       0.34773269136616236       0.20156747549680926        62.645927535472019     
   28.600000000000136       0.97599341167271891       0.34583334527835913       0.20210462731794032        63.131873280182525     
   28.700000000000138       0.97287691129327980       0.34475091505642858       0.20251138133017640        63.566677939345617     
   28.800000000000139       0.97160825543782714       0.34458869506885237       0.20282067953277488        63.944490812280982     
   28.900000000000141       0.97154748171815875       0.34542215847305274       0.20306878329424202        64.267526462721065     
   29.000000000000142       0.97233713473193462       0.34728419102596486       0.20327436846893854        64.543209229994901     
   29.100000000000144       0.97382673452863600       0.35015665789947020       0.20344443330338169        64.780063114929618     
   29.200000000000145       0.97592326511431204       0.35397163758261868       0.20358289402088126        64.986015934071403     
   29.300000000000146       0.97860773875229290       0.35861948187779408       0.20368989593188308        65.167476383229300     
   29.400000000000148       0.98192436549561279       0.36397628804466758       0.20376250978863072        65.328663649457653     
   29.500000000000149       0.98600070687403274       0.36988149489391042       0.20379398053813463        65.471094697043384     
   29.600000000000151       0.99111353299782168       0.37628077910041791       0.20377107886954740        65.593061858174281     
   29.700000000000152       0.99727589405703954       0.38248951605547615       0.20369281243801654        65.688964594146398     
   29.800000000000153        1.0040805767612340       0.38671446948530297       0.20357619213961095        65.746340256293948     
   29.900000000000155        1.0110276033862200       0.38648472454521399       0.20344152337955451        65.741521878794401     
   30.000000000000156        1.0175547126390667       0.38195945812389853       0.20331183928882571        65.648426624943994     
   30.100000000000158        1.0229937602983767       0.37597833476331538       0.20321605961113473        65.467106524128013     
   30.200000000000159        1.0267910488610275       0.36985109114404058       0.20318172466495912        65.221647468771494     
   30.300000000000161        1.0286870586483801       0.36379975926160063       0.20322754376599383        64.941064548576833     
   30.400000000000162        1.0285270176353607       0.35784567739738093       0.20337043661122822        64.652086061402102     
   30.500000000000163        1.0261911681189255       0.35198893243887602       0.20362833963784244        64.378328646640512     
   30.600000000000165        1.0215607033238250       0.34622803781572142       0.20402263586884026        64.140627203076633     
   30.700000000000166        1.0148052823656439       0.34056142976985521       0.20456087736940018        63.956419949519926     
   30.800000000000168        1.0064071803192218       0.33498756536818741       0.20522873739518444        63.836449448713857     
   30.900000000000169       0.99679010075017371       0.32950492669272302       0.20601045857713318        63.784961233808112     
   31.000000000000171       0.98627053409123466       0.32411202066864797       0.20689400766426638        63.801752012869244     
   31.100000000000172       0.97506497407841242       0.31880737867850689       0.20787192569102006        63.883990712521431     
   31.200000000000173       0.96333149955185504       0.31358955610668621       0.20893915934452448        64.027494147675171     
   31.300000000000175       0.95120219608520395       0.30845713228223304       0.21009108294406659        64.227328293378463     
   31.400000000000176       0.93878961047437748       0.30340870878806486       0.21132334964999303        64.478175563432188     
   31.500000000000178       0.92618998941091257       0.29844291168202830       0.21263169898908407        64.774563890903352     
   31.600000000000179       0.91349869785968396       0.29355838814551827       0.21401084576329185        65.110981384534298     
   31.700000000000180       0.90074741054724761       0.28875380808781054       0.21546166237281644        65.482108484444367     
   31.800000000000182       0.88782946742646107       0.28402786313011386       0.21700135337225959        65.883962866603667     
   31.900000000000183       0.87463909275796214       0.27937926628771947       0.21864991138253201        66.314527532305164     
   32.000000000000185       0.86117754786369693       0.27480675156993312       0.22041666731467369        66.772650442210448     
   32.100000000000186       0.84752945223139697       0.27030907377379271       0.22230003491425060        67.256935692867330     
   32.200000000000188       0.83385535766118313       0.26588500811054194       0.22428557276162001        67.764945966439129     
   32.300000000000189       0.82039120527372977       0.26153334977347986       0.22634384143089739        68.292601160488516     
   32.400000000000190       0.80738056371554423       0.25725291369266623       0.22843927732871355        68.833898977469644     
   32.500000000000192       0.79492382434346565       0.25304253424703665       0.23055395207468091        69.381985412922816     
   32.600000000000193       0.78302154223112608       0.24890106466968406       0.23268381584018738        69.930783052457940     
   32.700000000000195       0.77166853937281898       0.24482737733759649       0.23482562236715634        70.475267513250429     
   32.800000000000196       0.76084316927007689       0.24082036287942474       0.23697869824456083        71.011384090650665     
   32.900000000000198       0.75051028428531708       0.23687892983989803       0.23914472825499891        71.536036160518208     
   33.000000000000199       0.74062620306356231       0.23300200506038179       0.24132707959507810        72.047067561502402     
   33.100000000000200       0.73110919696433896       0.22918853277368248       0.24353528821054041        72.543282683103783     
   33.200000000000202       0.72184138106399487       0.22543747433946798       0.24578539142572206        73.024756035028005     
   33.300000000000203       0.71272728644464756       0.22174780849857173       0.24809136245436544        73.492702790853897     
   33.400000000000205       0.70371129650285613       0.21811853009841398       0.25046193777917031        73.948883737071526     
   33.500000000000206       0.69477367621774788       0.21454865101730802       0.25290057352333895        74.395142263371767     
   33.600000000000207       0.68593042681659855       0.21103719913578070       0.25540468254519549        74.833011478821078     
   33.700000000000209       0.67720092078427108       0.20758321808141172       0.25797052897571315        75.263515035117280     
   33.800000000000210       0.66854650581700936       0.20418576724862095       0.26060434686718503        75.687575550028271     
   33.900000000000212       0.65992505677283841       0.20084392143977195       0.26331378197038902        76.106477998795981     
   34.000000000000213       0.65135157143841216       0.19755677056367160       0.26609638653026857        76.521408238122618     
   34.100000000000215       0.64288506700876713       0.19432341957301266       0.26894071561944061        76.932936336045032     
   34.200000000000216       0.63462795780080972       0.19114298780563582       0.27182530036229363        77.340679124768087     
   34.300000000000217       0.62672965592758068       0.18801460918091109       0.27471710653172066        77.743002954557767     
   34.400000000000219       0.61957605491385337       0.18493743176972038       0.27753402374445058        78.135874802437655     
   34.500000000000220       0.61363369825495728       0.18191061757092675       0.28017967273735628        78.510962598603513     
   34.600000000000222       0.60912464722953230       0.17893334231939395       0.28261095819868004        78.857703084276082     
   34.700000000000223       0.60602173253069347       0.17600479522119414       0.28483270447506132        79.166329056749447     
   34.800000000000225       0.60403614265370675       0.17312417875462166       0.28689006362413189        79.430416011389170     
   34.900000000000226       0.60259627055899367       0.17029070844930846       0.28886568899879211        79.649160196559521     
   35.000000000000227       0.60110709837180543       0.16750361267854971       0.29084436172152861        79.828352177308204     
   35.100000000000229       0.59922838845310133       0.16476213245281324       0.29287784589113680        79.977639660025417     
   35.200000000000230       0.59682908391294076       0.16206552119640366       0.29499134922946041        80.107385757800003     
   35.300000000000232       0.59394554182564596       0.15941304454787977       0.29718604813290272        80.226655658943102     
   35.400000000000233       0.59076644946509715       0.15680398017613234       0.29943663642955287        80.341766608023505     
   35.500000000000234       0.58761304790796487       0.15423761755512388       0.30169097218322155        80.455242194687230     
   35.600000000000236       0.58477526380349409       0.15171325781167877       0.30389802363499685        80.565757911145255     
   35.700000000000237       0.58240089745912171       0.14923021347691262       0.30602968994209612        80.669966248490724     
   35.800000000000239       0.58053232752928308       0.14678780835321839       0.30807566638831746        80.764104534145318     
   35.900000000000240       0.57911129436537279       0.14438537733767995       0.31004218993789523        80.845144241240362     
   36.000000000000242       0.57797289217973569       0.14202226617793709       0.31195250633370319        80.911733989511092     
   36.100000000000243       0.57692147370245528       0.13969783131782187       0.31383537202563477        80.964753299358094     
   36.200000000000244       0.57585457323015832       0.13741143979243459       0.31570623764367201        81.006522998428323     
   36.300000000000246       0.57474166114467307       0.13516246890540762       0.31757000851499273        81.039569534670832     
   36.400000000000247       0.57358031859665104       0.13295030629137508       0.31942733363349551        81.066150653069315     
   36.500000000000249       0.57239900828595758       0.13077434946750505       0.32127374075861387        81.087996626344662     
   36.600000000000250       0.57125463451937264       0.12863400576132764       0.32309968131420402        81.106084315171714     
   36.700000000000252       0.57020014151453768       0.12652869244971296       0.32489556559039534        81.120591710404568     
   36.800000000000253       0.56926325174549719       0.12445783623608977       0.32665541980151930        81.131252006358011     
   36.900000000000254       0.56845154311210389       0.12242087298272310       0.32837633310700004        81.137651886833581     
   37.000000000000256       0.56775205772307125       0.12041724809549331       0.33005868452474768        81.139475006862938     
   37.100000000000257       0.56713438491420254       0.11844641600427380       0.33170568159309677        81.136680341796904     
   37.200000000000259       0.56654489083337034       0.11650783984073586       0.33332435293592749        81.129648784987467     
   37.300000000000260       0.56591892045716086       0.11460099175253369       0.33492399471578110        81.119349296526821     
   37.400000000000261       0.56521803759830369       0.11272535251017891       0.33651048518263854        81.107134966752085     
   37.500000000000263       0.56444038042756350       0.11088041127943951       0.33808443005107325        81.094322732205185     
   37.600000000000264       0.56361701678847431       0.10906566561150580       0.33964144268592045        81.081849613858751     
   37.700000000000266       0.56281388082716688       0.10728062129991481       0.34117186486021828        81.069978440473278     
   37.800000000000267       0.56212536434980853       0.10552479231091072       0.34266183431905295        81.058058414360275     
   37.900000000000269       0.56163009798517594       0.10379770044647423       0.34409994045783854        81.044613897682581     
   38.000000000000270       0.56136205467288358       0.10209887531502326       0.34548163648688257        81.027831264374797     
   38.100000000000271       0.56131446741870450       0.10042785434325413       0.34680831115110594        81.006075391954454     
   38.200000000000273       0.56143886619973893        9.8784182470994519E-002  0.34808708722600690        80.978280880405677     
   38.300000000000274       0.56167571344431677        9.7167412112208904E-002  0.34932612946963493        80.944168680289650     
   38.400000000000276       0.56199073376710074        9.5577102865904470E-002  0.35052942745619442        80.903995928318608     
   38.500000000000277       0.56237554424512504        9.4012821727903928E-002  0.35169689081255701        80.858180068129315     
   38.600000000000279       0.56284371844216996        9.2474142755015462E-002  0.35282510730737504        80.807026285684131     
   38.700000000000280       0.56342788200965055        9.0960646838302864E-002  0.35390796792161305        80.750555668685422     
   38.800000000000281       0.56426814229531086        8.9471921845611216E-002  0.35492394172857100        80.687960808283322     
   38.900000000000283       0.56554411292846685        8.8007562359409972E-002  0.35584620416032992        80.616686603594900     
   39.000000000000284       0.56730770124081364        8.6567169601995633E-002  0.35666687743562281        80.533392918167095     
   39.100000000000286       0.56948339990359620        8.5150351295635279E-002  0.35739592316417312        80.435438679842349     
   39.200000000000287       0.57185272422727340        8.3756721630867906E-002  0.35806203931196534        80.322201404106906     
   39.300000000000288       0.57421961988692283        8.2385901079332469E-002  0.35869107647832071        80.195528976746331     
   39.400000000000290       0.57652820022004925        8.1037516348307068E-002  0.35929089357971378        80.058174519757387     
   39.500000000000291       0.57876706250280552        7.9711200097917365E-002  0.35986358628784637        79.912714700663670     
   39.600000000000293       0.58094232354899222        7.8406591436280329E-002  0.36040895285831193        79.761277832638697     
   39.700000000000294       0.58307384086020020        7.7123334760258677E-002  0.36092495033715377        79.605524508756915     
   39.800000000000296       0.58517103771159418        7.5861080813081558E-002  0.36141079510269336        79.446628406750492     
   39.900000000000297       0.58723316064313003        7.4619485959938420E-002  0.36186706517056733        79.285543454278979     
   40.000000000000298       0.58926025242719360        7.3398211481290235E-002  0.36229433936466626        79.123077522021759     
   40.100000000000300       0.59125233848198899        7.2196925529682376E-002  0.36269327502176418        78.959873594149641     
   40.200000000000301       0.59320970303802967        7.1015301001557146E-002  0.36306451983583427        78.796479331328456     
   40.300000000000303       0.59513275146616995        6.9853014682851405E-002  0.36340872639984650        78.633360078001502     
   40.400000000000304       0.59702219211717955        6.8709752095474003E-002  0.36372643107987401        78.470853201211483     
   40.500000000000306       0.59887880921947900        6.7585201060864297E-002  0.36401812668764044        78.309267303611279     
   40.600000000000307       0.60070354844861940        6.6479054170429222E-002  0.36428417621101916        78.148845305168336     
   40.700000000000308       0.60249760672417041        6.5391012150043115E-002  0.36452481051685798        77.989751620766498     
   40.800000000000310       0.60426226275746631        6.4320778545305338E-002  0.36474027040596069        77.832129217076542     
   40.900000000000311       0.60599886383702350        6.3268058774372693E-002  0.36493069216355117        77.676093233598721     
   41.000000000000313       0.60770907120163598        6.2232569559948013E-002  0.36509644708219618        77.521688903639486     
   41.100000000000314       0.60939457988685775        6.1214028867917512E-002  0.36523793613301542        77.368954400859536     
   41.200000000000315       0.61105718157286670        6.0212158315243777E-002  0.36535561272882666        77.217909052558483     
   41.300000000000317       0.61269877376296300        5.9226683150774367E-002  0.36545008549914537        77.068548826344482     
   41.400000000000318       0.61432149006130965        5.8257338297011803E-002  0.36552179935181750        76.920833287128019     
   41.500000000000320       0.61592749565934213        5.7303860134372726E-002  0.36557119703811325        76.774718042113648     
   41.600000000000321       0.61751898084657286        5.6365985707986219E-002  0.36559860687303547        76.630152709958608     
   41.700000000000323       0.61909828890698460        5.5443458476250873E-002  0.36560424080161319        76.487064612690176     
   41.800000000000324       0.62066797367779802        5.4536031632405682E-002  0.36558831441371475        76.345354992328211     
   41.900000000000325       0.62223058899623362        5.3643458369689638E-002  0.36555104329920846        76.204925090892615     
   42.000000000000327       0.62378874448393540        5.2765494681218585E-002  0.36549264089411382        76.065670779684282     
   42.100000000000328       0.62534507266824091        5.1901896917636921E-002  0.36541357964339666        75.927480928479355     
   42.200000000000330       0.62690242522594963        5.1052432432556305E-002  0.36531454910470523        75.790225535893455     
   42.300000000000331       0.62846373682154488        5.0216872886828232E-002  0.36519623115675071        75.653767880265320     
   42.400000000000333       0.63003194211951030        4.9394989941304188E-002  0.36505930767824413        75.517971239933658     
   42.500000000000334       0.63161009578649052        4.8586561895054087E-002  0.36490427505580558        75.382687606845309     
   42.600000000000335       0.63320111179106198        4.7791358248653618E-002  0.36473123108206590        75.247784045858964     
   42.700000000000337       0.63480824852895068        4.7009167754816818E-002  0.36454006706380981        75.113092466783073     
   42.800000000000338       0.63643480624019955        4.6239781536818354E-002  0.36433065681080290        74.978440586942426     
   42.900000000000340       0.63808408516485116        4.5482990717932874E-002  0.36410287413281067        74.843656123661773     
   43.000000000000341       0.63975938554294820        4.4738586421435043E-002  0.36385659283959865        74.708566794265877     
   43.100000000000342       0.64146404096287113        4.4006363870894544E-002  0.36359168117384422        74.572992821462307     
   43.200000000000344       0.64320142703719541        4.3286124822606867E-002  0.36330799655978835        74.436747342548642     
   43.300000000000345       0.64497582055044167        4.2577674327878422E-002  0.36300526650546000        74.299630694689696     
   43.400000000000347       0.64679141090709202        4.1880818595197961E-002  0.36268321745225141        74.161433475970554     
   43.500000000000348       0.64864051746306883        4.1195368103313812E-002  0.36234285416471823        74.022008973121515     
   43.600000000000350       0.65058356403504436        4.0521136155851796E-002  0.36197784134158306        73.880971153890215     
   43.700000000000351       0.65239800887197053        3.9857939155647538E-002  0.36161203556899529        73.738737839673348     
   43.800000000000352       0.65563407272140550        3.9205596497343537E-002  0.36108786431487488        73.591258790786071     
   43.900000000000354       0.66179283313223958        3.8563930531161882E-002  0.36027149481858650        73.414281669560964     
   44.000000000000355       0.67051860513864958        3.7932766513772281E-002  0.35921695455861546        73.184994957827072     
   44.100000000000357       0.68173923049267082        3.7311932566935470E-002  0.35794772262356583        72.886479591134290     
   44.200000000000358       0.69527255295885737        3.6701259640524106E-002  0.35649105460288971        72.506114815621331     
   44.300000000000360       0.71094936035995759        3.6100581924851619E-002  0.35486925550845233        72.035250092036947     
   44.400000000000361       0.72858496231191761        3.5509746224538653E-002  0.35310217967058261        71.468541433057553     
   44.500000000000362       0.74802521621619067        3.4928827170651489E-002  0.35120555929541286        70.803305540336808     
   44.600000000000364       0.76903827289962301        3.4362320580277841E-002  0.34919629438058808        70.039258560678732     
   44.700000000000365       0.79167890610396130        3.3941294320313446E-002  0.34707831905782988        69.177510111398092     
   44.800000000000367       0.81433584718179874        3.3754519195586176E-002  0.34491385578089978        68.226400971846459     
   44.900000000000368       0.83563644072507681        3.3407256943936640E-002  0.34275456681685607        67.210355980188297     
   45.000000000000369       0.85596271046372097        3.3034154331639413E-002  0.34058940004423699        66.151166120647900     
   45.100000000000371       0.87540499058747900        3.2646453086211905E-002  0.33841723488643627        65.065253289479273     
   45.200000000000372       0.89412066809786916        3.2266975622412354E-002  0.33623439275202727        63.965102254557408     
   45.300000000000374       0.91222978322257442        3.1912542086601034E-002  0.33403832237519854        62.859832081477542     
   45.400000000000375       0.92984563040573232        3.1604026297746168E-002  0.33182657572053587        61.755980760920764     
   45.500000000000377       0.94703931286771381        3.1368024620369021E-002  0.32959805330380615        60.658273559029489     
   45.600000000000378       0.96413667067180053        3.1241935837477652E-002  0.32734312167287782        59.569240201379642     
   45.700000000000379       0.98168623797215815        3.1283145997947945E-002  0.32504495849114995        58.486462972949859     
   45.800000000000381        1.0000153047125857        3.1580627825845725E-002  0.32269451824180162        57.404003527881777     
   45.900000000000382        1.0191897470174953        3.2269110435970416E-002  0.32029126603064717        56.315926746965879     
   46.000000000000384        1.0390567044645536        3.3543362607869186E-002  0.31784096583040811        55.219135573395576     
   46.100000000000385        1.0592795468623353        3.5662960095749825E-002  0.31535399906135630        54.115453213796144     
   46.200000000000387        1.0796029226089561        3.8930767735708464E-002  0.31283817046595669        53.011942801584645     
   46.300000000000388        1.0999390069757251        4.3630389229974656E-002  0.31029670387208413        51.918389868186829     
   46.400000000000389        1.1202122199863098        4.9933799788002158E-002  0.30773242087826413        50.845574560039225     
   46.500000000000391        1.1403545775716986        5.7829643198666840E-002  0.30514788958171796        49.803808031992723     
   46.600000000000392        1.1603035002195368        6.7125046569500343E-002  0.30254549704014644        48.801433305888992     
   46.700000000000394        1.1800027019975525        7.7518503743521011E-002  0.29992744275093663        47.843906873585482     
   46.800000000000395        1.1994014495800709        8.8689868564204480E-002  0.29729575933286156        46.933758060941308     
   46.900000000000396        1.2184871853129835       0.10035910635007550       0.29465164208705358        46.071009495536764     
   47.000000000000398        1.2372702471456660       0.11230772026789271       0.29199559821331866        45.253640000983445     
   47.100000000000399        1.2557283791547855       0.12435173529648903       0.28932997580959419        44.478443170703564     
   47.200000000000401        1.2738047335006133       0.13632677569433319       0.28665962587969213        43.741778593925240     
   47.300000000000402        1.2914198535345454       0.14808606710995575       0.28398949560256770        43.040102351405544     
   47.400000000000404        1.3084827392352774       0.15947672845607136       0.28132448640907176        42.370162000220098     
   47.500000000000405        1.3248991186230363       0.17031502952279096       0.27866932068398803        41.728863235085818     
   47.600000000000406        1.3405788064015580       0.18038718099041906       0.27602844268999915        41.112965691962657     
   47.700000000000408        1.3554386448230200       0.18947168394782080       0.27340600659982983        40.518892755860598     
   47.800000000000409        1.3693519277117969       0.19734103567317465       0.27080698046699553        39.942857677150108     
   47.900000000000411        1.3820014186932807       0.20379056232489112       0.26824035394855950        39.382108376734486     
   48.000000000000412        1.3930362907327918       0.20870385716511156       0.26571643547821483        38.836725778694252     
   48.100000000000414        1.4023102492466895       0.21217410425462407       0.26324148565378741        38.309101256752349     
   48.200000000000415        1.4098802539939510       0.21452841028969596       0.26081707012229888        37.803442585259468     
   48.300000000000416        1.4160178918267741       0.21618108977170708       0.25843979432723480        37.324656209337206     
   48.400000000000418        1.4212337110580395       0.21752065458351977       0.25609997547651242        36.876129531447035     
   48.500000000000419        1.4260834846925809       0.21885962651635640       0.25378578107615246        36.457833382585321     
   48.600000000000421        1.4308586686376170       0.22039162399804588       0.25149085535360904        36.067462844173953     
   48.700000000000422        1.4356753628065915       0.22219754940725958       0.24921273517517484        35.702361111237053     
   48.800000000000423        1.4406275748808222       0.22432554450739678       0.24694939882087402        35.359738876284190     
   48.900000000000425        1.4457741829391630       0.22682595917867837       0.24469966496362686        35.036926962273377     
   49.000000000000426        1.4511465268056660       0.22974546850189898       0.24246312721761959        34.731650206301055     
   49.100000000000428        1.4567493818917225       0.23312657111909041       0.24024008910821482        34.442200764023205     
   49.200000000000429        1.4625635500899752       0.23700478215778670       0.23803141360320124        34.167570474071745     
   49.300000000000431        1.4685490245677508       0.24140665194376065       0.23583838422100739        33.907466842062597     
   49.400000000000432        1.4746483895140627       0.24634777437819685       0.23366258563675360        33.662298467374761     
   49.500000000000433        1.4807844042128104       0.25183053745497369       0.23150596915097477        33.433170788487530     
   49.600000000000435        1.4868873178964512       0.25784365648496743       0.22937033884934332        33.221734456342006     
   49.700000000000436        1.4929316991048804       0.26436254607879101       0.22725657273741509        33.029692473789503     
   49.800000000000438        1.4989156284966272       0.27135049974573278       0.22516503486957884        32.858310637636791     
   49.900000000000439        1.5048327913704116       0.27876081348935466       0.22309615545950906        32.708334066326245     
   50.000000000000441        1.5106766967048266       0.28654012838983994       0.22105034798572681        32.580046248835863     
   50.100000000000442        1.5164398630986204       0.29463136979846943       0.21902802817433950        32.473321474096394     
   50.200000000000443        1.5221140466880840       0.30297683700777733       0.21702961673964954        32.387651475298000     
   50.300000000000445        1.5276903594690328       0.31152066934192163       0.21505554629545226        32.322261106239502     
   50.400000000000446        1.5331592852109510       0.32021078135024511       0.21310624812812248        32.276163243387678     
   50.500000000000448        1.5385107517385288       0.32900026228830659       0.21118212156733390        32.248237560497984     
   50.600000000000449        1.5437341560418174       0.33784763363164594       0.20928353206280473        32.237310773113926     
   50.700000000000450        1.5488202573531089       0.34671734974372437       0.20741077174750627        32.242200872351525     
   50.800000000000452        1.5537631481661434       0.35557945969239740       0.20556402023577519        32.261742775223205     
   50.900000000000453        1.5585598088842894       0.36440898253303611       0.20374335617482559        32.294793580848534     
   51.000000000000455        1.5632100172607841       0.37318579844119437       0.20194875432707499        32.340243174565487     
   51.100000000000456        1.5677157829191786       0.38189337684347707       0.20018009925095651        32.397012169358810     
   51.200000000000458        1.5720817050794835       0.39051898376357708       0.19843712030367691        32.464058257757664     
   51.300000000000459        1.5763141146134023       0.39905226087902951       0.19671941132337781        32.540365529146023     
   51.400000000000460        1.5804216544372227       0.40748566337209191       0.19502642740126080        32.624948673372586     
   51.500000000000462        1.5844156482705296       0.41581289237667146       0.19335752358619776        32.716823097679594     
   51.600000000000463        1.5883066091955560       0.42402996528560155       0.19171212364814030        32.815034802288253     
   51.700000000000465        1.5921077121963940       0.43213355187836733       0.19008964365396069        32.918643814391743     
   51.800000000000466        1.5959094233996749       0.44012151998738358       0.18848811042694058        33.026415012200388     
   51.900000000000468        1.5998739341803390       0.44799250033840859       0.18690413844518566        33.135928832559500     
   52.000000000000469        1.6041249510670699       0.45574573871830049       0.18533502295275656        33.243697766077872     
   52.100000000000470        1.6087375072747674       0.46338095863868550       0.18377897046564942        33.345844352533227     
   52.200000000000472        1.6137424858007809       0.47089824504624284       0.18223502420867710        33.438637309172925     
   52.300000000000473        1.6191333284723834       0.47829792347195454       0.18070293665343487        33.518849058764118     
   52.400000000000475        1.6248653330338243       0.48557957571031041       0.17918317402281225        33.584092033099964     
   52.500000000000476        1.6308615662614723       0.49274150529465394       0.17767680185079932        33.632983100867470     
   52.600000000000477        1.6370197191624312       0.49978056472933874       0.17618536210550786        33.665256042862858     
   52.700000000000479        1.6432174729353961       0.50669117255441698       0.17471078426914197        33.681780752763302     
   52.800000000000480        1.6493156712016410       0.51346263277208259       0.17325534552193808        33.684542304837528     
   52.900000000000482        1.6551592902175782       0.52007368701693368       0.17182167999696485        33.676528621296292     
   53.000000000000483        1.6605799476880088       0.52648046854006803       0.17041278226186043        33.661589034033355     
   53.100000000000485        1.6654183745191209       0.53259059175133405       0.16903166429061237        33.644057917872800     
   53.200000000000486        1.6695408173940105       0.53820685011383573       0.16768108668932008        33.627868320013675     
   53.300000000000487        1.6728343189073551       0.54292927651648770       0.16636364211547328        33.615171142445185     
   53.400000000000489        1.6752121817219110       0.54609167320609853       0.16508165197213648        33.604434179273774     
   53.500000000000490        1.6766205933935723       0.54696872578715283       0.16383701757319860        33.589242515703646     
   53.600000000000492        1.6770412630806504       0.54528183734049729       0.16263111773839906        33.560329267193353     
   53.700000000000493        1.6764897664658960       0.54140205764470795       0.16146476774268453        33.510558977149344     
   53.800000000000495        1.6750148267755816       0.53600486460304919       0.16033815178285588        33.438227532110233     
   53.900000000000496        1.6727000816095190       0.52970314169260713       0.15925069577282872        33.346574981006071     
   54.000000000000497        1.6696648535547884       0.52292521738146081       0.15820095065321135        33.241423940042523     
   54.100000000000499        1.6660610110501084       0.51594467744918904       0.15718655833545428        33.128998493621644     
   54.200000000000500        1.6620781782814489       0.50893852066760725       0.15620405796623879        33.014505895900925     
   54.300000000000502        1.6578819427947873       0.50203090172570941       0.15525015320583216        32.901574008089582     
   54.400000000000503        1.6535402055074633       0.49531832136458837       0.15432340571906339        32.792923733596091     
   54.500000000000504        1.6490777994161683       0.48887869800920331       0.15342322948773557        32.691122687263260     
   54.600000000000506        1.6445210626588915       0.48277426714666499       0.15254896992381936        32.598595885163782     
   54.700000000000507        1.6398970551312120       0.47706582131393560       0.15169992582068784        32.517581535952509     
   54.800000000000509        1.6352409668808963       0.47182933842261360       0.15087516693924272        32.450157104011332     
   54.900000000000510        1.6305927781754574       0.46715074537022855       0.15007361561534133        32.398330518117874     
   55.000000000000512        1.6259994721793796       0.46312913037117159       0.14929396581050156        32.364067677959440     
   55.100000000000513        1.6215128558212690       0.45987034487374906       0.14853475700255744        32.349334340992463     
   55.200000000000514        1.6171898099015567       0.45747889646098261       0.14779436177597532        32.356053035991771     
   55.300000000000516        1.6130950495343233       0.45604860320204005       0.14707093305942673        32.386022538730522     
   55.400000000000517        1.6092859975067424       0.45564595212095238       0.14636272969984115        32.440764129104878     
   55.500000000000519        1.6059283047218684       0.45629890781046961       0.14566551042127368        32.520940953325471     
   55.600000000000520        1.6032962529759369       0.45798849306716499       0.14497244252517974        32.624755914995035     
   55.700000000000522        1.6015984781051760       0.46064893621736031       0.14427806053237310        32.747872769849550     
   55.800000000000523        1.6009431899274460       0.46417644692643767       0.14357911455487440        32.884439531539527     
   55.900000000000524        1.6013524572736466       0.46844344138973681       0.14287424861556561        33.028023393930361     
   56.000000000000526        1.6027722119465280       0.47331399636923599       0.14216373347517633        33.172411732156924     
   56.100000000000527        1.6050873745333254       0.47865700275034267       0.14144909224339855        33.312235716139718     
   56.200000000000529        1.6081343454754085       0.48435460185990875       0.14073280879466066        33.443447812812352     
   56.300000000000530        1.6117101209810902       0.49030641484939519       0.14001813390823706        33.563661175161911     
   56.400000000000531        1.6155828669252299       0.49643034159691296       0.13930889899763288        33.672348100140049     
   56.500000000000533        1.6194866608734759       0.50266122109204003       0.13860967024689350        33.771003109643146     
   56.600000000000534        1.6232557828304748       0.50894843112464028       0.13792327639808349        33.862702605111096     
   56.700000000000536        1.6268481981865224       0.51525303291230984       0.13725028787296531        33.950550767100587     
   56.800000000000537        1.6302361948799440       0.52154578606979884       0.13659101800295298        34.037151982394818     
   56.900000000000539        1.6333972881917684       0.52780425832045197       0.13594569221750530        34.124731649207412     
   57.000000000000540        1.6363137790041566       0.53401171098427103       0.13531445941202308        34.215166591098772     
   57.100000000000541        1.6389725564882649       0.54015549372571370       0.13469739856472249        34.310048501571366     
   57.200000000000543        1.6413646767714432       0.54622599379216474       0.13409452725611171        34.410739506396027     
   57.300000000000544        1.6434866280456553       0.55221632618150929       0.13350578924379061        34.518329441224488     
   57.400000000000546        1.6453384239563704       0.55812096319008109       0.13293108404675638        34.633732001908534     
   57.500000000000547        1.6469257741141774       0.56393575419843678       0.13237024455040533        34.757594615610707     
   57.600000000000549        1.6482569238029752       0.56965716192140181       0.13182308240932183        34.890396332825510     
   57.700000000000550        1.6493480168431605       0.57528220874910219       0.13128926674863944        35.032346043293565     
   57.800000000000551        1.6502013575682142       0.58080813132556752       0.13076872667036607        35.183497955062279     
   57.900000000000553        1.6507954569533221       0.58623229411413580       0.13026187299679717        35.343990232471526     
   58.000000000000554        1.6511104336287372       0.59155208882078469       0.12976912441132352        35.514134400268532     
   58.100000000000556        1.6511363744776408       0.59676480984487978       0.12929074182105135        35.694315189006183     
   58.200000000000557        1.6508720245453445       0.60186733267209158       0.12882684342420381        35.884887557837757     
   58.300000000000558        1.6503247851321321       0.60685588669672774       0.12837739244212223        36.086077940705508     
   58.400000000000560        1.6495101779185892       0.61172597177767907       0.12794219761045930        36.297939546246745     
   58.500000000000561        1.6484527396002682       0.61647211540700353       0.12752088183664254        36.520258171078375     
   58.600000000000563        1.6471850732205897       0.62108781543431757       0.12711289032173329        36.752534267802709     
   58.700000000000564        1.6457481697585503       0.62556534100669126       0.12671746915414925        36.993923118512875     
   58.800000000000566        1.6441915889790901       0.62989554270021964       0.12633366934457804        37.243190864705703     
   58.900000000000567        1.6425708976822213       0.63406790258850720       0.12596042073609001        37.498740010334700     
   59.000000000000568        1.6409584181010703       0.63807014272563145       0.12559628824437374        37.758476619259440     
   59.100000000000570        1.6394758174221675       0.64188852466427948       0.12523876018930102        38.019663858572059     
   59.200000000000571        1.6382624189413453       0.64550765785047093       0.12488483266026500        38.278491932832729     
   59.300000000000573        1.6374141118866039       0.64891075688056488       0.12453228861002559        38.530503996438448     
   59.400000000000574        1.6369907058800679       0.65207995258821416       0.12417958162716279        38.771086407158386     
   59.500000000000576        1.6370151173530283       0.65499669461019272       0.12382586867772540        38.995868763263900     
   59.600000000000577        1.6374784016092681       0.65764245006591515       0.12347091684464392        39.201014197460118     
   59.700000000000578        1.6383438438593569       0.65999942530620048       0.12311502664876141        39.383405188756406     
   59.800000000000580        1.6395488821154263       0.66205161341373908       0.12275899379328992        39.540847969998588     
   59.900000000000581        1.6410089849369229       0.66378582373142325       0.12240405599355020        39.672141711554318     
   60.000000000000583        1.6426206926897120       0.66519269826015781       0.12205187171712216        39.777130667518833     
   60.100000000000584        1.6442596727816301       0.66626775135802674       0.12170458389017745        39.856771984726464     
   60.200000000000585        1.6458020883648039       0.66701242947231054       0.12136444216561194        39.913144382718244     
   60.300000000000587        1.6471837271527385       0.66743459481517731       0.12103265903990243        39.948970136459877     
   60.400000000000588        1.6483861024208557       0.66754899223640396       0.12070961598814112        39.966948622630142     
   60.500000000000590        1.6493940761898163       0.66737698365645393       0.12039565125387175        39.969640570512922     
   60.600000000000591        1.6502025097351865       0.66694765534590061       0.12009092688172378        39.959455361232457     
   60.700000000000593        1.6508122298844452       0.66629546031030318       0.11979549543963916        39.938688466597178     
   60.800000000000594        1.6512325277095146       0.66546250444339661       0.11950924386517789        39.909483296688407     
   60.900000000000595        1.6514792193903323       0.66449706102675687       0.11923192201714670        39.873866034408749     
   61.000000000000597        1.6515755551120093       0.66345280328021583       0.11896311532545788        39.833723802121575     
   61.100000000000598        1.6515510712229551       0.66238656883484259       0.11870225819762299        39.790805913800675     
   61.200000000000600        1.6514417725273685       0.66135661104939036       0.11844861559289992        39.746693669787255     
   61.300000000000601        1.6512893517912572       0.66042075631407482       0.11820129193185214        39.702778008007613     
   61.400000000000603        1.6511401210346321       0.65963440303493082       0.11795924753366187        39.660216130452454     
   61.500000000000604        1.6510306978476064       0.65904859493379042       0.11772158481707830        39.619971925384810     
   61.600000000000605        1.6509827326083293       0.65870822647947702       0.11748767043330841        39.582945720557518     
   61.700000000000607        1.6510120962920567       0.65864975886307875       0.11725696724663634        39.550024379561407     
   61.800000000000608        1.6511298797047320       0.65889954739708623       0.11702902272611819        39.522064748287704     
   61.900000000000610        1.6513420580340588       0.65947128546615974       0.11680348227328027        39.499845918402727     
   62.000000000000611        1.6516502400970372       0.66036773228540957       0.11658008086367050        39.484045869902687     
   62.100000000000612        1.6520516690320395       0.66158100368648698       0.11635864947342306        39.475207582318205     
   62.200000000000614        1.6525395645475163       0.66309446025415553       0.11613911414635177        39.473726700282000     
   62.300000000000615        1.6531036924500566       0.66488494781867058       0.11592148847956375        39.479862714956113     
   62.400000000000617        1.6537300807645063       0.66692427039948865       0.11570589963985978        39.493732945493598     
   62.500000000000618        1.6544019072240330       0.66918167991127375       0.11549256693422486        39.515365900542804     
   62.600000000000620        1.6550994225688989       0.67162542566355199       0.11528182154949861        39.544703167335705     
   62.700000000000621        1.6558032318616496       0.67422409918916060       0.11507401626833270        39.581651039814503     
   62.800000000000622        1.6564971466826395       0.67694734796613065       0.11486947153889424        39.626064934266267     
   62.900000000000624        1.6571675513062187       0.67976770872926739       0.11466848198478617        39.677724483612884     
   63.000000000000625        1.6578016657682411       0.68265887908189360       0.11447133218565518        39.736384494013336     
   63.100000000000627        1.6583888575964525       0.68559763013318353       0.11427827270562173        39.801746591033300     
   63.200000000000628        1.6589198658948880       0.68856266325791460       0.11408952429952259        39.873488151602906     
   63.300000000000630        1.6593863830856614       0.69153410543928195       0.11390528831105075        39.951270585137166     
   63.400000000000631        1.6597826559257127       0.69449470913574773       0.11372569100689693        40.034723305232838     
   63.500000000000632        1.6601037176616837       0.69742778712759790       0.11355083585337650        40.123464402808906     
   63.600000000000634        1.6603461205623764       0.70031780889014039       0.11338078350013490        40.217098630696604     
   63.700000000000635        1.6605091983431657       0.70314967109303983       0.11321553701369717        40.315172934248132     
   63.800000000000637        1.6605929900428484       0.70590816481871399       0.11305508496150732        40.417214388870669     
   63.900000000000638        1.6605986028297701       0.70857782900183541       0.11289939141248125        40.522695358579327     
   64.000000000000639        1.6605250294072231       0.71114179351772389       0.11274846211010002        40.631037478555143     
   64.100000000000634        1.6603710037588162       0.71358262431919350       0.11260230949114461        40.741648169802211     
   64.200000000000628        1.6601349190782866       0.71588161329553557       0.11246095646527926        40.853905054145095     
   64.300000000000622        1.6598149988384499       0.71801826986025707       0.11232443942114551        40.967137924567574     
   64.400000000000617        1.6594094046865724       0.71997146933230627       0.11219280011243346        41.080659250780073     
   64.500000000000611        1.6589161419325709       0.72171872197744802       0.11206609517522190        41.193735243160688     
   64.600000000000605        1.6583330460220380       0.72323724016858337       0.11194440130163846        41.305590673376969     
   64.700000000000600        1.6576579983604744       0.72450403013509246       0.11182780113688331        41.415429988435790     
   64.800000000000594        1.6568887018950504       0.72549834750946396       0.11171639966519094        41.522431363005680     
   64.900000000000588        1.6560220216567181       0.72620293562073324       0.11161033033192982        41.625798179269559     
   65.000000000000583        1.6550578163178147       0.72660394458448896       0.11150967252116545        41.724743852480444     
   65.100000000000577        1.6539772513114266       0.72669542691316347       0.11141489534141231        41.818626494644143     
   65.200000000000571        1.6527377023118790       0.72647923799897773       0.11132698668772431        41.907210491270114     
   65.300000000000566        1.6513008980518611       0.72596736625187941       0.11124691313176548        41.990797882011563     
   65.400000000000560        1.6496449319811821       0.72518167293492586       0.11117536039383100        42.070057835691465     
   65.500000000000554        1.6477644891731651       0.72415750301238413       0.11111270688013944        42.145924083794995     
   65.600000000000549        1.6456696779539171       0.72294710234569948       0.11105901884918315        42.219486155889747     
   65.700000000000543        1.6433871349379463       0.72162138352494187       0.11101400017630901        42.291963227782560     
   65.800000000000537        1.6409593864428695       0.72026322242906360       0.11097697271029401        42.364637164577829     
   65.900000000000531        1.6384420971230171       0.71896106382950309       0.11094692126145300        42.438784562673661     
   66.000000000000526        1.6359059434501206       0.71780064547400835       0.11092240679767250        42.515495173821094     
   66.100000000000520        1.6334327615511035       0.71686035165675277       0.11090166778711708        42.595619229308156     
   66.200000000000514        1.6311068911647610       0.71620107485030349       0.11088276551881408        42.679518355344577     
   66.300000000000509        1.6289804686493887       0.71586419948049773       0.11086436283867382        42.767229471732222     
   66.400000000000503        1.6270749040365338       0.71586718491089785       0.11084572844884051        42.858673009373319     
   66.500000000000497        1.6254031225782306       0.71620071401617635       0.11082629119336461        42.953637217016976     
   66.600000000000492        1.6239670006898861       0.71683044322437206       0.11080570440539972        43.051697990862685     
   66.700000000000486        1.6227594876088600       0.71770710680534633       0.11078381058488186        43.152186998132812     
   66.800000000000480        1.6217658035575631       0.71877958041557288       0.11076062698125058        43.254247594311011     
   66.900000000000475        1.6209665492925758       0.71999699031842745       0.11073627714474442        43.356925192815730     
   67.000000000000469        1.6203355757383573       0.72131365652085344       0.11071105768013327        43.459291949095338     
   67.100000000000463        1.6198439494176868       0.72268693529421035       0.11068534158948816        43.560478511425167     
   67.200000000000458        1.6194588158304202       0.72407968026586023       0.11065961731282610        43.659761357725927     
   67.300000000000452        1.6191463094561804       0.72545996192578588       0.11063442924567622        43.756606680680974     
   67.400000000000446        1.6188825945467697       0.72680119077085503       0.11061014681281012        43.850627755472793     
   67.500000000000441        1.6186550805648829       0.72808409560043830       0.11058692935313247        43.941496978432362     
   67.600000000000435        1.6184543446413440       0.72929655036635022       0.11056488210816746        44.028922778694579     
   67.700000000000429        1.6182741536633731       0.73043028152112244       0.11054405406899265        44.112664411881944     
   67.800000000000423        1.6181092319189860       0.73147684164829951       0.11052447943556441        44.192514280237006     
   67.900000000000418        1.6179569622148744       0.73242776197764625       0.11050614302247029        44.268265503550460     
   68.000000000000412        1.6178154589878342       0.73327456091693943       0.11048901506352650        44.339702920381839     
   68.100000000000406        1.6176841218033351       0.73400870431820764       0.11047304150758724        44.406604026114188     
   68.200000000000401        1.6175646480763006       0.73462157568171571       0.11045811731998988        44.468683767966262     
   68.300000000000395        1.6174591867097254       0.73510454539660908       0.11044412663253129        44.525638562930034     
   68.400000000000389        1.6173708438977716       0.73544897405431764       0.11043092725007969        44.577116845225980     
   68.500000000000384        1.6173113404241435       0.73564627385767556       0.11041818378413391        44.622686097549440     
   68.600000000000378        1.6173010310240343       0.73568799461818002       0.11040535611553938        44.661750469502103     
   68.700000000000372        1.6173577220019102       0.73556582514595892       0.11039192914163293        44.693550368286246     
   68.800000000000367        1.6174900488185135       0.73527189501709400       0.11037755341704922        44.717261045335221     
   68.900000000000361        1.6177020861180427       0.73479864246324011       0.11036196718350735        44.732071209493860     
   69.000000000000355        1.6179910457663740       0.73413912446395690       0.11034504872603219        44.737242026002306     
   69.100000000000350        1.6183484237136552       0.73328712819873965       0.11032680637440029        44.732176511868552     
   69.200000000000344        1.6187611149108463       0.73223717093990748       0.11030735876598503        44.716416440005041     
   69.300000000000338        1.6192101119334734       0.73098496356349363       0.11028698135864583        44.689741672208399     
   69.400000000000333        1.6196729503724498       0.72952709004454752       0.11026604919326535        44.652098878206260     
   69.500000000000327        1.6201219119956789       0.72786172683545214       0.11024510139354833        44.603726420447913     
   69.600000000000321        1.6205270479565854       0.72598807218131489       0.11022475996083908        44.545072460459643     
   69.700000000000315        1.6208791048755224       0.72390717648351177       0.11020526924372955        44.476724966003360     
   69.800000000000310        1.6211777977673363       0.72162134890136087       0.11018670119698135        44.399222671099338     
   69.900000000000304        1.6214234502998162       0.71913477555136096       0.11016912033765966        44.313030010476076     
   70.000000000000298        1.6216165961259121       0.71645273536843868       0.11015258887117606        44.218570453841465     
   70.100000000000293        1.6217579404052349       0.71358306005031913       0.11013716423937592        44.116237285595162     
   70.200000000000287        1.6218482459175203       0.71053431065049333       0.11012290154818248        44.006421607577863     
   70.300000000000281        1.6218884244827343       0.70731666156165174       0.11010985022181735        43.889507028628337     
   70.400000000000276        1.6218796133506188       0.70394237217252764       0.11009804719250846        43.765902643370971     
   70.500000000000270        1.6218232079676873       0.70042432574114422       0.11008752121668879        43.636029118103991     
   70.600000000000264        1.6217203846949595       0.69677680855728852       0.11007829628751656        43.500320625857846     
   70.700000000000259        1.6215694665354687       0.69301564688987138       0.11007045080816899        43.359289763480533     
   70.800000000000253        1.6213234264566632       0.68915715053010840       0.11006499976381677        43.213610768965616     
   70.900000000000247        1.6208455853016412       0.68521881797470963       0.11006491252209361        43.065034771967134     
   71.000000000000242        1.6200216367430795       0.68121903603062006       0.11007288610904691        42.916417882772514     
   71.100000000000236        1.6187749951508557       0.67717655107313457       0.11009101172343935        42.771249129186224     
   71.200000000000230        1.6170630508556691       0.67311696507005092       0.11012079637294148        42.633183272918579     
   71.300000000000225        1.6148819227405162       0.66908349108572041       0.11016300107424958        42.505748293707939     
   71.400000000000219        1.6122633365757459       0.66513374260480607       0.11021762595125605        42.392149377699099     
   71.500000000000213        1.6092769579051271       0.66133636703492826       0.11028377882205959        42.295044326367496     
   71.600000000000207        1.6060299389528072       0.65776671548276711       0.11035959115357298        42.216308458404825     
   71.700000000000202        1.6026660020776993       0.65450239660516862       0.11044217587040416        42.156873852621871     
   71.800000000000196        1.5993558346564420       0.65161879481732643       0.11052779193797456        42.116543607562221     
   71.900000000000190        1.5963488241798052       0.64918342880556001       0.11061066556291131        42.093672457457082     
   72.000000000000185        1.5939487239993619       0.64724981086966438       0.11068353493586379        42.084502920123541     
   72.100000000000179        1.5923910964841177       0.64585223554962479       0.11074051738317421        42.083508251060081     
   72.200000000000173        1.5918124003830376       0.64499392583887960       0.11077791496650501        42.084417712263317     
   72.300000000000168        1.5922603473109700       0.64463699494722637       0.11079400461445495        42.080982557876617     
   72.400000000000162        1.5937051088295457       0.64471483786815642       0.11078875850889322        42.067515905649749     
   72.500000000000156        1.5960541922636142       0.64515089982447416       0.11076347842347474        42.039347594482138     
   72.600000000000151        1.5991652352725696       0.64586708997856246       0.11072049171673644        41.993169180978470     
   72.700000000000145        1.6028567903181916       0.64678815595326089       0.11066291700064515        41.927250597263622     
   72.800000000000139        1.6069163074260371       0.64784442440505674       0.11059451519693364        41.841561129634520     
   72.900000000000134        1.6111038881291520       0.64897320424139104       0.11051965161052191        41.737813139658947     
   73.000000000000128        1.6151632140440695       0.65011966275206989       0.11044315563916907        41.619467747415193     
   73.100000000000122        1.6189057053419351       0.65123784982616695       0.11036879078116368        41.491295485934437     
   73.200000000000117        1.6222218151368941       0.65229201313683705       0.11029899991984549        41.358336278013965     
   73.300000000000111        1.6250257308700091       0.65325922135548808       0.11023590745581248        41.225522481629163     
   73.400000000000105        1.6272606334430650       0.65412613799193964       0.11018121066962823        41.097484395097851     
   73.500000000000099        1.6288916023715430       0.65488150252406963       0.11013626995380346        40.978458970684343     
   73.600000000000094        1.6299086781190106       0.65551435483687337       0.11010202599777900        40.872075736892214     
   73.700000000000088        1.6303270401163128       0.65601651228804869       0.11007894832069970        40.781239850387145     
   73.800000000000082        1.6301858327208616       0.65637311536631415       0.11006701062257819        40.708012719914947     
   73.900000000000077        1.6295585175338556       0.65662109484551401       0.11006542404083808        40.653571702077016     
   74.000000000000071        1.6285447358771628       0.65679942338492003       0.11007273600030520        40.618431741407591     
   74.100000000000065        1.6272657476289858       0.65690348828636780       0.11008687104857895        40.601989578842016     
   74.199999999999989        1.6258621658662400       0.65691900790021562       0.11010512871202240        40.602358775516372     
