   0.0000000000000000       0.81593332088845905       0.50030044713948951       0.19553236575804631        80.611549377441406     
   1.0000000000000000E-004  0.81593332088901938       0.50030044713992372       0.19553236575801855        80.613247238327617     
   9.0000000000000008E-004  0.81593332129572449       0.50030044745520053       0.19553236573787128        80.626817907739735     
   7.3000000000000001E-003  0.81593353312861872       0.50030061212253407       0.19553235523586729        80.734605109388909     
   4.8626740023951676E-002  0.81598640456135707       0.50034256918375553       0.19552972839369270        81.398341561022576     
   8.9953480047903350E-002  0.81620886657351088       0.50052524367430840       0.19551867652595156        82.009236806660354     
  0.13128022007185502       0.81660564265706237       0.50087140817775444       0.19549891203103065        82.571261013109506     
  0.18892869380315769       0.81731793319867529       0.50156977976090811       0.19546299460582509        83.280755524831832     
  0.23811906716196435       0.81799795860211721       0.50234041312578182       0.19542806977045560        83.824166642739911     
  0.33425281644392701       0.81946597455827819       0.50434310775423496       0.19535073003929182        84.743437243136086     
  0.42679423124277627       0.82100990749281311       0.50687769611301448       0.19526668942428652        85.478307017660697     
  0.48460555845231507       0.82201856777280446       0.50871459913481809       0.19521029193674583        85.875256084555957     
  0.52299876496985176       0.82270687644507379       0.51008034787786527       0.19517117641404977        86.116038649438025     
  0.57932376604999258       0.82375061885014100       0.51240700569651221       0.19511103317369291        86.440318173701812     
  0.62191071410173648       0.82456823003276514       0.51445005793504262       0.19506328465881712        86.665419379951558     
  0.69136266842493121       0.82594921675076560       0.51825506902529805       0.19498138659022191        87.001083158192557     
  0.76081462274812595       0.82738676922865506       0.52259145178630539       0.19489454587081731        87.304226877135292     
  0.86335684692209447       0.82961963100143377       0.52988511221596102       0.19475684347891484        87.705528648681366     
  0.96589907109606299       0.83200333620864875       0.53809362775229008       0.19460678075486293        88.065829591531511     
   1.0929598338617974       0.83522282053524077       0.54928288596788788       0.19440083339922415        88.472778783397416     
   1.2200205966275317       0.83878551145179903       0.56130942117761329       0.19417009574075597        88.849569050137475     
   1.3470813593932660       0.84267983906058308       0.57389022850013838       0.19391447688136992        89.205017458599286     
   1.5008330875263609       0.84772529645450356       0.58950611065005853       0.19357579689497181        89.613727156234887     
   1.6313614308429134       0.85211706446473356       0.60284953832416943       0.19326997729208134        89.946183232386858     
   1.7024540521682376       0.85447982344962092       0.61008089795929976       0.19309922387801340        90.122695680895077     
   1.7464838435492027       0.85585244226897561       0.61453253395234297       0.19299527195131402        90.230791572620518     
   1.8398701538662732       0.85820888972466158       0.62388060468057494       0.19279323388924866        90.459469448109843     
   1.9327821792834068       0.85942471071469873       0.63302205880902418       0.19263548231074074        90.692135354821531     
   2.0199252101418357       0.85931430176476786       0.64142149029052531       0.19254122928060760        90.922490416860271     
   2.1070682410002646       0.85796636995430875       0.64962787846452008       0.19250611261883047        91.171275881671349     
   2.1942112718586935       0.85552324833270299       0.65762073808666444       0.19252944790480858        91.443380916692718     
   2.2813543027171224       0.85228368444909774       0.66538198632038281       0.19260122234929017        91.741093028417026     
   2.3684973335755513       0.84869063700912895       0.67289536572915343       0.19270094426467427        92.063367333541976     
   2.4471295050868069       0.84564643107938375       0.67944985999839491       0.19278816483797967        92.371186732253207     
   2.5276314817116781       0.84327859828330243       0.68592807949762480       0.19284412387449243        92.695751568975993     
   2.5958894135443851       0.84216951476384527       0.69122956647554934       0.19284899782067846        92.971251958547398     
   2.6798743899673032       0.84216791831614157       0.69750271408134001       0.19279076371908530        93.300512887584730     
   2.7622426996530636       0.84370856438556152       0.70337799014444014       0.19266281200239560        93.602519148015631     
   2.8446110093388239       0.84668527287709572       0.70896832269828702       0.19247063101357695        93.874404891572809     
   2.9269627365186173       0.85082875304998895       0.71426146858576334       0.19222648156367889        94.109475786887316     
   3.0003296017914973       0.85515016717105774       0.71871800254890761       0.19197906718612881        94.285341085993224     
   3.0736964670643774       0.85969119654003789       0.72292089195553566       0.19171719582609484        94.429985854508587     
   3.1375024306599206       0.86364732733542626       0.72636232477762297       0.19148397030493627        94.532207615543683     
   3.2241927809700694       0.86902248913275748       0.73070678405923439       0.19115956598621880        94.639131912902187     
   3.3108831312802183       0.87437206317108351       0.73465336134150017       0.19082758578319420        94.712506020602035     
   3.4432708137651691       0.88238815334201692       0.73987018259298620       0.19031012474372072        94.767152113009814     
   3.6142384362442725       0.89223281201893079       0.74505892017855058       0.18963258816406164        94.749789190737829     
   3.7733982738427390       0.90056706528926311       0.74820303918379871       0.18900567124633205        94.660430621134665     
   3.9121637736201555       0.90697122598645896       0.74953342594893246       0.18847186898569943        94.536435032147878     
   4.0509292733975721       0.91251161021372951       0.74949416848265060       0.18795483499695453        94.377778715420177     
   4.1896947731749883       0.91723736178450510       0.74805718654339659       0.18745564735102549        94.190021888289138     
   4.3284602729524053       0.92129227154311399       0.74522581261038601       0.18697182399726239        93.976127930796650     
   4.4672257727298224       0.92493719060030677       0.74104039794015131       0.18649608958657260        93.736236891883991     
   4.6065817465307743       0.92854853573918328       0.73555546513081194       0.18601455372450063        93.466000035664408     
   4.7287324942570921       0.93184090084977178       0.72978634247850160       0.18558356300681117        93.201055195713664     
   4.8508832419834098       0.93526389967828927       0.72322911056527994       0.18514354834579025        92.907179536576933     
   4.9730339897097275       0.93871091519402095       0.71600908454025336       0.18469743983836173        92.583866295103093     
   5.0951847374360453       0.94197421963349892       0.70826788409713881       0.18425141262948558        92.233477804791022     
   5.2173354851623630       0.94483154580902728       0.70016062509505028       0.18381241557506245        91.861424993682249     
   5.3855588379906818       0.94783580056652517       0.68871462479384726       0.18322865645929959        91.327558838755891     
   5.5537821908190006       0.94957145812968469       0.67737366232373952       0.18267896865367811        90.789368692628372     
   5.7220055436473194       0.94999172394757059       0.66656489027822641       0.18217302384027220        90.269529904824310     
   5.8514325526886211       0.94946251577130081       0.65880729251735226       0.18181840907713304        89.894657254753511     
   5.9430868401219419       0.94857544330932908       0.65365165395946578       0.18159081670995023        89.647264978718653     
   6.0006592035829946       0.94776645172284613       0.65056029803153392       0.18146007886918136        89.501075753733105     
   6.0582315670440474       0.94674972034591753       0.64758166903809011       0.18133984315633017        89.362873962521206     
   6.2092009307013623       0.94305580156266688       0.64028285341146884       0.18107949385178401        89.043295389611600     
   6.3551404621941057       0.93807819250174873       0.63384236347758327       0.18090979452088846        88.800368924825875     
   6.5010799936868491       0.93184644037857522       0.62783799817115193       0.18082352540905838        88.627130486106864     
   6.6457979925685873       0.92459219578926732       0.62212022167631698       0.18082072662059454        88.523883042176479     
   6.7883773125966815       0.91639602270464460       0.61653967397985920       0.18090618677177545        88.486118610920528     
   6.9309566326247758       0.90721094094356691       0.61088308674015002       0.18108454102797625        88.508292033700357     
   7.0735359526528701       0.89721514192222718       0.60507707649111719       0.18135415661437929        88.585438725348808     
   7.2161152726809643       0.88669640461212373       0.59907768720988797       0.18170555058804597        88.710504484858419     
   7.3566640210562282       0.87614646589316747       0.59295441716175801       0.18211696257594512        88.871453323376784     
   7.4463701090069199       0.86940390127859390       0.58893744002570514       0.18240920839119271        88.989075548653432     
   7.6553658913659426       0.85382802044945705       0.57928381353563385       0.18317179776484385        89.293479207588717     
   7.8641361298776067       0.83866250929697184       0.56934012212795759       0.18403597050894069        89.620653732813992     
   7.9873597527471585       0.82997501546769015       0.56341377949940386       0.18458882122009052        89.817068890728336     
   8.0662366966038768       0.82452657895192560       0.55964959785452406       0.18495847370367713        89.942548537962793     
   8.1977470407312651       0.81563247786701343       0.55360102279193169       0.18560198343153109        90.150728587766565     
   8.3292573848586535       0.80700984216073635       0.54816190887378924       0.18627636809773451        90.359058506297686     
   8.4607677289860419       0.79874286912740722       0.54378857205146103       0.18697446377458801        90.571509685735521     
   8.6347784021617908       0.78857371894695738       0.54049974102814169       0.18791546872969092        90.869459181748937     
   8.7606321528173190       0.78198064993165040       0.54047239367683497       0.18858970969023003        91.105744452762607     
   8.8716034203413301       0.77687246869348658       0.54238148700076139       0.18916466769499649        91.334224694848686     
   8.9755160128418190       0.77275873646249027       0.54590576188416673       0.18967916100127721        91.568548063113028     
   9.0702709837128523       0.76957384796941930       0.55053722255685644       0.19012607400328935        91.801267341962003     
   9.1650259545838857       0.76688618480777537       0.55636123402112869       0.19055283793940136        92.053007394573214     
   9.2851474705615864       0.76406154303939411       0.56509789191085158       0.19107088193640745        92.399254043895453     
   9.3990047782087345       0.76178447426767315       0.57434430787183766       0.19154854150926487        92.753854855531998     
   9.4846274960961523       0.76022634960586410       0.58166641405196040       0.19190445625670383        93.035906328367716     
   9.6259630177255175       0.75783897536627143       0.59401576651142152       0.19249064070444530        93.525768094799346     
   9.7672985393548828       0.75557436696953573       0.60621288906688298       0.19308006610863110        94.038074953955388     
   9.9086340609842480       0.75336333877571593       0.61779420632131254       0.19367535776902522        94.562667283525869     
   10.022139165255911       0.75161516800213923       0.62637768472928901       0.19415739101713353        94.985362978660049     
   10.089167192142728       0.75063199782865986       0.63106400084661562       0.19444099838474679        95.232760811823567     
   10.237522014403218       0.74882459442321492       0.64024496859201774       0.19504953850412696        95.765033130475459     
   10.365319954804654       0.74791030405241099       0.64670018198262469       0.19553565409350482        96.194091325521725     
   10.493117895206090       0.74776339777431233       0.65175295542894851       0.19597322077995696        96.582166568774369     
   10.599376283987160       0.74827826911601403       0.65493665402566026       0.19629507328044904        96.865463723549240     
   10.691053947540899       0.74924921892004004       0.65703732255571834       0.19653751958508525        97.077043081948901     
   10.780047949725395       0.75084533694917432       0.65861853265938086       0.19673057436390690        97.250389942598645     
   10.869041951909891       0.75329267031756642       0.65987513207080883       0.19687049751151103        97.388961672565088     
   10.980406365686825       0.75770969579358061       0.66119033328404586       0.19696301583903791        97.508728710184158     
   11.088056841482961       0.76343589705535742       0.66239757485766571       0.19696476187363729        97.564192057046569     
   11.194742255552235       0.77038558528264767       0.66369708079854750       0.19688857252755318        97.559516795160732     
   11.301278399208623       0.77830946871089635       0.66519392708958580       0.19674769633259956        97.497643775962359     
   11.395161612800347       0.78590321690628506       0.66671134688151601       0.19657842050239430        97.399510260727538     
   11.538463654786041       0.79838779179725805       0.66936817545109684       0.19624698935855983        97.180004107964578     
   11.663803928992252       0.81006376407765934       0.67191610372019550       0.19588996242253315        96.927579919461209     
   11.789144203198463       0.82241151050763750       0.67447494278520692       0.19547215323580019        96.625135711958677     
   11.876951711217416       0.83148256053945180       0.67614798413071742       0.19514301330422351        96.385057111376170     
   11.926516084864547       0.83678523777357539       0.67701104070607454       0.19494318008632208        96.239304174917834     
   12.036113781675047       0.84917913381268584       0.67862111971777261       0.19445947477660330        95.889103195845891     
   12.138591998556802       0.86178232070053051       0.67964573618614244       0.19395047180479788        95.522543533125557     
   12.237072657665580       0.87483222672259442       0.68009521504523873       0.19341038946354050        95.129346809289160     
   12.335553316774359       0.88863188196259346       0.67994857445267309       0.19282607145474404        94.692089232925781     
   12.434033975883137       0.90285563499261423       0.67914740841381649       0.19220681755601171        94.209310375572286     
   12.532514634991916       0.91703683715992867       0.67764590719909723       0.19156500695642939        93.682858402813835     
   12.630995294100694       0.93058456115533028       0.67541327866431955       0.19091600254480995        93.118577004075817     
   12.729475953209473       0.94296338890544784       0.67243569992812779       0.19027437436277000        92.526063743473372     
   12.822031937557444       0.95322333536824111       0.66896219085503172       0.18968777585967483        91.953824567214383     
   12.914587921905415       0.96201883461075344       0.66485437002189807       0.18912305191354170        91.376636416583537     
   13.007143906253386       0.96936491665284263       0.66014711482808008       0.18858267021686687        90.803209466213744     
   13.099699890601357       0.97541915164200799       0.65488987612196226       0.18806514783793035        90.240343793355393     
   13.192255874949328       0.98047525406507097       0.64914564579836476       0.18756455501530439        89.692217237467986     
   13.265745001370361       0.98405704834694252       0.64428695524806578       0.18717215971375412        89.268275701326843     
   13.325965844825692       0.98684344860094630       0.64014113234248737       0.18685029186076763        88.927720408134093     
   13.406463178273134       0.99039114262881633       0.63442271637223757       0.18641897493793499        88.480988114098722     
   13.509082213837170       0.99464412892731291       0.62700130758581463       0.18586725055009329        87.924298176334844     
   13.636507287219445       0.99957529968657599       0.61800148697231438       0.18517829420584975        87.252788769053495     
   13.763932360601720        1.0041957262185273       0.60983541571064614       0.18448420671303972        86.606374896034964     
   13.891357433983995        1.0085733472042351       0.60311033511047885       0.18378467956208908        85.992054795490347     
   13.971184595136441        1.0112091527478211       0.59984358538297777       0.18334402884736978        85.627701159534070     
   14.028507727692226        1.0130161593535878       0.59799193238992188       0.18302783053891244        85.377563383112999     
   14.123282754132672        1.0156520191317242       0.59584175453754995       0.18251197387950802        84.988706133781363     
   14.218057780573119        1.0176521005941011       0.59478636292069098       0.18201205584003990        84.636308080016988     
   14.312832807013566        1.0188956585106892       0.59473509493259957       0.18153373900088490        84.326697875281411     
   14.407607833454012        1.0193636862017337       0.59554671717738428       0.18107983584351475        84.064935415200651     
   14.502007734718642        1.0191392085466524       0.59699142958746854       0.18065161908863006        83.854503266763047     
   14.596407635983272        1.0183918703075392       0.59877845629502757       0.18024366777166917        83.693807301633257     
   14.683966767344376        1.0174717939047315       0.60045698937075387       0.17987650266670019        83.585602007763185     
   14.766507207348656        1.0165807571590753       0.60180646320759013       0.17953480872996574        83.513892278325173     
   14.876694876401206        1.0154063664408643       0.60285358107015585       0.17908402620264438        83.452562736877638     
   14.984863147797160        1.0142369869189518       0.60259300269720761       0.17864907534512925        83.416346388069869     
   15.074243065726886        1.0132389611009254       0.60113383590014302       0.17829645915161837        83.393486823309502     
   15.200809055666227        1.0117523422167023       0.59683882688191292       0.17780937736711097        83.355306900117057     
   15.310268325960037        1.0103677995443858       0.59085450155726293       0.17740162160227782        83.302612082858957     
   15.386767739019934        1.0093506277797701       0.58540920797645168       0.17712436697903200        83.248542558447895     
   15.448793825896704        1.0084443877185838       0.58026032816625439       0.17690622404702833        83.191889721239136     
   15.526406604000568        1.0069860750812230       0.57295523763938105       0.17664987268718804        83.103827796992533     
   15.604019382104433        1.0048030098011227       0.56478757066223817       0.17642635816093047        82.998222239362363     
   15.681632160208297        1.0015911039264820       0.55587878095720000       0.17624992657404812        82.879446339300600     
   15.777604113909220       0.99595050873082946       0.54403353861218262       0.17611369189142848        82.723427284925805     
   15.868500929992384       0.98881997798750099       0.53217823388734053       0.17608220562212515        82.577084220918792     
   15.959397746075549       0.98005676934020514       0.51990173012970797       0.17615311211944942        82.442499505219700     
   16.050294562158712       0.96995114723649623       0.50737393813055276       0.17632402009679485        82.327706047061824     
   16.141191378241874       0.95895037549761442       0.49473753835746964       0.17658038156743452        82.237393596651899     
   16.232088194325037       0.94750516637069326       0.48210883097448926       0.17690207985937093        82.172524363360424     
   16.298134846571031       0.93903614537291380       0.47299051112139728       0.17717119182872990        82.140675642149716     
   16.432128948711831       0.92165777043176256       0.45476033409591687       0.17780028002939630        82.112706193790828     
   16.544902101428484       0.90697222628542173       0.43979223816553337       0.17840996329528425        82.123718212827015     
   16.657675254145136       0.89227422864991990       0.42523826869012504       0.17909321764236072        82.163125726801240     
   16.793025804103618       0.87452940524189537       0.40838126137986019       0.18002158329137510        82.245492284356217     
   16.883291672089303       0.86249661071634842       0.39753531467714787       0.18072086208382926        82.321706838841990     
   16.956206221103539       0.85250054746056148       0.38901534508730246       0.18134925747896249        82.396775502720587     
   17.047117737341548       0.83947249237155996       0.37870188424216467       0.18223874711220633        82.510102575044840     
   17.138029253579557       0.82571924170792110       0.36873784716715685       0.18326774053891082        82.649378722192196     
   17.228940769817566       0.81126850596499001       0.35912688048535113       0.18445008176722649        82.818568930592988     
   17.319852286055575       0.79626847669136014       0.34987058333888338       0.18578659514040038        83.020303966012676     
   17.410763802293584       0.78096934083890113       0.34097067718987628       0.18726148195661863        83.255177573187609     
   17.501675318531593       0.76571145331515367       0.33242962309325186       0.18883883367919380        83.521283642923862     
   17.572665472398615       0.75408314748415672       0.32601165596475729       0.19010736719529961        83.747907032209625     
   17.616370973911398       0.74717674060488004       0.32217092592723673       0.19088547145471360        83.894051374064532     
   17.691463696244245       0.73606823339215988       0.31577025569660666       0.19217174329472134        84.152960456467810     
   17.766556418577093       0.72627557354232630       0.30962257636682972       0.19334530296901323        84.414870600929007     
   17.841649140909940       0.71810750854233096       0.30373085914864384       0.19437216776228516        84.670605139696846     
   17.916741863242788       0.71175556841567467       0.29809836246072779       0.19524050086657455        84.910587381317555     
   17.991834585575635       0.70727876440010717       0.29272858312794431       0.19595630569640096        85.125764379650022     
   18.066927307908482       0.70458700053096690       0.28762518935162290       0.19653842565972474        85.308502901974421     
   18.142020030241330       0.70343216929377184       0.28279193432004079       0.19701410249331458        85.453434929122920     
   18.216518563394878       0.70340036130908568       0.27826754249580909       0.19741350499909266        85.557540405311613     
   18.290586603639326       0.70391449731545630       0.27403998004755115       0.19777650352951179        85.623146481376168     
   18.364654643883775       0.70433373733989380       0.27008548530166887       0.19814621544098204        85.656116252714071     
   18.425906820602570       0.70418962481911929       0.26702347110831959       0.19848507411187336        85.664780661612511     
   18.487158997321366       0.70334941662251071       0.26415131725402174       0.19887388966873804        85.662993589170384     
   18.561964023151837       0.70117399811306358       0.26090243998201929       0.19943915231723036        85.655911627109873     
   18.636769048982309       0.69764263122065751       0.25793876680151651       0.20012463635684008        85.653984888403556     
   18.711574074812781       0.69281384562641846       0.25525988080889250       0.20094322668071801        85.667075298009152     
   18.786379100643252       0.68689053770257202       0.25286400827746719       0.20189421358432635        85.702798966255443     
   18.861184126473724       0.68018401414429353       0.25074782024351733       0.20296047118152125        85.765965535457383     
   18.927689988416148       0.67390901018965066       0.24909721315783426       0.20397350177201501        85.846572757192376     
   18.986910616070183       0.66837240515215612       0.24780625060732522       0.20489275901850082        85.936796116800821     
   19.026894912726455       0.66473597121286010       0.24702770316656053       0.20551310505743212        86.006541804615409     
   19.108791168897010       0.65756319517171236       0.24565998944893414       0.20677906842742930        86.168607602696639     
   19.256873418955031       0.64550507020195103       0.24391503825372696       0.20904877744963377        86.514013757792497     
   19.404955669013052       0.63457202806033097       0.24300343852655465       0.21128781412399258        86.907209024700293     
   19.496534758006529       0.62835756081122440       0.24279166790558215       0.21265350491849958        87.166055503268680     
   19.559028255940731       0.62432831659382226       0.24276989795176129       0.21357872116023666        87.347233341239374     
   19.608861425040651       0.62124454663761608       0.24280425294055136       0.21431120458125402        87.493578729976747     
   19.673407653652362       0.61754702091994074       0.24288804429830677       0.21523711495484668        87.684337627558392     
   19.737953882264073       0.61445022750841050       0.24297790885261125       0.21610573726794666        87.873853106767314     
   19.803158680775248       0.61228068915534961       0.24302838397469001       0.21688790385758394        88.059411090554377     
   19.853190975744916       0.61142282564672767       0.24300875048318410       0.21741043808168015        88.193972341321683     
   19.927901199993912       0.61156752684373639       0.24283180144053496       0.21806182410113711        88.375236962730511     
   20.000454766542514       0.61334892067018765       0.24242967759137091       0.21855589800121261        88.520680079487079     
   20.069165380720037       0.61637163939389317       0.24178461156416164       0.21891742685117432        88.623844022034547     
   20.135888633878956       0.62024102748788468       0.24087111613296058       0.21919446669069584        88.687769741695192     
   20.202611887037875       0.62458854448332790       0.23964551365814662       0.21942744089111119        88.714740539291085     
   20.269335140196794       0.62890842321531215       0.23809031799824479       0.21964644870398131        88.706505685159286     
   20.314615925791923       0.63162007750602223       0.23684405792106655       0.21979924546087651        88.682975282314814     
   20.374524068499401       0.63482395158794536       0.23496103358203924       0.22001378906864696        88.632746902600218     
   20.457412165521912       0.63840806283087737       0.23193482715678937       0.22034410744072647        88.534148170744487     
   20.521784573765455       0.64043477180143005       0.22927557523721864       0.22063538600019222        88.440188328773857     
   20.604558877557562       0.64206923151012962       0.22551660293994180       0.22106007724687679        88.304947342924777     
   20.687333181349668       0.64272907169582372       0.22145211780816099       0.22153965700388881        88.161052653332050     
   20.770107485141775       0.64265232861499089       0.21716660955977707       0.22206324187035784        88.014667562471558     
   20.852881788933882       0.64218953191120864       0.21274326610767452       0.22260846683943097        87.869312693154754     
   20.935656092725988       0.64171668371847712       0.20826268297781608       0.22314788129083624        87.725639477553742     
   21.017401617506977       0.64147309504516858       0.20385343019162239       0.22365735435307452        87.584137389988953     
   21.135389405669237       0.64180589928753240       0.19764965792342737       0.22433017284843543        87.376417828179513     
   21.232564422877708       0.64283255841117948       0.19281092631014488       0.22481842905796687        87.198123000797835     
   21.329739440086179       0.64454531678856841       0.18836807164976829       0.22524692281590772        87.010392990522050     
   21.422602231831693       0.64671123864347557       0.18468301643905174       0.22560798519417000        86.821693944000387     
   21.494990915144452       0.64863449349924673       0.18237037023941355       0.22586436910283025        86.669706649997394     
   21.557184350993062       0.65030170392436748       0.18093715871103505       0.22607655491328693        86.537941505910212     
   21.633955574483334       0.65214083496206765       0.18014571379151945       0.22634362925037871        86.378758491148844     
   21.709695847041807       0.65350574229473679       0.18081467812455357       0.22662738244990366        86.233507278882655     
   21.785436119600281       0.65429429830696451       0.18340303690989029       0.22694165912396388        86.110762155569830     
   21.855265288923491       0.65447943734279990       0.18786088480695357       0.22726267862164831        86.028087520018147     
   21.907774293659802       0.65429553647015426       0.19263674680236401       0.22752375749901788        85.991207886143727     
   21.960283298396114       0.65387402361592228       0.19861981729662481       0.22779973533355452        85.980085320981459     
   22.012792303132425       0.65326834244517451       0.20571429867297106       0.22808724274375719        85.997520989121881     
   22.079475368382383       0.65234448391484656       0.21608714386927591       0.22846098219859293        86.063463675971036     
   22.146158433632340       0.65143463700360760       0.22765160554753977       0.22882953487056357        86.179040205962437     
   22.212841498882298       0.65081010575325615       0.24005911814292236       0.22917065332501479        86.341885117892204     
   22.279524564132256       0.65080280153355519       0.25300823734075883       0.22945796322972750        86.546542656090523     
   22.346207629382214       0.65170909711579572       0.26625672408132595       0.22967036332576524        86.785007784744764     
   22.412890694632171       0.65373874508557106       0.27961686094385590       0.22979625186520491        87.047761285610591     
   22.494026630066184       0.65792403892964335       0.29581663278025205       0.22982658968253677        87.385539274966874     
   22.572659983984064       0.66386855817117851       0.31128116040298937       0.22973055075544824        87.715796681746923     
   22.651293337901944       0.67162792047401665       0.32636380355471933       0.22952173623636149        88.033651549569925     
   22.719400563392373       0.67966351566845395       0.33901597253666493       0.22926219305033976        88.288982020986182     
   22.787507788882802       0.68868862003419473       0.35119615482052130       0.22894314940159091        88.518984017714544     
   22.834709870260269       0.69548996693168730       0.35931335756077593       0.22869008717912553        88.660872266492220     
   22.913388148296967       0.70794202605543377       0.37215534569483172       0.22820885613355865        88.860297702820205     
   22.978356308375243       0.71933782584308670       0.38201613285455016       0.22775647589105988        88.984817183466276     
   23.058951876799185       0.73483699439818506       0.39316654197794043       0.22713175414299824        89.081281054815875     
   23.139547445223126       0.75165103304603265       0.40294317553039899       0.22644643533060341        89.106218314727471     
   23.220143013647068       0.76942792503923929       0.41115219195590341       0.22571312637321350        89.053864354940956     
   23.300738582071009       0.78768889325885527       0.41761612512576984       0.22494565366419111        88.921230841627974     
   23.372362782312120       0.80381895631813693       0.42178850474932350       0.22424770976746430        88.736318845496626     
   23.443986982553231       0.81939199394355011       0.42443516528382264       0.22354608663569392        88.491388727644008     
   23.515611182794341       0.83408542830724886       0.42557154870847469       0.22284885872921703        88.191463490161652     
   23.587235383035452       0.84773096437126316       0.42527336265354626       0.22216081043340746        87.842668032493577     
   23.681519123678509       0.86394455844209506       0.42291456335516470       0.22127458233023872        87.320184166752028     
   23.773801727990428       0.87780417696746127       0.41878392437996953       0.22043356182813817        86.753139065173301     
   23.866084332302346       0.88972339962918978       0.41324966583440870       0.21962102006571801        86.146120890802990     
   23.951013888324525       0.89914599791206851       0.40724687606972271       0.21889718768569377        85.564187763750880     
   24.044394535046116       0.90808809129443202       0.39997372939755987       0.21812305646359906        84.909927802181755     
   24.128002234559485       0.91500619384145243       0.39311163217614459       0.21744687249637679        84.319401450684978     
   24.211609934072854       0.92095136840470859       0.38611616903697671       0.21678739694691654        83.731293948431514     
   24.313575254114859       0.92698873276839611       0.37763949658232560       0.21600580405623832        83.026352406039564     
   24.443312219527886       0.93307376858593016       0.36733362066285724       0.21504226918247371        82.163119528739983     
   24.565590142949318       0.93768029263642039       0.35855984717855011       0.21415389096352433        81.396275547810717     
   24.685582172003933       0.94177492040702981       0.35133122683369422       0.21328174533985772        80.695330352295997     
   24.805574201058548       0.94613278589979655       0.34603173907959545       0.21238612656976444        80.048380607495858     
   24.891829729065936       0.94971316479074286       0.34375691381931289       0.21171759227817699        79.617136120830025     
   24.978085257073324       0.95375948199404581       0.34300194387253224       0.21102474288947348        79.214829069027033     
   25.064340785080713       0.95826092693971876       0.34389899027176796       0.21030742849377335        78.842792841579467     
   25.149718076277658       0.96307019945199757       0.34642989974152094       0.20957594375703625        78.506290401015576     
   25.230774598884324       0.96781515536319085       0.35023013101780720       0.20886617517080386        78.218134554318539     
   25.293033928323236       0.97145045655929307       0.35391668387091701       0.20831495624402027        78.018665894121980     
   25.344908428647749       0.97428462553882256       0.35737670144985140       0.20785757859481369        77.867759520641954     
   25.423221551241490       0.97777406570757208       0.36303869126812016       0.20718522977907744        77.668881070977463     
   25.501534673835231       0.97984355195775397       0.36892347305454820       0.20655261228653884        77.509573962890002     
   25.579847796428972       0.98012970257626775       0.37470535324192134       0.20597781694079870        77.395610771632860     
   25.658160919022713       0.97845059191966288       0.38009557746366390       0.20547627483837988        77.332149810220471     
   25.734193175341254       0.97494323075721434       0.38473880147431772       0.20507008599483967        77.322300712218421     
   25.810225431659795       0.96975737547572383       0.38866611321876449       0.20474781769144440        77.364834336573068     
   25.886257687978336       0.96322172882095813       0.39179238209180567       0.20450510779145967        77.458666338028678     
   25.962289944296877       0.95576466242112923       0.39406780654051138       0.20432898363049465        77.599906462978680     
   26.018822476304219       0.94983957640236549       0.39519943030105958       0.20423306477211750        77.731979238951070     
   26.089353483354500       0.94209444142552579       0.39595753667075662       0.20415242261127470        77.924303480998333     
   26.190971292866887       0.93038444939972820       0.39587155357628184       0.20410956294547311        78.245405592403017     
   26.269787004457353       0.92096457657439068       0.39501288480989732       0.20413311498099537        78.522616280458948     
   26.372499187264367       0.90833832593955655       0.39322714748224835       0.20423732147312046        78.912323301534258     
   26.475211370071381       0.89534669736188266       0.39117668931382532       0.20442780304345878        79.328786027725201     
   26.577923552878396       0.88194568475069302       0.38939601415575059       0.20471370136066694        79.770768108595149     
   26.648852629433712       0.87235825753341334       0.38858129544987335       0.20497803321820265        80.092544441011370     
   26.739612567249786       0.85949989478557853       0.38826605141220855       0.20541888408141118        80.528621977325756     
   26.825772495832148       0.84659267409723959       0.38885814434088445       0.20596215203613819        80.973903869994189     
   26.911932424414509       0.83304040203756080       0.39040804895276121       0.20663667661593768        81.455780078518430     
   26.998092352996871       0.81899741200941067       0.39297289978782973       0.20743976866174971        81.978984283421198     
   27.084252281579232       0.80470883457174125       0.39657714821827755       0.20835476948928847        82.546201477030507     
   27.160930237381745       0.79207141036869688       0.40064983429818890       0.20923401433041533        83.088075480313620     
   27.237608193184258       0.77977453426643539       0.40550390147509885       0.21014171642428900        83.662744994368637     
   27.314286148986771       0.76793935135384317       0.41108575291512228       0.21106057405319567        84.266841748902863     
   27.390964104789283       0.75658576995578086       0.41732426370971237       0.21198542302101245        84.896687347266379     
   27.529122543596433       0.73731264211608805       0.42994686100001872       0.21366252783957454        86.085170349223205     
   27.667280982403582       0.71946372677175485       0.44387108163697314       0.21535341355534479        87.325642193106475     
   27.755642304550452       0.70870464745487094       0.45319951414808834       0.21644749846712302        88.137669188077098     
   27.813170532432252       0.70193294382700866       0.45937143912905959       0.21716882066374579        88.671611673766719     
   27.895238101466386       0.69246410602200648       0.46823228300780895       0.21822522396966784        89.438302027273949     
   27.985277654881273       0.68211535019376945       0.47793247711508585       0.21945038433545822        90.284590045632427     
   28.052099225941326       0.67434667183792441       0.48505394827920628       0.22042206937934816        90.915742589321937     
   28.151034788340354       0.66264273145968899       0.49538074189425862       0.22197378903251985        91.854921650411157     
   28.249970350739382       0.65075502308963862       0.50533936513670885       0.22366084818823173        92.798940864079540     
   28.348905913138410       0.63888357704918641       0.51481694737423300       0.22545916437978578        93.745220052017928     
   28.446415698695731       0.62753219538904892       0.52358592140871507       0.22728685152401806        94.674978363953514     
   28.537325868563851       0.61772544966497800       0.53116951635685505       0.22895786164293438        95.531676709022747     
   28.629415082720616       0.60905487759117072       0.53820153197219489       0.23053085915312627        96.378792448857737     
   28.699903075211793       0.60351576507295468       0.54310639062061483       0.23161650122727087        97.005107349518738     
   28.797407607200515       0.59764712027159217       0.54916315002267513       0.23292328985163938        97.827468125258818     
   28.878462090568988       0.59444810745625987       0.55352275619855995       0.23383373354612705        98.462045416230566     
   28.950780026850982       0.59285675912974289       0.55687655745616527       0.23452108787118667        98.983660336754212     
   29.037256302489116       0.59240685091581757       0.56020995280407537       0.23520700803393454        99.545799837691845     
   29.114715266155521       0.59332934455451158       0.56256621809209240       0.23570315586945589        99.987811002536731     
   29.192174229821926       0.59558429924485146       0.56434070154323468       0.23608660211862670        100.36772545791780     
   29.269633193488332       0.59924258760868843       0.56552629595719539       0.23635808242127934        100.68172408042666     
   29.324568222415191       0.60270053974136562       0.56604618849107824       0.23648538366103392        100.86253055578160     
   29.372770762433774       0.60632456379756006       0.56633409397015788       0.23655452175836547        100.99172306661674     
   29.401569626017050       0.60874630498966276       0.56640342903583241       0.23657784759054573        101.05555309744993     
   29.435884352725683       0.61187170295936943       0.56632243843153962       0.23658914369922124        101.11829855684063     
   29.462242366530450       0.61444478512420675       0.56613678907816256       0.23658613717621749        101.15646860344751     
   29.496481718875053       0.61801200240161458       0.56584617246560964       0.23656733078261982        101.19291612169944     
   29.530721071219656       0.62184293773729649       0.56575077931399631       0.23653155268669007        101.21482053419535     
   29.558300742169060       0.62512605864342152       0.56598006176748827       0.23649039390837917        101.22250010739400     
   29.585880413118463       0.62858069467999778       0.56649327851226561       0.23643865976636980        101.22194336239117     
   29.613460084067867       0.63219372757146353       0.56718704350846483       0.23637712603768921        101.21364600968496     
   29.651664984186830       0.63742621695519064       0.56812352004744882       0.23627745941714054        101.18971722192828     
   29.689869884305793       0.64289049866327230       0.56865604474355724       0.23616266449314566        101.15092649431752     
   29.728074784424756       0.64857176181691922       0.56847338166375083       0.23603356020957345        101.09600213255700     
   29.774689487086352       0.65579172696300569       0.56695474361787779       0.23585713796010996        101.00436835423427     
   29.816577943742523       0.66253066809254624       0.56413471658105552       0.23568182339792540        100.89569503563611     
   29.849426306437199       0.66795920684487520       0.56090684976035665       0.23553415850359125        100.79088622950216     
   29.882274669131874       0.67349289638308485       0.55686377758543892       0.23537836108632562        100.66741289929602     
   29.923919019156457       0.68062604188923503       0.55081768361172490       0.23517036757250517        100.48274136130861     
   29.969546599434260       0.68853948157957989       0.54343095087432691       0.23493086352419978        100.24384827099372     
   30.002982590085814       0.69436359056542352       0.53774989674990292       0.23474897712528608        100.04510531837657     
   30.048441834474136       0.70225301006170682       0.52988611733308677       0.23449509657485604        99.744585329614551     
   30.093901078862459       0.71002868046223566       0.52200591133109453       0.23423623860080092        99.411954987216646     
   30.150721825372859       0.71944048686990536       0.51224914889788131       0.23391056605359556        98.956467889505092     
   30.220097634960108       0.73018404872875109       0.50055000410931949       0.23351966173678168        98.350831134632699     
   30.280461190670540       0.73858458392632775       0.49058087063035871       0.23319615694788404        97.790182868897546     
   30.321988231118343       0.74377116205794758       0.48383719496505995       0.23298642775195053        97.391593828509258     
   30.390845471663457       0.75130090064110133       0.47285857454451707       0.23266435793949083        96.716329292067797     
   30.455786232653626       0.75721191283727773       0.46273265603193370       0.23239184070690452        96.072128599515878     
   30.500938196594145       0.76063188453242703       0.45582037713271334       0.23222256980781697        95.624709334809125     
   30.565757425394722       0.76444545548479692       0.44607737084509763       0.23201648794043933        94.989234127836482     
   30.615715009253485       0.76648311309170269       0.43871056325358554       0.23189144894018213        94.509312880765108     
   30.665672593112248       0.76783346516111251       0.43146541578760272       0.23179423620115255        94.041271587003763     
   30.735683283636138       0.76875126006725125       0.42151293359988240       0.23170023114050306        93.409406462001400     
   30.822652133820323       0.76854366916087280       0.40946885528984572       0.23164708694197517        92.669040979923878     
   30.887633204004995       0.76759966737178920       0.40069497948985938       0.23164786617308863        92.150629624649625     
   30.934970232727206       0.76651404433991210       0.39442203018700428       0.23167071082281712        91.792354180371262     
   31.028715849238580       0.76321312504924765       0.38228749865084100       0.23178776042043028        91.132858070573164     
   31.115723739448264       0.75853812445915336       0.37135939364677284       0.23201041046951162        90.583921181577466     
   31.174191836461745       0.75444829054828322       0.36419190638929155       0.23223713153302053        90.251717131504464     
   31.268995207647684       0.74620308586084594       0.35286297908052378       0.23275840131124217        89.779810923124899     
   31.363103011320227       0.73618753370121592       0.34196573857653900       0.23348422933072191        89.396819233201796     
   31.457210814992770       0.72464520420058653       0.33140503054448150       0.23442762993872113        89.100820119511141     
   31.551318618665313       0.71199074143470942       0.32117046206839994       0.23557752589719522        88.890368431225298     
   31.645426422337856       0.69865345656858591       0.31125196119008380       0.23690708513692210        88.760547370684264     
   31.728725868735999       0.68645623417530766       0.30272847045877871       0.23822722324804138        88.707441303584446     
   31.898496949297567       0.66083877094123977       0.28607268058547458       0.24133645148256674        88.758041030841881     
   32.037920289637078       0.63935214668830020       0.27308182066525638       0.24431962372583446        88.936478527211804     
   32.177343629976590       0.61767685719316390       0.26068088929438915       0.24771004628376667        89.217500374379625     
   32.316766970316102       0.59592574135726062       0.24884309719983960       0.25154041632679375        89.584598301115236     
   32.504434980264683       0.56664083766721973       0.23375336477224359       0.25747152595859774        90.191316160413749     
   32.663030223915975       0.54207871227648252       0.22171693076171831       0.26322324393102109        90.786923746310478     
   32.821625467567266       0.51796318793276130       0.21030027710742827       0.26964135685041141        91.442756539681326     
   32.980220711218557       0.49458002102490872       0.19947149006402007       0.27666371603553536        92.143874983262577     
   33.100311983284470       0.47745086937295700       0.19164427038740800       0.28236007020409615        92.696106901001812     
   33.324969793381776       0.44687761176444185       0.17781700478623355       0.29383907918010194        93.758815087072733     
   33.458470546817573       0.42969613773326665       0.17007758364575973       0.30111518280245442        94.398700801939825     
   33.591971300253370       0.41329127061699472       0.16267501802515938       0.30868533516943025        95.038136383047046     
   33.746205083697177       0.39525473577351306       0.15452303746693388       0.31779935059270004        95.770899259139625     
   33.868646762673770       0.38163091381789732       0.14834331777103391       0.32529475674555763        96.345150020436876     
   34.003624713040111       0.36737931034866167       0.14181688056896180       0.33375519465614029        96.967641395446591     
   34.120076774329370       0.35581208617417537       0.13641739930554195       0.34112917019576833        97.493034110997570     
   34.223593972049805       0.34613462173286180       0.13179050329856140       0.34768409404873096        97.948504655656777     
   34.367631377318737       0.33358338996221776       0.12561241531153078       0.35677844542945403        98.560651557668166     
   34.585153925334659       0.31651399525421842       0.11682692676374778       0.37041394210906109        99.431027532591784     
   34.723168772427591       0.30677324166750253       0.11157406518843520       0.37898192664982167        99.947109285138794     
   34.786283629856925       0.30259150984850391       0.10925125773368317       0.38286802059787922        100.17350242069271     
   34.938541463193374       0.29323337927193582       0.10384482683216813       0.39210581867825295        100.69408534939409     
   35.082335882338782       0.28533421781390572        9.8984795961024483E-002  0.40061228792477244        101.15133161333922     
   35.226130301484190       0.27826547369019483        9.4352218885982234E-002  0.40891189347538709        101.57440953338499     
   35.356335808181385       0.27245617406281836        9.0344754118638085E-002  0.41629492086691328        101.92876634929975     
   35.486541314878579       0.26712872767122786        8.6507500227637091E-002  0.42357488731634463        102.25760884291775     
   35.777083851622031       0.25674570023318610        7.8522374203484069E-002  0.43946453524400736        102.90913645084024     
   35.892349424615226       0.25310123382438826        7.5562622399173288E-002  0.44565298706926970        103.13989411121705     
   35.941118121358258       0.25161489212310301        7.4344189258591487E-002  0.44826251705098841        103.23340980361175     
   36.059496836085295       0.24807428006415808        7.1467724657204745E-002  0.45461524965722333        103.45168587981121     
   36.177875550812331       0.24458128094798037        6.8702553872934655E-002  0.46102195742201979        103.66007865255959     
   36.296254265539368       0.24113950021759234        6.6044370816381592E-002  0.46747749953833173        103.86130164010594     
   36.400131879377021       0.23821010942410129        6.3796665874303951E-002  0.47314555835060684        104.03330788823865     
   36.451461041268018       0.23682681556812252        6.2714407713229170E-002  0.47592268724640946        104.11680336341971     
   36.563477487918263       0.23408681899282829        6.0415904739671011E-002  0.48183084341531751        104.29458093741970     
   36.675493934568507       0.23188786586118290        5.8201642630566416E-002  0.48741239462781705        104.46324540894011     
   36.781849761324672       0.23038405011863450        5.6174428023940313E-002  0.49234804149332217        104.61085068237944     
   36.888205588080837       0.22942529525108632        5.4217823092154560E-002  0.49693934529291089        104.74274429274917     
   36.990558866543850       0.22889488896671109        5.2399231974321607E-002  0.50109786439772674        104.85302904518737     
   37.087350739762122       0.22863077570147788        5.0735607239214033E-002  0.50485490674267874        104.94230437450273     
   37.233479422299276       0.22857255200888374        4.8323520821617054E-002  0.51024713947511857        105.05115990326085     
   37.356791702633885       0.22880549871235226        4.6377495101759224E-002  0.51454853310620174        105.12078337105703     
   37.507372060248819       0.22947702643713846        4.4107104518818691E-002  0.51946771605997011        105.18040800405427     
   37.657952417863754       0.23071036104870138        4.1947859942961872E-002  0.52395097306007477        105.21256801662467     
   37.808532775478689       0.23265078589558957        3.9894320268599501E-002  0.52793118298883079        105.21541458080530     
   37.959113133093624       0.23536614983999399        3.7941310757156392E-002  0.53138340799123296        105.18601427307887     
   38.109693490708558       0.23884513052359535        3.6083909997187351E-002  0.53431998175861017        105.12183663700914     
   38.257578514373805       0.24300313624219178        3.4348283675684509E-002  0.53671317240530414        105.02336187056888     
   38.443459547251756       0.24930882838676255        3.2284644262692799E-002  0.53903622186415101        104.84759837941128     
   38.674901384777137       0.25884959831025772        2.9887622402448064E-002  0.54089408382397819        104.54456661099698     
   38.892605219457820       0.26953982995995129        2.7795565215309619E-002  0.54163593152921952        104.17187613693531     
   39.088862971731587       0.28063262066582029        2.6035402139195481E-002  0.54149888259158063        103.76146559756343     
   39.212379853045661       0.28831945209993398        2.4985232212369337E-002  0.54103480882559196        103.46641951838413     
   39.326438041766259       0.29588486691444571        2.4053139837027251E-002  0.54035729705348723        103.16870967947024     
   39.485743010832913       0.30725484066997177        2.2809198241123246E-002  0.53901301674660529        102.71217253591200     
   39.592187480292303       0.31545887710224607        2.2014083252949828E-002  0.53785172692005989        102.37995333161149     
   39.662826277750490       0.32123768364360489        2.1501788776785984E-002  0.53695977820538865        102.14679426510197     
   39.780108828285421       0.33157492744107159        2.0677413040914906E-002  0.53525376023457216        101.73514594586352     
   39.894441444739847       0.34264810314502575        1.9904206174145633E-002  0.53332112234583873        101.30086574948639     
   40.008774061194273       0.35469360310628451        1.9159912443542679E-002  0.53113957844784232        100.83040018633525     
   40.100806725779755       0.36498424677940811        1.8581057502105300E-002  0.52922384382000454        100.42405298312362     
   40.192839390365236       0.37569231758433091        1.8019690795241735E-002  0.52718303281723544        99.993193002438645     
   40.318172616867535       0.39085056367339271        1.7282377675803443E-002  0.52421984484708406        99.368519465092888     
   40.443505843369834       0.40656764738558254        1.6575233255832478E-002  0.52106303047170954        98.702675362928957     
   40.580498961035097       0.42420350916993699        1.5835357181115506E-002  0.51741703283704932        97.932105964720591     
   40.702494713356607       0.44010387719325050        1.5204325890117417E-002  0.51402311405689771        97.213194537256172     
   40.817918560684362       0.45511026868037380        1.4630455798728808E-002  0.51070679341647207        96.510026261624091     
   40.904095436663994       0.46622566889140754        1.4216165666291735E-002  0.50817247671955623        95.973768498102629     
   41.022493600958306       0.48139388868630550        1.3666036804926673E-002  0.50461309668125531        95.225289383396898     
   41.117551703548280       0.49357385046272789        1.3239802789343402E-002  0.50168862660647695        94.616620343721593     
   41.196728178958217       0.50385869260254723        1.2894946582959888E-002  0.49920126218803479        94.104751230364556     
   41.268174631175135       0.51343531003380050        1.2591475190429158E-002  0.49690717557098912        93.638164480587420     
   41.339621083392053       0.52345043040535177        1.2295145734120657E-002  0.49455893886278413        93.165262349166525     
   41.411067535608971       0.53394494796791214        1.2005790134754895E-002  0.49215656249954515        92.683850175472401     
   41.482513987825890       0.54486612848433658        1.1723244268652561E-002  0.48970502235573160        92.192086253223295     
   41.553960440042808       0.55607525853422357        1.1447347874642898E-002  0.48721311783352539        91.688996798283171     
   41.625406892259726       0.56733662734895962        1.1177944463162915E-002  0.48469358959906211        91.174934866192984     
   41.696853344476644       0.57833068534614951        1.0914881227495865E-002  0.48216257521750461        90.652032836391996     
   41.768299796693562       0.58878636891722758        1.0658008957098656E-002  0.47963407160688071        90.124095915673777     
   41.839746248910480       0.59853098689263740        1.0407181952969006E-002  0.47711809128742622        89.595830691316749     
   41.926564621114977       0.60929091334876384        1.0110319984329324E-002  0.47408716197694634        88.960528711213868     
   42.013382993319475       0.61884642189990802        9.8219259207212722E-003  0.47109090528765563        88.340095662388435     
   42.100201365523972       0.62730981142275133        9.5417582175106441E-003  0.46812891216800828        87.741024840547354     
   42.186747812398892       0.63491330203735108        9.2704224695370468E-003  0.46520166998977658        87.169113482011653     
   42.261163786223150       0.64103365490048436        9.0432952589261043E-003  0.46269446388411795        86.698441251953511     
   42.312444556914244       0.64511348023746817        8.8900265635323567E-003  0.46096816501296267        86.385077667371434     
   42.387899275978214       0.65093551267711780        8.6692169066195698E-003  0.45842993512944080        85.939373008485958     
   42.500257836551292       0.65921894242297718        8.3505350194854316E-003  0.45465614332641896        85.307460138568175     
   42.618833208565917       0.66750937300857538        8.0269167431531244E-003  0.45068252968983857        84.678437292615428     
   42.678111217681383       0.67147022566272496        7.8698669052161829E-003  0.44870150362775985        84.377484433621419     
   42.735669834034027       0.67522424365559874        7.7203132927287556E-003  0.44678087895858543        84.093413334494983     
   42.788591194008610       0.67860433592709279        7.5853176592275747E-003  0.44501755785918851        83.838911247374654     
   42.836799366083177       0.68150843320438370        7.4644003618695607E-003  0.44341992185301243        83.612606867172701     
   42.872523029605844       0.68350047037388406        7.3760422429257578E-003  0.44224448520079823        83.448612376299010     
   42.908246693128511       0.68543664800988258        7.2887300428508273E-003  0.44107221096939170        83.287932891352455     
   42.943970356651178       0.68748388834620067        7.2024513808212195E-003  0.43989428629202459        83.130260031977670     
   42.979694020173845       0.68977758233468911        7.1171940225685506E-003  0.43870379698299816        82.974768088640388     
   43.015417683696512       0.69235185621164141        7.0329458786448527E-003  0.43749937735002564        82.820406322932456     
   43.060519114151788       0.69592850716617738        6.9280047147856428E-003  0.43596307233148385        82.625706186081118     
   43.114815622731335       0.70061529590791494        6.8037437734975769E-003  0.43409580537617876        82.389836375494852     
   43.169112131310882       0.70571073994373323        6.6817115809516036E-003  0.43221018298819758        82.150631361887434     
   43.257610794899129       0.71495023061895280        6.4874829805057297E-003  0.42909676985425849        81.749139517867320     
   43.346109458487376       0.72542566436619549        6.2989003719775222E-003  0.42593355085105816        81.327200136209584     
   43.433098091597834       0.73707335998502987        6.1188791331624089E-003  0.42277375488595798        80.885868676148604     
   43.473259133396951       0.74290874965503484        6.0375127410479618E-003  0.42129884446310778        80.671466578155147     
   43.595148372178244       0.76229466715090988        5.7972289752319115E-003  0.41676778134613163        79.973357874424394     
   43.666008073381697       0.77466335671171904        5.6629334014374720E-003  0.41410025090023195        79.531769195420722     
   43.710651356668180       0.78282397160278305        5.5831816265511933E-003  0.41240924727928840        79.239250865991721     
   43.755699229823378       0.79129063598884708        5.5166018470915595E-003  0.41069670465370200        78.932767710094367     
   43.791193587525299       0.79812723251675288        5.5003355599298970E-003  0.40934310374012822        78.683365105767237     
   43.818179221321685       0.80344889076608150        5.5646055929336529E-003  0.40831089980752350        78.489153085603917     
   43.837872721661057       0.80741128434259002        5.7296290893808100E-003  0.40755570021516835        78.345002703883040     
   43.857566222000429       0.81143281733273231        6.1087333597703627E-003  0.40679909580036133        78.199008819384218     
   43.875981691262936       0.81522857531296666        6.7817631632985185E-003  0.40609079041833973        78.061164511356139     
   43.890368074217783       0.81820012946191145        7.5788464564013613E-003  0.40553734544195719        77.952909229185821     
   43.904754457172629       0.82115900766197758        8.6055806170544889E-003  0.40498424786829917        77.844452160593946     
   43.919140840127476       0.82408550743686626        9.7960786278796230E-003  0.40443197719979895        77.736042247118405     
   43.940056659193353       0.82824242506538082        1.1641821030850914E-002  0.40363151746637926        77.578873766410837     
   43.953373716785457       0.83080636892754367        1.2796515172572683E-002  0.40312396033009423        77.479207275480533     
   43.973657942413162       0.83455368246123418        1.4427864679761974E-002  0.40235491620798375        77.328105047429602     
   43.993942168040867       0.83807326623910738        1.5869434486164714E-002  0.40159184463822445        77.177944113233806     
   44.014226393668572       0.84132782938045347        1.7155454795192301E-002  0.40083594700774000        77.028889300681357     
   44.048306707928042       0.84610936285878569        1.9156390301078286E-002  0.39958546577370191        76.781879199523942     
   44.076704968335100       0.84935190978426822        2.0806121382547189E-002  0.39856601455733720        76.580804335293607     
   44.105103228742159       0.85184855154094552        2.2497490816132469E-002  0.39757124058921373        76.385833758666678     
   44.133501489149218       0.85354676374236815        2.4217115498407656E-002  0.39660546252352186        76.198753662804762     
   44.175636850501000       0.85452474306936577        2.6761396886703676E-002  0.39523596607263667        75.939445954453575     
   44.217247799662303       0.85365901856626913        2.9251604866684273E-002  0.39397200389640652        75.709489473366418     
   44.258858748823606       0.85103264332735296        3.1770779908282545E-002  0.39281168702674935        75.510350072074999     
   44.309283409186115       0.84569981531734306        3.4941817258029854E-002  0.39156467708327569        75.316380720461922     
   44.359708069548624       0.83837788569519722        3.8299203742831613E-002  0.39050747440579991        75.179722144262399     
   44.410132729911133       0.82956216729807764        4.1897287309254710E-002  0.38963821047004005        75.103863896169315     
   44.460557390273642       0.81981242894977113        4.5807783772752950E-002  0.38892700731839702        75.089745286988801     
   44.524515915829312       0.80696215244587677        5.1342694053245846E-002  0.38816356324249929        75.158102852602227     
   44.570317984511782       0.79793204223636327        5.5784767255528084E-002  0.38764165439943743        75.262416325736339     
   44.605555498046947       0.79123867573761086        5.9516486790878495E-002  0.38723003558781605        75.371427612610788     
   44.651406911396201       0.78289598819389705        6.4827828555988953E-002  0.38667522346860073        75.547607497353880     
   44.718457998693196       0.77145873916715457        7.3616503189842003E-002  0.38582147706015524        75.868671974462089     
   44.785154772457531       0.76108658883012092        8.3652742319232115E-002  0.38490699302356862        76.254510585236076     
   44.851851546221866       0.75181977235049091        9.5005753403266918E-002  0.38391467895440057        76.698077321772587     
   44.918548319986201       0.74370049938196781       0.10761230088032672       0.38284153230019430        77.191373016993140     
   44.985245093750535       0.73674056113684117       0.12132881045014063       0.38168900583654902        77.726748158919875     
   45.066172522740985       0.72980629080652903       0.13917448027226259       0.38019276919797024        78.422152623375453     
   45.155528974743426       0.72392678974328029       0.15996253026573473       0.37843468739988906        79.233868963745181     
   45.237712135866545       0.72002527170912034       0.17967194732724859       0.37673517588916883        80.007636768656809     
   45.319895296989664       0.71751832135478000       0.19961872332385577       0.37496323840463130        80.795118896592626     
   45.402078458112783       0.71639035271917040       0.21956324013006773       0.37312273890296266        81.584747548365655     
   45.484261619235902       0.71664641215253766       0.23933766783920754       0.37121621789874309        82.365619421061254     
   45.586535747456978       0.71895583303012922       0.26354239715133349       0.36875263044981688        83.309840035505246     
   45.656521857197951       0.72186334284214104       0.27978127528237057       0.36700881653192002        83.929656807292815     
   45.702387392043420       0.72440146583675835       0.29026352374523118       0.36583939486950512        84.321129991237740     
   45.771973149443461       0.72936879642711494       0.30590997106295253       0.36401963627762463        84.888540466910442     
   45.841558906843503       0.73586058979266467       0.32123331305703190       0.36214078727377674        85.418267814433378     
   45.911144664243544       0.74396391315362431       0.33622186880770649       0.36020404445934684        85.903785545591305     
   45.980730421643585       0.75365489756509585       0.35086621195218715       0.35821503474312844        86.339195733300869     
   46.050316179043627       0.76481310541701408       0.36515784567305687       0.35618215411644633        86.719794728810328     
   46.119901936443668       0.77721236200619226       0.37908811859860547       0.35411570040406137        87.042524060006144     
   46.189487693843709       0.79052773207407390       0.39264731531705710       0.35202712479185572        87.306446544314838     
   46.259073451243751       0.80450492935653994       0.40582387421207489       0.34992465966603142        87.512579790565241     
   46.351380664598629       0.82384042307948047       0.42268824338487299       0.34712175154144526        87.700315045092395     
   46.489563637615404       0.85404376130237269       0.44653400698860407       0.34291035987939533        87.810015380880358     
   46.622749488016844       0.88387490481656328       0.46774042593000065       0.33885379646782332        87.738779418027420     
   46.747953868690672       0.91178615866716539       0.48580345044394824       0.33506221993898044        87.532528198489544     
   46.853983522902624       0.93486405067529332       0.49939528363798813       0.33187906009364249        87.266216358742383     
   46.955024865893364       0.95624653204913279       0.51059911990714857       0.32887328069174260        86.943224411594045     
   47.083848501096426       0.98251339494844758       0.52190706388987385       0.32508315531631138        86.441464292665131     
   47.212672136299489        1.0075100402586665       0.52926344785042412       0.32134038245666224        85.843246021102317     
   47.308518960962864        1.0251842810747358       0.53185737592986071       0.31858391487763160        85.335991368156442     
   47.396534908178218        1.0406878069379581       0.53197914071465946       0.31606976954560284        84.822993942904148     
   47.484550855393572        1.0555117904757858       0.52997609273533719       0.31356733749442872        84.264361304337200     
   47.572566802608925        1.0696787532588323       0.52599313915429935       0.31107354418956945        83.660119947106949     
   47.678727614769016        1.0859147326158856       0.51888440766118415       0.30807681762754591        82.872180269153489     
   47.784888426929108        1.1012385801933071       0.50972322597133624       0.30509404940534895        82.023753238581492     
   47.929258255260045        1.1206339639497391       0.49488525919610038       0.30106485419542639        80.785830144957174     
   48.050082009083809        1.1355890992162287       0.48110964051816796       0.29772196644008370        79.690941266287822     
   48.157912639672055        1.1478542808689576       0.46823861006906237       0.29476670533479604        78.682523161302797     
   48.265743270260302        1.1587498872019966       0.45512702138856836       0.29184780195045651        77.659044172568514     
   48.373573900848548        1.1680178444242595       0.44201788746454901       0.28897368081353425        76.636651589985362     
   48.481404531436795        1.1755592935017534       0.42913309936081645       0.28615016686361266        75.631654083670000     
   48.589235162025041        1.1814281624232443       0.41667110259762286       0.28338024871183437        74.658916200255959     
   48.697065792613287        1.1858217472271779       0.40482025112618775       0.28066377578156315        73.730634428239014     
   48.793849547525170        1.1887934599991525       0.39486238152497677       0.27826792347724927        72.942533245013905     
   48.890633302437053        1.1910987485016100       0.38569644329775993       0.27590888224000293        72.201050914641300     
   49.009335332820356        1.1931797317399246       0.37572515397192158       0.27306503515072578        71.359038257487626     
   49.141430608791836        1.1946590152105212       0.36649589381447562       0.26996477762368154        70.513893530222319     
   49.256314987367624        1.1953224452838447       0.36022794743934639       0.26732381021858237        69.861222560663876     
   49.334570212690934        1.1954720561808749       0.35691120698421230       0.26555445369762359        69.461948602850285     
   49.412825438014245        1.1953856768058686       0.35429664010134132       0.26380928801688402        69.099879492295571     
   49.512321297858186        1.1949345160859108       0.35178736280188583       0.26162591287809428        68.692825571975291     
   49.611817157702127        1.1941073895530085       0.34986820354915921       0.25948268884086811        68.343231246061762     
   49.742760442722506        1.1924888119068451       0.34760441922413055       0.25672308197184890        67.962896114039282     
   49.851675201615507        1.1907084123912419       0.34545508018488852       0.25448054196363296        67.705709642829916     
   49.941979917658593        1.1889338982087136       0.34327995881851636       0.25265788554890534        67.525807337922984     
   50.032284633701678        1.1868814719332452       0.34070155046093054       0.25086897265155295        67.370629450430570     
   50.165726536755116        1.1832981086042613       0.33616641466854119       0.24828900652810151        67.177811744960806     
   50.276561395220796        1.1797517486533406       0.33180340572851308       0.24620635552834549        67.044684427536225     
   50.378631323097729        1.1759034408630860       0.32738989449454214       0.24434109189431980        66.941037084066863     
   50.501444688280344        1.1703019377720008       0.32170785652616080       0.24217217681395214        66.840762262372095     
   50.624258053462960        1.1635105802094761       0.31578271763230659       0.24009276852115449        66.770636892484362     
   50.747071418645575        1.1555462912277281       0.30978833772097142       0.23810668194417328        66.735479054371737     
   50.869884783828191        1.1465802454068774       0.30389250784828908       0.23621291133209374        66.739448088725808     
   50.992698149010806        1.1369355504561591       0.29825387861572855       0.23440447772574335        66.784553407653704     
   51.109711961159711        1.1274413941151000       0.29325676965601094       0.23275179757412592        66.864935788588824     
   51.226725773308615        1.1177901800777299       0.28874583451453484       0.23116380221993491        66.979868727508233     
   51.393574653586832        1.1039209781251480       0.28335390985079534       0.22900616309376604        67.200375642483820     
   51.560423533865048        1.0901626461113783       0.27936748140729650       0.22696476388604370        67.483658271575294     
   51.716169956532461        1.0776626203304569       0.27697636671359060       0.22515325654222451        67.800173725272913     
   51.853681235812637        1.0670598400212641       0.27586487299738838       0.22362113643100218        68.116502653958051     
   51.991192515092813        1.0569061969672786       0.27554574676413213       0.22214824819648471        68.462018774038270     
   52.192276423434357        1.0428824132386216       0.27612857652441936       0.22009580986432092        69.008058478657759     
   52.395395593852186        1.0297096743905758       0.27742161990033437       0.21813830262034267        69.591256644025322     
   52.574255771544216        1.0189345442811963       0.27868157341610700       0.21650496778316888        70.114661968842910     
   52.733692167486716        1.0099909281460697       0.27964594603866483       0.21511543120393617        70.577042636115209     
   52.880967559054092        1.0022505659051928       0.28030364347401160       0.21388542448468756        70.992793230319194     
   53.066288663847246       0.99310117787440932       0.28075223105826586       0.21241116237630342        71.492851758453185     
   53.205300423303868       0.98651049838806693       0.28077922388564580       0.21136281001651439        71.848289624450814     
   53.296631800647653       0.98214754040269991       0.28064190468544131       0.21070664844193987        72.072921947102699     
   53.423600830231770       0.97584126254373305       0.28023747181902969       0.20984554717721129        72.376005605628606     
   53.550569859815887       0.96914691436402689       0.27957697699335993       0.20904907147591287        72.672214590723485     
   53.677538889400005       0.96205386097184054       0.27865477790413073       0.20831869145234319        72.965435376794673     
   53.804507918984122       0.95466594741458866       0.27746813600517389       0.20765064060626939        73.258124023529049     
   53.931476948568239       0.94711794113308390       0.27601706220280364       0.20703906684975323        73.550719512629442     
   54.088137639713487       0.93764636389680023       0.27386629326357015       0.20635935158016205        73.910739125958770     
   54.316574707450428       0.92363075699448671       0.27003747847631765       0.20551100024049682        74.430941214830838     
   54.489287347171221       0.91300395662800649       0.26662380988727086       0.20497496280371813        74.817431151148355     
   54.644725643541470       0.90349614239438503       0.26319496840580975       0.20456522333358496        75.157539555609176     
   54.836767878217373       0.89184463640114797       0.25852925888642175       0.20415167026066894        75.565026385422968     
   55.028810112893275       0.88041559789312074       0.25343653119935600       0.20383263354966222        75.955868070037326     
   55.183004855525546       0.87155601626940848       0.24907538977367377       0.20363441109986868        76.254957853078281     
   55.328587303451208       0.86355910311171014       0.24476429307607364       0.20348630858745825        76.522433322042914     
   55.538920972171688       0.85264374976666923       0.23825621086607801       0.20333408367061542        76.879049989061258     
   55.813488914191822       0.83958155631127374       0.22937867318337554       0.20323157373575793        77.286155663835757     
   56.022692675244926       0.83063277646694844       0.22241835889566225       0.20321127443002032        77.548781684253356     
   56.163867331421791       0.82508772315498302       0.21766524410940047       0.20322115281592384        77.701799969179291     
   56.449116213391818       0.81497913788965703       0.20801633792188007       0.20329454624757312        77.952520430176079     
   56.580662165697802       0.81076584090097703       0.20358073663721490       0.20335046099862922        78.043197497239504     
   56.681857089000921       0.80769554992061732       0.20018746217768413       0.20340236727951877        78.103019937260740     
   56.720089666896428       0.80656092213196839       0.19891116278090179       0.20342455902988882        78.123511120837946     
   56.848581573411394       0.80270443589724005       0.19465021991250145       0.20351750703500049        78.185287482216637     
   56.970884529156521       0.79881199856983054       0.19064330930807205       0.20364185647867281        78.237429219584229     
   57.093187484901648       0.79460237538451894       0.18669371765306234       0.20380830101765401        78.287980710465945     
   57.215490440646775       0.79008389103769661       0.18281050969650250       0.20401786512407297        78.341247920872519     
   57.337793396391902       0.78536247070934884       0.17900230658140970       0.20426526067361581        78.400055507505996     
   57.460096352137029       0.78062952634689164       0.17527734204616147       0.20453878231035996        78.465062188748234     
   57.582399307882156       0.77602471145158014       0.17164349886170682       0.20482886201141867        78.534978269520636     
   57.771859947833796       0.76922983946943813       0.16621639574839794       0.20530276192153657        78.648829120312783     
   57.952990536772674       0.76314927199734672       0.16132840345813534       0.20577789262848756        78.759748019766533     
   58.134121125711552       0.75743643206866829       0.15688041682775039       0.20627305724544809        78.870684524019026     
   58.315251714650429       0.75197108579100769       0.15309368947518120       0.20679295102766779        78.983538907264816     
   58.487984311635820       0.74681925177193853       0.15039477729390285       0.20732141809746366        79.099153808273584     
   58.639485321000883       0.74227663365628171       0.14908972757061978       0.20781567915381463        79.214820491249483     
   58.784903331144456       0.73789480138088415       0.14915366670874705       0.20831716551411184        79.346777967911592     
   58.930321341288028       0.73353071537528280       0.15095692668219815       0.20884242177695678        79.508690588627303     
   59.075739351431601       0.72923377302906534       0.15501868361197202       0.20938766365456460        79.711528536935788     
   59.218658634966360       0.72507791179711878       0.16174512109374403       0.20994238908339269        79.963348929722045     
   59.349283903182233       0.72133025832935049       0.17066429464599950       0.21046591123995559        80.250999941397751     
   59.455412673642819       0.71831730440858166       0.18003017962210952       0.21090293414880898        80.532950194678889     
   59.561541444103405       0.71533065015994679       0.19133172992382766       0.21135044698175551        80.863868522794704     
   59.667670214563991       0.71236871498035226       0.20449636259391796       0.21180844384622133        81.247862607147908     
   59.773798985024577       0.70943078413499550       0.21935548162035903       0.21227685149880257        81.687380792894658     
   59.879927755485163       0.70651620294713724       0.23566557116829456       0.21275551944478868        82.182902727243885     
   60.021533178661173       0.70265394527077618       0.25918751631306081       0.21341041927230153        82.928395797856822     
   60.163138601837183       0.69879603494324660       0.28407508995911829       0.21408521569198327        83.762391173104859     
   60.304744025013193       0.69489931561277474       0.30968306414435326       0.21478275990771203        84.672780520491088     
   60.446349448189203       0.69090585897586754       0.33547497771810103       0.21550763022932504        85.645594748234913     
   60.587954871365213       0.68671102484442370       0.36103110267201621       0.21626906278491906        86.666798228719841     
   60.729560294541223       0.68209137335956804       0.38604481516474065       0.21708782443583469        87.724610988449157     
   60.863145622126119       0.67726402753075554       0.40895364074325441       0.21792385218070212        88.747808979528486     
   60.996730949711015       0.67206916901642288       0.43106775455592150       0.21881883185474424        89.788120569581949     
   61.110545344106981       0.66752947386852446       0.44921509615869376       0.21961481925788862        90.681720839807937     
   61.178473554120323       0.66484723115052569       0.45972335729857106       0.22009796070697513        91.215543074972260     
   61.223810891325755       0.66312941905610312       0.46659820913460365       0.22041818100925412        91.571078145499925     
   61.306153833035516       0.66040784605543745       0.47879406209978809       0.22097214077858168        92.212512682882490     
   61.388496774745278       0.65852265848607638       0.49060777499003905       0.22146157180764728        92.842864750013788     
   61.467643182810924       0.65774097633305306       0.50159639615466622       0.22185138843368310        93.431089882364830     
   61.546789590876571       0.65806727227464090       0.51222137169051030       0.22215620649395434        93.994852737781642     
   61.625935998942218       0.65946849178415412       0.52247878201354736       0.22238053814999803        94.527899385160779     
   61.705082407007865       0.66177938747354315       0.53236406566288030       0.22253726211682576        95.025588348574459     
   61.784228815073511       0.66470601414636288       0.54187190535707053       0.22264591905662892        95.485572240910727     
   61.847727543833109       0.66721650912177866       0.54922301541793483       0.22271571083096736        95.827599673738661     
   61.903317350989447       0.66935552091743800       0.55545307220528306       0.22277482107142335        96.108615299062251     
   61.958907158145784       0.67139582071282355       0.56148856148468207       0.22283485529826155        96.373978250002622     
   62.059591875035636       0.67484686630727186       0.57191526504677737       0.22294607377332604        96.819037352168721     
   62.204507029603576       0.67920468380216015       0.58574573784107020       0.22311711016005251        97.390772011490924     
   62.349422184171516       0.68279984267467020       0.59812629229371872       0.22330707127314098        97.895728197281684     
   62.526793355079612       0.68614183191135003       0.61119009131721003       0.22357251960614805        98.440164699681020     
   62.661944557737300       0.68785315846897255       0.61950581055814369       0.22380719747032868        98.809237175708120     
   62.797095760394988       0.68863950328908896       0.62631901181867888       0.22408832393397074        99.144957030604488     
   62.932246963052677       0.68835874118922091       0.63155216993223251       0.22443228892801825        99.453023018210516     
   63.067398165710365       0.68695970201277745       0.63513329608692892       0.22485126838715547        99.738211674087239     
   63.202549368368054       0.68447637522877802       0.63700246216361944       0.22535250477021290        100.00369824420282     
   63.315871033674235       0.68157582961119756       0.63721972110569192       0.22584243701785153        100.21220343660026     
   63.397320859002747       0.67894050629031022       0.63660810960395176       0.22624537941162626        100.35479661359341     
   63.496101009301000       0.67503596986929093       0.63500600339435875       0.22680479939709905        100.52112023389998     
   63.617060154578034       0.66921948278240806       0.63177553045475110       0.22760501048257423        100.71741433044286     
   63.733087381450609       0.66273800620629097       0.62739963426955514       0.22848929315563599        100.89969263980684     
   63.849114608323184       0.65569353987437717       0.62182843866707738       0.22946700413569074        101.07530816323202     
   63.965141835195759       0.64853410582115945       0.61513462166146549       0.23049684414136981        101.24024474285510     
   64.069008356094486       0.64251801008926224       0.60826213943262375       0.23140988189978595        101.37248772277800     
   64.172874876993205       0.63737176031907039       0.60063273445938692       0.23225778065911540        101.48128627032119     
   64.271274538371827       0.63357796527576649       0.59277735590254710       0.23296924176581835        101.55350940439389     
   64.369674199750449       0.63094198175251748       0.58438220864595558       0.23358004172253719        101.58734631174707     
   64.468073861129071       0.62940902987888181       0.57551830512111557       0.23409565512326502        101.57633860994676     
   64.566473522507692       0.62877284130203082       0.56625664267692322       0.23453482485547639        101.51683116476649     
   64.648884525931720       0.62866279569301509       0.55824461654770774       0.23486643258725132        101.42952849155569     
   64.732559405158199       0.62864727974357892       0.54991520649861581       0.23519394582131134        101.30839452834925     
   64.800814589609175       0.62860406457759699       0.54300335042161374       0.23546289649089361        101.18805696113891     
   64.900235055171308       0.62845198156700444       0.53279250617035945       0.23586140473163228        100.98311566733173     
   65.044702702568827       0.62801229209378473       0.51776538355096735       0.23645842948432788        100.63447350216501     
   65.189170349966346       0.62726838179663935       0.50266632501715802       0.23708234017864058        100.24122304855877     
   65.349291788647946       0.62605969650865223       0.48603307293951298       0.23781055617897795        99.771570189723434     
   65.459264738124659       0.62498199271360189       0.47476497327511519       0.23833594321044857        99.437209470130043     
   65.541495097493595       0.62393879576992561       0.46646158360829582       0.23875255513584231        99.184803913431537     
   65.652606381294504       0.62202143889969674       0.45545302414255046       0.23936723187538581        98.846183007553805     
   65.739447297122737       0.62005664303053309       0.44705077658137582       0.23989794653039603        98.588046888796526     
   65.856550507742753       0.61678945794187745       0.43605006443236011       0.24068675654878219        98.255443567275847     
   65.973653718362769       0.61298550904771820       0.42548275373140682       0.24154888798168028        97.946089791214234     
   66.083276927982155       0.60923453358874935       0.41603333260000602       0.24239574062196537        97.680011101943734     
   66.192900137601541       0.60562480888883552       0.40705583544538820       0.24324721635715199        97.435658179416464     
   66.284725022059831       0.60281245815965157       0.39992697918376791       0.24395179452986362        97.245666051407824     
   66.424386538267825       0.59892871230608835       0.38981245667554443       0.24500226366043809        96.978809866350971     
   66.597792451348084       0.59481545339698150       0.37853481690581325       0.24625819961179424        96.679165362502914     
   66.771198364428344       0.59151052832049322       0.36867631879941720       0.24744720213192925        96.408971369583682     
   66.914811521312245       0.58942925193535722       0.36150781932423232       0.24836897430510024        96.203710317933883     
   67.028476546415206       0.58838817012340583       0.35638932919571603       0.24903581822286031        96.049674872520384     
   67.142141571518167       0.58802957626553543       0.35167737587892228       0.24963071689020336        95.898513041517234     
   67.291448479322852       0.58869709824400429       0.34595799986384929       0.25029174219960298        95.695876454430930     
   67.440755387127538       0.59063901250314155       0.34058073634844388       0.25081740941859132        95.478371245376238     
   67.561146559738319       0.59303607879156284       0.33635702548133667       0.25115132955044950        95.285888191978401     
   67.675277321934175       0.59602244841634211       0.33235378156640055       0.25139165674441849        95.085236143782012     
   67.818846914289225       0.60082388187092972       0.32722033131994355       0.25158370665661645        94.801651298278941     
   67.961969441726396       0.60670493544755921       0.32191518834547167       0.25165689883885484        94.478087683018231     
   68.104974833903483       0.61345874844832293       0.31637547733969440       0.25162649353304090        94.110019329349583     
   68.203083574349222       0.61842253551275028       0.31242336107419455       0.25155739971243068        93.831499812155855     
   68.277748232305655       0.62232995824600834       0.30933157346521667       0.25148172901037874        93.606031506544312     
   68.409756555711240       0.62951277401163019       0.30369265176060894       0.25129892829264977        93.180320793272244     
   68.569702032276126       0.63858736311102071       0.29659008343679860       0.25099919497551187        92.621264816191712     
   68.722652883620583       0.64739376286938566       0.28956846292549260       0.25064665705293432        92.047803767003344     
   68.875603734965040       0.65592031507108095       0.28238495010348169       0.25025261852389796        91.445251983640873     
   69.023643975122596       0.66352256553180733       0.27534516087886274       0.24985451462747843        90.846301387700322     
   69.171684215280152       0.67045150636283202       0.26829078320513744       0.24944398520873273        90.243638108876880     
   69.325525543659765       0.67699993493652766       0.26102674704815959       0.24900383681591706        89.622966428169491     
   69.441512041148982       0.68154059517954690       0.25567670993231190       0.24866250748860094        89.163410199752576     
   69.622115341025008       0.68802817663912830       0.24780863723147395       0.24811292817999467        88.469389812742889     
   69.802718640901034       0.69388175207333480       0.24089008274206486       0.24754137426447911        87.810617447073739     
   69.951009952613191       0.69812821379376744       0.23624267477537350       0.24706450045189743        87.304817192114925     
   70.099301264325348       0.70179419803509036       0.23276003012162361       0.24658945981707869        86.839919541763066     
   70.227057264589718       0.70445804851137162       0.23077736536431026       0.24618709144597248        86.478860262492930     
   70.348603068037576       0.70656265147916097       0.22975885324611625       0.24581374852401253        86.173786278457655     
   70.445384802576683       0.70794397466356518       0.22948341289216961       0.24552476709119520        85.959536632873395     
   70.575832270666524       0.70940500038360765       0.22966766971483871       0.24514890489404711        85.711737191663019     
   70.706279738756365       0.71037827313426094       0.23019261302623462       0.24479373141115238        85.509613664005300     
   70.839070154284371       0.71081955704558719       0.23073762859676195       0.24446064949651253        85.347256963009784     
   70.955920622950387       0.71072591515275585       0.23101340474824827       0.24419649791127121        85.236677433190351     
   71.057383663088004       0.71027692034949153       0.23103731437206249       0.24399192648940796        85.162236272278633     
   71.158846703225620       0.70950097298088133       0.23092077287263185       0.24381168513936660        85.105831207152335     
   71.286492508760801       0.70809992072553563       0.23077990308462643       0.24361993267436641        85.058986931433765     
   71.414138314295982       0.70628444262712142       0.23096215407285040       0.24346657272221264        85.039253015251404     
   71.527639991095967       0.70433695559360654       0.23170025372384104       0.24336423357703535        85.046563834068934     
   71.652423005283126       0.70181698690087102       0.23346002450013589       0.24329303514154571        85.086168642212968     
   71.769701882830176       0.69909680609217872       0.23625771035602561       0.24326781492344696        85.159103704740460     
   71.885579942412292       0.69610610960165409       0.24022471943903190       0.24328291926848494        85.270511737203691     
   72.001458001994408       0.69286847660497719       0.24539919315233052       0.24333593647973079        85.425159290860051     
   72.088969296865514       0.69030358206715059       0.25003975368065090       0.24339880156523780        85.572059863036330     
   72.200818434823304       0.68694181985301095       0.25668772318517341       0.24350346555949262        85.797366343071488     
   72.312667572781095       0.68355580481145894       0.26382846856652975       0.24363045196206609        86.061990163951606     
   72.424516710738885       0.68015487717416045       0.27108053639420676       0.24377936536708178        86.360476651621383     
   72.570488069374449       0.67566315184616887       0.28009056244138453       0.24400994917692700        86.789020299840615     
   72.690566055351127       0.67192298270381001       0.28666728878120717       0.24423116404622969        87.162618430558439     
   72.793940316413583       0.66868841010104796       0.29152177194799211       0.24444338839623850        87.490593809903544     
   72.897314577476038       0.66547038211870624       0.29557339306309544       0.24467342545784432        87.817596851793382     
   72.961375017158588       0.66349896692198707       0.29765585685451273       0.24482367251143833        88.017167210107900     
   73.008567202859538       0.66206544339739859       0.29898832154320243       0.24493743046489813        88.161740679796267     
   73.074038852467936       0.66011901426322217       0.30064410356037358       0.24509809680799555        88.358086285814451     
   73.137789330785154       0.65828683363097107       0.30209962791124134       0.24525618788131792        88.544054476770370     
   73.236126025355219       0.65560386289667250       0.30401611599080813       0.24550088810553070        88.819691654519232     
   73.326256711409840       0.65331592205647415       0.30542518053282269       0.24572377887404684        89.059029708353762     
   73.380356013621039       0.65203486501329022       0.30608383911761794       0.24585540890024071        89.195919846271792     
   73.399999999999991       0.65158428523287482       0.30629930861683491       0.24590297749046530        89.244288485298469     
