   0.0000000000000000        1.3029277687316241       0.50034007300891081       0.11011976421517303        80.611549377441406     
  0.10000000000000002        1.3029975529085112       0.50037243373017504       0.11011328885456997        83.330840551611587     
  0.20000000000000004        1.3032304917646600       0.50049838049824669       0.11009171077123001        85.151492025411898     
  0.30000000000000004        1.3035284165354555       0.50070398030827601       0.11006397560608165        86.369717645245913     
  0.40000000000000008        1.3038713149724015       0.50099410043413661       0.11003186351327607        87.185011800115248     
  0.50000000000000011        1.3042487215432585       0.50135975883808326       0.10999628633435457        87.731218097663799     
  0.60000000000000009        1.3046614600588025       0.50184074707736837       0.10995715156999515        88.098338334696550     
  0.70000000000000007        1.3051132902687754       0.50247134896990231       0.10991410416851055        88.347660194480568     
  0.80000000000000004        1.3056031961727701       0.50323429562521793       0.10986721271421461        88.520232022109127     
  0.90000000000000002        1.3061339932842972       0.50411698667223881       0.10981621040901803        88.643224389551023     
   1.0000000000000000        1.3067113926553569       0.50510365598961671       0.10976058037948393        88.734472666440737     
   1.1000000000000001        1.3073435546226335       0.50617878476853606       0.10969959777547260        88.805446607368935     
   1.2000000000000002        1.3080361547344082       0.50732746441539700       0.10963275732430303        88.863384341108159     
   1.3000000000000003        1.3087898444720842       0.50853608540383188       0.10955998719233219        88.912784152719993     
   1.4000000000000004        1.3096004086039179       0.50979260633534329       0.10948162756870965        88.956425393237140     
   1.5000000000000004        1.3104594342596851       0.51108664661943026       0.10939836687955745        88.996047291081311     
   1.6000000000000005        1.3113515558769673       0.51240925107855728       0.10931146837658011        89.032872193469061     
   1.7000000000000006        1.3122630870704246       0.51375293033624680       0.10922205138336112        89.067779535839463     
   1.8000000000000007        1.3131180614998061       0.51511133011670418       0.10913641722214822        89.101978403143050     
   1.9000000000000008        1.3137834437597513       0.51647926169801361       0.10906590561276139        89.138329688035427     
   2.0000000000000009        1.3141652770813095       0.51785236383620825       0.10901926554932413        89.180888466964575     
   2.1000000000000010        1.3142271560701517       0.51922690849752584       0.10900092716103466        89.233508297081656     
   2.2000000000000011        1.3139872724858705       0.52059959867567451       0.10901061254958479        89.298899704754874     
   2.3000000000000012        1.3135192349016052       0.52196743623706643       0.10904253181637205        89.377972246337265     
   2.4000000000000012        1.3129538577027628       0.52332761660478755       0.10908457205468375        89.469253473267145     
   2.5000000000000013        1.3124843757264928       0.52467744706326813       0.10911789549666381        89.568524712396524     
   2.6000000000000014        1.3122991388637661       0.52601430697530749       0.10912449982145819        89.669018974919382     
   2.7000000000000015        1.3125109689987198       0.52733563484910728       0.10909471364238132        89.763274777437772     
   2.8000000000000016        1.3131559639327330       0.52863879443170481       0.10902668130944959        89.844903247909997     
   2.9000000000000017        1.3141959014841929       0.52992090980447748       0.10892497240066379        89.909682413303628     
   3.0000000000000018        1.3155171702570811       0.53117875510800205       0.10879962296991842        89.956325918006371     
   3.1000000000000019        1.3169661068007676       0.53240903484441526       0.10866300601473670        89.986332527992332     
   3.2000000000000020        1.3184614410737145       0.53360772370775733       0.10852158804396238        90.003309461430334     
   3.3000000000000020        1.3199988918388694       0.53477068374389025       0.10837579010106768        90.009933070749071     
   3.4000000000000021        1.3215643493975768       0.53589334264771049       0.10822672943841005        90.008127046829131     
   3.5000000000000022        1.3231442310266524       0.53697081298510474       0.10807546885151073        89.999354534148353     
   3.6000000000000023        1.3247228388079497       0.53799790333712061       0.10792322870525865        89.984741791239301     
   3.7000000000000024        1.3262819684241671       0.53896924350650477       0.10777142588321220        89.965287170283375     
   3.8000000000000025        1.3278055052001718       0.53987942353511686       0.10762134610933438        89.941824546713562     
   3.9000000000000026        1.3292799115016662       0.54072310865342021       0.10747409205868932        89.915119775173196     
   4.0000000000000027        1.3306977696120721       0.54149521907407372       0.10733032924505041        89.885773555987427     
   4.1000000000000023        1.3320580268466378       0.54219138259036148       0.10719025620161481        89.854118631190332     
   4.2000000000000020        1.3333625670517861       0.54280763581498581       0.10705385345035819        89.820363244529688     
   4.3000000000000016        1.3346203679502484       0.54334135529170291       0.10692054939368598        89.784405724695617     
   4.4000000000000012        1.3358455189078273       0.54379076566318207       0.10678936410078278        89.745977625844475     
   4.5000000000000009        1.3370616727246487       0.54415561442247184       0.10665854726343109        89.704482536716753     
   4.6000000000000005        1.3382926331654452       0.54443692446435787       0.10652630983230538        89.659096258927207     
   4.7000000000000002        1.3395512119670354       0.54463717093227426       0.10639168945022318        89.608944375025843     
   4.7999999999999998        1.3408401189152295       0.54476029575553453       0.10625446771872586        89.553394868799728     
   4.8999999999999995        1.3421529492138002       0.54481146536054259       0.10611502683923653        89.492134058596676     
   4.9999999999999991        1.3434731052381310       0.54479711637777328       0.10597441446342741        89.425303100924751     
   5.0999999999999988        1.3447761006967769       0.54472476656728264       0.10583422060927436        89.353529275551935     
   5.1999999999999984        1.3460374752447450       0.54460279471952067       0.10569602514168784        89.277843668078930     
   5.2999999999999980        1.3472394487978698       0.54444089845972155       0.10556098411706383        89.199522701165648     
   5.3999999999999977        1.3483677305602018       0.54424967474332042       0.10543010125139572        89.119907262240716     
   5.4999999999999973        1.3494116179083178       0.54404017964957785       0.10530426711549221        89.040379129111855     
   5.5999999999999970        1.3503656978879455       0.54382271036817331       0.10518426235665479        88.962200037466403     
   5.6999999999999966        1.3512269510563888       0.54360698539120922       0.10507076172926520        88.886568615167789     
   5.7999999999999963        1.3519958124766958       0.54340046585556734       0.10496427189407323        88.814465200525760     
   5.8999999999999959        1.3526633920206190       0.54320853528199942       0.10486603385205447        88.746772298647272     
   5.9999999999999956        1.3532083877187417       0.54303386068572446       0.10477825905448980        88.684506301952084     
   6.0999999999999952        1.3536136429098842       0.54287756835442746       0.10470279429387468        88.628766500669926     
   6.1999999999999948        1.3538684294135850       0.54273891715518219       0.10464093145316535        88.580565324294000     
   6.2999999999999945        1.3539672966275456       0.54261534931249944       0.10459354977878919        88.540722212044784     
   6.3999999999999941        1.3539109572137342       0.54250220828285733       0.10456102680514014        88.509753536594076     
   6.4999999999999938        1.3537064251265396       0.54239361781535445       0.10454317971335962        88.487849876250564     
   6.5999999999999934        1.3533594071962716       0.54228306317631558       0.10453990731422115        88.474861033386077     
   6.6999999999999931        1.3528653778665924       0.54216406848909426       0.10455201983511998        88.470576084259150     
   6.7999999999999927        1.3522187875520906       0.54203094196398161       0.10458045326926113        88.474860332489797     
   6.8999999999999924        1.3514210741063213       0.54187936230244327       0.10462551519528183        88.487568963075447     
   6.9999999999999920        1.3504798203642909       0.54170644425152004       0.10468691001990159        88.508458594286694     
   7.0999999999999917        1.3494084930183416       0.54151000218519463       0.10476372145025635        88.537124392716791     
   7.1999999999999913        1.3482267075735832       0.54128843972166008       0.10485433546603704        88.572940480818332     
   7.2999999999999909        1.3469578442890666       0.54104073984916756       0.10495665232988767        88.615043400822813     
   7.3999999999999906        1.3456176991022906       0.54076647723738869       0.10506925127681867        88.662446227834408     
   7.4999999999999902        1.3442138822354257       0.54046580399121602       0.10519151272994039        88.714286831554048     
   7.5999999999999899        1.3427541764522746       0.54013944146649739       0.10532278766016140        88.769853694913508     
   7.6999999999999895        1.3412454976313581       0.53978870712333604       0.10546250282730797        88.828557609613597     
   7.7999999999999892        1.3396944102627022       0.53941529376851882       0.10561010975354625        88.889887535524153     
   7.8999999999999888        1.3381065366199163       0.53902176669991753       0.10576512321067627        88.953472468856162     
   7.9999999999999885        1.3364869764415557       0.53861129976554634       0.10592710362705464        89.018978140448709     
   8.0999999999999890        1.3348376383976168       0.53819152694423344       0.10609592415638498        89.086238083172759     
   8.1999999999999886        1.3331600646733801       0.53777663021801214       0.10627147687317456        89.155358431580410     
   8.2999999999999883        1.3314598146315504       0.53738554787502080       0.10645318913734372        89.226683527884148     
   8.3999999999999879        1.3297457639733077       0.53704113649078900       0.10664009550399506        89.300735832470167     
   8.4999999999999876        1.3280310330477449       0.53676960669027540       0.10683071019981077        89.378171206398420     
   8.5999999999999872        1.3263312224197852       0.53659844480721142       0.10702323962676176        89.459686699824829     
   8.6999999999999869        1.3246658460024179       0.53655491666678956       0.10721541771107562        89.545990171759158     
   8.7999999999999865        1.3230599916533634       0.53666265265064494       0.10740433683874939        89.637606225760806     
   8.8999999999999861        1.3215360262903117       0.53693927025347254       0.10758739207960726        89.734850344065961     
   8.9999999999999858        1.3201063588824666       0.53739123359075780       0.10776307880865721        89.837817024624286     
   9.0999999999999854        1.3187736255571862       0.53801080628410669       0.10793095223039488        89.946408226252814     
   9.1999999999999851        1.3175301859793480       0.53877642495870681       0.10809166078486607        90.060286252554619     
   9.2999999999999847        1.3163579500156408       0.53965936687808602       0.10824693891247836        90.178931995052821     
   9.3999999999999844        1.3152304370828776       0.54062989747436685       0.10839938632775536        90.301840692601786     
   9.4999999999999840        1.3141306896757168       0.54166234855005091       0.10855060109419273        90.428515935855074     
   9.5999999999999837        1.3130478945743784       0.54273397170186466       0.10870154253706631        90.558388801391757     
   9.6999999999999833        1.3119739917941109       0.54382613926085477       0.10885288891452873        90.690815036268845     
   9.7999999999999829        1.3109028765371489       0.54492225364371549       0.10900511274430888        90.825141677443270     
   9.8999999999999826        1.3098318384138752       0.54600763542794528       0.10915833179746288        90.960671665206178     
   9.9999999999999822        1.3087600501583307       0.54706812355376166       0.10931246719374285        91.096676678705705     
   10.099999999999982        1.3076991313405972       0.54809009425242694       0.10946612935047664        91.232296179439473     
   10.199999999999982        1.3066776254865484       0.54906099566479194       0.10961612953880599        91.366211715298974     
   10.299999999999981        1.3057227667849549       0.54997036929523913       0.10975943213559873        91.496758580219705     
   10.399999999999981        1.3048566714235985       0.55080984218261086       0.10989357303971353        91.622088923962039     
   10.499999999999980        1.3040944953018980       0.55157608655042834       0.11001686685265594        91.740539218761072     
   10.599999999999980        1.3034451546287233       0.55226957962362977       0.11012829320897854        91.850666081254829     
   10.699999999999980        1.3029280992743602       0.55289804676622001       0.11022583100210356        91.951392788111775     
   10.799999999999979        1.3025970871998438       0.55347446412182744       0.11030418320160700        92.041488399275650     
   10.899999999999979        1.3025124343886618       0.55401573937872495       0.11035770096928081        92.119205875801825     
   10.999999999999979        1.3027021509402303       0.55453995042560578       0.11038415774333452        92.183000730742748     
   11.099999999999978        1.3031745813774716       0.55506422539549449       0.11038326541916528        92.231796838270000     
   11.199999999999978        1.3039104355048818       0.55560153991355410       0.11035716083724624        92.265398661361004     
   11.299999999999978        1.3048705545184507       0.55616010106370317       0.11030949973988440        92.284460610464720     
   11.399999999999977        1.3060196658056524       0.55674402791268984       0.11024340801972594        92.290326566356768     
   11.499999999999977        1.3073409219796392       0.55735284080505143       0.11016037577073466        92.284372067744357     
   11.599999999999977        1.3088226462437567       0.55798262570160195       0.11006143890136502        92.267783529838141     
   11.699999999999976        1.3104613987009008       0.55862486402956701       0.10994698082631860        92.241300273732477     
   11.799999999999976        1.3122588363052223       0.55926860512196719       0.10981700838379341        92.205295737992728     
   11.899999999999975        1.3142244397665357       0.55990091331534908       0.10967100082582515        92.159600640460027     
   11.999999999999975        1.3163928608887270       0.56050808942245844       0.10950666973749579        92.103531553975273     
   12.099999999999975        1.3188136216191464       0.56107654477780955       0.10932086032000893        92.035415910702895     
   12.199999999999974        1.3215104688423820       0.56159382326691476       0.10911239466328025        91.953214685799182     
   12.299999999999974        1.3244681836177858       0.56204947539101480       0.10888276410344397        91.855312926792621     
   12.399999999999974        1.3276395737547291       0.56243415341542446       0.10863539299630998        91.741009747291244     
   12.499999999999973        1.3309466862139288       0.56273946940104913       0.10837542427119701        91.610789881318865     
   12.599999999999973        1.3342775151590585       0.56295851244039408       0.10810990475869327        91.466624331484127     
   12.699999999999973        1.3375137474408665       0.56308608971912444       0.10784623470527736        91.311811353416260     
   12.799999999999972        1.3405643420225168       0.56311908219548878       0.10759026990176614        91.150405322913684     
   12.899999999999972        1.3433769906218336       0.56305683236572279       0.10734568072699623        90.986353330036579     
   12.999999999999972        1.3459344554899042       0.56290116540447321       0.10711405807992087        90.822940884615207     
   13.099999999999971        1.3482553543103022       0.56265635311508755       0.10689467886490281        90.662446951443428     
   13.199999999999971        1.3503962191941936       0.56232911352678416       0.10668414789494997        90.505794924481037     
   13.299999999999971        1.3524454459815554       0.56192823798935765       0.10647666969371009        90.352409221504772     
   13.399999999999970        1.3544563523340134       0.56146513483042182       0.10626871364489407        90.200714955185347     
   13.499999999999970        1.3564331862611432       0.56095915960858445       0.10606011876771468        90.049574372285505     
   13.599999999999969        1.3583820882089450       0.56043924004925083       0.10585060296330086        89.898678680851432     
   13.699999999999969        1.3603084666497924       0.55993905937875876       0.10563994116477290        89.748363957645765     
   13.799999999999969        1.3622174023379370       0.55949391469675336       0.10542796503716931        89.599506884175682     
   13.899999999999968        1.3641126474840701       0.55913657189917398       0.10521465382314299        89.453333628485041     
   13.999999999999968        1.3659936060911857       0.55889284053387511       0.10500032655208613        89.311241294325171     
   14.099999999999968        1.3678199955672690       0.55877543789409634       0.10478807645456628        89.174924408560386     
   14.199999999999967        1.3695303192382404       0.55878527078135243       0.10458254618330524        89.046698586229780     
   14.299999999999967        1.3710871520604724       0.55891548849559636       0.10438681068648080        88.928978265361877     
   14.399999999999967        1.3724758114072706       0.55915215947061303       0.10420240744421715        88.823638223227050     
   14.499999999999966        1.3737054776988793       0.55947041117482876       0.10402916117841787        88.731565673913892     
   14.599999999999966        1.3748056930877079       0.55983528311279795       0.10386534011232346        88.652414855648303     
   14.699999999999966        1.3758343686793053       0.56020603197425234       0.10370696419196730        88.584290893210678     
   14.799999999999965        1.3768362407661481       0.56053889714726812       0.10355090919668604        88.524017652485767     
   14.899999999999965        1.3778170097437032       0.56078904002131724       0.10339693093648164        88.468143036165429     
   14.999999999999964        1.3787713669787971       0.56091223561252523       0.10324562010916977        88.413439051294461     
   15.099999999999964        1.3796959118920225       0.56087316421807099       0.10309746634494520        88.357047440873203     
   15.199999999999964        1.3805874911692460       0.56064451826136019       0.10295296410671585        88.296425873272028     
   15.299999999999963        1.3814417753159696       0.56020937613479471       0.10281270134780203        88.229526481223289     
   15.399999999999963        1.3822596315935873       0.55956247034384921       0.10267685285036889        88.154766458548949     
   15.499999999999963        1.3829999132449915       0.55871220205316896       0.10254876616868119        88.071425712764096     
   15.599999999999962        1.3835289144881249       0.55767814313120956       0.10243907975834055        87.981019130939586     
   15.699999999999962        1.3837056781165518       0.55648725041195235       0.10235981601943561        87.887868424021548     
   15.799999999999962        1.3834465729639065       0.55516909257940605       0.10231955717828767        87.797582161695047     
   15.899999999999961        1.3827187315010203       0.55375194000071215       0.10232355065055086        87.715672649730877     
   15.999999999999961        1.3815404652580845       0.55226065896306376       0.10237288758106947        87.646632588900701     
   16.099999999999962        1.3799860812155478       0.55071555441620546       0.10246296178041457        87.593083256579732     
   16.199999999999964        1.3781678997826796       0.54913267231784424       0.10258425757507986        87.555337879464631     
   16.299999999999965        1.3761632999709175       0.54752430174849875       0.10272980178967704        87.531987351963295     
   16.399999999999967        1.3740040136682923       0.54589950254185049       0.10289694984627228        87.521388521387536     
   16.499999999999968        1.3717138764221002       0.54426493416820010       0.10308370324434266        87.522054467578997     
   16.599999999999969        1.3693014105989885       0.54262540824398597       0.10328964896202622        87.532870800431937     
   16.699999999999971        1.3667651418775699       0.54098476253459427       0.10351549312614668        87.553078613900539     
   16.799999999999972        1.3640899453695607       0.53934596016994851       0.10376363336203519        87.582485658350620     
   16.899999999999974        1.3612443949355268       0.53771148472986996       0.10403862479179254        87.621453853190772     
   16.999999999999975        1.3581553720390664       0.53608342758361160       0.10435084318634390        87.671446275358008     
   17.099999999999977        1.3547522213924157       0.53446361023380162       0.10471159956693865        87.735133754507856     
   17.199999999999978        1.3510098401714532       0.53285357481951834       0.10512742462930526        87.815422184168483     
   17.299999999999979        1.3469432361140570       0.53125461880538205       0.10559971375925004        87.914521001717887     
   17.399999999999981        1.3426092378251457       0.52966800527481306       0.10612310817459400        88.033241366498373     
   17.499999999999982        1.3381047506205330       0.52809511397932607       0.10668444901572850        88.170560004973240     
   17.599999999999984        1.3335632761214717       0.52653744046142792       0.10726275909906945        88.323358706825047     
   17.699999999999985        1.3292061175988137       0.52499661696789801       0.10782141100523250        88.485709360687309     
   17.799999999999986        1.3252864057108313       0.52347442088994744       0.10832066367452932        88.648104014989201     
   17.899999999999988        1.3219691156714390       0.52197277866670422       0.10873957363538875        88.799759640024703     
   17.999999999999989        1.3193214857549203       0.52049376241344214       0.10907490477064802        88.931285938745134     
   18.099999999999991        1.3173094565897494       0.51903957702094961       0.10933698281194906        89.036401039801021     
   18.199999999999992        1.3157984515587144       0.51761253567868926       0.10954569001775569        89.112933624907043     
   18.299999999999994        1.3145526378064594       0.51621502189509061       0.10972873751113130        89.163379410493192     
   18.399999999999995        1.3132660790077744       0.51484943651895432       0.10991920784196584        89.195033616220798     
   18.499999999999996        1.3116686511580384       0.51351812905142247       0.11014725164333186        89.218751300612936     
   18.599999999999998        1.3095955242286590       0.51222331318678449       0.11043456860033096        89.246217359566614     
   18.699999999999999        1.3069849459713880       0.51096696837116617       0.11079383110119358        89.287694444931020     
   18.800000000000001        1.3038792904169263       0.50975073040087260       0.11122554763268953        89.350448567970417     
   18.900000000000002        1.3004170299144462       0.50857577575119572       0.11171501705200435        89.437620524693656     
   19.000000000000004        1.2968369389997594       0.50744270500411315       0.11222856343330480        89.547315330368050     
   19.100000000000005        1.2932991931072142       0.50635143408823402       0.11274157851622155        89.673546031297704     
   19.200000000000006        1.2898193200384389       0.50530109906256437       0.11325120762501498        89.810756023288377     
   19.300000000000008        1.2863995966309032       0.50428996656156222       0.11375672193905215        89.955105791391219     
   19.400000000000009        1.2830410567454333       0.50331538479232207       0.11425762572956238        90.103891552301107     
   19.500000000000011        1.2797480390427447       0.50237383854507023       0.11475294357070762        90.255190118432253     
   19.600000000000012        1.2765128106590646       0.50145904812144004       0.11524354770223809        90.407631267601147     
   19.700000000000014        1.2734112406576392       0.50055987778778355       0.11571775484061764        90.559623930464568     
   19.800000000000015        1.2706905679303575       0.49966095425520601       0.11613960670880533        90.706141016903842     
   19.900000000000016        1.2685801746714227       0.49874430777715240       0.11648018154696704        90.837978926890926     
   20.000000000000018        1.2671505443231672       0.49779143540406157       0.11673598642004573        90.945758518022288     
   20.100000000000019        1.2663322249287843       0.49678559734672451       0.11692025600015227        91.023119514583627     
   20.200000000000021        1.2659082620072524       0.49571401961498091       0.11705921084131428        91.068614373578882     
   20.300000000000022        1.2655623854980889       0.49456953852711943       0.11718599502297430        91.086640311677385     
   20.400000000000023        1.2650701717330413       0.49335132115573305       0.11732345242535318        91.085673525724957     
   20.500000000000025        1.2643386204585756       0.49206418710134253       0.11748170437218940        91.074275198521917     
   20.600000000000026        1.2633251401058561       0.49071795976391630       0.11766647139496834        91.059663228322819     
   20.700000000000028        1.2620472225178925       0.48932535177821707       0.11787737328490956        91.047200930210280     
   20.800000000000029        1.2605800284953395       0.48789921024517524       0.11810729524987458        91.039825245352304     
   20.900000000000031        1.2590505901520710       0.48645158429661844       0.11834228734485057        91.037720726322647     
   21.000000000000032        1.2575757134547068       0.48499330873097868       0.11856906366891598        91.038649956984614     
   21.100000000000033        1.2562244058829752       0.48353386695318035       0.11878005165644909        91.039531685259973     
   21.200000000000035        1.2550382427508591       0.48208277136584149       0.11897099462758262        91.037441909657716     
   21.300000000000036        1.2540328442407682       0.48065126855636692       0.11914063288484517        91.030049692001469     
   21.400000000000038        1.2531927042288811       0.47925655701654818       0.11929097250867107        91.016184624090656     
   21.500000000000039        1.2524772096629087       0.47792766270864828       0.11942639920778376        90.996086310243030     
   21.600000000000041        1.2517948606315459       0.47671524670102428       0.11955649460143446        90.971991933093804     
   21.700000000000042        1.2510222889331459       0.47570676190436162       0.11969426601387367        90.949160559508869     
   21.800000000000043        1.2500769701455783       0.47503080502881445       0.11984866651408702        90.935482238987063     
   21.900000000000045        1.2489321526138670       0.47481654513320509       0.12002293133189194        90.940109459740057     
   22.000000000000046        1.2476137907491194       0.47510915627613831       0.12021448864065311        90.971067276145831     
   22.100000000000048        1.2461993495159414       0.47583496538264014       0.12041451138212117        91.032246098295801     
   22.200000000000049        1.2448323932187324       0.47686517684390828       0.12060563438966219        91.121706093894616     
   22.300000000000050        1.2437322578914389       0.47808396509778589       0.12076154310037750        91.231741976274648     
   22.400000000000052        1.2431069603654545       0.47940981698115859       0.12085945439017468        91.350631255806206     
   22.500000000000053        1.2430833584759917       0.48078990329219390       0.12088876492652588        91.465947354090815     
   22.600000000000055        1.2437131761297968       0.48218864397996508       0.12084851682727006        91.566914721628137     
   22.700000000000056        1.2449774594678311       0.48357843555162666       0.12074472988489512        91.645555137126067     
   22.800000000000058        1.2467790606228175       0.48493307020443238       0.12058933369462990        91.697353444888307     
   22.900000000000059        1.2490948738040222       0.48622296020996841       0.12038729473276429        91.720249763739176     
   23.000000000000060        1.2519867244788083       0.48741303717469825       0.12013699820364772        91.711591273461337     
   23.100000000000062        1.2554509234471902       0.48846178296749576       0.11984184685653172        91.668357780011902     
   23.200000000000063        1.2594104580698113       0.48932073442917801       0.11950952524716775        91.588484350838741     
   23.300000000000065        1.2637229418931162       0.48993856114245971       0.11915057169478935        91.471650188547002     
   23.400000000000066        1.2681775015147425       0.49027143844174692       0.11877836514711844        91.319885313367067     
   23.500000000000068        1.2725541983191893       0.49029596565205402       0.11840608906489393        91.137918470180736     
   23.600000000000069        1.2767200144539250       0.49001779858638356       0.11804171856999097        90.931919710409190     
   23.700000000000070        1.2806064396557926       0.48946919411808859       0.11768960011607538        90.708131421402939     
   23.800000000000072        1.2841775197345002       0.48869880469206489       0.11735237347031216        90.472544652612555     
   23.900000000000073        1.2874317811812037       0.48775938934573188       0.11703073928433157        90.230627173184658     
   24.000000000000075        1.2904114172940773       0.48669909079819496       0.11672260395106572        89.986672185612662     
   24.100000000000076        1.2931658862513713       0.48555875377974445       0.11642527114451696        89.743625287130996     
   24.200000000000077        1.2957104978214595       0.48437132126429450       0.11613829742319537        89.503647426995187     
   24.300000000000079        1.2980523034658389       0.48316339541421588       0.11586180595250233        89.268692185080866     
   24.400000000000080        1.3002165252599569       0.48195846703970341       0.11559455544576371        89.040292683612520     
   24.500000000000082        1.3022415456522065       0.48077944664249261       0.11533421527004939        88.819420338955808     
   24.600000000000083        1.3041817510145772       0.47965252949676052       0.11507702294615828        88.606312299510037     
   24.700000000000085        1.3061049454684230       0.47860853354081406       0.11481799769821537        88.400650548537783     
   24.800000000000086        1.3080837544458452       0.47768617293217835       0.11455161465061944        88.201580395641059     
   24.900000000000087        1.3101727508947703       0.47692978210910097       0.11427367972905154        88.008199773788405     
   25.000000000000089        1.3123963909076752       0.47638360500433657       0.11398228206779418        87.820142815735750     
   25.100000000000090        1.3147519430159984       0.47607864186297383       0.11367755476612836        87.637766508049140     
   25.200000000000092        1.3172074650449139       0.47602104274560580       0.11336178872833252        87.462037286991190     
   25.300000000000093        1.3197065524354470       0.47618128910582241       0.11303912852672363        87.294157669828394     
   25.400000000000095        1.3220797117426364       0.47649799828031802       0.11272180541929112        87.135904798071977     
   25.500000000000096        1.3240855356041041       0.47689701104493737       0.11242794493066212        86.991164044571306     
   25.600000000000097        1.3255508909333342       0.47730477705518198       0.11217262866863774        86.864900700246309     
   25.700000000000099        1.3263864186201111       0.47765665535808360       0.11196664650065700        86.761497989369758     
   25.800000000000100        1.3265901780872875       0.47790571232781009       0.11181492874877329        86.683719995817597     
   25.900000000000102        1.3262533952430151       0.47802303571349825       0.11171406929089764        86.631942537100926     
   26.000000000000103        1.3255352638309448       0.47799172113352756       0.11165268488834544        86.603557791978119     
   26.100000000000104        1.3245432167843700       0.47780783903067686       0.11162252656958335        86.593942809493001     
   26.200000000000106        1.3233155255974189       0.47748132897715723       0.11162136643820690        86.598910965855410     
   26.300000000000107        1.3218811148011487       0.47704144143928245       0.11164752793674733        86.615518831524255     
   26.400000000000109        1.3202542012199230       0.47653283038884903       0.11170062041538444        86.642174462971056     
   26.500000000000110        1.3184335224725814       0.47600704021716378       0.11178178496400160        86.678770919219076     
   26.600000000000112        1.3164014292801176       0.47551589882828410       0.11189407278126039        86.726563934776564     
   26.700000000000113        1.3141044381281231       0.47510676671247898       0.11204523649280243        86.788197083265246     
   26.800000000000114        1.3114784511430819       0.47481525948416903       0.11224532023356036        86.867694461367250     
   26.900000000000116        1.3085061434704057       0.47466355917653319       0.11249951192278711        86.969277369839688     
   27.000000000000117        1.3052177776415894       0.47466751516920341       0.11280675612186988        87.096111634996490     
   27.100000000000119        1.3016879465558933       0.47483652342699106       0.11315889449469091        87.249584966535920     
   27.200000000000120        1.2980448808266123       0.47517189100824775       0.11353798624668625        87.428542342619934     
   27.300000000000122        1.2944016397951752       0.47566707858212659       0.11392688796562600        87.629394813018024     
   27.400000000000123        1.2907955429395215       0.47630865358069180       0.11431967032353668        87.847964635277961     
   27.500000000000124        1.2872330344870855       0.47707824719121933       0.11471516822235291        88.080754230592177     
   27.600000000000126        1.2837161084746391       0.47795467640537459       0.11511292926175407        88.324878314826165     
   27.700000000000127        1.2802366261557048       0.47891602055427146       0.11551413950547389        88.578069650166228     
   27.800000000000129        1.2767832717993099       0.47994151298088167       0.11592055462506444        88.838532572582068     
   27.900000000000130        1.2733131784875644       0.48101241017593332       0.11633901144048139        89.105185746364128     
   28.000000000000131        1.2697447206972514       0.48211199782411546       0.11678296138889983        89.378439085791044     
   28.100000000000133        1.2660178825995163       0.48322522705265292       0.11726329551623817        89.659897052023297     
   28.200000000000134        1.2621185525113934       0.48433829280470680       0.11778402845122046        89.951170585696673     
   28.300000000000136        1.2580751685579714       0.48543821910360752       0.11834188980787946        90.252954143902954     
   28.400000000000137        1.2539559725051612       0.48651254886003870       0.11892571927891014        90.564350197281854     
   28.500000000000139        1.2498850387527969       0.48754920079563874       0.11951302114704873        90.882349268426495     
   28.600000000000140        1.2460329424895913       0.48853664790701562       0.12007255119728019        91.201205764041418     
   28.700000000000141        1.2425502759247995       0.48946416612048882       0.12057845141657413        91.513065304610365     
   28.800000000000143        1.2395326703177416       0.49032173181908290       0.12101709957584737        91.809792657976374     
   28.900000000000144        1.2370246135948553       0.49110015424859688       0.12138502380804463        92.084370906236430     
   29.000000000000146        1.2350122009413356       0.49179169466163236       0.12168778715449211        92.331757933763200     
   29.100000000000147        1.2334706075783421       0.49239022496916707       0.12193189263189781        92.549138760934923     
   29.200000000000149        1.2324295472836717       0.49289350953911804       0.12211648070825522        92.734592355686701     
   29.300000000000150        1.2319261906192611       0.49329833415583713       0.12224027055053949        92.886081029186727     
   29.400000000000151        1.2319726547122580       0.49361921737075076       0.12230514424052194        93.002021247155511     
   29.500000000000153        1.2325506427396724       0.49381618279503003       0.12231590313081571        93.081288511652062     
   29.600000000000154        1.2336658816777994       0.49418385150394178       0.12227460895038383        93.125466954361443     
   29.700000000000156        1.2352718039834198       0.49464683203814047       0.12218750305717047        93.140698445828150     
   29.800000000000157        1.2372922697318598       0.49455521274285769       0.12206241799201099        93.122514296361459     
   29.900000000000158        1.2396827954164480       0.49362640901102450       0.12190362271158142        93.058703808621374     
   30.000000000000160        1.2423446951439931       0.49219208039626983       0.12171896127910196        92.943521478438655     
   30.100000000000161        1.2451386749975766       0.49063578479040348       0.12151865076405756        92.784205838999213     
   30.200000000000163        1.2478794301225242       0.48906738633308006       0.12131601326107719        92.593379373455292     
   30.300000000000164        1.2503480127921631       0.48750247397039242       0.12112739673485468        92.384311784618987     
   30.400000000000166        1.2524142537913865       0.48594247320951073       0.12096369538167229        92.169479921550746     
   30.500000000000167        1.2540598778262997       0.48438745889117751       0.12082803223453376        91.958389149734884     
   30.600000000000168        1.2552114835761345       0.48283742035576477       0.12072875428159274        91.758234361017401     
   30.700000000000170        1.2558624088099097       0.48129234193140680       0.12066928438269492        91.575102901092933     
   30.800000000000171        1.2561079278629448       0.47975220775351068       0.12064352276952699        91.411906250366783     
   30.900000000000173        1.2560216872200491       0.47821700200080464       0.12064630106974640        91.269087434023675     
   31.000000000000174        1.2556003336826491       0.47668670890238585       0.12067966198059067        91.146166285579540     
   31.100000000000176        1.2547363220623871       0.47516131273751605       0.12075736329633938        91.044220972543741     
   31.200000000000177        1.2533347842368177       0.47364079783646235       0.12089416572840603        90.966277265715519     
   31.300000000000178        1.2513537267024040       0.47212514857902577       0.12110112263735825        90.915891654278326     
   31.400000000000180        1.2488004148855425       0.47061434939462210       0.12138472909563655        90.896064730313313     
   31.500000000000181        1.2457316309971815       0.46910838476360689       0.12174474787508603        90.908370250976503     
   31.600000000000183        1.2422492230242568       0.46760723921557601       0.12217241309992695        90.952403430039254     
   31.700000000000184        1.2384361162713269       0.46611089732913236       0.12265978172777173        91.025965783895401     
   31.800000000000185        1.2343267976310826       0.46461934373227942       0.12320590895766668        91.126594804044387     
   31.900000000000187        1.2299473815191639       0.46313256310330253       0.12381086822595527        91.252187411823712     
   32.000000000000185        1.2253179746494456       0.46165054016759827       0.12447550314681352        91.400985927358946     
   32.100000000000186        1.2204529943526210       0.46017325970237016       0.12520150594313459        91.571616907747000     
   32.200000000000188        1.2153628141895767       0.45870070652911776       0.12599134806254531        91.763022041623344     
   32.300000000000189        1.2100511588376293       0.45723286552372044       0.12684919321793262        91.974552858890419     
   32.400000000000190        1.2045185152659819       0.45576972160363510       0.12778030944399379        92.205915496737887     
   32.500000000000192        1.1987704582851804       0.45431125974209929       0.12878898037095160        92.457077936914175     
   32.600000000000193        1.1928188451286024       0.45285746495238999       0.12987781536939705        92.728027681925212     
   32.700000000000195        1.1866833209240824       0.45140832230430028       0.13104671979683738        93.018517232017942     
   32.800000000000196        1.1803883975397345       0.44996381690633031       0.13229343246771169        93.328041495093188     
   32.900000000000198        1.1739644141684593       0.44852393392412099       0.13361240995514878        93.655600328960276     
   33.000000000000199        1.1674332217632442       0.44708865856110208       0.13500011281656718        93.999941800815620     
   33.100000000000200        1.1608080349384589       0.44565797608109925       0.13645511906780769        94.359886152086261     
   33.200000000000202        1.1541025791449930       0.44423187177051993       0.13797560459484887        94.734380294076985     
   33.300000000000203        1.1473320287742792       0.44281033099639572       0.13955793188022164        95.122359365488364     
   33.400000000000205        1.1405118843422482       0.44139333915001122       0.14119794153696252        95.522735630272450     
   33.500000000000206        1.1336599016167417       0.43998088167149840       0.14288973369506197        95.934300284862957     
   33.600000000000207        1.1267834886218795       0.43857294405363950       0.14463130868518626        96.355876005713881     
   33.700000000000209        1.1198827993602769       0.43716951183261765       0.14642377197470613        96.786628516673900     
   33.800000000000210        1.1129638078265824       0.43577057058949092       0.14826551424140619        97.225983782891774     
   33.900000000000212        1.1060424176925381       0.43437610595628312       0.15014977310658573        97.673163246511066     
   34.000000000000213        1.0991409586785288       0.43298610360479362       0.15206603867768317        98.127057230415545     
   34.100000000000215        1.0922926537167914       0.43160054925756131       0.15399732861354745        98.585868564909291     
   34.200000000000216        1.0855234122162603       0.43021942868076446       0.15592964245366520        99.047280057723100     
   34.300000000000217        1.0788407033768033       0.42884272768523590       0.15785800619244200        99.509119268450689     
   34.400000000000219        1.0722461663140292       0.42747043213042502       0.15978029843062688        99.969786242003622     
   34.500000000000220        1.0657413437532990       0.42610252791518005       0.16169440731965246        100.42806960782997     
   34.600000000000222        1.0593276126944924       0.42473900099255357       0.16359836782405557        100.88308708503165     
   34.700000000000223        1.0530041167558954       0.42337983735032531       0.16549142586602961        101.33417148749450     
   34.800000000000225        1.0467790691835566       0.42202502302899336       0.16736833995534464        101.78072210784681     
   34.900000000000226        1.0406674071951814       0.42067454411012256       0.16922055956597973        102.22185810856223     
   35.000000000000227        1.0346800748694198       0.41932838671862049       0.17104163437795514        102.65644060150890     
   35.100000000000229        1.0288181019253748       0.41798653702860344       0.17283006098690509        103.08350486935447     
   35.200000000000230        1.0230753415938341       0.41664898125301142       0.17458776672743140        103.50241524672239     
   35.300000000000232        1.0174356214531493       0.41531570565251602       0.17632130462361331        103.91314016215449     
   35.400000000000233        1.0118838027944417       0.41398669653068831       0.17803661015610051        104.31617696008469     
   35.500000000000234        1.0064126864394718       0.41266194023352243       0.17973582912418970        104.71217975064742     
   35.600000000000236        1.0010190567278132       0.41134142315615646       0.18141922417891457        105.10168714360189     
   35.700000000000237       0.99570128019453952       0.41002513172350724       0.18308630763473882        105.48514169601397     
   35.800000000000239       0.99046130676071964       0.40871305242403100       0.18473497142326226        105.86270321839100     
   35.900000000000240       0.98530258745922727       0.40740517177604563       0.18636244380976519        106.23439288248373     
   36.000000000000242       0.98022985305987376       0.40610147633785437       0.18796542549497505        106.60002799123654     
   36.100000000000243       0.97524736570998449       0.40480195273007658       0.18954089848410138        106.95926588142360     
   36.200000000000244       0.97035921733244257       0.40350658758790431       0.19108592543716782        107.31171662967721     
   36.300000000000246       0.96556904206113314       0.40221536760154697       0.19259785710113281        107.65693403033346     
   36.400000000000247       0.96087992361641261       0.40092827952894161       0.19407442953091622        107.99447931949707     
   36.500000000000249       0.95629483632469026       0.39964531014153737       0.19551344752168165        108.32392169768313     
   36.600000000000250       0.95181657215411442       0.39836644623317302       0.19691288140879246        108.64482287785968     
   36.700000000000252       0.94744717855153948       0.39709167468952961       0.19827112767171759        108.95681139125023     
   36.800000000000253       0.94318849249582437       0.39582098242228725       0.19958669726444672        109.25953748907334     
   36.900000000000254       0.93904220994128718       0.39455435636167741       0.20085820081592295        109.55266211071169     
   37.000000000000256       0.93500957317710209       0.39329178349923499       0.20208459185107891        109.83592243026827     
   37.100000000000257       0.93109684507897683       0.39203325086862384       0.20326303468051840        110.10898053513633     
   37.200000000000259       0.92731247734554045       0.39077874554025677       0.20439009513070641        110.37138107764211     
   37.300000000000260       0.92366476434997968       0.38952825462316149       0.20546266734263913        110.62254146730365     
   37.400000000000261       0.92016107049307050       0.38828176526754321       0.20647820684174276        110.86183600200660     
   37.500000000000263       0.91680746880917641       0.38703926468433075       0.20743492728797175        111.08867512534324     
   37.600000000000264       0.91360967897686363       0.38580074010099263       0.20833123495930767        111.30249063839803     
   37.700000000000266       0.91057264069602961       0.38456617877997462       0.20916595303425631        111.50273914788114     
   37.800000000000267       0.90769963481897320       0.38333556806093877       0.20993875283577182        111.68902696054515     
   37.900000000000269       0.90499382874400291       0.38210889529432290       0.21064938614827308        111.86097820969033     
   38.000000000000270       0.90245625248089512       0.38088614787309949       0.21129844192148978        112.01833053659188     
   38.100000000000271       0.90009153717878487       0.37966731324253955       0.21188553930190610        112.16087780945443     
   38.200000000000273       0.89791138772213752       0.37845237887814692       0.21240830411393807        112.28830799326379     
   38.300000000000274       0.89592867969565737       0.37724133230140722       0.21286429631289347        112.40008697537382     
   38.400000000000276       0.89415085302629049       0.37603416106875021       0.21325279618818202        112.49563088496714     
   38.500000000000277       0.89257934790527804       0.37483085278336303       0.21357479531212051        112.57451750336755     
   38.600000000000279       0.89121055254914117       0.37363139507788129       0.21383255398448411        112.63652374530973     
   38.700000000000280       0.89004331632634359       0.37243577563736224       0.21402762372887335        112.68164895504522     
   38.800000000000281       0.88907850546384237       0.37124398217219129       0.21416103987730886        112.70992519759757     
   38.900000000000283       0.88831734807113205       0.37005600244576886       0.21423377949960018        112.72140009409701     
   39.000000000000284       0.88776133425816262       0.36887182424953774       0.21424679307478883        112.71612116744561     
   39.100000000000286       0.88741138641986306       0.36769143541999133       0.21420117991232970        112.69413339512781     
   39.200000000000287       0.88726452660387378       0.36651482383320061       0.21409884974899640        112.65555514630049     
   39.300000000000288       0.88731803021544953       0.36534197740050939       0.21394162519709067        112.60057826451447     
   39.400000000000290       0.88757393659183348       0.36417288407015541       0.21373034938079560        112.52942612104889     
   39.500000000000291       0.88804237874674541       0.36300753183791473       0.21346449654515082        112.44209972699180     
   39.600000000000293       0.88873863064176217       0.36184590872862649       0.21314276283492889        112.33841725094013     
   39.700000000000294       0.88969235163475313       0.36068800281040392       0.21276176066469102        112.21777795615178     
   39.800000000000296       0.89093866756595008       0.35953380218801945       0.21231775008376660        112.07910723830078     
   39.900000000000297       0.89249322573216794       0.35838329500454663       0.21181058477895232        111.92119570064901     
   40.000000000000298       0.89435122397054900       0.35723646944049631       0.21124332170142843        111.74321465711691     
   40.100000000000300       0.89648339883392236       0.35609331371545350       0.21062217026677529        111.54509878921728     
   40.200000000000301       0.89885669646533339       0.35495381608586229       0.20995335987864164        111.32758012345778     
   40.300000000000303       0.90145359511702539       0.35381796484452271       0.20924066481296921        111.09173420582988     
   40.400000000000304       0.90425944176245765       0.35268574832617694       0.20848725979410743        110.83864424263091     
   40.500000000000306       0.90725634859956195       0.35155715489423262       0.20769658847141753        110.56940777897699     
   40.600000000000307       0.91042224996696552       0.35043217296130763       0.20687234255885451        110.28524331162262     
   40.700000000000308       0.91372981184037838       0.34931079096547113       0.20601868224259831        109.98747393098594     
   40.800000000000310       0.91714983962010876       0.34819299738997600       0.20513976057564690        109.67763822342751     
   40.900000000000311       0.92066300155409253       0.34707878075069915       0.20423851057001485        109.35727872329441     
   41.000000000000313       0.92426792706131766       0.34596812960190265       0.20331585775131444        109.02765881763133     
   41.100000000000314       0.92797679448303005       0.34486103253294670       0.20237128111391164        108.68956315046378     
   41.200000000000315       0.93182978269414751       0.34375747817232288       0.20140149609700755        108.34299632195001     
   41.300000000000317       0.93591089757641754       0.34265745518241719       0.20039913129029530        107.98681753456677     
   41.400000000000318       0.94029099708215735       0.34156095226295058       0.19935879442588372        107.61858925940979     
   41.500000000000320       0.94496043847477362       0.34046795814984909       0.19828309943287453        107.23621619436419     
   41.600000000000321       0.94983953991781733       0.33937846161493007       0.19718063938869115        106.83925752078069     
   41.700000000000323       0.95477426957793976       0.33829245146598957       0.19606581572731999        106.42975792580083     
   41.800000000000324       0.95960394443420749       0.33720991654660326       0.19495323798046651        106.01229138289560     
   41.900000000000325       0.96423072485552730       0.33613084573599716       0.19385228992025944        105.59239386535847     
   42.000000000000327       0.96861342556267749       0.33505522794893339       0.19276775043518168        105.17509095912911     
   42.100000000000328       0.97276127213613828       0.33398305213582968       0.19170002648609782        104.76406386654533     
   42.200000000000330       0.97673720563140087       0.33291430728241661       0.19064440336785299        104.36109901046355     
   42.300000000000331       0.98063170870691763       0.33184898240969712       0.18959323099499009        103.96584323881591     
   42.400000000000333       0.98448916782220341       0.33078706657366475       0.18854296743873650        103.57671021469145     
   42.500000000000334       0.98831072445913792       0.32972854886514846       0.18749409979233025        103.19235595474176     
   42.600000000000335       0.99210034798244318       0.32867341841073916       0.18644685793366036        102.81185834907461     
   42.700000000000337       0.99585180504673032       0.32762166437079071       0.18540244957685068        102.43464706845020     
   42.800000000000338       0.99957595214584150       0.32657327594083385       0.18436052416240914        102.06031074223776     
   42.900000000000340        1.0031761284823746       0.32552824235101696       0.18333085386115913        101.68934941603169     
   43.000000000000341        1.0068873045988769       0.32448655286582501       0.18229227499848782        101.32175117683815     
   43.100000000000342        1.0109613655232821       0.32344819678413739       0.18122274390572149        100.95085329744875     
   43.200000000000344        1.0153181634675981       0.32241316343906040       0.18013097491692320        100.57190928876335     
   43.300000000000345        1.0199798958567279       0.32138144219801035       0.17901644825794388        100.18221132692625     
   43.400000000000347        1.0249903037866390       0.32035302246437120       0.17787709051763798        99.779352775763499     
   43.500000000000348        1.0303823834436652       0.31932789456626637       0.17671194657157716        99.360959076159872     
   43.600000000000350        1.0361515280600209       0.31830604032455673       0.17552295895128814        98.925305468831056     
   43.700000000000351        1.0422858982738985       0.31728757949056291       0.17431240530083597        98.471478774856934     
   43.800000000000352        1.0487440935950032       0.31627657893970063       0.17308429201193462        97.999410453890619     
   43.900000000000354        1.0555535522749735       0.31548997126394834       0.17183796870235329        97.510665569044519     
   44.000000000000355        1.0622124121665231       0.31520728350034566       0.17060515190458581        97.018250328860276     
   44.100000000000357        1.0677567576332978       0.31474040313623086       0.16945045572916856        96.537007372797561     
   44.200000000000358        1.0715333440222654       0.31430436603267808       0.16843621222330224        96.089707466387921     
   44.300000000000360        1.0732761940131417       0.31389897871082822       0.16762138750507871        95.702914722346804     
   44.400000000000361        1.0731853060270398       0.31358365430111612       0.16703739143864799        95.397352431397309     
   44.500000000000362        1.0719265526652577       0.31341390913872147       0.16663970194084851        95.180839414292350     
   44.600000000000364        1.0703974238849221       0.31346216430656787       0.16630111201757261        95.043328412424785     
   44.700000000000365        1.0690848158332282       0.31380492270681709       0.16594006171337750        94.963698470355354     
   44.800000000000367        1.0680874601006551       0.31450289405164711       0.16554131628401053        94.924251478883733     
   44.900000000000368        1.0674990733924885       0.31557250798266318       0.16509226731156290        94.911865826321531     
   45.000000000000369        1.0673564935193229       0.31697575255174065       0.16459050885774926        94.916218043884854     
   45.100000000000371        1.0676517807256012       0.31863797592850812       0.16404024221609179        94.928985664943397     
   45.200000000000372        1.0683428877130221       0.32047850774220132       0.16344952759934400        94.943638427818982     
   45.300000000000374        1.0694069816265643       0.32243177970908354       0.16282325311613910        94.955110678349612     
   45.400000000000375        1.0708466045001483       0.32445147159827281       0.16216298391456516        94.959057031753659     
   45.500000000000377        1.0726730867161620       0.32650822346248276       0.16146928462349372        94.951724687531168     
   45.600000000000378        1.0749111597138459       0.32858471833347513       0.16074146288765104        94.929850905657204     
   45.700000000000379        1.0775979812734817       0.33067007824703315       0.15997791084914353        94.890441439162615     
   45.800000000000381        1.0808323637744375       0.33275748027771318       0.15917203126763477        94.830147785812756     
   45.900000000000382        1.0847275193659243       0.33484221422782640       0.15831744357119587        94.744442882049015     
   46.000000000000384        1.0893102402520796       0.33692059584253747       0.15741597328538851        94.629077632392509     
   46.100000000000385        1.0945300146954431       0.33898923683625398       0.15647520364020828        94.481555270299225     
   46.200000000000387        1.1002543987399060       0.34104450546413861       0.15550703228582810        94.302011700427002     
   46.300000000000388        1.1063565977359395       0.34308205734567582       0.15452140942118364        94.093122103633604     
   46.400000000000389        1.1127790973126224       0.34509643110777838       0.15352302775456428        93.858204752275284     
   46.500000000000391        1.1194764644850528       0.34708021945647088       0.15251547565115681        93.600225398509778     
   46.600000000000392        1.1263909646815347       0.34902329199021592       0.15150278639434994        93.321953772892940     
   46.700000000000394        1.1334547235716956       0.35091055640383950       0.15048925166801713        93.026131440915549     
   46.800000000000395        1.1405980437827152       0.35272192448093936       0.14947905266997535        92.715508756741713     
   46.900000000000396        1.1477816275485604       0.35442944514839403       0.14847457086837407        92.392399988589929     
   47.000000000000398        1.1549847837527480       0.35599735152356959       0.14747703720098360        92.058183376947810     
   47.100000000000399        1.1621848870623464       0.35738268735358181       0.14648721811036411        91.713312115382010     
   47.200000000000401        1.1693598092037303       0.35853902373911295       0.14550521767001778        91.357528415984405     
   47.300000000000402        1.1764862346429412       0.35942547524052337       0.14453053250383963        90.990063138977320     
   47.400000000000404        1.1835473988793419       0.36001364812625902       0.14356184929187207        90.609967056799050     
   47.500000000000405        1.1905391338289930       0.36029936294971388       0.14259723442135730        90.216363282550930     
   47.600000000000406        1.1974591231173604       0.36030042142973134       0.14163556496268564        89.808787486314969     
   47.700000000000408        1.2043036746239810       0.36005300509019111       0.14067698439329451        89.387546843411059     
   47.800000000000409        1.2110680075815246       0.35960208538513483       0.13972210462727230        88.953809569956306     
   47.900000000000411        1.2177460529874053       0.35899233947280534       0.13877174882796922        88.509428165266627     
   48.000000000000412        1.2243313373221749       0.35826385913234771       0.13782684071858431        88.056642229606155     
   48.100000000000414        1.2308120450295510       0.35744838226852566       0.13688857487594372        87.597893731354958     
   48.200000000000415        1.2371430506140042       0.35657135374809495       0.13595984014235482        87.135868906938100     
   48.300000000000416        1.2432621436035265       0.35565195849515419       0.13504445063995568        86.673928548549782     
   48.400000000000418        1.2491267577523639       0.35470711690896384       0.13414528458702094        86.215629865486818     
   48.500000000000419        1.2547169474014868       0.35375182566476088       0.13326411998967072        85.764251552934994     
   48.600000000000421        1.2600347743469904       0.35279975895739712       0.13240158375020492        85.322450429646409     
   48.700000000000422        1.2651013637384751       0.35186446822394840       0.13155723403114791        84.892144665283197     
   48.800000000000423        1.2699631560342655       0.35096078725101054       0.13072912612415738        84.474261693750293     
   48.900000000000425        1.2746621206864333       0.35010508665445528       0.12991552439350451        84.068968059116472     
   49.000000000000426        1.2792161250144167       0.34931375465299502       0.12911604360047596        83.676222158722084     
   49.100000000000428        1.2836340607593302       0.34860238106759134       0.12833074182779047        83.296146970341951     
   49.200000000000429        1.2879235007599332       0.34798657244695058       0.12755964866617372        82.929022595213766     
   49.300000000000431        1.2920893973455532       0.34747793879555766       0.12680280873194338        82.575232544292845     
   49.400000000000432        1.2961338322991935       0.34707670579132494       0.12606037152537805        82.235118845627014     
   49.500000000000433        1.3000551977229904       0.34676560597519313       0.12533266768775414        81.908724443241496     
   49.600000000000435        1.3038520529664703       0.34651364318912004       0.12461998508791314        81.595604125525597     
   49.700000000000436        1.3075267606423022       0.34628282711043457       0.12392233773291712        81.294712731946078     
   49.800000000000438        1.3110817216543480       0.34603612375682841       0.12323969096255580        81.004514329302182     
   49.900000000000439        1.3145159251812129       0.34574616768156496       0.12257218816033925        80.723294219797111     
   50.000000000000441        1.3178267060217312       0.34539957447756303       0.12192006662263100        80.449509670344156     
   50.100000000000442        1.3210087311245722       0.34499439873592780       0.12128373384757858        80.182083796187385     
   50.200000000000443        1.3240531439247418       0.34453242471876638       0.12066383934500703        79.920424962542697     
   50.300000000000445        1.3269465274707828       0.34401828119324984       0.12006136174399686        79.664404846996078     
   50.400000000000446        1.3296623637404470       0.34345871440817832       0.11947821416625250        79.414438306929981     
   50.500000000000448        1.3321691597024929       0.34286183136215331       0.11891676768931024        79.171515738464052     
   50.600000000000449        1.3344493334894614       0.34223638662788836       0.11837860513667810        78.936952908408287     
   50.700000000000450        1.3364966928155533       0.34159125248840827       0.11786461329762539        78.712048662851899     
   50.800000000000452        1.3383198531731908       0.34093514659014240       0.11737465062914874        78.497811857613385     
   50.900000000000453        1.3399378406823061       0.34027660524012082       0.11690779050198039        78.294915073159089     
   51.000000000000455        1.3413862183301406       0.33962393544485819       0.11646174825621138        78.103413038514702     
   51.100000000000456        1.3426979571631510       0.33898529912330777       0.11603430029993900        77.922898345272102     
   51.200000000000458        1.3438875049109349       0.33836863442898030       0.11562449591657147        77.752835115314795     
   51.300000000000459        1.3449645640000736       0.33778152074438383       0.11523167533642589        77.592827894288803     
   51.400000000000460        1.3459402979752313       0.33723080007975820       0.11485499822055158        77.442567850514394     
   51.500000000000462        1.3468263621804102       0.33672248360960921       0.11449353815990054        77.301787441236158     
   51.600000000000463        1.3476357151767009       0.33625994875300769       0.11414619898600571        77.170133449404702     
   51.700000000000465        1.3483816319406525       0.33584567711828905       0.11381184779081495        77.047222488913107     
   51.800000000000466        1.3490769383400070       0.33547901218438964       0.11348935606502768        76.932533220677399     
   51.900000000000468        1.3497276497341655       0.33515652239288291       0.11317814647144890        76.825503711253063     
   52.000000000000469        1.3503380926394557       0.33487370551834073       0.11287777791608300        76.725577425844961     
   52.100000000000470        1.3509115965863630       0.33462443070730874       0.11258788274068116        76.632192150561053     
   52.200000000000472        1.3514513296472266       0.33440193110672145       0.11230810297980599        76.544774713152506     
   52.300000000000473        1.3519600858305130       0.33419896553683642       0.11203810463699994        76.462730292601691     
   52.400000000000475        1.3524403953098223       0.33400849258831394       0.11177756783900090        76.385458448221542     
   52.500000000000476        1.3528950517486091       0.33382369220308056       0.11152614882815419        76.312360961398184     
   52.600000000000477        1.3533281512417732       0.33363858584838157       0.11128338624270208        76.242820203808463     
   52.700000000000479        1.3537420869245420       0.33344887927134581       0.11104895196043948        76.176269281088722     
   52.800000000000480        1.3541381578789617       0.33325136043318193       0.11082260676061519        76.112186551291799     
   52.900000000000482        1.3545151821003372       0.33304436060380216       0.11060431554874686        76.050195305443438     
   53.000000000000483        1.3548716186205483       0.33282639165793970       0.11039407088058242        75.989986686118954     
   53.100000000000485        1.3552012087589278       0.33259613775463753       0.11019226236242111        75.931461015048697     
   53.200000000000486        1.3554937110917917       0.33235234953624332       0.10999961602848239        75.874611684731192     
   53.300000000000487        1.3557244242287567       0.33209390513496267       0.10981808837624883        75.819761911639461     
   53.400000000000489        1.3558713549902959       0.33181982576000763       0.10964946864213913        75.767577490319525     
   53.500000000000490        1.3559188423631057       0.33152921322749107       0.10949504652604235        75.718844680580887     
   53.600000000000492        1.3558629171340177       0.33122133557334815       0.10935514127870094        75.674206820589248     
   53.700000000000493        1.3557051334807539       0.33089553879192651       0.10922959611068116        75.634162154233508     
   53.800000000000495        1.3554573021648697       0.33055131590383335       0.10911732719401245        75.598839321621625     
   53.900000000000496        1.3551319384409599       0.33018825263029977       0.10901715481525305        75.568094168906669     
   54.000000000000497        1.3547331620274765       0.32980606663658313       0.10892863637321296        75.541653627424935     
   54.100000000000499        1.3542628876162517       0.32940456178385591       0.10885154340370261        75.519281407989425     
   54.200000000000500        1.3537242774845368       0.32898366072386681       0.10878554468387860        75.500767944528576     
   54.300000000000502        1.3531210050377245       0.32854339189936871       0.10873025977812203        75.485903315263201     
   54.400000000000503        1.3524583765852927       0.32808383304731631       0.10868515166472982        75.474456821628749     
   54.500000000000504        1.3517405632133359       0.32760520514053043       0.10864978467943366        75.466187034442825     
   54.600000000000506        1.3509705147304913       0.32710777696790783       0.10862383799042394        75.460862046343877     
   54.700000000000507        1.3501488211605004       0.32659188205602507       0.10860722149063182        75.458301119719806     
   54.800000000000509        1.3492782096869029       0.32605794798255761       0.10859964893641864        75.458357919635063     
   54.900000000000510        1.3483626076800375       0.32550643406679075       0.10860072088362187        75.460887787770147     
   55.000000000000512        1.3474082124954669       0.32493786095288890       0.10860980797649990        75.465703197433839     
   55.100000000000513        1.3464239547435375       0.32435281032790308       0.10862598722396780        75.472507597134538     
   55.200000000000514        1.3454189425463423       0.32375187622874341       0.10864831187296070        75.480982196010558     
   55.300000000000516        1.3443993448524396       0.32313569472987547       0.10867610177428212        75.490726427780316     
   55.400000000000517        1.3433668273971213       0.32250493391990909       0.10870911889865346        75.501452356462451     
   55.500000000000519        1.3423232031680783       0.32186027160962249       0.10874711063404129        75.512915307888235     
   55.600000000000520        1.3412711040129441       0.32120240473323158       0.10878974252509871        75.524937356864285     
   55.700000000000522        1.3402137222990267       0.32053203929135993       0.10883662139671134        75.537348552457402     
   55.800000000000523        1.3391553136553538       0.31984988557911026       0.10888724634248968        75.549973413311747     
   55.900000000000524        1.3380999884748608       0.31915665411020122       0.10894112169985674        75.562622853763202     
   56.000000000000526        1.3370508406584483       0.31845305232296034       0.10899784848467317        75.575114488297928     
   56.100000000000527        1.3360091600444322       0.31773978588039081       0.10905720927770217        75.587280544746690     
   56.200000000000529        1.3349748773464303       0.31701754707809709       0.10911911001212572        75.599028715495564     
   56.300000000000530        1.3339481068667338       0.31628701815608601       0.10918342607008188        75.610300512821823     
   56.400000000000531        1.3329289193850673       0.31554887792778213       0.10925002333353206        75.621057155865998     
   56.500000000000533        1.3319173040016403       0.31480378086340355       0.10931875267472851        75.631290431775042     
   56.600000000000534        1.3309130508604321       0.31405237050313950       0.10938948014649696        75.641004165251260     
   56.700000000000536        1.3299147905411550       0.31329528175183735       0.10946218624293058        75.650194878308326     
   56.800000000000537        1.3289031717654096       0.31253312896883118       0.10953869777409501        75.659093766538362     
   56.900000000000539        1.3278507779893038       0.31176651464318045       0.10962172196090725        75.668335003990236     
   57.000000000000540        1.3267396217555898       0.31099602784285035       0.10971308965300455        75.678831089009677     
   57.100000000000541        1.3255621837839087       0.31022224284444011       0.10981361667610570        75.691413438178500     
   57.200000000000543        1.3243179224899753       0.30944572505962981       0.10992341915570344        75.706784905061340     
   57.300000000000544        1.3230174566997781       0.30866702683380265       0.11004142251451758        75.725244631127268     
   57.400000000000546        1.3216802833539751       0.30788669384711959       0.11016557143143331        75.746781852856131     
   57.500000000000547        1.3203264904162118       0.30710526763325519       0.11029367258519407        75.770925392990421     
   57.600000000000549        1.3189671668038696       0.30632326543275940       0.11042446529067751        75.797078418290610     
   57.700000000000550        1.3176062365995933       0.30554135319368553       0.11055744087045054        75.824736242106738     
   57.800000000000551        1.3162472707587476       0.30476034637973687       0.11069212259411619        75.853448460808721     
   57.900000000000553        1.3148914729824095       0.30398204681139440       0.11082829051261971        75.882951752837656     
   58.000000000000554        1.3135388004076705       0.30320875833076283       0.11096586380233164        75.913082388494999     
   58.100000000000556        1.3121886942668046       0.30244308944778742       0.11110482048134362        75.943738105049860     
   58.200000000000557        1.3108375528762055       0.30168883603284585       0.11124549146057239        75.975022000832880     
   58.300000000000558        1.3094799627262317       0.30095049595517070       0.11138841902126823        76.007146909135244     
   58.400000000000560        1.3081093032546185       0.30023346459463129       0.11153429397684088        76.040473562643811     
   58.500000000000561        1.3067215821947413       0.29954543189347227       0.11168354059548338        76.075513685607916     
   58.600000000000563        1.3053142084583993       0.29889525779479487       0.11183643729392770        76.112820065986213     
   58.700000000000564        1.3038873702409168       0.29829555411632797       0.11199296504528443        76.153030528900175     
   58.800000000000566        1.3024426693915492       0.29776134530316856       0.11215294918758684        76.196833940626135     
   58.900000000000567        1.3009834124841730       0.29731059503497492       0.11231602423293120        76.244981671464188     
   59.000000000000568        1.2995138083582198       0.29696507292630780       0.11248171626695623        76.298339148443219     
   59.100000000000570        1.2980355497158784       0.29674871700631383       0.11264983118063029        76.357859118810211     
   59.200000000000571        1.2965483162546159       0.29668733340904879       0.11282040227133155        76.424750491020149     
   59.300000000000573        1.2950519260651763       0.29680625347318107       0.11299344870110846        76.500323774022490     
   59.400000000000574        1.2935462629038130       0.29712679153095134       0.11316898440240780        76.585970055018350     
   59.500000000000576        1.2920312944434051       0.29766377899703633       0.11334701541712253        76.682996796648041     
   59.600000000000577        1.2905070680364064       0.29842184724867721       0.11352754040670182        76.792472199515217     
   59.700000000000578        1.2889736784138932       0.29939559705656493       0.11371055393108404        76.915115390108838     
   59.800000000000580        1.2874314345815918       0.30056931453004238       0.11389601746924123        77.051150126954795     
   59.900000000000581        1.2858803798519298       0.30192060395285669       0.11408389763055028        77.200321352018037     
   60.000000000000583        1.2843197751915492       0.30342318916529298       0.11427422989190460        77.361963335802926     
   60.100000000000584        1.2827477063492343       0.30505058927577339       0.11446717901079763        77.535072459214206     
   60.200000000000585        1.2811616300777686       0.30677723263934648       0.11466298019879627        77.718490708764065     
   60.300000000000587        1.2795577826142139       0.30858131709318853       0.11486203475187347        77.911008404160455     
   60.400000000000588        1.2779312007780141       0.31044429785772404       0.11506491652916835        78.111496490166928     
   60.500000000000590        1.2762771355422027       0.31235017866457915       0.11527220493272021        78.318901079274596     
   60.600000000000591        1.2745794771078984       0.31428658893761013       0.11548591500293508        78.532469769289776     
   60.700000000000593        1.2728193174243334       0.31624358627338661       0.11570848662322329        78.751832698798566     
   60.800000000000594        1.2709859938506638       0.31821333769567234       0.11594145077688017        78.976893600687688     
   60.900000000000595        1.2690816970787595       0.32018980161726862       0.11618477933693167        79.207498048755525     
   61.000000000000597        1.2671160138872286       0.32216780005539974       0.11643750639114382        79.443369687553016     
   61.100000000000598        1.2651127379837577       0.32414315458655601       0.11669674554026184        79.683805067185673     
   61.200000000000600        1.2630988995571941       0.32611214673541894       0.11695909853095805        79.927796946293995     
   61.300000000000601        1.2611719803274573       0.32807152794297273       0.11721195071606506        80.173401368441645     
   61.400000000000603        1.2594867372038845       0.33001837745339591       0.11743567340784433        80.416389941534717     
   61.500000000000604        1.2581488984757987       0.33195011373782346       0.11761797215986927        80.651145531585428     
   61.600000000000605        1.2571923133672067       0.33386439124710693       0.11775621002056541        80.872539481512959     
   61.700000000000607        1.2565823986237736       0.33575878630058786       0.11785560198061906        81.077187426766940     
   61.800000000000608        1.2562171019745410       0.33763063526819814       0.11792795212543239        81.264212326737535     
   61.900000000000610        1.2559350864981917       0.33947700403433900       0.11799036417230675        81.435696672800177     
   62.000000000000611        1.2556407904725000       0.34129463652307318       0.11805273924669821        81.595745755211112     
   62.100000000000612        1.2553247654132249       0.34307992214749938       0.11811606247676978        81.747813738016745     
   62.200000000000614        1.2549778269103249       0.34482883216111887       0.11818131272084730        81.894275030509903     
   62.300000000000615        1.2545935975073219       0.34653693013654990       0.11824919553564903        82.036813956671423     
   62.400000000000617        1.2541668640142760       0.34819931038002555       0.11832031300829203        82.176561417456554     
   62.500000000000618        1.2536942350961136       0.34981060964331023       0.11839508975111157        82.314248362667570     
   62.600000000000620        1.2531693830862962       0.35136502222044930       0.11847428078571769        82.450345133847421     
   62.700000000000621        1.2525740270567893       0.35285635053762665       0.11855996803567267        82.585286554088867     
   62.800000000000622        1.2518866089905936       0.35427804425899873       0.11865469451120508        82.719658021939097     
   62.900000000000624        1.2510904552859123       0.35562335391994948       0.11876056481619514        82.854116762006797     
   63.000000000000625        1.2501754654515846       0.35688547638031448       0.11887908034116977        82.989201885654580     
   63.100000000000627        1.2491345808714227       0.35805766180699095       0.11901145095492355        83.125368221846514     
   63.200000000000628        1.2479671009506002       0.35913363176457974       0.11915821839922751        83.262829507937155     
   63.300000000000630        1.2466689914019178       0.36010755662582816       0.11932033133456468        83.401651263936628     
   63.400000000000631        1.2452098186594540       0.36097458229889384       0.11950210069629695        83.542167158157923     
   63.500000000000632        1.2435583684410128       0.36173085619166384       0.11970824696048453        83.685206702065614     
   63.600000000000634        1.2417061532640985       0.36237378018921651       0.11994096344928654        83.831733456741361     
   63.700000000000635        1.2396668219957243       0.36290232137705025       0.12019956136146048        83.982276877339785     
   63.800000000000637        1.2374722443330117       0.36331677191168843       0.12048069282431507        84.136802938703511     
   63.900000000000638        1.2351757167525945       0.36361903029928760       0.12077755633527097        84.294378050322180     
   64.000000000000639        1.2328507530431643       0.36381234829625653       0.12107996771054631        84.453117330379285     
   64.100000000000634        1.2305977668018684       0.36390119220877182       0.12137351805332301        84.609992466304845     
   64.200000000000628        1.2285114420952843       0.36389110909539069       0.12164474594982669        84.760886182192181     
   64.300000000000622        1.2266502216936970       0.36378840751950903       0.12188580957818500        84.901583178147689     
   64.400000000000617        1.2250369041142821       0.36359995103387666       0.12209433180691756        85.028556467169608     
   64.500000000000611        1.2236554770689416       0.36333292881845319       0.12227328819552129        85.139631488811204     
   64.600000000000605        1.2224560538589666       0.36299463023105122       0.12242977068888961        85.234208792517521     
   64.700000000000600        1.2213468755308903       0.36259228778531732       0.12257565650263230        85.313540015047650     
   64.800000000000594        1.2202503663607149       0.36213293036720495       0.12272077354040334        85.380531274002863     
   64.900000000000588        1.2191445377680066       0.36162329363385415       0.12286801074898136        85.438220860636889     
   65.000000000000583        1.2180242489887290       0.36106975136565622       0.12301806893724317        85.488983025463284     
   65.100000000000577        1.2168838645590276       0.36047833761632320       0.12317167911237314        85.534680767597607     
   65.200000000000571        1.2157194617097580       0.35985461172000915       0.12332936940261141        85.576722270143250     
   65.300000000000566        1.2145283876847013       0.35920386813596406       0.12349151238039027        85.616298270436857     
   65.400000000000560        1.2133088554807987       0.35853098126140731       0.12365837726166055        85.654307715100870     
   65.500000000000554        1.2120462606339855       0.35784061068158879       0.12383186565267271        85.691595061939367     
   65.600000000000549        1.2107003248818782       0.35713731601136806       0.12401728817688597        85.729471842289357     
   65.700000000000543        1.2092371012508478       0.35642567592650781       0.12421937897985638        85.769692374464341     
   65.800000000000537        1.2076462301183613       0.35571021785253709       0.12443999218869629        85.814019072200708     
   65.900000000000531        1.2059371615374064       0.35499540085043818       0.12467835610789398        85.863731261555628     
   66.000000000000526        1.2041393514015963       0.35428559912481317       0.12493079764284010        85.919368624504344     
   66.100000000000520        1.2023038016840530       0.35358509170132069       0.12519035473638998        85.980544440917100     
   66.200000000000514        1.2004826575008865       0.35289803798435593       0.12544961247840877        86.045905110184279     
   66.300000000000509        1.1986960455603455       0.35222839839032988       0.12570554377387869        86.113885699369447     
   66.400000000000503        1.1969493256116828       0.35157988952888652       0.12595716420242972        86.183276776070329     
   66.500000000000497        1.1952483769393223       0.35095572844564343       0.12620335881101660        86.253232169329650     
   66.600000000000492        1.1935975737457236       0.35035845648816538       0.12644318954459036        86.323110399605341     
   66.700000000000486        1.1920008102109696       0.34978918636923595       0.12667578128607915        86.392433793242219     
   66.800000000000480        1.1904584800021807       0.34924804198178455       0.12690075825835068        86.460831629966407     
   66.900000000000475        1.1889826602790774       0.34873337610008892       0.12711620580460548        86.527910808237877     
   67.000000000000469        1.1875994348395922       0.34824236200863662       0.12731840137899614        86.592942848502673     
   67.100000000000463        1.1863350533419963       0.34777112617044670       0.12750378751299787        86.654772820954179     
   67.200000000000458        1.1852057318541798       0.34731485449599259       0.12767041860708453        86.712114491186171     
   67.300000000000452        1.1842209735124967       0.34686821771008997       0.12781738775396934        86.763726294883753     
   67.400000000000446        1.1833814711035922       0.34642550751513052       0.12794502825323958        86.808609272453452     
   67.500000000000441        1.1826796008050695       0.34598101718551544       0.12805470730287843        86.846045067721334     
   67.600000000000435        1.1821165478746016       0.34552934094124804       0.12814663479372040        86.875561722090865     
   67.700000000000429        1.1817040797625276       0.34506568790178455       0.12821965927236528        86.896585641005018     
   67.800000000000423        1.1814501319685315       0.34458595027039068       0.12827303473210200        86.908405206604172     
   67.900000000000418        1.1813520782224873       0.34408729365954555       0.12830719857592154        86.910491454221770     
   68.000000000000412        1.1814016580143467       0.34356748771069834       0.12832320863614080        86.902498782523878     
   68.100000000000406        1.1815816210083094       0.34302507195301524       0.12832305815942352        86.884455406237279     
   68.200000000000401        1.1818682790680548       0.34245917236854173       0.12830936821410910        86.856763927789260     
   68.300000000000395        1.1822492277746794       0.34186951659244508       0.12828346611194438        86.820084498766391     
   68.400000000000389        1.1827251645062633       0.34125631939013262       0.12824524461037357        86.774927105213877     
   68.500000000000384        1.1832902352678203       0.34062027088056451       0.12819527378129023        86.721690220678909     
   68.600000000000378        1.1839337910992893       0.33996238290010977       0.12813458350031143        86.660796263795788     
   68.700000000000372        1.1846374804252529       0.33928405069769890       0.12806490039916746        86.592889591699944     
   68.800000000000367        1.1853783404480855       0.33858686498928003       0.12798837549859965        86.518793221456207     
   68.900000000000361        1.1861265321794205       0.33787262339339130       0.12790784332087718        86.439631861739400     
   69.000000000000355        1.1868614795445951       0.33714327220974805       0.12782523173344720        86.356713666520562     
   69.100000000000350        1.1875806398649638       0.33640089715343990       0.12774070986698091        86.271141000695238     
   69.200000000000344        1.1882844177173775       0.33564751984191354       0.12765422137155952        86.183722219644793     
   69.300000000000338        1.1889733601711920       0.33488567418392284       0.12756575426455347        86.095005190944278     
   69.400000000000333        1.1896485966539676       0.33411891813039668       0.12747525037498933        86.005429387369617     
   69.500000000000327        1.1903120834239418       0.33335241894186290       0.12738257529915681        85.915344748657887     
   69.600000000000321        1.1909664823606561       0.33259299067597015       0.12728753312028324        85.825067062204056     
   69.700000000000315        1.1916136401130284       0.33184782106425131       0.12719001447035849        85.734916612869270     
   69.800000000000310        1.1922487881729129       0.33112497346851366       0.12709058676455015        85.645271216340575     
   69.900000000000304        1.1928638634442050       0.33043289826131633       0.12699018912553248        85.556757971563897     
   70.000000000000298        1.1934514991527556       0.32977986450352414       0.12688971243334080        85.470064962483647     
   70.100000000000293        1.1940060285009781       0.32917295132039598       0.12678993683144776        85.385992069429946     
   70.200000000000287        1.1945229876971366       0.32861652954872211       0.12669156073180801        85.305275116438892     
   70.300000000000281        1.1949990143694558       0.32811375802456633       0.12659518842240253        85.228602846846059     
   70.400000000000276        1.1954320120374471       0.32766230917063610       0.12650130780538990        85.156467154087750     
   70.500000000000270        1.1958213286550623       0.32725559231254581       0.12641025092212718        85.089180788970950     
   70.600000000000264        1.1961642857983912       0.32688174079474042       0.12632255823127383        85.026757600069772     
   70.700000000000259        1.1964544797458001       0.32652649389474997       0.12623917757910649        84.969057074914986     
   70.800000000000253        1.1966849805829214       0.32617544630300915       0.12616115416039342        84.915814468448559     
   70.900000000000247        1.1968497445012636       0.32581549774335383       0.12608945937235422        84.866712233825510     
   71.000000000000242        1.1969447591057163       0.32543917447326010       0.12602486575620597        84.821438623250884     
   71.100000000000236        1.1969680553172422       0.32504595353948718       0.12596792543523364        84.779759490211717     
   71.200000000000230        1.1969206369582361       0.32464489353197734       0.12591884719803600        84.741652196396572     
   71.300000000000225        1.1968051575086658       0.32424991305093587       0.12587763243236072        84.707314724270404     
   71.400000000000219        1.1966256812965375       0.32387828231210442       0.12584411074842164        84.677156846536946     
   71.500000000000213        1.1963815352051996       0.32354929957822015       0.12581863494368217        84.651787380344288     
   71.600000000000207        1.1960682420632411       0.32328302861177410       0.12580199586089333        84.632139218425237     
   71.700000000000202        1.1956829860141833       0.32309975562214810       0.12579480432084228        84.619333516924470     
   71.800000000000196        1.1952267308769824       0.32301314464622627       0.12579721711532330        84.614483037189814     
   71.900000000000190        1.1947022148911071       0.32303286424688060       0.12580916302206688        84.618580766202072     
   72.000000000000185        1.1941156889504354       0.32316210149775237       0.12583010793584107        84.632310214400547     
   72.100000000000179        1.1934756352397382       0.32339614193180000       0.12585921592318408        84.656010362162490     
   72.200000000000173        1.1927933659171728       0.32371824413238731       0.12589526555558928        84.689419104626111     
   72.300000000000168        1.1920806774732435       0.32410472383233591       0.12593693694552499        84.731741248690383     
   72.400000000000162        1.1913390026444775       0.32452670247607385       0.12598414428859750        84.781717545187206     
   72.500000000000156        1.1905652434912890       0.32495432923828377       0.12603736077688227        84.837941750183944     
   72.600000000000151        1.1897583898007242       0.32535964086190899       0.12609681376157605        84.898908438882131     
   72.700000000000145        1.1889194119562110       0.32571981104991266       0.12616248865782878        84.963079441302895     
   72.800000000000139        1.1880518016330286       0.32601975759371676       0.12623404908234942        85.028987781193266     
   72.900000000000134        1.1871616511995944       0.32625296718847990       0.12631080812196951        85.095344170975153     
   73.000000000000128        1.1862560927780510       0.32641196302015474       0.12639191927029081        85.160998194986249     
   73.100000000000122        1.1853480275049944       0.32651731540828921       0.12647577066225807        85.225083382847089     
   73.200000000000117        1.1844517274595276       0.32658821713788128       0.12656053823846539        85.287260047966001     
   73.300000000000111        1.1835749189693883       0.32662273531663416       0.12664520244859237        85.347177229337575     
   73.399999999999991        1.1827276591764351       0.32661433346300889       0.12672843415651094        85.404324147728659     
