   0.0000000000000000       0.99712318118874765       0.30289208390110123       0.15438385300473823        97.026412963867188     
   1.0000000000000000E-004  0.99709750479991299       0.30289208390109235       0.15439011935992142        97.021110278801771     
   9.0000000000000008E-004  0.99689218196723650       0.30289208389463146       0.15444025021008151        96.978738132885368     
   7.3000000000000001E-003  0.99525521225337632       0.30289208051548999       0.15484130150522174        96.642901532693955     
   5.8500000000000003E-002  0.98250309206947706       0.30289061907783388       0.15805151169567480        94.148850440332822     
  0.12032584094362717       0.96787494325800338       0.30288224947668513       0.16193453868280394        91.555672379051316     
  0.18215168188725434       0.95407532665013517       0.30286652199632902       0.16581946747713833        89.364838917934492     
  0.24397752283088150       0.94108521650955834       0.30284408518980477       0.16970138989191444        87.524119409673858     
  0.30580336377450867       0.92886081812098831       0.30281429200096416       0.17357984745410532        85.987577144771876     
  0.36762920471813582       0.91736428803960657       0.30277669425861081       0.17745380949987299        84.714887809563010     
  0.42945504566176296       0.90656236705116167       0.30273158974501024       0.18132182955269546        83.670640541758402     
  0.50523116317302086       0.89422008432646960       0.30266637655601464       0.18605319037307363        82.657105998076844     
  0.58100728068427876       0.88280561366863797       0.30258597584105018       0.19077336481088850        81.890843503218846     
  0.65678339819553666       0.87225340482192326       0.30248634283137449       0.19548249650806312        81.329815561646996     
  0.73255951570679456       0.86250971943552224       0.30236737791259682       0.20017952964074917        80.938369851929878     
  0.80833563321805246       0.85355463194435754       0.30222952087242877       0.20485833473251244        80.686153208012797     
  0.90131572010540428       0.84364807305537137       0.30203621405306696       0.21056027634565075        80.528929246336730     
  0.99421235722720103       0.83491738791417014       0.30181959509532491       0.21620223016204410        80.501625728341338     
   1.0871089943489978       0.82727402070623068       0.30158338894482689       0.22178646076656539        80.570860081709341     
   1.1800056314707945       0.82059889268432229       0.30133178433654539       0.22731787370547701        80.710089932784769     
   1.2729022685925913       0.81473552133751448       0.30106908771227614       0.23280901602081766        80.898668060925559     
   1.3657989057143880       0.80950003222872147       0.30079960648002485       0.23827881571525522        81.121177929460970     
   1.4340702728326762       0.80589457659116626       0.30059970612931569       0.24230553316978770        81.299988833689241     
   1.5272151082553054       0.80095864183049903       0.30032775561388159       0.24786139755588577        81.560302072646721     
   1.6162012456481940       0.79594099224595904       0.30007221481524476       0.25328475230208797        81.825773384020906     
   1.7051873830410826       0.79046983357082490       0.29982434742794234       0.25885499546473056        82.108984730110194     
   1.7941735204339713       0.78454132611637672       0.29958742314936410       0.26458344206237833        82.411882321823057     
   1.8831596578268599       0.77831247966066974       0.29936442798102914       0.27045294318422336        82.735400416797148     
   1.9575389574041284       0.77312433579380757       0.29919062847581779       0.27542733726406832        83.020577544310157     
   2.0319182569813972       0.76822253547410246       0.29902972964962138       0.28041476298604756        83.316161392742842     
   2.1062975565586659       0.76377135134802121       0.29888294911790175       0.28538140703555265        83.617872452043855     
   2.1972128401697248       0.75904842749906787       0.29872425006765679       0.29139653812083161        83.988221391396323     
   2.3098438549460116       0.75432521250771700       0.29856138112445685       0.29874153513844581        84.438455717817220     
   2.4160023314227965       0.75091650136931742       0.29844359783241681       0.30555611499170027        84.844271822497234     
   2.5221608078995814       0.74828783773321705       0.29836091870314485       0.31229031912838345        85.225806184112329     
   2.6202087655711490       0.74625811549027088       0.29831497057363543       0.31847943668186007        85.555113005647200     
   2.7142252260901119       0.74448342054856398       0.29829662358791786       0.32441380909607392        85.851539062470437     
   2.8360634675068530       0.74232295340194454       0.29830593830688201       0.33211930421551689        86.211345265576966     
   2.9999999999999996       0.73956798168241200       0.29836454215173103       0.34252636501781825        86.660274392561973     
   3.1249928956064759       0.73758670184714170       0.29843178705231965       0.35034940614448978        86.980810922790212     
   3.2131973696452651       0.73627988863032079       0.29848416604352612       0.35571004433320291        87.196987435624152     
   3.2670961803041103       0.73557954515898616       0.29851615828780931       0.35890955531141211        87.324961621796362     
   3.3645209065287696       0.73469048428340122       0.29857053859692817       0.36451130741023957        87.546684676820178     
   3.4531015745902760       0.73445157706030439       0.29861249759117980       0.36937153902807479        87.734282032955633     
   3.5416822426517824       0.73480214170119296       0.29864370031676019       0.37399564057679485        87.904578690983882     
   3.6482568399403443       0.73592476180214939       0.29866272951140777       0.37925097579756373        88.082127032568337     
   3.7548314372289062       0.73757989117728917       0.29865765542497369       0.38419941105271971        88.227269091873524     
   3.8614060345174681       0.73946207279879828       0.29862562855062263       0.38888484729441025        88.341015981095055     
   3.9581571504929749       0.74127804597390845       0.29857181096555896       0.39292413700102052        88.419714667775935     
   4.1581764015704206       0.74520977590203930       0.29838472595313220       0.40065410616526115        88.518651562608170     
   4.3581956526478658       0.74901327079246938       0.29810090773139136       0.40761405822288638        88.549284849061124     
   4.4740591414709945       0.75088637507076506       0.29789781711886204       0.41134132819340280        88.545348469249461     
   4.5706334862925875       0.75199019532893352       0.29771040088384421       0.41432285633316784        88.536037370313252     
   4.6594792320643537       0.75251889300759733       0.29752644446605314       0.41698708518599326        88.527547179453379     
   4.7692952287614379       0.75250733276364878       0.29729038507409011       0.42018432474374051        88.523375361716546     
   4.8788786377134459       0.75189260539767688       0.29705549782226187       0.42325395227408102        88.531529247828487     
   4.9782801341029783       0.75107640180788027       0.29685426331867526       0.42589479999764984        88.551520384329294     
   5.0776816304925108       0.75033245214494559       0.29667665189925263       0.42834810998570316        88.581807713224606     
   5.1767784813811453       0.74987819404847045       0.29653712501517698       0.43057087578913550        88.618146920781626     
   5.2974852107151262       0.74984736117094830       0.29644156838419561       0.43295222912671932        88.663775692693420     
   5.4181919400491072       0.75039639006255610       0.29645953922412394       0.43496985390171350        88.703901164174539     
   5.5388986693830882       0.75138668130752728       0.29662690621884519       0.43664118664127699        88.733949030007111     
   5.6596053987170691       0.75255373349654642       0.29697502320273861       0.43800413153937118        88.753364893278572     
   5.7702655579106557       0.75342050067686328       0.29746461478185421       0.43903804543298180        88.765366305142649     
   5.8809257171042422       0.75375201129610325       0.29810859096268344       0.43992407084821417        88.778791578079662     
   5.9915858762978287       0.75337801724854248       0.29888330435320426       0.44069953786988403        88.801883579476666     
   6.1022460354914152       0.75229113774618517       0.29975808303368801       0.44137987932853406        88.841932692786457     
   6.2129061946850017       0.75064893630831708       0.30070062113391560       0.44195784915429337        88.903521567350921     
   6.2987123371680234       0.74920790978627139       0.30145820178392618       0.44231051135421046        88.966498037427016     
   6.3845184796510450       0.74777557009408802       0.30222395517101991       0.44255996331683312        89.040962970304463     
   6.4940888351848685       0.74601973012588230       0.30319252190811130       0.44272564785943075        89.148938121833510     
   6.6864093074957740       0.74312341915082658       0.30478962253158559       0.44263194342267814        89.360520183965065     
   6.8484077440035227       0.74078318516977915       0.30594303069157430       0.44221871961822368        89.548420665780526     
   7.0122330856959181       0.73830080094647621       0.30684915290851050       0.44155574488756638        89.739088116580987     
   7.1332855802027515       0.73612041553161145       0.30731763731310202       0.44097422099328520        89.879543000620984     
   7.2543380747095849       0.73347671087238975       0.30760393265541242       0.44036508615630215        90.021970028161348     
   7.3753905692164183       0.73032830543852101       0.30771251178970266       0.43975720864744161        90.169347757396238     
   7.4964430637232518       0.72673223053823122       0.30766001140938876       0.43916173505328332        90.324125177837956     
   7.6174955582300852       0.72284316814667204       0.30747107854488920       0.43856799435341304        90.487214071910657     
   7.7385480527369186       0.71891112496618548       0.30717341072773041       0.43794072499857306        90.657135180560402     
   7.8596005472437520       0.71531135570101623       0.30679387029949684       0.43721313633694564        90.829227137331003     
   7.9534087138515579       0.71309764550581500       0.30645916527685307       0.43651207487722254        90.958238356008806     
   8.0246940785128196       0.71184296718791418       0.30618844506470388       0.43587882614170209        91.049826831987659     
   8.1218875081015032       0.71069453492785783       0.30580517099170407       0.43487756283098755        91.161285335163569     
   8.2190809376901868       0.71001891042807330       0.30541501078712413       0.43374638452012837        91.254099714942313     
   8.3157576271969944       0.70949241926614570       0.30503017473659733       0.43255105998058113        91.327774063540872     
   8.4358694868209145       0.70853121686597598       0.30457248584815455       0.43106963541316479        91.399132728063705     
   8.5347114296977811       0.70718904601148835       0.30422794098560590       0.42992285693675791        91.449214122352487     
   8.6335533725746476       0.70521153178059293       0.30392872958082712       0.42888606698973736        91.499961390784108     
   8.7323953154515142       0.70258580465585430       0.30369309966380592       0.42798199168557677        91.558846335081924     
   8.8312372583283807       0.69941027026671598       0.30354172020655795       0.42721096436252964        91.631810426838172     
   8.9300792012052472       0.69589301704042794       0.30349532363876636       0.42654720477343572        91.722379925336739     
   9.0120555073463038       0.69292700790354045       0.30354804492729204       0.42604227277484463        91.811184970594127     
   9.0775049600670314       0.69058267155559450       0.30365276783340434       0.42565885540753823        91.890275665495807     
   9.2178550795523311       0.68562834993550814       0.30405955816615060       0.42489776319685052        92.081715957005272     
   9.3582051990376307       0.68082107090487753       0.30468121567202389       0.42421509302557059        92.298799223010562     
   9.4620941740976310       0.67742867652741512       0.30524424909982417       0.42374916945613639        92.472617654404146     
   9.5506666038485157       0.67469846538551803       0.30576976050723864       0.42336890459448939        92.627116730517642     
   9.6042116403661026       0.67315113121611114       0.30609995179313110       0.42314013244727916        92.722403584920571     
   9.6577566768836896       0.67179795159445255       0.30643506165995049       0.42288725659896553        92.818123827824380     
   9.7360839661942169       0.67042584384220894       0.30692685497113648       0.42241717013850921        92.955496625934302     
   9.8134318461318628       0.66999773496107295       0.30740540875857042       0.42178580655447279        93.081985298298989     
   9.8892097363744664       0.67054019678097332       0.30785878175372627       0.42098633615361780        93.190211093024587     
   9.9649876266170700       0.67194994754361426       0.30828956731166091       0.42001852890050928        93.277168351016229     
   10.040765516859674       0.67403344895381834       0.30869205210466638       0.41891338770007613        93.339102374616203     
   10.116543407102277       0.67650522845254479       0.30906241957414432       0.41771828208781181        93.374731806031804     
   10.192321297344881       0.67899834963425709       0.30939887975087138       0.41649595904155834        93.385725808000316     
   10.249071485361679       0.68073920865271820       0.30962847907496743       0.41558791224810765        93.380217104356319     
   10.379276022533690       0.68420571297960076       0.31008651094558587       0.41355608246915870        93.333959237516410     
   10.509480559705700       0.68685391329969858       0.31046533744876914       0.41162434636815742        93.257264620818390     
   10.639685096877711       0.68862735862336433       0.31079624607359507       0.40982176691559491        93.167606961243393     
   10.710589581988403       0.68921492270829920       0.31096894030538202       0.40890406350902186        93.118655702959586     
   10.767149736209976       0.68950731251029140       0.31110762310541173       0.40820496177648247        93.081294988309722     
   10.810689643175971       0.68959844685673899       0.31121656324607655       0.40769314728229050        93.054188089814048     
   10.873754134791897       0.68938600498867408       0.31137962638227978       0.40702133185763473        93.018924788147274     
   10.956131826562006       0.68820592997767083       0.31160465570733775       0.40633510327877886        92.984749080036948     
   11.038026651049641       0.68575851563833901       0.31184351797832710       0.40594588289712513        92.972207234151867     
   11.117130690838973       0.68209238618943213       0.31208831283569854       0.40590397893875396        92.989001473976316     
   11.193446958983124       0.67743354254817267       0.31233557094762870       0.40619339001673771        93.038867169485869     
   11.266376293036629       0.67220312485084410       0.31257888229630093       0.40674675444388603        93.121137348387123     
   11.339305627090134       0.66660204421736013       0.31282475201684395       0.40749818803045840        93.237637125311863     
   11.403351390830176       0.66180535292557141       0.31303831026486606       0.40822207276901928        93.365523109478403     
   11.465267475758116       0.65778102251119286       0.31323800752920972       0.40885057001280323        93.506570926881651     
   11.522631330700614       0.65496712212079389       0.31341287811647395       0.40927275004353214        93.645692762484643     
   11.579995185643112       0.65322837558565794       0.31357396426010553       0.40949085469289837        93.785398603414976     
   11.637359040585610       0.65261879335779838       0.31371745393057138       0.40949055464893064        93.918324636712640     
   11.694722895528107       0.65308047249401613       0.31383984880015747       0.40928259876549583        94.037907421171042     
   11.752086750470605       0.65446641176844289       0.31393820564675590       0.40889470440985276        94.138951104849212     
   11.821396721056770       0.65705543106596642       0.31402194499657798       0.40824313012611674        94.231517268099452     
   11.890706691642935       0.66017866998373798       0.31406552236487267       0.40747201567823399        94.289850902727096     
   11.948746250103527       0.66283306283692933       0.31407127644700483       0.40679808795001826        94.313673845387896     
   11.989469670648969       0.66457616805385233       0.31405926020125058       0.40633469521943411        94.318401562932991     
   12.047759061426898       0.66682262457376640       0.31402049551312922       0.40570027981912382        94.310796086027025     
   12.161612002633408       0.67027349999166552       0.31388016382253353       0.40458646888831845        94.259817260507219     
   12.268938669717237       0.67224143066640230       0.31368487501621961       0.40373635330236451        94.186796121419590     
   12.334539802387500       0.67282309596059420       0.31354319203117526       0.40332548423522341        94.138501150537778     
   12.435900387244459       0.67289327865259352       0.31330194958220997       0.40285181809770071        94.067838912688202     
   12.533613014528981       0.67222987476079044       0.31305545384499978       0.40255441406170928        94.011396202275520     
   12.631325641813504       0.67107350430501966       0.31280780152838727       0.40238267546152490        93.970719365824053     
   12.729038269098027       0.66954081485031125       0.31257119652074350       0.40232462802663715        93.947677491235751     
   12.870820946753549       0.66677473832520118       0.31227273104015302       0.40244459635897550        93.947151137318954     
   12.990535909888989       0.66398548173094296       0.31208707164120603       0.40275432424437718        93.977664975468613     
   13.091591161228546       0.66128230484546358       0.31199514563689995       0.40319006296817955        94.026118735060479     
   13.139364856557727       0.65985871273545604       0.31197635334909418       0.40346348841212853        94.056614853325584     
   13.238318368833594       0.65648698533922556       0.31199529529145736       0.40420412875088185        94.136979197084045     
   13.336602202130289       0.65250029850588864       0.31210062407282951       0.40520354740301207        94.242963205821027     
   13.434886035426983       0.64792087542344379       0.31230179392753771       0.40647516437062592        94.378553297662648     
   13.533169868723677       0.64293772414306172       0.31260578160678848       0.40799060143624405        94.545518475530997     
   13.631453702020371       0.63788088544564248       0.31301608690565957       0.40967804886310349        94.742590888025234     
   13.729652698180514       0.63320728741873200       0.31353176618536555       0.41142057533238796        94.964221871927620     
   13.827851694340657       0.62929877003059809       0.31414878284875358       0.41310928856741058        95.201405708673335     
   13.917007043628617       0.62657224987498039       0.31479035386491855       0.41453866496312081        95.421187634588790     
   14.006162392916577       0.62463451979140838       0.31550166463402712       0.41584734462892758        95.637410802365096     
   14.095317742204537       0.62338003066400571       0.31627421611415668       0.41703887815967100        95.844176749779010     
   14.184473091492498       0.62260428963324566       0.31709909640075240       0.41813971184425447        96.037948743041383     
   14.292997872037878       0.62190517009850410       0.31816098282013433       0.41942395171752878        96.255510926998994     
   14.375429825129096       0.62130336452437529       0.31900117918593196       0.42040519442366142        96.409588718285178     
   14.486017305953984       0.62021215456716772       0.32016212001763067       0.42177278469216001        96.606570777092671     
   14.593045541289555       0.61879505711177896       0.32131096402145654       0.42318363920503327        96.792664729437803     
   14.699865203726620       0.61712929216638923       0.32247121859514016       0.42468379942383139        96.978797779747595     
   14.783077563296226       0.61581512653244541       0.32337797551232317       0.42589572918785101        97.125323896754935     
   14.848776985615807       0.61492033647094579       0.32409236751807757       0.42684801821937546        97.241363594459017     
   14.941559924754221       0.61415003000948931       0.32509426908480710       0.42811924079726094        97.402485560819386     
   15.030227771715225       0.61414528904594623       0.32603875250425352       0.42920087714736910        97.547935444305423     
   15.118895618676229       0.61492829567908103       0.32696462562897299       0.43012385384007840        97.678761435595860     
   15.207563465637232       0.61645179897925717       0.32786572814122178       0.43088661290017760        97.789587155180072     
   15.296231312598236       0.61855974882790576       0.32873554739551947       0.43151141398725118        97.876836484888088     
   15.378479782464359       0.62086799358103917       0.32950845222032793       0.43199487271340065        97.935533178468560     
   15.431472283163902       0.62249441096565516       0.32998639391460499       0.43226278507033750        97.962097867067655     
   15.539080205403442       0.62614556658429654       0.33090121151064295       0.43269235246800891        97.989288312062882     
   15.614264591554663       0.62894090906116584       0.33149036364752238       0.43290331509651853        97.987263585533100     
   15.752018143217207       0.63437364769873406       0.33244716080366998       0.43313013026493996        97.940792300556282     
   15.874539019348246       0.63918775556119645       0.33314920040772489       0.43321920656609408        97.858190818193194     
   15.966818387123849       0.64252553996091499       0.33357782876233183       0.43326797812400003        97.776006773058342     
   16.033191144653539       0.64470616275514503       0.33383121634679130       0.43330723234223223        97.709361433511361     
   16.141184318144486       0.64787770500833564       0.33414513882624375       0.43337777545429290        97.592183972894972     
   16.277215298826690       0.65124566832073749       0.33437270019376492       0.43347338417203307        97.436669686487278     
   16.455738100347631       0.65467971713067263       0.33441412006247273       0.43359299599405099        97.232139554333614     
   16.531325659273655       0.65582125161954885       0.33435537540493132       0.43363509507411907        97.148410230827025     
   16.606913218199679       0.65678506396850578       0.33425798359887743       0.43367014076964522        97.067478494487915     
   16.650867539229846       0.65721505601437880       0.33418547500976004       0.43369723175732394        97.022096291515041     
   16.743121023519755       0.65760583080769430       0.33400023426930814       0.43381467791336731        96.933231077799292     
   16.835374507809664       0.65710112773516627       0.33377717417725505       0.43406978734180335        96.858155759086273     
   16.927627992099573       0.65558740729227194       0.33352403824474791       0.43451153459134556        96.803825479319642     
   17.019881476389482       0.65310455754335917       0.33324761278812148       0.43516167965865177        96.776534463583161     
   17.112134960679391       0.64984758446330226       0.33295380021975896       0.43600639478470660        96.780470154445027     
   17.197223023720511       0.64646874731736059       0.33267184521373344       0.43690587709184614        96.812503026914115     
   17.268911471050355       0.64359249592156753       0.33242882478754360       0.43770138296609390        96.858833774763795     
   17.315975211701573       0.64175516194574833       0.33226754736837366       0.43822711049018553        96.897490872079842     
   17.390847896051330       0.63891715719746822       0.33200952374862874       0.43906743904732004        96.970209314108999     
   17.491103196705289       0.63527353771817285       0.33166396689735539       0.44019868389618394        97.085027841254700     
   17.631921184162994       0.63050181443254649       0.33118494395799025       0.44177806806405129        97.270255302092636     
   17.815762893209524       0.62495695910632731       0.33058243379303248       0.44377538821823487        97.535096638606419     
   17.914561565117928       0.62234301206333231       0.33027309186962067       0.44479509606835821        97.680820128702948     
   17.967755106305841       0.62108359482439701       0.33011140453132981       0.44531650794141470        97.758687093404021     
   18.076003347007383       0.61895824228278817       0.32979392384340717       0.44628629525520275        97.912527671984108     
   18.184251587708925       0.61749609987795739       0.32949325001215851       0.44710983710659202        98.055117165571446     
   18.292499828410467       0.61669230991256285       0.32921080004766662       0.44778102021064575        98.181021134305837     
   18.400748069112009       0.61644234852913082       0.32894777150728693       0.44831679840003746        98.286531237316993     
   18.508996309813551       0.61655348619858430       0.32870511013262738       0.44875564570452714        98.370425702232964     
   18.607220461663271       0.61677065015147226       0.32850310346651423       0.44911337710922766        98.429158222294859     
   18.671119068940417       0.61692635855938782       0.32838112053492985       0.44933652063739837        98.459716499652131     
   18.811663841571555       0.61729723293888095       0.32813903117762849       0.44980697659678831        98.509460978928118     
   18.990292912001106       0.61779407171910794       0.32788223952751006       0.45037672694535758        98.545885862760812     
   19.168921982430657       0.61832536068294519       0.32767848722777809       0.45091417048051757        98.561142724932978     
   19.291106212147433       0.61876875578595947       0.32756598294279760       0.45124829310631065        98.562593553642529     
   19.348875813600280       0.61907439934523101       0.32751930784378291       0.45137950798944110        98.560748474623480     
   19.447607318167996       0.61985395848769786       0.32744749076916629       0.45153554423223569        98.552472332981367     
   19.546338822735713       0.62101186865533298       0.32738305936168238       0.45158873371255298        98.535409146958230     
   19.668680141851894       0.62295133265066915       0.32730802487719984       0.45150747188207774        98.498374064699476     
   19.766853012589561       0.62480918676545416       0.32724682852644466       0.45133858396347942        98.454163005808056     
   19.857908121104412       0.62669577098883578       0.32718538547810005       0.45110883040854272        98.401441194589395     
   20.002416795715366       0.63002921699646219       0.32707060497950768       0.45057960584007917        98.294806882654768     
   20.112659103262580       0.63279990754320969       0.32696262656719310       0.45003529494275640        98.194666534356145     
   20.253223430488173       0.63642989614842449       0.32679225844008614       0.44918592553934755        98.045172486113003     
   20.339171846989686       0.63856851999038733       0.32666782315787457       0.44860516848852600        97.943752668757455     
   20.416364149255681       0.64031017016743408       0.32654242753965235       0.44807042754667248        97.848208372683345     
   20.483945388725903       0.64153619227725778       0.32642225173242267       0.44762656544140711        97.763214648687779     
   20.568805949111596       0.64248530993552033       0.32625843293000251       0.44714847839437510        97.659010196882264     
   20.653666509497288       0.64266545529231400       0.32608180705419249       0.44679505096876970        97.563301887719803     
   20.738527069882981       0.64205839271592580       0.32589473532248120       0.44658769340812282        97.481935028484372     
   20.823387630268673       0.64075844898331702       0.32570014739735836       0.44652431452296565        97.419548907935720     
   20.908248190654366       0.63897064131185188       0.32550143570436935       0.44657510868647232        97.378723162934108     
   20.993108751040058       0.63701857370749493       0.32530239129494365       0.44667676563868303        97.359194802111702     
   21.097372851234098       0.63490153503196334       0.32506354292361528       0.44675916260757842        97.359073696434265     
   21.179007019232078       0.63373578158549593       0.32488605642587659       0.44672474158100578        97.370753523893370     
   21.284365049044990       0.63307347607781528       0.32467720854490018       0.44649716662905831        97.390608448984409     
   21.386179057780954       0.63340343621888395       0.32450621032684462       0.44605552303629026        97.404341983817289     
   21.487993066516918       0.63462194616890899       0.32437605890572518       0.44539899246866160        97.403679749953113     
   21.583425757142425       0.63639849378292479       0.32430116410471277       0.44461579755691805        97.384861104650454     
   21.678858447767933       0.63859805749155396       0.32428166678148418       0.44370267986108797        97.346592233950702     
   21.774291138393441       0.64114617884143732       0.32432698971274992       0.44267007015303406        97.288905512264790     
   21.894109845573318       0.64481666612874733       0.32448911185091156       0.44120279270288743        97.189664562324623     
   22.043000368870931       0.64993114946888708       0.32487389344309719       0.43913953875525125        97.027404301923326     
   22.191890892168544       0.65530205711819001       0.32547776471578310       0.43687106159465433        96.828894582896638     
   22.270889610537704       0.65809457749655831       0.32588864796748096       0.43561422189033777        96.712835045914119     
   22.312108727756609       0.65948880944349975       0.32612746735083065       0.43495304762288722        96.650350882076410     
   22.391239361913840       0.66189265071208769       0.32663136439722268       0.43370372865254853        96.528899672693228     
   22.486806215423584       0.66404989693616112       0.32731546354102248       0.43228895844510656        96.385560239249671     
   22.577564768716403       0.66514077987143883       0.32803537072874778       0.43109641917319774        96.261368802370825     
   22.668323322009222       0.66526263870570090       0.32881634509865282       0.43008063321754847        96.157208609333381     
   22.759081875302041       0.66454810559264332       0.32965068575897166       0.42923816963809236        96.079420730550325     
   22.840340523826697       0.66345193796001067       0.33043661869225355       0.42859478681941071        96.034749535104311     
   22.938089669781778       0.66204271764708933       0.33142286022922168       0.42787092784846448        96.010868317049372     
   23.023466053620194       0.66105825643605964       0.33231418681736030       0.42721678166155758        96.011802071669734     
   23.108842437458609       0.66044985562132197       0.33322767005866660       0.42650914719350203        96.026957164138310     
   23.234481590283742       0.66033434822259252       0.33460220292025633       0.42534237689598642        96.063068832537780     
   23.335043393794873       0.66087826951278172       0.33572061680465309       0.42429903472496966        96.094529682196807     
   23.435605197306003       0.66184994976029954       0.33684907894126531       0.42317821031610880        96.122083269496898     
   23.536167000817134       0.66303676466095673       0.33798268335663234       0.42201505539708334        96.143052310319788     
   23.636728804328264       0.66427744857973237       0.33911708885012687       0.42083501947274171        96.157337846349080     
   23.737290607839395       0.66553235038287217       0.34024839126064588       0.41964007776771001        96.165825916846131     
   23.881868742567676       0.66731443957255299       0.34186236669213416       0.41789330714407713        96.169700917416392     
   24.019964824433881       0.66891679715541730       0.34338251186810015       0.41619811689656161        96.166731397263575     
   24.118057704343830       0.66995046374442602       0.34444558800220398       0.41498717231563143        96.162313823605487     
   24.191342590308963       0.67060651663691573       0.34522909838307891       0.41409317605427115        96.158715059374757     
   24.308297573184074       0.67129435003298910       0.34645769488520800       0.41272463737184339        96.155266006448883     
   24.403797337693728       0.67144639658477145       0.34743836682566759       0.41168840018130215        96.157829625246421     
   24.528211834154149       0.67108936717652667       0.34868115685405643       0.41047047114891322        96.173353357407365     
   24.649056005283956       0.67027991189545399       0.34984555319348237       0.40942512104890710        96.205061211182183     
   24.769900176413763       0.66930837113713126       0.35096235718362168       0.40847328033794650        96.253291232714403     
   24.890744347543571       0.66862301731605167       0.35202606754624127       0.40753217608859893        96.313241704428066     
   24.991446703812954       0.66856882714627108       0.35286800442308214       0.40669482447245536        96.365288737228582     
   25.092149060082338       0.66910287699608328       0.35366628504064268       0.40578067542516510        96.412225490241170     
   25.192851416351722       0.67022687174200457       0.35441810534961221       0.40478330984992111        96.448063154154383     
   25.293553772621106       0.67185231199064066       0.35512096312116703       0.40371344328050107        96.468355823626666     
   25.402228887766682       0.67398424670119095       0.35582212154906862       0.40250556280853983        96.470213324722579     
   25.497133145397473       0.67594248388254541       0.35638419641540825       0.40144143277583572        96.455084333641835     
   25.590198217168695       0.67778130448334961       0.35688900092077486       0.40041644736102805        96.427368741427742     
   25.683263288939916       0.67949889914788386       0.35734752037194600       0.39941415231395155        96.389687667671325     
   25.829445588882951       0.68196924947052939       0.35797475243730187       0.39787543673936526        96.315895209494940     
   26.028525873055905       0.68489615139918336       0.35865170538041119       0.39584157036898410        96.197423732348199     
   26.177909334036826       0.68676614252598522       0.35903399804935071       0.39437179914806519        96.101788922844491     
   26.267589343913997       0.68775922972846826       0.35921612033355971       0.39351880954015717        96.043537479677255     
   26.319190781805709       0.68828069820113014       0.35930599138357927       0.39304074953400187        96.010079977729291     
   26.411930748489883       0.68903135636824120       0.35944206924922101       0.39222506410109792        95.950981577396263     
   26.532487372900050       0.68940397974351830       0.35957466361097978       0.39130250875152051        95.880206187264108     
   26.633147562117689       0.68901037044577285       0.35965201515475470       0.39069871394973943        95.832045833039416     
   26.762435453599416       0.68743110640444782       0.35971489655053007       0.39019661672493400        95.794076125962064     
   26.886553057053973       0.68479079822319366       0.35975050822428689       0.39003396319142419        95.791764859105058     
   27.010670660508531       0.68122585088567977       0.35978515906783676       0.39018249158484958        95.829316385205047     
   27.106604955840890       0.67805272461880373       0.35983083136576294       0.39048337582821696        95.887041886126482     
   27.191705093661490       0.67503911995221388       0.35990054336265387       0.39087111717816875        95.958516068336962     
   27.361273636547413       0.66855892242879411       0.36018019892777786       0.39197970530460347        96.154669813521608     
   27.497692887114649       0.66300913774325732       0.36061179411452216       0.39318012051748868        96.361515256737775     
   27.671509156678539       0.65580636761184841       0.36153295073809888       0.39504674444836857        96.682946054549745     
   27.835372822155012       0.64929311276508705       0.36283120210825043       0.39705201715951094        97.036742124651056     
   27.995597600738300       0.64356317734518309       0.36445125258864702       0.39913966457657513        97.417169170637052     
   28.139188338523379       0.63901020064637548       0.36610310659473050       0.40109240966886167        97.775302895048370     
   28.356481997845759       0.63319327008051129       0.36879062578182537       0.40416334695487993        98.327461018646304     
   28.561822110146451       0.62900822820282964       0.37141633031501403       0.40712559409136151        98.838274070880857     
   28.767162222447144       0.62624033728432005       0.37406588296393611       0.41005237035694725        99.316982625254198     
   28.972502334747837       0.62489957136083618       0.37671742233324979       0.41287531334197641        99.747103174981504     
   29.038543933821636       0.62475956394730259       0.37756909486432993       0.41375354624507288        99.873141322101560     
   29.074060274477464       0.62473231552121700       0.37802677677115770       0.41422100174098642        99.938308237741040     
   29.130598420013232       0.62480180773249716       0.37875481132916305       0.41494768382212693        100.03814799863453     
   29.187136565549000       0.62513960746744257       0.37948211763852480       0.41562302591579869        100.13251192853731     
   29.243674711084768       0.62597207007257749       0.38020863459351062       0.41619595630191120        100.21956580041473     
   29.299812128816132       0.62750660947635939       0.38092916958570494       0.41661552042659744        100.29564830254114     
   29.355949546547496       0.62983564770498790       0.38164883671139449       0.41686710380094988        100.35764332343743     
   29.424540248306155       0.63372568500285464       0.38252689605420848       0.41695218526903477        100.40915207199372     
   29.493130950064813       0.63860360547022521       0.38340346937412240       0.41682110856406213        100.42944182296020     
   29.559818367055897       0.64404597628220928       0.38425438846653770       0.41652790197342948        100.41669526579663     
   29.616608159190889       0.64896751375184480       0.38497766461852584       0.41619083016029124        100.38052196913692     
   29.674532257006632       0.65396806523873852       0.38571249395583468       0.41581073065332202        100.32142502861882     
   29.722673676568597       0.65797270740289604       0.38631847360890303       0.41548906735175656        100.25748755941309     
   29.787822588507137       0.66310608165264262       0.38712223459120332       0.41505730331313490        100.15334776402760     
   29.853288592874225       0.66789206083015273       0.38787618213281355       0.41463583614389932        100.03257799786419     
   29.907382633142245       0.67153625706387632       0.38837993167065232       0.41430323093302124        99.923420697801191     
   29.961476673410264       0.67488146827741480       0.38863634922177348       0.41398938083187298        99.807317456440728     
   30.008665518156249       0.67754592773365585       0.38858384860645040       0.41373386546389213        99.700748070001566     
   30.055209117746486       0.67993621638322432       0.38834047104871189       0.41350089559009828        99.591123042570871     
   30.122112990637419       0.68295113247687378       0.38785069787251136       0.41320326072336311        99.427463534324545     
   30.182121998997349       0.68522986608681524       0.38737397842641741       0.41297753539647070        99.277373498824176     
   30.266440128777766       0.68775888672544516       0.38669558971125806       0.41273189942798488        99.066836627771224     
   30.390610135897546       0.69010205304260641       0.38569666320955548       0.41253265725005889        98.770637596845475     
   30.493210831026389       0.69083393342253441       0.38487311343625691       0.41252786943925107        98.549308728373830     
   30.574784305890315       0.69060402138162025       0.38421959734830236       0.41264782182319354        98.394303166726985     
   30.638751569002206       0.68992182077762587       0.38370790762763374       0.41282672707708656        98.288376827396206     
   30.734643844162942       0.68820427169455545       0.38294211814095791       0.41322289316704752        98.158180938427776     
   30.811111684799979       0.68629339524331101       0.38233254638356590       0.41364798963590566        98.080244192886511     
   30.935174949515506       0.68218067340947541       0.38134562602403010       0.41456673445892217        98.004797087219174     
   31.080261689522036       0.67576450586230474       0.38019469562269004       0.41605567654682041        98.000108485482983     
   31.167316185601845       0.67111286044613561       0.37950578599278889       0.41718727629912095        98.042026884673632     
   31.306983855598890       0.66253680796894276       0.37840312664682929       0.41939476702097983        98.180192267466012     
   31.441582569114786       0.65325736381301447       0.37734351769456914       0.42196621842552912        98.393923064131187     
   31.576181282630682       0.64343308996483428       0.37628687587194576       0.42490942821702377        98.680000279843100     
   31.700532725440013       0.63427541839560009       0.37531330800727503       0.42787824667832880        98.998337624977452     
   31.866071843627768       0.62223641963014431       0.37402118250892080       0.43214469719019921        99.483728281838196     
   32.031610961815524       0.61055080265309891       0.37273350552935841       0.43672675346807294        100.01867321617381     
   32.197150080003276       0.59933630243171543       0.37145026175326479       0.44158945068315070        100.58405161245716     
   32.362689198191028       0.58864811314467624       0.37017143591804436       0.44672608203061343        101.16470355311246     
   32.579400464732018       0.57549434398619670       0.36850394627510141       0.45392042117761916        101.92937048845970     
   32.788039733542689       0.56374437579189651       0.36690566417276110       0.46139418168293955        102.65535041657425     
   32.996679002353360       0.55282799050853859       0.36531431416898985       0.46939949192489200        103.36126816463965     
   33.156448362395722       0.54495563911232481       0.36410037655703037       0.47588069659988957        103.88519165806440     
   33.272116466550600       0.53950645895291993       0.36322404118416263       0.48075059440682866        104.25498985240310     
   33.462882025679342       0.53101709114114215       0.36178335099149384       0.48906059283295855        104.84628491904560     
   33.640702372897600       0.52357054740602205       0.36044557129509086       0.49710611629194185        105.37583272561669     
   33.779616294340663       0.51790868974066628       0.35940393537813942       0.50361948266282108        105.77637873651219     
   33.853461595657059       0.51489476911821808       0.35885143773242884       0.50717985993467152        105.98571423341484     
   33.893132168923614       0.51325653930678272       0.35855498020904475       0.50912671055331538        106.09744774915598     
   33.965852877027231       0.51012422494392518       0.35801217540703295       0.51279328253266199        106.30178382435066     
   34.055751902643053       0.50581091395964906       0.35734228321951217       0.51758958595667781        106.55664722050298     
   34.145650928258874       0.50082526994711907       0.35667364449646477       0.52277594947122563        106.81974764325976     
   34.235549953874695       0.49509760503861383       0.35600625689247867       0.52842289901445894        107.09762814689407     
   34.325448979490517       0.48868142189828107       0.35534011806653049       0.53455721933353750        107.39594427634053     
   34.415348005106338       0.48174108030845825       0.35467522568197724       0.54115233475759428        107.71838490332078     
   34.505247030722160       0.47453601962179726       0.35401157740654804       0.54812036838448608        108.06588546991306     
   34.595146056337981       0.46741925326222672       0.35334917091233614       0.55530096522780292        108.43601216645649     
   34.667825178325295       0.46198680420583099       0.35281455268728412       0.56112540109669784        108.74775781037043     
   34.716877008672533       0.45855750935537232       0.35245419102316877       0.56502062544869303        108.96211400209577     
   34.792637039947536       0.45365963662769831       0.35189833937052684       0.57095500843303826        109.29581088519434     
   34.921236936749565       0.44646766938858484       0.35095680764857368       0.58074665030162176        109.85810689288110     
   35.023965641997997       0.44171055792835656       0.35020649961493466       0.58827661610893434        110.29290701910321     
   35.150432722216046       0.43691064421893289       0.34928501421683650       0.59719870591647772        110.79950315010423     
   35.274111462515293       0.43307944319099911       0.34838619079974631       0.60562362249880086        111.25782561471893     
   35.397790202814541       0.42972381425076023       0.34748968034628819       0.61388794207359731        111.67844620625908     
   35.516269581704350       0.42660645932363794       0.34663302217010883       0.62179963330641441        112.05030088558956     
   35.631248706360005       0.42348827886581664       0.34580369165796043       0.62955799996369854        112.38864217854793     
   35.746227831015659       0.42024017256625745       0.34497634534539601       0.63741917507949231        112.71119314063512     
   35.861206955671314       0.41694232269106862       0.34415097848515502       0.64534734182300013        113.02266679099095     
   35.976186080326968       0.41377995877451818       0.34332758634133498       0.65324446524286039        113.32500294604823     
   36.091115744098367       0.41096037579076211       0.34250651711991564       0.66098448110700503        113.61674055619011     
   36.206045407869766       0.40856177418520395       0.34168741148864512       0.66850387507151610        113.89497596214299     
   36.348410814712516       0.40618155299172820       0.34067548648478585       0.67746690675256838        114.21645070853293     
   36.490776221555265       0.40436082030822768       0.33966655834934784       0.68604299702942151        114.50868439430343     
   36.581982434882860       0.40340467545876407       0.33902176071406503       0.69135708377111438        114.68003087616654     
   36.622812503121366       0.40300038486635198       0.33873350246431511       0.69370245596092239        114.75286790628397     
   36.731450364616279       0.40182095263911777       0.33796771765137079       0.69992740585664004        114.93676019727357     
   36.840088226111192       0.40026459604313136       0.33720366407072405       0.70625411672996452        115.11123280256922     
   36.936236106765307       0.39846455461969543       0.33652889390491347       0.71201491441635667        115.26377119902430     
   37.032383987419422       0.39628910024464492       0.33585547400550031       0.71793802484664626        115.41944582986955     
   37.128531868073537       0.39385568971312568       0.33518340167049882       0.72397373835570122        115.58132075609994     
   37.224679748727652       0.39136323817621282       0.33451267420333014       0.73001248713776001        115.75012056777125     
   37.303555400013302       0.38950303072470344       0.33396344006773127       0.73482929080494130        115.89218201805035     
   37.382431051298951       0.38809786779959893       0.33341510771600780       0.73934150914722352        116.03373959250102     
   37.453009436272225       0.38741916727661307       0.33292522005243219       0.74299603523683944        116.15533445150001     
   37.523587821245499       0.38736425978264061       0.33243605218204342       0.74623184038877655        116.26730855578681     
   37.594166206218773       0.38793491046086620       0.33194760304724752       0.74903598669726568        116.36528650064339     
   37.664744591192047       0.38906577626543520       0.33145987159200446       0.75143166521282156        116.44572131195127     
   37.735322976165321       0.39061674190834844       0.33097285676182586       0.75347870124783356        116.50638916884755     
   37.826198590735906       0.39290328598268698       0.33034683784803148       0.75574536135551207        116.55488370115701     
   37.894106109412583       0.39460339663983379       0.32987981340872830       0.75726716161713759        116.57116814055803     
   37.941069466632712       0.39573229621667338       0.32955721575982716       0.75825452377237024        116.57379342550496     
   38.040225478341064       0.39800731472617362       0.32887713554076714       0.76016397410949954        116.55968696715478     
   38.139381490049416       0.40012810127567539       0.32819845874752285       0.76184947717952034        116.52357498783894     
   38.268294182110125       0.40266423578683530       0.32731820492448871       0.76372232599326251        116.45159370330911     
   38.401421501470587       0.40507384685050368       0.32641165026386615       0.76527658538645582        116.35534551884970     
   38.515918610939757       0.40706825605394559       0.32563397002048022       0.76627457748070193        116.25914566020715     
   38.597546931079293       0.40855322769960245       0.32508067074740810       0.76674836879627295        116.18375731741094     
   38.695674746764730       0.41049993604947582       0.32441677758385357       0.76701148603593006        116.08486057784835     
   38.793802562450168       0.41262400438816227       0.32375424025031990       0.76693301454350227        115.97573308600381     
   38.891930378135605       0.41484808260562772       0.32309305597787513       0.76654003210632859        115.85574388824064     
   38.990058193821042       0.41701474041848841       0.32243322200324204       0.76589728940498325        115.72571139285992     
   39.088186009506479       0.41889978641170139       0.32177473556878666       0.76510528915626341        115.58852071319299     
   39.173390203104802       0.42015521386940086       0.32120406394661655       0.76437424798644693        115.46737412205786     
   39.276437809207302       0.42112973175621871       0.32051523465377468       0.76349206714930939        115.32381181613948     
   39.378555855285313       0.42155756708856390       0.31983407636435029       0.76263050752439798        115.18987224392284     
   39.480673901363325       0.42162047466495689       0.31915436567106198       0.76173642668921548        115.06744745028485     
   39.564255917749826       0.42160710306976190       0.31859910829769694       0.76090220405592446        114.97589042859968     
   39.655282930344455       0.42179227347220399       0.31799549072252731       0.75977367386392647        114.88242687110059     
   39.734639693994239       0.42228286243755242       0.31747019396564136       0.75852761023864768        114.80255802084706     
   39.813996457644024       0.42313448433074669       0.31694576494647764       0.75700518489488366        114.72031019994377     
   39.893353221293808       0.42431835745288632       0.31642220223162021       0.75520906226281703        114.63242474093708     
   39.972709984943592       0.42573586898014093       0.31589950439002090       0.75317096285037877        114.53670168633988     
   40.052066748593376       0.42722058503993859       0.31537766999299560       0.75095176131838060        114.43248962191241     
   40.131423512243160       0.42860368570359353       0.31485669761422019       0.74861754596441599        114.32088743518554     
   40.210780275892944       0.42982410672417659       0.31433658582972673       0.74619595878261102        114.20389742590002     
   40.349682404002280       0.43148568831152595       0.31342827526401507       0.74180228173697671        113.99234019509051     
   40.488584532111616       0.43245958346182389       0.31252258936282218       0.73730636637615099        113.78123070325746     
   40.589281526258098       0.43272341756905558       0.31186764980865650       0.73404447519866178        113.63385639620294     
   40.668222443423637       0.43265588837645169       0.31135517303631233       0.73152256363314250        113.52391688024738     
   40.787249548891971       0.43195969377012627       0.31058405232965458       0.72788716076971571        113.37144194416385     
   40.906276654360305       0.43035005458395686       0.30981484142632026       0.72460765282323547        113.24172825578684     
   41.025303759828638       0.42768872684973508       0.30904753559637710       0.72183251996728037        113.14340680845213     
   41.102237521304247       0.42537225705003257       0.30855259506546123       0.72037203163054586        113.10060441337144     
   41.147980712315658       0.42377916423999845       0.30825868970835646       0.71963983745675097        113.08393187200562     
   41.193723903327069       0.42201980323401289       0.30796506430468690       0.71902027886437936        113.07426924220361     
   41.259617128378316       0.41911650282366525       0.30754258745209656       0.71838291441121527        113.07368298709132     
   41.343579748417859       0.41459624961466052       0.30700509765393036       0.71816419098621631        113.09915947452843     
   41.414124749468741       0.40999919014491920       0.30655422749303141       0.71861847737885365        113.14747982049052     
   41.482889896726554       0.40486135833857478       0.30611537011912904       0.71967194082233887        113.22173940707778     
   41.527751316278930       0.40117071412667388       0.30582940439752337       0.72071436967854430        113.28586459804521     
   41.565530430268865       0.39786717587920961       0.30558879151703844       0.72182156912103257        113.35004294862206     
   41.603309544258799       0.39446374925240024       0.30534836793999337       0.72309256545959055        113.42370269374808     
   41.641088658248734       0.39109536288254676       0.30510813351745264       0.72442910070444821        113.50644415466826     
   41.678867772238668       0.38788131951067589       0.30486808810059801       0.72573730741774733        113.59721372408752     
   41.716646886228602       0.38486984308046135       0.30462823154072821       0.72697602249883908        113.69460305466707     
   41.763981525016135       0.38136522060859818       0.30432797404392775       0.72843691047085435        113.82386202798764     
   41.830446632039035       0.37689943361967404       0.30390686584321136       0.73034107557819339        114.01485146100529     
   41.896911739061935       0.37296191344204005       0.30348634034317551       0.73205960737107068        114.21198645263857     
   42.003518480086164       0.36776407740352673       0.30281305309484630       0.73437503026028861        114.52890399859437     
   42.089260025905645       0.36463266927850446       0.30227262634949037       0.73577031721680031        114.77409946458155     
   42.150500420557691       0.36300302657460176       0.30188722029340725       0.73647018653367669        114.93882278468794     
   42.193899616850388       0.36218080604951097       0.30161439238160459       0.73679354525108987        115.04848665638184     
   42.240791035412038       0.36167362982616141       0.30131988795808706       0.73693487917209521        115.15887576869547     
   42.279509523324073       0.36165601796002877       0.30107693129351276       0.73682773873645679        115.24234136956734     
   42.326210857774370       0.36234606792611296       0.30078414532489361       0.73630797075860177        115.33126649611330     
   42.369967851497876       0.36397099286579115       0.30051008510031157       0.73531298002602075        115.39930318619282     
   42.402549734172943       0.36591223694199182       0.30030619772400485       0.73421968617574274        115.43765015494827     
   42.446106161911139       0.36954135004007127       0.30003393424423336       0.73229853706642034        115.46876209601203     
   42.508596730962630       0.37681907744508164       0.29964461745721732       0.72870165125330388        115.46507654761935     
   42.548007999104556       0.38261250855328355       0.29940246255007419       0.72598491645287910        115.42897829470647     
   42.574329956485371       0.38692628421970593       0.29924597825507565       0.72401232114472980        115.38898940623285     
   42.615061761711189       0.39409563630700745       0.29901967643336669       0.72077668920275284        115.30123307401388     
   42.655793566937007       0.40154494893504949       0.29880539927813110       0.71740601147201932        115.18242003613869     
   42.695304363390584       0.40876567074213127       0.29859424680486590       0.71407709791792373        115.03916511657130     
   42.734815159844160       0.41582729858985618       0.29837862829567435       0.71072886271081281        114.87077015684051     
   42.786524435314206       0.42471739275511317       0.29809766559348838       0.70634847677141621        114.61698385988940     
   42.838233710784252       0.43318534141092213       0.29782160409571184       0.70198150329223319        114.33094628794585     
   42.930997383047796       0.44744454005868800       0.29733420651741405       0.69417127825522129        113.75373046369847     
   43.001884583057119       0.45759038516540707       0.29697006342911852       0.68822751967004969        113.27046058025829     
   43.097099328784864       0.47027800576409978       0.29649772679891173       0.68028280963879251        112.58197491195793     
   43.192314074512609       0.48200726993730048       0.29605033912036399       0.67237879245720911        111.86497571074216     
   43.276044388320699       0.49166733401864432       0.29568459770909572       0.66544757775802332        111.22204222877140     
   43.378760434745459       0.50293323498779940       0.29528239164051984       0.65692978229147314        110.42743518248950     
   43.471786518015428       0.51278159160805048       0.29497445157757379       0.64916803504046106        109.70783076756516     
   43.585012301280138       0.52446612183056573       0.29469031983685157       0.63963858392370454        108.83657093518474     
   43.696487453762323       0.53568170787500258       0.29452686488746554       0.63017067823019812        107.98696424324007     
   43.826887822614196       0.54837512540952627       0.29450058616002700       0.61901046009732574        107.00771534239959     
   43.909016351714804       0.55612631461697892       0.29457759533348304       0.61193798645717423        106.40117395144368     
   44.089276762459725       0.57257882682115036       0.29497789895631138       0.59627047204077366        105.10217706840054     
   44.197023533248654       0.58214335236549841       0.29534350531878500       0.58678011129320917        104.34772204038920     
   44.261067093994406       0.58779088949023595       0.29559534948267790       0.58107729502356398        103.90668161412893     
   44.361309289895715       0.59669921304710172       0.29602877778204423       0.57202078278328827        103.22570157181394     
   44.442275079698476       0.60402524174403138       0.29640412558631629       0.56455952274359644        102.68180843821150     
   44.545803988391647       0.61355007592991706       0.29690335532793838       0.55480016570051571        101.99093722837559     
   44.649332897084818       0.62311843900029351       0.29741057426698841       0.54478203838957828        101.30258796080396     
   44.752861805777989       0.63252610105559981       0.29791349075816576       0.53452755738036395        100.61618422227254     
   44.853628273632815       0.64144641146250658       0.29839005799004004       0.52434979251249692        99.950982288953853     
   45.075036368391437       0.66003573889244826       0.29936889895181384       0.50142642166009344        98.506141475693795     
   45.201760838112449       0.66990088388865210       0.29987705132418913       0.48805396744109164        97.694943019551161     
   45.265011256083994       0.67458517878882607       0.30011427175209171       0.48133742423466908        97.295938363437898     
   45.411784899955684       0.68487431034810009       0.30061851417170998       0.46572132233919145        96.388024845697728     
   45.547759036244038       0.69368010078029563       0.30102333896370154       0.45138900836290102        95.572413119199439     
   45.683733172532392       0.70169358176029617       0.30136365573331764       0.43738256706908896        94.785506633927582     
   45.792612700694342       0.70740289420536817       0.30158731462682298       0.42648232845400319        94.179819854716087     
   45.907193812386218       0.71252316876714683       0.30177425612191566       0.41536397361461136        93.570826414303554     
   45.984791830773766       0.71540148935443970       0.30187218083074330       0.40805855312745204        93.178005967061480     
   46.106173215514126       0.71894865866230906       0.30197856019051944       0.39700892265946192        92.600186841852022     
   46.226679296467204       0.72145725048716980       0.30202781493826414       0.38648959583974379        92.074809341054021     
   46.333940506171260       0.72310128060039547       0.30202501076228744       0.37747514154364809        91.648410321459579     
   46.464029351885209       0.72468186757301634       0.30196406790617991       0.36694101412141894        91.179685191690510     
   46.572153936824876       0.72574234656273140       0.30186700275922940       0.35851090146697240        90.826035899659857     
   46.786845278567512       0.72732067724488370       0.30155658062114704       0.34264704103318877        90.206060919903464     
   46.991704709149204       0.72826712113308767       0.30112681858275925       0.32860776309445855        89.699213150362127     
   47.099735889552420       0.72854353070326394       0.30085302860155383       0.32164730199566277        89.460232997560837     
   47.149491382661552       0.72860149229803117       0.30071687259992674       0.31854938931570342        89.356230733432497     
   47.284081485781464       0.72835187231747212       0.30031907930692475       0.31054965955696934        89.094565976256533     
   47.415503915486617       0.72727584175588311       0.29989255685800770       0.30333850927696848        88.870740397791025     
   47.543632019001684       0.72532328832082127       0.29944449245230564       0.29693196273959110        88.688899571370442     
   47.664833805271755       0.72274779977025883       0.29899472259966481       0.29145565771869258        88.554346818340207     
   47.783645570620919       0.71979130307364547       0.29853226398799027       0.28661944077833007        88.458819675151034     
   47.877746044123349       0.71740581714579632       0.29815259451245957       0.28312711017825948        88.406701965075257     
   47.954588709290420       0.71564255027312140       0.29783471319368288       0.28046033069692333        88.376725661228207     
   48.057306754644507       0.71388026202050192       0.29739995856339874       0.27709170756887896        88.347797751959078     
   48.153128987558816       0.71305818358248674       0.29698540782621280       0.27410725824060650        88.323844373846114     
   48.248951220473124       0.71308939037703145       0.29656331950307907       0.27125623596423531        88.294242688685813     
   48.344773453387432       0.71389811755487764       0.29613474027710135       0.26854340088776979        88.252219740369256     
   48.440595686301741       0.71530334789222894       0.29570066484971547       0.26599158282088070        88.193533465442144     
   48.536417919216049       0.71704240341919545       0.29526204221532620       0.26363723735521849        88.117001282111332     
   48.632240152130358       0.71877988920570957       0.29481978417150911       0.26152959739803200        88.024688560203472     
   48.709817385882417       0.71986117243871117       0.29445977263193396       0.26005553525265163        87.942308497574970     
   48.811816147557288       0.72040869400992857       0.29398501921577275       0.25850978097174188        87.832729201204302     
   48.910556208652707       0.71967062515665958       0.29352561919654357       0.25750648744327709        87.737610908674299     
   49.009296269748127       0.71751700092770654       0.29306855510728724       0.25704074523772968        87.666703345813886     
   49.103030877890582       0.71418985694359782       0.29263912717357976       0.25711688156329243        87.632474985152825     
   49.192088597836502       0.71006882131978355       0.29223754924952683       0.25764164538867035        87.636468229346278     
   49.281083865816129       0.70536889796302282       0.29184521142454350       0.25855200930681044        87.678553546723094     
   49.361597367986988       0.70104512283907316       0.29150066690044113       0.25962472678702092        87.747772779957543     
   49.442110870157848       0.69708146090991607       0.29116901080385982       0.26084040049836993        87.841301858614131     
   49.522624372328707       0.69375375471031409       0.29085381214492051       0.26213114504471435        87.951641552284158     
   49.603137874499566       0.69122148600446409       0.29055947515402097       0.26345125056627494        88.070524992192929     
   49.683651376670426       0.68955318974620861       0.29029134271793289       0.26477344641087486        88.189933458732270     
   49.780475731048099       0.68866907823475809       0.29001256400399017       0.26635217067535538        88.324379966436965     
   49.877300085425773       0.68886647728825956       0.28979363948020292       0.26792614596601594        88.440193140308892     
   49.974124439803447       0.68987883381183945       0.28964938176714050       0.26952604295772176        88.532003530666884     
   50.070948794181120       0.69139176751610520       0.28959614320418670       0.27119324669771605        88.598699464397981     
   50.148676274167734       0.69283641867363110       0.28963066967305712       0.27259550755577294        88.635349966628382     
   50.292089431913659       0.69594561949237499       0.28990369017324535       0.27532806952467603        88.668755940639670     
   50.469083001653821       0.70032310223006089       0.29065857252199295       0.27895713308252779        88.661468722760517     
   50.646076571393984       0.70491556303611425       0.29188268171516907       0.28287176876266623        88.619413411519986     
   50.823070141134146       0.70934506425695942       0.29351644592916337       0.28707553471670111        88.562984565999884     
   50.980832330055158       0.71306571507745120       0.29523698916738211       0.29104214351528368        88.514233665631309     
   51.185220223247512       0.71751769050443492       0.29771574093281983       0.29645893041773647        88.465835173109667     
   51.274862892023634       0.71930618652110589       0.29886240739894732       0.29893278015414776        88.452285815843709     
   51.302675573804585       0.71982055041451776       0.29922350588388708       0.29971541491338261        88.449248587862272     
   51.378780538594171       0.72102047834644578       0.30022214729803981       0.30191158094737214        88.444623137891710     
   51.454885503383757       0.72179208594314881       0.30123352404755599       0.30421013033775290        88.447489083059807     
   51.548196216218365       0.72205627505040237       0.30248664095290589       0.30718998025321315        88.465717801270344     
   51.641506929052973       0.72159896508104804       0.30375006760012724       0.31035023261954786        88.504928231719447     
   51.729250658828050       0.72069641985540045       0.30494437345537834       0.31345886693372943        88.563729487339174     
   51.815450609572956       0.71968199830914004       0.30612122521581170       0.31658445173152355        88.641790497824985     
   51.885190213010596       0.71888975583704084       0.30707462703595761       0.31913853038815765        88.717728909161195     
   51.999310582014054       0.71767591604447056       0.30863480332979865       0.32334677568846126        88.862009504827867     
   52.171002335681074       0.71601271392261856       0.31097551870323831       0.32970052482502704        89.114249656935613     
   52.240538401142921       0.71538450444899726       0.31191908578686167       0.33226647033382711        89.225185857372566     
   52.279509251646971       0.71503466407299265       0.31244633031428692       0.33370134735389767        89.289092276880567     
   52.338451269600604       0.71455838138192818       0.31324123271001209       0.33585643371430007        89.387701892394844     
   52.415175057600216       0.71424568070718508       0.31427056895640187       0.33859301140622716        89.517787173731051     
   52.491898845599827       0.71461787550868727       0.31529262270058461       0.34118664047594977        89.645321016625346     
   52.542889335374483       0.71534715756865097       0.31596714059839415       0.34281006357015170        89.725448212656104     
   52.620080141429305       0.71716335637732365       0.31697982855691409       0.34511386200474869        89.834937923276200     
   52.697270947484128       0.71968289609741398       0.31798069108561683       0.34725279390086788        89.925922032430648     
   52.774461753538951       0.72261214000699991       0.31896753002013439       0.34926921169496111        89.996040816737107     
   52.846507871208601       0.72538399492930161       0.31987368468504457       0.35109034791456567        90.043349661408769     
   52.911022244822227       0.72766225866854051       0.32067087239173825       0.35270793861467409        90.073344245934948     
   52.975536618435854       0.72965509137730078       0.32145256264489691       0.35432948451917284        90.094752451775307     
   53.076558921616716       0.73212204309410345       0.32264009551824252       0.35689518981263429        90.118129236407682     
   53.144188736459711       0.73329754997543029       0.32340601605065289       0.35864040039963779        90.131429549176346     
   53.249247362809996       0.73441397502929384       0.32454084478873835       0.36139719211410082        90.155515998609474     
   53.351836832609102       0.73485988321339268       0.32557317219002790       0.36412204006069193        90.188716944146748     
   53.454426302408208       0.73501074696981838       0.32651749746630238       0.36682978786936887        90.233640543373227     
   53.557015772207315       0.73514582197650857       0.32736121042585886       0.36947472580297142        90.288259957942145     
   53.659605242006421       0.73536766493433103       0.32809330444273199       0.37203667805232860        90.348755621318958     
   53.802637709355871       0.73587099982052517       0.32891316977557988       0.37545362114153735        90.435663233082877     
   53.943632166518078       0.73649375548990437       0.32948587991335937       0.37865044844952345        90.517153761182371     
   54.070689597595930       0.73696556539043201       0.32980816652547040       0.38141159646032052        90.584122919633145     
   54.197747028673781       0.73726593146724184       0.32996299587578393       0.38407156940210802        90.645168088774824     
   54.480447707584666       0.73730241305458777       0.32982374798092812       0.38962246665378136        90.764437407019528     
   54.588325566436900       0.73709445624061876       0.32963965753082963       0.39159698327711623        90.805836770892753     
   54.678732524577590       0.73682498512155858       0.32944677148639684       0.39318502128009314        90.839552577859109     
   54.727500835982312       0.73661993112007074       0.32933107342911050       0.39401939492692678        90.857601727686273     
   54.833808871179784       0.73588529598271779       0.32905701246907160       0.39580845325210134        90.898174917823511     
   54.922737356779635       0.73487267193552830       0.32881083680812057       0.39729369425326988        90.936019252595429     
   55.045969354225306       0.73281329484257329       0.32845503827685080       0.39935611794735287        90.999837244272172     
   55.159314070765056       0.73033639227541158       0.32812292968659884       0.40125535683499008        91.074809031653302     
   55.272658787304806       0.72755510090715325       0.32779574090658947       0.40312347084154504        91.167272891270599     
   55.386003503844556       0.72486501957305705       0.32748205024682048       0.40489461327740256        91.274819754454867     
   55.484585926274633       0.72289794123016693       0.32722639663507186       0.40630278398969516        91.375452247456352     
   55.615520328504481       0.72105779456500119       0.32692011143175886       0.40794130818376689        91.509107169051831     
   55.738607052392524       0.72022514863317855       0.32667505939011948       0.40922426750027757        91.624185634452004     
   55.861693776280568       0.72021226948897088       0.32647951220101329       0.41026277465812866        91.720288319120755     
   55.984780500168611       0.72084955209056401       0.32634049377784330       0.41107712767960719        91.792330982226730     
   56.107867224056655       0.72186685506326465       0.32626392326719011       0.41170292393053415        91.839271834308221     
   56.224339307372958       0.72294581099319954       0.32625298006315046       0.41215421540819641        91.863150226559469     
   56.338681842164434       0.72405019616384181       0.32630257516996936       0.41247148957550356        91.870815268685945     
   56.501044924320276       0.72566068123692173       0.32647601580483332       0.41271160233482301        91.860908723716307     
   56.758232428047172       0.72816538213992776       0.32698184942973119       0.41262507936611026        91.811792234361889     
   56.872078816357813       0.72919560870757960       0.32728294708208938       0.41242397872455572        91.782480002923592     
   56.926244479296479       0.72965166298292072       0.32743954643178752       0.41229807504698579        91.767733111870541     
   57.042107730934781       0.73043348623637827       0.32779766260163390       0.41198663706969629        91.736156627222698     
   57.157970982573083       0.73080403913489134       0.32817880126264848       0.41164948909066706        91.708155269252671     
   57.273834234211385       0.73068332390137192       0.32857213115484007       0.41131144399051850        91.688563142531592     
   57.389697485849688       0.73010186181653036       0.32896658613130469       0.41097997750819948        91.681380632364736     
   57.505560737487990       0.72919655236216452       0.32935119123343148       0.41064327547917728        91.688623311861022     
   57.621423989126292       0.72820575704012946       0.32971538304729303       0.41026856957121183        91.709451951253499     
   57.737287240764594       0.72744290045292792       0.33004934614145964       0.40980484401636769        91.739607971045771     
   57.848179251256489       0.72714570443114257       0.33033262066826796       0.40923712170408055        91.770720691255448     
   57.959071261748385       0.72734480709068239       0.33057377697023532       0.40852922185084550        91.797261208334419     
   58.069963272240280       0.72799298456836603       0.33076753578436424       0.40768146873780786        91.813688717789290     
   58.180855282732175       0.72894722421342006       0.33090983811850766       0.40671121143982109        91.816645714268105     
   58.287979332244987       0.72994300680708046       0.33099582143492345       0.40569034153050537        91.806184963349125     
   58.372889479691544       0.73066071163403212       0.33102707752431082       0.40484423489876181        91.789906615452864     
   58.530091503567355       0.73178021733848431       0.33099839916289170       0.40320888315787484        91.745891497319093     
   58.751912376249329       0.73293046377171600       0.33077264437896442       0.40078224060352596        91.663839620986280     
   58.873975012519153       0.73336314765289268       0.33056241236637895       0.39940677336986502        91.612982044560951     
   58.952909179931581       0.73357846468032339       0.33039684638872929       0.39850692509591129        91.578948993503943     
   59.014479178762492       0.73371028347821576       0.33025269698319842       0.39780149687157657        91.551988055700321     
   59.091966675011598       0.73372898228030536       0.33005385066566179       0.39692837435722356        91.518142560284033     
   59.184843949594260       0.73329381966332230       0.32979195374131653       0.39594951791609939        91.480355199105489     
   59.264800573397672       0.73233026633680265       0.32954787563533627       0.39520707296113111        91.454268850870662     
   59.367334838228274       0.73016628591798749       0.32921261038826888       0.39443242866745398        91.436559712387620     
   59.465666897802066       0.72712740199087122       0.32887073962458846       0.39389791209949887        91.443157667692759     
   59.560157932012594       0.72350498666044405       0.32852647226435838       0.39356491277688055        91.475896171430989     
   59.652930500427686       0.71962084322573150       0.32817625439750819       0.39336139323001645        91.534110556544093     
   59.745560152445499       0.71590488452679624       0.32781757438205683       0.39319323071623186        91.614564381172727     
   59.838189804463312       0.71289321185259658       0.32745337575832012       0.39295217558273499        91.709160119872450     
   59.906989559780321       0.71133563482602158       0.32718156590955910       0.39267758535005104        91.781841009623179     
   59.994287598508066       0.71030624971626954       0.32683805084431822       0.39218236196440770        91.868454640250690     
   60.081585637235811       0.71031479927805818       0.32649965683638998       0.39151755723743109        91.940429359609979     
   60.168883675963556       0.71121596659821207       0.32617066272152245       0.39069956434995357        91.990966036761748     
   60.256181714691301       0.71275859668975206       0.32585591876721398       0.38976353704858480        92.016285260260148     
   60.340194273476314       0.71455406319418513       0.32557167156124511       0.38879540619135933        92.016464497513454     
   60.422336921893432       0.71638528416260694       0.32531703119196675       0.38781886715891511        91.995851179075984     
   60.492449782850159       0.71797231570741149       0.32512259473400262       0.38696738874145420        91.964251777488968     
   60.599436620800482       0.72042963008928829       0.32487724934118251       0.38563740630445359        91.895112205823665     
   60.752448533570629       0.72393330773618270       0.32466660185028040       0.38368749188387202        91.762015617309913     
   60.861732112545255       0.72636154345863135       0.32464467092507571       0.38227611369801173        91.649734564257713     
   60.952661894108736       0.72827622822042370       0.32472405889006251       0.38110369979992259        91.549716964802357     
   61.028315733254317       0.72967944442456767       0.32486497239074069       0.38015150388781049        91.464658474428802     
   61.127470811456668       0.73098681790849618       0.32515930072730997       0.37898631351491657        91.356000741338335     
   61.212163817716409       0.73147743958380051       0.32551182421271807       0.37809942318692591        91.271679094912926     
   61.315350813781244       0.73126112911591978       0.32606572474050677       0.37717561923186749        91.187470124107847     
   61.411025492367038       0.73038797693268698       0.32669490483583602       0.37646684229562843        91.133458836904950     
   61.502864665978379       0.72922083690841866       0.32739382077997975       0.37588304111846849        91.105825788768257     
   61.576149577746953       0.72829385643513345       0.32801067302473513       0.37544735753311514        91.099896687167671     
   61.628033770350633       0.72770668394851068       0.32847545327151606       0.37514341521458150        91.103158186132745     
   61.719817375717263       0.72679671021306669       0.32934707895270315       0.37461560388679477        91.121473815889871     
   61.811600981083892       0.72604130951902968       0.33027174998455378       0.37410052143632466        91.152808635336143     
   61.945026786986162       0.72521188639936573       0.33168819410448008       0.37337174680220736        91.215357307200435     
   62.022909340988285       0.72486892835110939       0.33254442177369398       0.37295626729651515        91.258401228473687     
   62.087612016294756       0.72464291922015045       0.33326791792535321       0.37261904390165951        91.296722095175411     
   62.128149971465419       0.72456730769827271       0.33372570461001816       0.37240437442935842        91.321567289221875     
   62.210241261860560       0.72478486024899991       0.33466095900934922       0.37192246160121006        91.371859326606540     
   62.281336144660088       0.72555802921868418       0.33547743889965831       0.37141837384783527        91.411836943718640     
   62.352431027459616       0.72695067594143115       0.33629767055928717       0.37081499677908086        91.444134948870868     
   62.423525910259144       0.72891493179650446       0.33711971089921761       0.37011401818889367        91.465068291009118     
   62.511655770893455       0.73194027463108302       0.33813859213631453       0.36913304028068100        91.471626274188623     
   62.598214825705973       0.73518387946119890       0.33913639751955971       0.36809701749088103        91.456221116727093     
   62.671332195239735       0.73783164749818553       0.33997499919889118       0.36720865155156618        91.428310335463266     
   62.723558874650791       0.73957584823339084       0.34057071236762293       0.36658138866904666        91.401875864510657     
   62.805087731772687       0.74202575282563554       0.34149380154689679       0.36562134372057936        91.353081019371629     
   62.920564286195599       0.74489012036957680       0.34278380150602722       0.36431741723842315        91.275632021911079     
   63.036040840618512       0.74702401460797851       0.34404885604866414       0.36310106537220316        91.197883755331318     
   63.177780396306744       0.74874273783542866       0.34555969868958381       0.36174520343357608        91.113881223675932     
   63.290225996918373       0.74955648653455309       0.34671869840614633       0.36077456911485162        91.061861003101043     
   63.386257481803206       0.74993655548051052       0.34767588647889214       0.36001851625686776        91.029433683625356     
   63.519794973903274       0.75000824815789191       0.34894894798388060       0.35908575502548912        91.004062552195521     
   63.701264353612771       0.74943287117644819       0.35055150767510918       0.35803153593396408        91.006823238246653     
   63.859397475735278       0.74861252187647342       0.35180626865519743       0.35727880917766536        91.040547380091525     
   64.017530597857785       0.74792317661533825       0.35290763666008307       0.35661589808559196        91.094498006362102     
   64.164990026530930       0.74772785378482054       0.35378016495234499       0.35601563805331582        91.151344511663822     
   64.312449455204074       0.74811111278201314       0.35449144013773209       0.35538714199795518        91.202522344743159     
   64.459908883877219       0.74907240731125280       0.35503415991180631       0.35470428722640213        91.238085066508702     
   64.567391920888852       0.75007793441371562       0.35532227463261140       0.35416886417406351        91.250199704296620     
   64.653734467735063       0.75106030744791596       0.35548885977528383       0.35371352016552626        91.250261784791263     
   64.792260127532828       0.75306566516418894       0.35563925275561542       0.35291410190227152        91.229941421657387     
   64.897872033250323       0.75496107460158446       0.35566195789488148       0.35224040033405829        91.195366150875827     
   65.036941924035105       0.75783744903441941       0.35557991046136095       0.35127647512700133        91.122736096390469     
   65.176011814819887       0.76091047467502526       0.35538311896713037       0.35025459933222114        91.020225214989537     
   65.279015401788143       0.76310870262139685       0.35517196440365301       0.34949208325569014        90.927906987640725     
   65.353540799239056       0.76453044794181957       0.35498832706983346       0.34896032485139483        90.854728506836864     
   65.481999681077681       0.76631253160132751       0.35461814050130247       0.34814660927422375        90.723206262021336     
   65.602760349554572       0.76692374635180172       0.35421660637991087       0.34756613805935022        90.604631823152673     
   65.723521018031462       0.76635293420120110       0.35377193649871275       0.34721360129293805        90.503860278853836     
   65.839231835816932       0.76474303214941597       0.35331270889212352       0.34710553145570927        90.433926099743331     
   65.949919297101246       0.76244669930673026       0.35284905661159599       0.34719587551287090        90.396954430316555     
   66.058136867648329       0.75984923264227144       0.35237782039102084       0.34741861789951572        90.389828117165706     
   66.164542519874772       0.75729521319680282       0.35190209832542196       0.34771289127537430        90.407112793575024     
   66.270948172101214       0.75481761545941839       0.35141926177468835       0.34806602237294715        90.443352403199484     
   66.485582129793002       0.75016036907140071       0.35044623718896090       0.34892329006810530        90.556486722251094     
   66.684158842649381       0.74630746036360229       0.34958368478762741       0.34985352674720416        90.688994138488596     
   66.878139674823274       0.74291737342817554       0.34882360696217890       0.35086937157151804        90.830013061280482     
   67.061652393350144       0.74002687556224378       0.34823196231984460       0.35191273178144705        90.967403960204138     
   67.313324213126890       0.73654677455102857       0.34773031017925832       0.35345559427184964        91.156938575031759     
   67.503230438340907       0.73423392644568775       0.34766667050182293       0.35470718692317244        91.300607953248957     
   67.645731926978030       0.73259507882775643       0.34782374690071577       0.35570811634396421        91.410405212792355     
   67.788233415615153       0.73098237854766945       0.34815853555943410       0.35677335825707740        91.524112475542765     
   67.973948454909902       0.72894487700362542       0.34883788625377871       0.35825934094815681        91.680815407257612     
   68.159200986943048       0.72713629325181173       0.34973151581275597       0.35982970776789308        91.846647395278751     
   68.344453518976195       0.72572126426242312       0.35075148624309910       0.36145366843917376        92.017147596164094     
   68.665202147802248       0.72417964524857248       0.35251049310875554       0.36433850583514155        92.303613310871668     
   68.796591627553298       0.72382512115459008       0.35312453037481656       0.36552421668883822        92.411697286914347     
   68.858489906085424       0.72371356702064649       0.35337675773912891       0.36607751827639423        92.459861044405557     
   69.014200904705419       0.72366134336792765       0.35388330539261698       0.36743020809991594        92.570878267305105     
   69.169911903325414       0.72399386222094886       0.35418830829853121       0.36870084842064876        92.663035237612803     
   69.325622901945408       0.72471661627790296       0.35429807219241333       0.36987244188806351        92.731535860994171     
   69.458836601600979       0.72560261029654494       0.35426253851442668       0.37079299926811427        92.769265326940001     
   69.582388217139368       0.72668002418030853       0.35414807449806940       0.37156680706112410        92.786315950154730     
   69.705939832677757       0.72804606392768390       0.35397798501530786       0.37225011451457424        92.785215914840450     
   69.857611371548018       0.73004512147145451       0.35372419179135961       0.37296797216195754        92.758636676557813     
   70.009282910418278       0.73217261107813814       0.35345439115765209       0.37358159940326924        92.706717040501132     
   70.152709996762255       0.73395804665449249       0.35321346044652957       0.37411986764740246        92.640749895771108     
   70.286968977565706       0.73511209684628231       0.35302157688696284       0.37464364618230883        92.573396510782871     
   70.394321497138421       0.73558269791412001       0.35290211968640467       0.37509857796716728        92.522401596363437     
   70.501674016711135       0.73567686931652831       0.35282449528672311       0.37558829931209309        92.478676843833611     
   70.609026536283849       0.73548145222290540       0.35277874216190469       0.37610387189845229        92.445068052360014     
   70.704474556447906       0.73519623952777446       0.35275398465863972       0.37656478572745622        92.424284921734682     
   70.812013550401545       0.73489079950258973       0.35274800479971052       0.37706346853475459        92.409889659682761     
   70.899999999999977       0.73467988650009353       0.35276601210587022       0.37744963365602485        92.403815887750994     
