   0.0000000000000000       0.77874182799826952       0.35358623215700530       0.20623146528728001        53.492427825927734     
  0.10000000000000001       0.68196059217619243       0.35347549480594809       0.21395829641427072        51.110761887620782     
  0.20000000000000001       0.61704641079682876       0.35308949627383118       0.22170919677376946        50.700258031277194     
  0.30000000000000004       0.57338671628221172       0.35256212224847433       0.22948054764163622        51.405645446583009     
  0.40000000000000002       0.54382739140134995       0.35196411861154431       0.23727274888444730        52.693525810186721     
  0.50000000000000000       0.52365586412400633       0.35138325548206295       0.24508485345585393        54.238327123456806     
  0.59999999999999998       0.50976092538218909       0.35090034182114499       0.25291532042175596        55.846930466694232     
  0.69999999999999996       0.49993572504333889       0.35059277346738782       0.26076739068597310        57.410743809139454     
  0.79999999999999993       0.49248983497224152       0.35053013153987517       0.26865279432663047        58.878051845515984     
  0.89999999999999991       0.48631467668349637       0.35077022127702734       0.27658328898540668        60.233322119327951     
  0.99999999999999989       0.48079902869804042       0.35135842520723920       0.28456627603495216        61.479908418546941     
   1.0999999999999999       0.47564268756485867       0.35233009949174676       0.29260537426588634        62.629033314650862     
   1.2000000000000000       0.47075059160809835       0.35370976660128772       0.30070032907246530        63.693513188745023     
   1.3000000000000000       0.46615613176795562       0.35550977613251500       0.30884714107806499        64.684312014314656     
   1.4000000000000001       0.46197237867243324       0.35772945003390139       0.31703814796018076        65.608910892750686     
   1.5000000000000002       0.45836109493800514       0.36035477025166079       0.32526209977607501        66.470712018227715     
   1.6000000000000003       0.45551594372558779       0.36335878746821354       0.33350415763582103        67.269000511953934     
   1.7000000000000004       0.45362421203824460       0.36670247601689016       0.34174690584477441        67.999268751965744     
   1.8000000000000005       0.45263566128851201       0.37033641667576056       0.34997936679360647        68.656073588454262     
   1.9000000000000006       0.45234195805416083       0.37420010532565351       0.35819777843814865        69.237951827933571     
   2.0000000000000004       0.45258171101052269       0.37822173120937741       0.36639930991419051        69.747087743898220     
   2.1000000000000005       0.45321382547426686       0.38232246483074789       0.37458250313045610        70.188040275234115     
   2.2000000000000006       0.45411660688992289       0.38642119836759342       0.38274699237683496        70.566895272794198     
   2.3000000000000007       0.45518167800780057       0.39043808418321807       0.39089346228524380        70.890689826476091     
   2.4000000000000008       0.45631193140785897       0.39429790876582282       0.39902357657004334        71.167024811225176     
   2.5000000000000009       0.45741903998067512       0.39793383301194957       0.40713991510170738        71.403785692829729     
   2.6000000000000010       0.45843577850380662       0.40129075178804652       0.41524538453488813        71.608882014063056     
   2.7000000000000011       0.45938752291689378       0.40433092026050099       0.42334033543070826        71.789189358832829     
   2.8000000000000012       0.46033791416198827       0.40703894499426119       0.43142318532437957        71.949188059586774     
   2.9000000000000012       0.46131420846383159       0.40942485189600819       0.43949293293035829        72.091710363850368     
   3.0000000000000013       0.46232318488865848       0.41152575781754946       0.44754899004704513        72.218862311426605     
   3.1000000000000014       0.46335873379773773       0.41338615793848921       0.45557399476577004        72.332145010643643     
   3.2000000000000015       0.46439357857255809       0.41507980970782044       0.46355134944327703        72.433554281231963     
   3.3000000000000016       0.46539186913603159       0.41667635427500610       0.47148230352022730        72.525165983959297     
   3.4000000000000017       0.46630560207444038       0.41824689022291711       0.47936902594013814        72.609663509965699     
   3.5000000000000018       0.46707486601762999       0.41985624947832129       0.48721472583537440        72.690413791864714     
   3.6000000000000019       0.46764354043121870       0.42155777859666432       0.49502323180880353        72.771426670913115     
   3.7000000000000020       0.46798901205094368       0.42338601933834774       0.50279786542477234        72.856831169887698     
   3.8000000000000020       0.46810488777957621       0.42535054376227771       0.51054155715439009        72.950279545249614     
   3.9000000000000021       0.46797890656915547       0.42741808870284820       0.51825747834699631        73.054916587237955     
   4.0000000000000018       0.46759391734448180       0.42950809881267704       0.52594911716880788        73.173533049214868     
   4.1000000000000014       0.46693697308192983       0.43150732567128330       0.53362003176996653        73.308556265215032     
   4.2000000000000011       0.46600454845144651       0.43328332964208482       0.54127361891797554        73.461944247675916     
   4.3000000000000007       0.46480666350499261       0.43469649405580629       0.54891286744366119        73.635048361418470     
   4.4000000000000004       0.46336649257277807       0.43561514913985411       0.55654019912312302        73.828411343368288     
   4.5000000000000000       0.46173032155399807       0.43593174767250692       0.56415693520654497        74.041624624230437     
   4.5999999999999996       0.45988201369328169       0.43558071604700033       0.57176612555155137        74.273750254927009     
   4.6999999999999993       0.45776161262929466       0.43455431527246668       0.57937300547085246        74.524966943893986     
   4.7999999999999989       0.45538033809146472       0.43289523622024367       0.58698105162029146        74.795966706140334     
   4.8999999999999986       0.45281698441302809       0.43068995710649738       0.59459103073473685        75.086507248741739     
   4.9999999999999982       0.45019246253216838       0.42806213520257930       0.60220101536934256        75.394607643241713     
   5.0999999999999979       0.44764700150714132       0.42515063018430677       0.60980662752778636        75.716308026080128     
   5.1999999999999975       0.44532633426666657       0.42209620765814487       0.61740128861902088        76.045822499417454     
   5.2999999999999972       0.44337171715928286       0.41903542020221379       0.62497653058771263        76.375868487291328     
   5.3999999999999968       0.44192294326285819       0.41609892581220820       0.63252195074938489        76.697980685695185     
   5.4999999999999964       0.44106266304093533       0.41341035348593830       0.64002736176654418        77.003126415473673     
   5.5999999999999961       0.44076286633368522       0.41108281516482392       0.64748588027736853        77.283622015706058     
   5.6999999999999957       0.44095237776308038       0.40920941616072226       0.65489283861578285        77.534422051975213     
   5.7999999999999954       0.44156662277777631       0.40786425734540727       0.66224431860180766        77.752829279830607     
   5.8999999999999950       0.44254639186783629       0.40710947059647273       0.66953710473615435        77.937918770312834     
   5.9999999999999947       0.44383800073502788       0.40699128897820708       0.67676859446452808        78.090081675615394     
   6.0999999999999943       0.44538891270090170       0.40753565959575822       0.68393690453045342        78.210698078894637     
   6.1999999999999940       0.44715348396704119       0.40874372587838059       0.69104071398921785        78.301847130105756     
   6.2999999999999936       0.44907124731739639       0.41059066579175235       0.69807994115013083        78.366267958555639     
   6.3999999999999932       0.45127971936402816       0.41302739141551442       0.70504805624410094        78.405830886450929     
   6.4999999999999929       0.45406833345535719       0.41598313463087544       0.71193068181834507        78.417148131638584     
   6.5999999999999925       0.45756524907062823       0.41936975111124464       0.71871606029175639        78.393152277462207     
   6.6999999999999922       0.46173848935299505       0.42308364165702517       0.72539720816424702        78.327100310111703     
   6.7999999999999918       0.46644617250062009       0.42701094825440777       0.73197185693210054        78.215033340122034     
   6.8999999999999915       0.47146527163105534       0.43103512793328358       0.73844251766367985        78.057076687613900     
   6.9999999999999911       0.47651292171717902       0.43504140491179361       0.74481644934639402        77.858044041772530     
   7.0999999999999908       0.48125874146100850       0.43891968575374096       0.75110572763086880        77.627626566820254     
   7.1999999999999904       0.48535053254362620       0.44256714379275386       0.75732678050357904        77.380188140296880     
   7.2999999999999901       0.48838958607454264       0.44589183477728478       0.76350152579107877        77.134627236669814     
   7.3999999999999897       0.49026309414433511       0.44881840093350611       0.76964698034539247        76.911967701949848     
   7.4999999999999893       0.49123398829110787       0.45129552361193948       0.77576802787657095        76.727234847850710     
   7.5999999999999890       0.49157670472461651       0.45330591278129706       0.78186577809815894        76.587132630156020     
   7.6999999999999886       0.49148450547783729       0.45486646542431336       0.78794093904901896        76.492769536431368     
   7.7999999999999883       0.49110151826312937       0.45601931222827824       0.79399362136549190        76.441901931272852     
   7.8999999999999879       0.49053353537447675       0.45682500684121846       0.80002357020501869        76.430428096326509     
   7.9999999999999876       0.48985783557711887       0.45735626360461756       0.80603026393106447        76.453365411028315     
   8.0999999999999872       0.48913235566044139       0.45769147841009838       0.81201297007280249        76.505475045937516     
   8.1999999999999869       0.48839181375424812       0.45790896290359467       0.81797109248679833        76.581731631324431     
   8.2999999999999865       0.48767723475793689       0.45808150566984823       0.82390342419012919        76.677410592554537     
   8.3999999999999861       0.48686716535438973       0.45827151018473394       0.82981381848836555        76.789147848871835     
   8.4999999999999858       0.48566069191109207       0.45852625184043821       0.83571434402287581        76.918802594466598     
   8.5999999999999854       0.48387707404567715       0.45887285837579600       0.84161689050197885        77.072968127105753     
   8.6999999999999851       0.48152296971497877       0.45932551597775156       0.84752894379582511        77.258570824782169     
   8.7999999999999847       0.47871630935863457       0.45989553560031016       0.85345397308670023        77.480019829123663     
   8.8999999999999844       0.47564763784809994       0.46059185541167447       0.85939133748433671        77.737913209697382     
   8.9999999999999840       0.47254901383726727       0.46142112329895002       0.86533639628438563        78.028653882681439     
   9.0999999999999837       0.46967544184610704       0.46238768579511758       0.87128057149417137        78.344598328378638     
   9.1999999999999833       0.46729569264960646       0.46349361141973061       0.87721134792221267        78.674435924727035     
   9.2999999999999829       0.46566635278376634       0.46473872762238777       0.88311303510814387        79.003737714337760     
   9.3999999999999826       0.46488916772148803       0.46612065460895619       0.88897228322722288        79.317001119742812     
   9.4999999999999822       0.46492758690874109       0.46763487927457165       0.89477994118753224        79.601191868809067     
   9.5999999999999819       0.46571564321828363       0.46927480887550843       0.90052860489436382        79.846633850691717     
   9.6999999999999815       0.46716120601280120       0.47103188860622702       0.90621283660615404        80.046885945503860     
   9.7999999999999812       0.46915579596510837       0.47289566537222671       0.91182908522445971        80.198576768112360     
   9.8999999999999808       0.47157719293425998       0.47485391866739257       0.91737573973524389        80.301144017234222     
   9.9999999999999805       0.47429337812297323       0.47689261012929657       0.92285307868022881        80.356544048441606     
   10.099999999999980       0.47718353528860591       0.47899643478662685       0.92826264304067840        80.368914258491955     
   10.199999999999980       0.48039298389749030       0.48114513736197845       0.93359818491536051        80.341741799156438     
   10.299999999999979       0.48414657676225431       0.48330824514111759       0.93884842426734938        80.273308315385904     
   10.399999999999979       0.48843447522508310       0.48544533491989500       0.94400789346287617        80.160197835841529     
   10.499999999999979       0.49309251296058310       0.48750810987270965       0.94907674352510085        80.001325831429213     
   10.599999999999978       0.49783755714065775       0.48944197897901703       0.95406107912831728        79.800098720490411     
   10.699999999999978       0.50229860583533292       0.49118752746432837       0.95897301966573034        79.565567743257390     
   10.799999999999978       0.50604502475981483       0.49268203850875497       0.96383059705434115        79.312813540998050     
   10.899999999999977       0.50857476825183323       0.49386122268795479       0.96865878176448938        79.063009899865591     
   10.999999999999977       0.50930040629162643       0.49466158890369194       0.97349121222150126        78.844085032629266     
   11.099999999999977       0.50791343542448453       0.49502284813288305       0.97835994936896020        78.688225945017734     
   11.199999999999976       0.50457271083648814       0.49489539443048175       0.98328554878366037        78.622787976373360     
   11.299999999999976       0.49971386689519021       0.49424979293521965       0.98827775888082725        78.664155471145122     
   11.399999999999975       0.49393603732873670       0.49307966768268979       0.99333553456493284        78.815625590967869     
   11.499999999999975       0.48791538688791031       0.49140114794458717       0.99844740616318162        79.067572229947913     
   11.599999999999975       0.48235200469386913       0.48925099376351588        1.0035918707207485        79.398862807754242     
   11.699999999999974       0.47796116453732646       0.48668345727416401        1.0087372624733331        79.778631834950374     
   11.799999999999974       0.47533267177922950       0.48376686240219263        1.0138467888458305        80.168759809949066     
   11.899999999999974       0.47473208264126948       0.48059250422214195        1.0188882725327717        80.529820087240537     
   11.999999999999973       0.47612402303946755       0.47727663996585407        1.0238380234700679        80.827695525093830     
   12.099999999999973       0.47927469580464638       0.47394740323141060        1.0286808089289312        81.037331185370675     
   12.199999999999973       0.48379275197157723       0.47073667248720141        1.0334104913350062        81.144479211020993     
   12.299999999999972       0.48915533356420826       0.46777414326334210        1.0380304523134665        81.146472341720312     
   12.399999999999972       0.49470509795325845       0.46518017973108011        1.0425546250924891        81.052687776044706     
   12.499999999999972       0.49971482579957477       0.46305434602386492        1.0470063858744851        80.884365727739507     
   12.599999999999971       0.50308679874642992       0.46145817587724325        1.0514288374385929        80.675928517906513     
   12.699999999999971       0.50353131877221791       0.46041705929728061        1.0558851354909875        80.480098732099989     
   12.799999999999971       0.50053477784485834       0.45993156833195392        1.0604296494489749        80.358485779682127     
   12.899999999999970       0.49447721448073179       0.45995958163379153        1.0650940869442389        80.361878048271990     
   12.999999999999970       0.48621531698615827       0.46040778279275801        1.0698900455864628        80.519437860169418     
   13.099999999999969       0.47685260183976408       0.46114758040281867        1.0748092396598483        80.835651178375826     
   13.199999999999969       0.46757523915445481       0.46203209270108547        1.0798246142780421        81.291869203991027     
   13.299999999999969       0.45956456718368516       0.46291173077424314        1.0848914167617136        81.849729196449559     
   13.399999999999968       0.45404743749919046       0.46364839163627197        1.0899454608608496        82.454478649064924     
   13.499999999999968       0.45207809476950134       0.46412880558101743        1.0949122016502857        83.038378448835317     
   13.599999999999968       0.45417285420061165       0.46427863590162360        1.0997262739288023        83.530441421826637     
   13.699999999999967       0.46035418414043505       0.46405175962383111        1.1043388520168824        83.867644034955035     
   13.799999999999967       0.47030629110241845       0.46341200481575551        1.1087177361353662        84.001173522653687     
   13.899999999999967       0.48339585135895680       0.46233334794669323        1.1128491514726415        83.900131541580606     
   13.999999999999966       0.49865519185127472       0.46080049063885831        1.1167392328373043        83.554553485099461     
   14.099999999999966       0.51473809284908667       0.45880923036263488        1.1204156937638450        82.978474400476756     
   14.199999999999966       0.52996452585168741       0.45636631933742106        1.1239273522546556        82.212642061571827     
   14.299999999999965       0.54220997918639591       0.45348867273558868        1.1273491860453788        81.327288658977650     
   14.399999999999965       0.55039160694897904       0.45020204733415686        1.1307456788533066        80.414480431287330     
   14.499999999999964       0.55536185242230673       0.44653928019104289        1.1341333626299768        79.549749584318192     
   14.599999999999964       0.55823778101526944       0.44253828253727134        1.1375109123562319        78.773334450489045     
   14.699999999999964       0.55969450984542435       0.43824000242128064        1.1408791798921110        78.101648267494113     
   14.799999999999963       0.56020321353796410       0.43368654239944437        1.1442384643232957        77.537406358076183     
   14.899999999999963       0.56007587820225402       0.42891957343625708        1.1475892560393988        77.075584216036347     
   14.999999999999963       0.55952478713448173       0.42397911323409621        1.1509320061228989        76.707208487254789     
   15.099999999999962       0.55869441071000014       0.41890269370771455        1.1542671484263611        76.421656308224328     
   15.199999999999962       0.55768506148790875       0.41372488107850841        1.1575950189269502        76.207994721646287     
   15.299999999999962       0.55656459639147271       0.40847711415622734        1.1609159399984557        76.055739109493416     
   15.399999999999961       0.55533705174192527       0.40318798006384621        1.1642312567205226        75.955401693459066     
   15.499999999999961       0.55341369504171978       0.39788307640514237        1.1675599522963660        75.904154631382440     
   15.599999999999961       0.55013858852514907       0.39259859822938992        1.1709308357675758        75.914001743281133     
   15.699999999999960       0.54547592475689788       0.38739104148763798        1.1743607968978342        76.001051808362277     
   15.799999999999960       0.53974426347452309       0.38233366291546561        1.1778560258369970        76.175506355649233     
   15.899999999999959       0.53346569645691022       0.37751963993101534        1.1814124620001503        76.437541491766993     
   15.999999999999959       0.52724950998957509       0.37307074854175121        1.1850168529085827        76.776475407933916     
   16.099999999999959       0.52173578749651983       0.36914675087089355        1.1886473377676532        77.171694431164639     
   16.199999999999960       0.51754242866606370       0.36594545980265886        1.1922749100706025        77.594488715701189     
   16.299999999999962       0.51545071959950939       0.36367357342963130        1.1958582260198787        78.008748957218458     
   16.399999999999963       0.51669350234653033       0.36249752720868189        1.1993330388336716        78.365623084372686     
   16.499999999999964       0.52214335937915080       0.36251036222450705        1.2026354829422101        78.602934173137896     
   16.599999999999966       0.53175443060844141       0.36366511576790317        1.2057270613156490        78.662524879902492     
   16.699999999999967       0.54483868372999078       0.36573448188274998        1.2085936113064919        78.503821624548706     
   16.799999999999969       0.56011842580760240       0.36837177833496970        1.2112467685675972        78.112232569157314     
   16.899999999999970       0.57579528715065087       0.37118313152771287        1.2137235899112768        77.504920995146122     
   16.999999999999972       0.58961024756819325       0.37377710778993056        1.2160866656949698        76.734614386221509     
   17.099999999999973       0.59935266210250793       0.37580078755549090        1.2184148454983303        75.888585050211319     
   17.199999999999974       0.60468072290088892       0.37698266814264497        1.2207571342771295        75.064687507364866     
   17.299999999999976       0.60651848510995043       0.37719159535718721        1.2231298698404680        74.332604896489869     
   17.399999999999977       0.60560512529709154       0.37645220300879961        1.2255460308146431        73.733652911737551     
   17.499999999999979       0.60265897068050622       0.37491242307106970        1.2280124358237205        73.287814642944312     
   17.599999999999980       0.59833816304782139       0.37280144604849297        1.2305309639245783        72.998674849715655     
   17.699999999999982       0.59324380914053976       0.37038052247731057        1.2330987702419092        72.857537059647683     
   17.799999999999983       0.58790418763996077       0.36791701608130739        1.2357090270729314        72.846889859304099     
   17.899999999999984       0.58277366305070588       0.36569027436586438        1.2383515320918594        72.943442203065189     
   17.999999999999986       0.57823400712136641       0.36401203977672952        1.2410133581007978        73.120604753135268     
   18.099999999999987       0.57460495998045324       0.36324215008275723        1.2436792753709942        73.350423538778131     
   18.199999999999989       0.57209989960164676       0.36376644091121207        1.2463336903112059        73.605330576677105     
   18.299999999999990       0.57061908760142099       0.36590699938838184        1.2489679388230364        73.861987584412859     
   18.399999999999991       0.56989137350243746       0.36978202115943243        1.2515798063610519        74.105922385561357     
   18.499999999999993       0.56968470947640004       0.37522370744464051        1.2541685872396047        74.329964837614554     
   18.599999999999994       0.56978662824983717       0.38187392493891303        1.2567352468576956        74.532105320225654     
   18.699999999999996       0.57002836659801515       0.38934665659294893        1.2592814719924303        74.713697810995043     
   18.799999999999997       0.57028167658970141       0.39731822019193569        1.2618094047212547        74.878120058877315     
   18.899999999999999       0.57046009259342745       0.40554798475522252        1.2643212235363586        75.029723632319730     
   19.000000000000000       0.57052065691178544       0.41386564259068098        1.2668187333636762        75.172977280820845     
   19.100000000000001       0.57046314438765444       0.42214884429347038        1.2693029921772097        75.311715316708430     
   19.200000000000003       0.57033074768118841       0.43030487096862857        1.2717738747542957        75.448435017568670     
   19.300000000000004       0.57011693051115442       0.43825878361586679        1.2742323446092669        75.584533011155841     
   19.400000000000006       0.56978116578430060       0.44595049885534382        1.2766807870340160        75.721739317226849     
   19.500000000000007       0.56933482497382093       0.45333520978514913        1.2791207633577377        75.861626745053982     
   19.600000000000009       0.56879454771529980       0.46037073040074239        1.2815537557357437        76.005079965016023     
   19.700000000000010       0.56816384633619565       0.46700770461898128        1.2839815920464945        76.152577124540500     
   19.800000000000011       0.56743957568760750       0.47319060418721653        1.2864062819437017        76.304432126830193     
   19.900000000000013       0.56661330889422989       0.47885715260986167        1.2888299101159943        76.460929927818285     
   20.000000000000014       0.56567390143412455       0.48394070035357234        1.2912545293456235        76.622393288823801     
   20.100000000000016       0.56460799856619936       0.48837251963452344        1.2936820499629713        76.789222359126725     
   20.200000000000017       0.56340119372894482       0.49208592354174469        1.2961142605902292        76.961903697462233     
   20.300000000000018       0.56203820225567191       0.49502234811831303        1.2985530163504737        77.141028687410497     
   20.400000000000020       0.56050824996533899       0.49713628203829713        1.3010001539663898        77.327265837952979     
   20.500000000000021       0.55881384325135697       0.49840227092614059        1.3034572012676124        77.521187780721391     
   20.600000000000023       0.55696814983850407       0.49881806592813976        1.3059253323397793        77.723085163374918     
   20.700000000000024       0.55499101245312610       0.49840617683615734        1.3084053978795906        77.932895259509280     
   20.800000000000026       0.55290656433072605       0.49721242426005491        1.3108979473513276        78.150204290512391     
   20.900000000000027       0.55074136408242769       0.49530299697470725        1.3134032355192065        78.374265957253769     
   21.000000000000028       0.54852365273876991       0.49275722200417543        1.3159212522515715        78.604074642667513     
   21.100000000000030       0.54628076220065169       0.48966293041859060        1.3184517731320837        78.838408039717464     
   21.200000000000031       0.54404522366146579       0.48611045318883284        1.3209941816399182        79.075832714420173     
   21.300000000000033       0.54180113890042636       0.48218887119397064        1.3235490079215078        79.315021315105298     
   21.400000000000034       0.53947071438238481       0.47798289765210550        1.3261190284100066        79.556090444626875     
   21.500000000000036       0.53699447916702114       0.47357496624755779        1.3287073705150600        79.800662040992947     
   21.600000000000037       0.53434857114047529       0.46904767858873336        1.3313167097825593        80.050970254726934     
   21.700000000000038       0.53152780725272053       0.46448277008276462        1.3339494104551393        80.309240942984502     
   21.800000000000040       0.52853740896008472       0.45996105494766187        1.3366075855150159        80.577421435222831     
   21.900000000000041       0.52538848027904994       0.45556408049762687        1.3392931195540871        80.857064563880186     
   22.000000000000043       0.52208505289614571       0.45137605488643717        1.3420080458309462        81.149462608020002     
   22.100000000000044       0.51865829398141150       0.44748657383758922        1.3447534626471087        81.455438920604749     
   22.200000000000045       0.51487322447109940       0.44399194026067879        1.3475385953678707        81.776945658049456     
   22.300000000000047       0.50969561147238218       0.44099502993835643        1.3504030473698787        82.128008307882112     
   22.400000000000048       0.50237319024934124       0.43860244888547401        1.3533928296656661        82.540432772010377     
   22.500000000000050       0.49314960128682678       0.43691317914808037        1.3565299775269941        83.044219814555660     
   22.600000000000051       0.48274268278217886       0.43600195643577633        1.3598171207637879        83.654350774465755     
   22.700000000000053       0.47212057214110431       0.43590645784967835        1.3632375138345683        84.366564581964909     
   22.800000000000054       0.46232348675570339       0.43661875736648148        1.3667569161910256        85.157940942683723     
   22.900000000000055       0.45443114022146258       0.43808331369102438        1.3703232135332502        85.989224649770762     
   23.000000000000057       0.44933629480050186       0.44019692825255846        1.3738749163510222        86.808431905483644     
   23.100000000000058       0.44728878417487022       0.44280547405875259        1.3773636520193056        87.561398722776033     
   23.200000000000060       0.44809660811710517       0.44571527596262539        1.3807569003333016        88.203956944165284     
   23.300000000000061       0.45147982123435526       0.44871370571204289        1.3840294782165068        88.704081928039514     
   23.400000000000063       0.45706313978826330       0.45157945099652647        1.3871648479312644        89.041479619046967     
   23.500000000000064       0.46439307393585177       0.45408842927029358        1.3901551367776415        89.207080980724172     
   23.600000000000065       0.47295909551634885       0.45602119999047069        1.3930006157539108        89.202325975120274     
   23.700000000000067       0.48210376414578615       0.45717856638279414        1.3957127010629087        89.039320133889134     
   23.800000000000068       0.49180301832809720       0.45740845724701040        1.3982896115976453        88.736029414384788     
   23.900000000000070       0.50276845762970024       0.45663731188159989        1.4007049664976448        88.298362034079432     
   24.000000000000071       0.51548667005293669       0.45489647236301439        1.4029338042873774        87.718828546763149     
   24.100000000000072       0.53006714595495952       0.45231631286677937        1.4049604830939879        86.985960321256329     
   24.200000000000074       0.54633504745749506       0.44908169440317264        1.4067787084063663        86.091367129147216     
   24.300000000000075       0.56384386566566924       0.44538906846925835        1.4083926087794709        85.034537802801182     
   24.400000000000077       0.58188751116193971       0.44142286067597170        1.4098172791595889        83.826496588344028     
   24.500000000000078       0.59949537982329204       0.43734704655985956        1.4110795545483079        82.492748843219516     
   24.600000000000080       0.61549293253332737       0.43330599115499580        1.4122173848490174        81.075147900788608     
   24.700000000000081       0.62840235881926587       0.42942761201627822        1.4132835132834840        79.633907757339870     
   24.800000000000082       0.63759044398415154       0.42582372394703716        1.4143214243419271        78.241613090790892     
   24.900000000000084       0.64389967512305879       0.42258390821202396        1.4153421447022427        76.954069449864079     
   25.000000000000085       0.64827910328680127       0.41975988927730573        1.4163459488748178        75.797746374436912     
   25.100000000000087       0.65125486489678708       0.41736004595962239        1.4173357503810557        74.780800496302390     
   25.200000000000088       0.65316364508007096       0.41535850908183580        1.4183147608647011        73.901845495395307     
   25.300000000000090       0.65420593807311589       0.41369962143497718        1.4192866767428272        73.154701602613443     
   25.400000000000091       0.65450248734825223       0.41230234033472291        1.4202553069587496        72.531223647950114     
   25.500000000000092       0.65412707348893517       0.41106776875430007        1.4212245077102592        72.022807251671551     
   25.600000000000094       0.65312698261065683       0.40988780927828095        1.4221981686707410        71.621139566261817     
   25.700000000000095       0.65154580971467901       0.40865424248256688        1.4231799735691852        71.318385908926018     
   25.800000000000097       0.64930018154862224       0.40726792081315621        1.4241763690991434        71.107834376531855     
   25.900000000000098       0.64553121785484335       0.40564708467401966        1.4252143092046163        70.992235873582857     
   26.000000000000099       0.63928580873256791       0.40373495427857231        1.4263334082703121        70.993860730125249     
   26.100000000000101       0.63030839746304790       0.40150199823642813        1.4275659047365752        71.141940441069409     
   26.200000000000102       0.61873890051834135       0.39894022078536362        1.4289381749171521        71.461190665840093     
   26.300000000000104       0.60498129160709690       0.39605828270955568        1.4304700927353247        71.966427024144807     
   26.400000000000105       0.58957890350365949       0.39287883559028364        1.4321751124326398        72.660582682060038     
   26.500000000000107       0.57313021451658042       0.38943490419880389        1.4340602967861935        73.535086044079492     
   26.600000000000108       0.55623067187960418       0.38576664066023220        1.4361264722980347        74.571519349742701     
   26.700000000000109       0.53943150144154450       0.38191786128966204        1.4383685810734033        75.743860143931769     
   26.800000000000111       0.52313098292924998       0.37793841584864990        1.4407788874497673        77.021232394481032     
   26.900000000000112       0.50669339190624074       0.37389910281370925        1.4433804064401337        78.379735708796616     
   27.000000000000114       0.48946775096211398       0.36989640486200648        1.4462097798331497        79.816239400982084     
   27.100000000000115       0.47183293667887372       0.36605036324433166        1.4492751556085282        81.329881761751665     
   27.200000000000117       0.45461145818075099       0.36251561327605197        1.4525607087316108        82.907954288884554     
   27.300000000000118       0.43877435483604305       0.35950357344388922        1.4560290445849791        84.522656185529314     
   27.400000000000119       0.42531110541538508       0.35731318184130995        1.4596228874416530        86.132624244009520     
   27.500000000000121       0.41510431982725621       0.35635574475124054        1.4632704530496701        87.686542446888836     
   27.600000000000122       0.40967884588912651       0.35712965034350869        1.4668573785184347        89.121443470615532     
   27.700000000000124       0.41104109630832952       0.36007658505030071        1.4702280749875423        90.349868044674380     
   27.800000000000125       0.42031522098857949       0.36531835602573209        1.4732501349600062        91.269084263955833     
   27.900000000000126       0.43740848722149306       0.37249383959748927        1.4758457363617628        91.785172608890036     
   28.000000000000128       0.46089516985567264       0.38096095352690018        1.4780021759279030        91.834489221471998     
   28.100000000000129       0.48760649492004859       0.39013028904786190        1.4797828392662447        91.407757525147275     
   28.200000000000131       0.51223242007793479       0.39960580854017663        1.4813379549734504        90.579737797173237     
   28.300000000000132       0.53198880975343821       0.40916574048483623        1.4827843575596205        89.499522090983220     
   28.400000000000134       0.54773576407725499       0.41869642431248066        1.4841480749620637        88.298457858380203     
   28.500000000000135       0.56031556364622370       0.42814007509225865        1.4854450854639896        87.066067022156616     
   28.600000000000136       0.57037078234343330       0.43746695471076624        1.4866883503531747        85.861604352944582     
   28.700000000000138       0.57842627129842672       0.44666134328530821        1.4878876600207489        84.722632554423797     
   28.800000000000139       0.58494768806591479       0.45571468732882142        1.4890492409232712        83.670495885028998     
   28.900000000000141       0.59038313701734391       0.46462209156217976        1.4901752476238483        82.713990856490355     
   29.000000000000142       0.59512845052181962       0.47338057916584136        1.4912647929246801        81.852087062035721     
   29.100000000000144       0.59934969174184993       0.48198829069475191        1.4923193152979191        81.078395400393006     
   29.200000000000145       0.60311487659487617       0.49044443707225482        1.4933414879884295        80.386039699922918     
   29.300000000000146       0.60653908039087712       0.49874854969282711        1.4943318738980262        79.767506191349810     
   29.400000000000148       0.60973993967202844       0.50690012279869556        1.4952898179535434        79.214411876581778     
   29.500000000000149       0.61277967355344964       0.51489587832977268        1.4962150318804266        78.718183735540094     
   29.600000000000151       0.61591295671397672       0.52274018394434962        1.4971015775957135        78.268764603538997     
   29.700000000000152       0.61807069694963856       0.53035289941298880        1.4979745358821581        77.862481002946708     
   29.800000000000153       0.61757718753387314       0.53728267967258247        1.4988874417872855        77.527931062042896     
   29.900000000000155       0.61391846346477397       0.54142569409309760        1.4998792152476066        77.306941494683613     
   30.000000000000156       0.60724148053626947       0.53836720905329538        1.5009771098341267        77.230814122851527     
   30.100000000000158       0.59805386890662215       0.53040603500743977        1.5021984027314184        77.315969144578432     
   30.200000000000159       0.58764608329551471       0.52171327909987442        1.5035340019077992        77.566567056998920     
   30.300000000000161       0.57754351790087810       0.51309442533728511        1.5049523620309964        77.959966509362062     
   30.400000000000162       0.56855215039358165       0.50461393038850189        1.5064262521508109        78.455842188331957     
   30.500000000000163       0.56096736423891791       0.49627340410856774        1.5079350148026365        79.011136256574034     
   30.600000000000165       0.55460649018915387       0.48807072653919203        1.5094696541514434        79.589818868938778     
   30.700000000000166       0.54979974734093018       0.48000362701011057        1.5110085311486505        80.162894062335823     
   30.800000000000168       0.54694490981456878       0.47206986490176317        1.5125230624594033        80.696487476563206     
   30.900000000000169       0.54562720101001472       0.46426723632990807        1.5140067396932373        81.163788816692005     
   31.000000000000171       0.54505895348619626       0.45659357388270760        1.5154695874916810        81.554869259009351     
   31.100000000000172       0.54415933170593145       0.44904674591270066        1.5169391537980097        81.879876993420169     
   31.200000000000173       0.54247412625470603       0.44162465602183426        1.5184357941417710        82.163862709963666     
   31.300000000000175       0.54041561608482591       0.43432524250557614        1.5199561318806873        82.426001924321909     
   31.400000000000176       0.53836500419238853       0.42714647770912434        1.5214924292337779        82.673467928058542     
   31.500000000000178       0.53648608267323561       0.42008636739539024        1.5230396745022818        82.907174888287031     
   31.600000000000179       0.53484110300095444       0.41314295045086907        1.5245942481028394        83.125804362735749     
   31.700000000000180       0.53342684026971787       0.40631429806713565        1.5261539095679069        83.327787069481005     
   31.800000000000182       0.53221610966621680       0.39959851350082565        1.5277171907055027        83.512159145707315     
   31.900000000000183       0.53113300342670178       0.39299373102098401        1.5292844699961865        83.679138665837186     
   32.000000000000185       0.53020625966524959       0.38649811599375761        1.5308535480981846        83.829250812490116     
   32.100000000000186       0.52832457031118096       0.38010986403502156        1.5324572053611087        83.970717218939370     
   32.200000000000188       0.52365977059269941       0.37382720059131802        1.5341677571302148        84.142915673315358     
   32.300000000000189       0.51556094625772786       0.36764838044434095        1.5360438641965000        84.402682195974052     
   32.400000000000190       0.50446014279630691       0.36157168721556143        1.5381185428887494        84.797538707376944     
   32.500000000000192       0.49136515867579955       0.35559543288039552        1.5404010218426045        85.351901356385412     
   32.600000000000193       0.47753343438569501       0.34971795734945149        1.5428778917597417        86.063547487786053     
   32.700000000000195       0.46426448459631237       0.34393762795020660        1.5455148235313667        86.905908856304464     
   32.800000000000196       0.45279677360845016       0.33825283897292158        1.5482582969014107        87.832788008169530     
   32.900000000000198       0.44427933834961991       0.33266201130742373        1.5510373344722601        88.782964561231253     
   33.000000000000199       0.43884939222647845       0.32716359188773197        1.5538032321841719        89.692210198885917     
   33.100000000000200       0.43584623118939897       0.32175605335478991        1.5565396088478485        90.515527088440862     
   33.200000000000202       0.43472717682605461       0.31643789358111502        1.5592346682112903        91.227609629105032     
   33.300000000000203       0.43501269533855419       0.31120763524991463        1.5618817821617168        91.817427070914263     
   33.400000000000205       0.43627309236096024       0.30606382549188976        1.5644790843070129        92.284571994419764     
   33.500000000000206       0.43810614569095896       0.30100503540599971        1.5670295191030799        92.636618179139305     
   33.600000000000207       0.44011364532003594       0.29602985976398466        1.5695412676277511        92.887448204723611     
   33.700000000000209       0.44201384551474221       0.29113691654216134        1.5720233692047882        93.055209386370791     
   33.800000000000210       0.44371123855937405       0.28632484657135537        1.5744812817088278        93.158227763324376     
   33.900000000000212       0.44521142474201703       0.28159231311673588        1.5769177328372508        93.212229605223868     
   34.000000000000213       0.44657811130855035       0.27693800160639687        1.5793330635040104        93.229367515475232     
   34.100000000000215       0.44790728406435376       0.27236061904410391        1.5817254380075461        93.218055836865204     
   34.200000000000216       0.44935162594070310       0.26785889396743195        1.5840894439829325        93.182727118487065     
   34.300000000000217       0.45098982862872633       0.26343157587186417        1.5864205809458276        93.124862053625563     
   34.400000000000219       0.45379604811450913       0.25907743490310781        1.5886810196913153        93.037594335430668     
   34.500000000000220       0.45936447187727542       0.25479526155713728        1.5907969877953052        92.887225844505892     
   34.600000000000222       0.46840699665630298       0.25058386631310980        1.5927117008494491        92.623160205247345     
   34.700000000000223       0.48065795993162402       0.24644207930533940        1.5943999313468640        92.200285684306778     
   34.800000000000225       0.49506255259185533       0.24236875001598696        1.5958687496129647        91.594625583314638     
   34.900000000000226       0.50979787220772099       0.23836274693957918        1.5971604326296616        90.814469228151069     
   35.000000000000227       0.52245261581534441       0.23442295727198909        1.5983508928421435        89.907691257108567     
   35.100000000000229       0.52977360299799603       0.23054828659678275        1.5995632583781276        88.967884559152182     
   35.200000000000230       0.52923870074771617       0.22673765859489378        1.6009375694707084        88.131977746638924     
   35.300000000000232       0.52089967893081113       0.22299001473410107        1.6025698320937105        87.535575867603796     
   35.400000000000233       0.50670555534317985       0.21930431398009670        1.6045004093828050        87.268277477806450     
   35.500000000000234       0.48942661480343413       0.21567953249740573        1.6067179902334627        87.356724867512042     
   35.600000000000236       0.47195549038938578       0.21211466338205970        1.6091647391834263        87.767601067009309     
   35.700000000000237       0.45702613102881734       0.20860871637714840        1.6117402741157563        88.419452988534474     
   35.800000000000239       0.44698950528885689       0.20516071757520468        1.6143136291287319        89.196024923516404     
   35.900000000000240       0.44301081847797169       0.20176970918297735        1.6167678163174017        89.967023293645852     
   36.000000000000242       0.44502027936147825       0.19843474922199208        1.6190259328730110        90.616553426140385     
   36.100000000000243       0.45222717928732575       0.19515491131085452        1.6210466267919403        91.058262970813985     
   36.200000000000244       0.46313429642625176       0.19192928434322812        1.6228286763654436        91.243383510689213     
   36.300000000000246       0.47555946731773907       0.18875697230526181        1.6244126703421053        91.167492494853491     
   36.400000000000247       0.48649765641041287       0.18563709397201161        1.6258882453387355        90.877188158070510     
   36.500000000000249       0.49378217308841948       0.18256878269096580        1.6273491410185763        90.464573541320547     
   36.600000000000250       0.49729942537554311       0.17955118613936366        1.6288430499446318        90.025334437530134     
   36.700000000000252       0.49772086515347896       0.17658346606144742        1.6303917148908771        89.630243447895751     
   36.800000000000253       0.49584652445045491       0.17366479809157942        1.6320050931950398        89.323071233122619     
   36.900000000000254       0.49259005971602510       0.17079437146101104        1.6336797472088076        89.123145287990639     
   37.000000000000256       0.48889969734687849       0.16797138879833517        1.6353996115895602        89.028377050136797     
   37.100000000000257       0.48573285294050972       0.16519506594400324        1.6371360656127816        89.018713157793186     
   37.200000000000259       0.48405458642588745       0.16246463167023434        1.6388480138658776        89.059165787118033     
   37.300000000000260       0.48449747552439931       0.15977932749985785        1.6404943170767523        89.104931920803580     
   37.400000000000261       0.48714483751178583       0.15713840751326413        1.6420470123582140        89.112758199939222     
   37.500000000000263       0.49169261271623299       0.15454113808344036        1.6434922029124885        89.049569652041370     
   37.600000000000264       0.49754064998182485       0.15198679774484203        1.6448306869221276        88.897156879033702     
   37.700000000000266       0.50385620703461509       0.14947467694326716        1.6460780117069718        88.654469862090124     
   37.800000000000267       0.50967043622972641       0.14700407784289601        1.6472631209551643        88.338448402342010     
   37.900000000000269       0.51468685403596282       0.14457431414873992        1.6484037328564745        87.976540063027088     
   38.000000000000270       0.51914034499935346       0.14218471092429241        1.6495018770249708        87.589780755823483     
   38.100000000000271       0.52311778303515510       0.13983460434819289        1.6505612977482247        87.192373804141099     
   38.200000000000273       0.52663259262199291       0.13752334163084146        1.6515864663520821        86.795035522517480     
   38.300000000000274       0.52962529068619302       0.13525028074374632        1.6525834381577076        86.407078317489606     
   38.400000000000276       0.53203531096950052       0.13301479023520266        1.6535585650762894        86.037321910836155     
   38.500000000000277       0.53334051513263259       0.13081624913189024        1.6545324225065297        85.697055300541720     
   38.600000000000279       0.53137371581472814       0.12865404671755823        1.6555841029287861        85.421140610260451     
   38.700000000000280       0.52457746461418786       0.12652758236535158        1.6568055423312238        85.280483085323610     
   38.800000000000281       0.51364172984568346       0.12443626537655314        1.6582377987970234        85.339151453594198     
   38.900000000000283       0.50033712516812900       0.12237951481859842        1.6598785730039534        85.624611020823508     
   39.000000000000284       0.48687762882219887       0.12035675935730013        1.6616849135632279        86.120209706144877     
   39.100000000000286       0.47574646630202072       0.11836743710162412        1.6635697647885128        86.766769449798531     
   39.200000000000287       0.46813705318621857       0.11641099545098774        1.6654562553854027        87.476970800698112     
   39.300000000000288       0.46345985068721951       0.11448689093894908        1.6673210667555707        88.176391549567029     
   39.400000000000290       0.46094152581425796       0.11259458907243616        1.6691566993522637        88.819001174015142     
   39.500000000000291       0.46007239602586414       0.11073356420518034        1.6709551448599909        89.379061714651272     
   39.600000000000293       0.46048270296923616       0.10890329937643292        1.6727094348986074        89.843764068262161     
   39.700000000000294       0.46184740630614934       0.10710328616691640        1.6744155744795652        90.209144060797527     
   39.800000000000296       0.46434441782727481       0.10533302455655071        1.6760560213139912        90.474604216900886     
   39.900000000000297       0.46915253341121271       0.10359202279533712        1.6775750292884788        90.625861531119355     
   40.000000000000298       0.47706591094943573       0.10187979726142793        1.6789176895488420        90.628945722969135     
   40.100000000000300       0.48762828813209597       0.10019587232993843        1.6800679003875765        90.453788993951136     
   40.200000000000301       0.49949067421040783        9.8539780226008455E-002   1.6810459089956549        90.093418860181700     
   40.300000000000303       0.51055257971158974        9.6911060918112024E-002   1.6819093433106351        89.575780624367994     
   40.400000000000304       0.51779696504844597        9.5309261972450071E-002   1.6827643113280781        88.972845816686529     
   40.500000000000306       0.51834572677967483        9.3733938434905004E-002   1.6837483593697580        88.404007848518788     
   40.600000000000307       0.51167207313714091        9.2184652704884601E-002   1.6849642892227497        88.001568839870416     
   40.700000000000308       0.49952779640025718        9.0660974415727957E-002   1.6864510860483888        87.859429485507164     
   40.800000000000310       0.48466862154703605        8.9162480314575021E-002   1.6881906164431415        88.009584420612569     
   40.900000000000311       0.47012203360409377        8.7688754140453976E-002   1.6901123169709280        88.421880627841986     
   41.000000000000313       0.45900698361648601        8.6239386517936251E-002   1.6920928921697396        89.012832404181367     
   41.100000000000314       0.45486972715517643        8.4813974836024070E-002   1.6939465154083806        89.649736876165989     
   41.200000000000315       0.45999843479412716        8.3412123136621677E-002   1.6954980178609149        90.163293326147127     
   41.300000000000317       0.47408528708567726        8.2033442007379789E-002   1.6966621858054158        90.397017291156544     
   41.400000000000318       0.49448488958164794        8.0677548472676205E-002   1.6974501374350361        90.251143477137816     
   41.500000000000320       0.51568871036555386        7.9344065887140339E-002   1.6979862171357829        89.722777786057080     
   41.600000000000321       0.53121092640250855        7.8032623830198891E-002   1.6984669323478752        88.931882822040521     
   41.700000000000323       0.53879732566040162        7.6742858003515935E-002   1.6990235647196317        88.066444929890125     
   41.800000000000324       0.53968791368214764        7.5474410131204775E-002   1.6997029326428947        87.281250171455923     
   41.900000000000325       0.53572415268665985        7.4226927858466143E-002   1.7005222022768443        86.673193892783729     
   42.000000000000327       0.52924670844250810        7.3000064654091021E-002   1.7014622854841381        86.280718221893196     
   42.100000000000328       0.52283417185012615        7.1793479714332711E-002   1.7024678128278137        86.087833040152006     
   42.200000000000330       0.51837052093576197        7.0606837869563413E-002   1.7034737554939385        86.036290433908235     
   42.300000000000331       0.51620429164701698        6.9439809487426174E-002   1.7044449223042348        86.057606799819723     
   42.400000000000333       0.51601773344329693        6.8292070391193394E-002   1.7053660722172641        86.097587138255022     
   42.500000000000334       0.51745101103324043        6.7163301753594334E-002   1.7062272714638675        86.118221591867766     
   42.600000000000335       0.52005097354710583        6.6053190016275354E-002   1.7070259811554880        86.096237966552621     
   42.700000000000337       0.52329678938981550        6.4961426815336426E-002   1.7077669792607153        86.022022391655298     
   42.800000000000338       0.52688087181174370        6.3887708941902224E-002   1.7084541905302355        85.896221902815640     
   42.900000000000340       0.53075506177070098        6.2831737872164922E-002   1.7090863674946177        85.722154280811267     
   43.000000000000341       0.53487888614394974        6.1793220711243615E-002   1.7096628807201106        85.503272692454743     
   43.100000000000342       0.53920102345579224        6.0771868496546602E-002   1.7101839499913132        85.243232017141622     
   43.200000000000344       0.54365957229736417        5.9767397965993681E-002   1.7106507829372544        84.946192176762850     
   43.300000000000345       0.54818178510670468        5.8779529673107282E-002   1.7110652962696677        84.616773599801206     
   43.400000000000347       0.55269909679256002        5.7807989542641741E-002   1.7114297036267898        84.260222479040209     
   43.500000000000348       0.55718527786527305        5.6852507522044023E-002   1.7117450664197853        83.881771300747204     
   43.600000000000350       0.56166833147896045        5.5912818233881556E-002   1.7120104997029175        83.485640719579507     
   43.700000000000351       0.56621250561413494        5.4988660616899866E-002   1.7122234734556230        83.074383527921213     
   43.800000000000352       0.57090372464366912        5.4079778005796518E-002   1.7123801837171841        82.648590467138263     
   43.900000000000354       0.57591882149671036        5.3185917898158394E-002   1.7124738615746784        82.206532194903275     
   44.000000000000355       0.58178480164781576        5.2306831998212518E-002   1.7124868502732009        81.739910667967735     
   44.100000000000357       0.58849785320868520        5.1442276110085165E-002   1.7124118718693762        81.235488932305330     
   44.200000000000358       0.59708571881673589        5.0592010073967408E-002   1.7122174081832768        80.676802580884711     
   44.300000000000360       0.60759235860838667        4.9755797699060196E-002   1.7118869803774335        80.031197727197835     
   44.400000000000361       0.61815884227278872        4.8933406699205456E-002   1.7114559146520447        79.293823356782568     
   44.500000000000362       0.62011840145213337        4.8124608626956895E-002   1.7111432650964800        78.549430378074092     
   44.600000000000364       0.60461884805453181        4.7329178810995964E-002   1.7112931726764793        78.068921888216408     
   44.700000000000365       0.57359871939769702        4.6546896293340967E-002   1.7120943423540562        78.134681750811652     
   44.800000000000367       0.53453385376611073        4.5777543768710391E-002   1.7135612016511685        78.877047277127929     
   44.900000000000368       0.49554991618630961        4.5020907523165177E-002   1.7155572602511888        80.247494268292371     
   45.000000000000369       0.46350337173065453        4.4276777378465387E-002   1.7178256573103918        82.060888759253118     
   45.100000000000371       0.44072606880963067        4.3544946656514649E-002   1.7201604587120574        84.071540678144217     
   45.200000000000372       0.42474244710755110        4.2825212151073176E-002   1.7225290680825744        86.087189560879906     
   45.300000000000374       0.41319985496734751        4.2117374067200196E-002   1.7249362255993808        88.003569816578761     
   45.400000000000375       0.40473400572781559        4.1421236387312953E-002   1.7273755632437211        89.767030345229159     
   45.500000000000377       0.39787556618183939        4.0736607674486447E-002   1.7298669876627975        91.361229847071399     
   45.600000000000378       0.39061117820223945        4.0063304581007181E-002   1.7324783092039322        92.804685754831794     
   45.700000000000379       0.38086530579632016        3.9401164293657968E-002   1.7353207288670243        94.155401807305196     
   45.800000000000381       0.36852554943243548        3.8750089954086374E-002   1.7384556300634326        95.483407622271443     
   45.900000000000382       0.35515796051397291        3.8110214473614963E-002   1.7418625877779783        96.829270010425418     
   46.000000000000384       0.34276802493279873        3.7482472049749929E-002   1.7454629163272646        98.190642998585460     
   46.100000000000385       0.33347359598119142        3.6870577656329263E-002   1.7491256814552643        99.525508600768632     
   46.200000000000387       0.32897986778296795        3.6287392049476230E-002   1.7526980426367289        100.76137006157040     
   46.300000000000388       0.33021261120747647        3.5774660800239964E-002   1.7560439502516390        101.81375267727697     
   46.400000000000389       0.33772214171420634        3.5455653147301119E-002   1.7590451396399536        102.60009522023826     
   46.500000000000391       0.35204518505161070        3.5658679310660413E-002   1.7615947415653290        103.04244855585739     
   46.600000000000392       0.37331411092184857        3.7095480652221319E-002   1.7636194959016038        103.07079958789235     
   46.700000000000394       0.40339916658430980        4.0847606038657391E-002   1.7650079663578346        102.61664891499444     
   46.800000000000395       0.44968783821120745        4.7735075154956272E-002   1.7654973291390312        101.53730319592081     
   46.900000000000396       0.52191870980555843        5.7576299297951321E-002   1.7648350894252323        99.539161819485500     
   47.000000000000398       0.62634481217136839        6.9451713755981387E-002   1.7629738179230616        96.222681281724647     
   47.100000000000399       0.75950987217832522        8.2447348256550729E-002   1.7600930936276997        91.223148983311049     
   47.200000000000401       0.91024995099598582        9.5954718483946683E-002   1.7564539372927139        84.406437369989106     
   47.300000000000402        1.0768341654227145       0.10961953900262074        1.7521870988982271        75.802841963227024     
   47.400000000000404        1.2585145175159196       0.12323361125100010        1.7473842887819631        65.419275207081725     
   47.500000000000405        1.4424198266029435       0.13665793547285801        1.7421899343186116        53.401319441236247     
   47.600000000000406        1.6090377887582539       0.14977445865434066        1.7367552747700314        40.184946016858085     
   47.700000000000408        1.7349044223034285       0.16245085095491685        1.7312386217654248        26.551489801165982     
   47.800000000000409        1.8147643175856005       0.17450743205409733        1.7257332854503029        13.454754161033348     
   47.900000000000411        1.8598618180933406       0.18568380984931990        1.7202580213293326        1.5659720676576021     
   48.000000000000412        1.8789689548972719       0.19561862381137088        1.7148265598685219       -8.7614308253051867     
   48.100000000000414        1.8788178682119259       0.20387336831649513        1.7094502822189928       -17.385155505091870     
   48.200000000000415        1.8645652899875564       0.21004304895652059        1.7041385127583639       -24.301512398133244     
   48.300000000000416        1.8405171870279358       0.21394155865569189        1.6988965354750529       -29.597946554621746     
   48.400000000000418        1.8081071564497859       0.21572240362316297        1.6937379043572427       -33.404891730238717     
   48.500000000000419        1.7667123301004926       0.21580866135037949        1.6886881940064322       -35.828616485364321     
   48.600000000000421        1.7166540513818662       0.21470122637478162        1.6837722309558658       -36.951396180651820     
   48.700000000000422        1.6591660374165516       0.21282953680507363        1.6790115571587152       -36.855551863686259     
   48.800000000000423        1.5960304592983787       0.21050200572804806        1.6744237944283946       -35.637331289223290     
   48.900000000000425        1.5293039739774130       0.20792060071163443        1.6700221536050570       -33.412243387553765     
   49.000000000000426        1.4611088100138054       0.20521416065300097        1.6658148545906259       -30.314833761156969     
   49.100000000000428        1.3934750793070212       0.20246802245388332        1.6618045861159088       -26.494925924854584     
   49.200000000000429        1.3282612282204165       0.19974505224648798        1.6579877582665905       -22.112329159386459     
   49.300000000000431        1.2670160898308107       0.19710086095229593        1.6543548369687413       -17.330347447108302     
   49.400000000000432        1.2112491704867996       0.19459639460587980        1.6508870433432294       -12.311871144625268     
   49.500000000000433        1.1605022294064937       0.19231100368687473        1.6475786004011876       -7.2043265021456300     
   49.600000000000435        1.1126266226343655       0.19035772480083490        1.6444478619343674       -2.0972612641619808     
   49.700000000000436        1.0667880890562875       0.18889971409943215        1.6415077753973524        2.9670704184051280     
   49.800000000000438        1.0236536608011659       0.18816288347859897        1.6387540589305249        7.9540303534504408     
   49.900000000000439       0.98461100854945793       0.18843273612254646        1.6361659250205862        12.815020728101443     
   50.000000000000441       0.95140903965609236       0.19001478790008050        1.6337048501891651        17.480110435265232     
   50.100000000000442       0.92605274293914608       0.19315053569994153        1.6313127160692951        21.856296497219187     
   50.200000000000443       0.91021808948740035       0.19792194156180856        1.6289206555899394        25.830352750902545     
   50.300000000000445       0.90350339922710432       0.20420891210207026        1.6264836590123757        29.295439666973977     
   50.400000000000446       0.90434094089512396       0.21173354066267852        1.6239809125203630        32.187464990570462     
   50.500000000000448       0.91150198422297879       0.22015748697449192        1.6213957177316760        34.479681550598450     
   50.600000000000449       0.92382536624939637       0.22916005522369223        1.6187177359160332        36.172440189607698     
   50.700000000000450       0.94022275238412045       0.23846784548242603        1.6159419063244826        37.286894101923778     
   50.800000000000452       0.95961833796532958       0.24785372329207647        1.6130683647909456        37.860574253739927     
   50.900000000000453       0.98091998836518601       0.25712123217491323        1.6101024066345873        37.944587734431629     
   51.000000000000455        1.0030076171496394       0.26608501908664073        1.6070541051253222        37.601623179067872     
   51.100000000000456        1.0248501486031749       0.27455267457540944        1.6039365584589627        36.904154218030641     
   51.200000000000458        1.0470424918687049       0.28231173396760911        1.6007468505172167        35.917736183826413     
   51.300000000000459        1.0709608729875011       0.28912814928652986        1.5974696633883410        34.671520331155769     
   51.400000000000460        1.0970497609083929       0.29476296882399861        1.5940967059607567        33.172063897457832     
   51.500000000000462        1.1251534981195310       0.29900373765864902        1.5906256818633373        31.422014335836117     
   51.600000000000463        1.1546239124351096       0.30171039347368167        1.5870604130997237        29.431305727191031     
   51.700000000000465        1.1844468189512396       0.30286351508301912        1.5834102962794736        27.224147265145071     
   51.800000000000466        1.2133148761347570       0.30257920943702549        1.5796899704929070        24.842847228918529     
   51.900000000000468        1.2397188052209307       0.30107984859543507        1.5759188164133711        22.349509764589023     
   52.000000000000469        1.2619250655179080       0.29863514983585937        1.5721215631577483        19.826607438406700     
   52.100000000000470        1.2783697959429741       0.29550621485775819        1.5683255789926778        17.373845567885645     
   52.200000000000472        1.2851522472304335       0.29191209142005292        1.5645831825529024        15.118378183761171     
   52.300000000000473        1.2724792799277203       0.28802002277361904        1.5610204320127639        13.298556255084852     
   52.400000000000475        1.2337103905530820       0.28395022672169384        1.5577939953729492        12.289300247457236     
   52.500000000000476        1.1708628537472572       0.27978621865011127        1.5550322063202076        12.433450231150935     
   52.600000000000477        1.0904899005809503       0.27558483715144588        1.5528354427945963        13.924436911856441     
   52.700000000000479        1.0011441727933423       0.27138459583971286        1.5512613924133449        16.771691042301526     
   52.800000000000480       0.91109804356933799       0.26721223693890783        1.5503150294615453        20.819485018830239     
   52.900000000000482       0.82704476715997610       0.26308734258414207        1.5499448868305707        25.796400490257493     
   53.000000000000483       0.75373549497875958       0.25902558294807931        1.5500466121070484        31.371249339278037     
   53.100000000000485       0.69423071085763111       0.25504112304347343        1.5504723322832521        37.199264729217219     
   53.200000000000486       0.65081616140039877       0.25114858561176095        1.5510317564254266        42.947787073047145     
   53.300000000000487       0.62357633193744588       0.24736482752514602        1.5515589083353840        48.317627472732092     
   53.400000000000489       0.61047360641921111       0.24371065494983227        1.5519538088280951        53.087276203716812     
   53.500000000000490       0.60946512713351475       0.24021238404077760        1.5521451344888257        57.115519860776025     
   53.600000000000492       0.61871477688788312       0.23690364129305297        1.5520839967343851        60.323347629378368     
   53.700000000000493       0.63638682329662877       0.23382720842605820        1.5517455902091108        62.680787810516009     
   53.800000000000495       0.66043131125558474       0.23103581566118539        1.5511300558841137        64.200194422801260     
   53.900000000000496       0.68835330818697626       0.22859118460174999        1.5502633026221320        64.935110510243419     
   54.000000000000497       0.71715180167011561       0.22656022549833135        1.5491951270341464        64.982200685657858     
   54.100000000000499       0.74302824146598601       0.22500754833266925        1.5480036216042692        64.486270419476952     
   54.200000000000500       0.76371979342218632       0.22398442963951318        1.5467569051393952        63.630047130224440     
   54.300000000000502       0.78002039931434086       0.22351564271339894        1.5454757436113054        62.574058696704569     
   54.400000000000503       0.79324306129635391       0.22358945309619921        1.5441641495521028        61.425220978608429     
   54.500000000000504       0.80411794170876438       0.22416171613727243        1.5428287155010709        60.252275309240638     
   54.600000000000506       0.81314044261323337       0.22516608499756371        1.5414756390512003        59.099913572009953     
   54.700000000000507       0.82061564616232119       0.22652090169987998        1.5401113770137520        57.997181546549442     
   54.800000000000509       0.82673712230420493       0.22813752911889540        1.5387423618419913        56.963071890853648     
   54.900000000000510       0.83162647125848776       0.22992783892202012        1.5373749760510720        56.010090698962415     
   55.000000000000512       0.83536297998337938       0.23181063373194444        1.5360154556276531        55.146479253753817     
   55.100000000000513       0.83800745023646828       0.23371675627955896        1.5346697447488180        54.377613869940816     
   55.200000000000514       0.83966571153280267       0.23559309160378841        1.5333424818549497        53.706315914932354     
   55.300000000000516       0.84047735172438209       0.23740590941052703        1.5320366454846606        53.132343853776455     
   55.400000000000517       0.84056296330147606       0.23914075071702776        1.5307540463797271        52.652977081608775     
   55.500000000000519       0.84001889369543292       0.24079111098704012        1.5294955856145500        52.263894423507239     
   55.600000000000520       0.83891413426079142       0.24235040889376780        1.5282615621726454        51.959990949195742     
   55.700000000000522       0.83730206151469366       0.24381272745139079        1.5270518191644011        51.735920024187074     
   55.800000000000523       0.83522342315357945       0.24517257945756243        1.5258659957432705        51.586417752508382     
   55.900000000000524       0.83272052030361920       0.24642503452591022        1.5247035895709982        51.506363197179596     
   56.000000000000526       0.82978297021588932       0.24756563350763461        1.5235651758281714        51.491261629898560     
   56.100000000000527       0.82658291163070130       0.24859045299166027        1.5224486428335244        51.535748995548580     
   56.200000000000529       0.82154236572685391       0.24949608412287222        1.5213825647970842        51.644743141290185     
   56.300000000000530       0.81169675856886303       0.25027963928732555        1.5204365004173148        51.872103352911139     
   56.400000000000531       0.79565573835716352       0.25093875220728834        1.5196767833708078        52.305549735724249     
   56.500000000000533       0.77371869978483543       0.25147157615802085        1.5191530532679651        53.025686719356870     
   56.600000000000534       0.74713481346687705       0.25187678006606001        1.5188988664997998        54.082661495239179     
   56.700000000000536       0.71763144585981720       0.25215354230762771        1.5189306023985065        55.488314480958302     
   56.800000000000537       0.68705462042651699       0.25230154176690089        1.5192472464136719        57.217720063012479     
   56.900000000000539       0.65714496238362674       0.25232094708887504        1.5198306608154710        59.215907384430089     
   57.000000000000540       0.62943750209013460       0.25221240207120876        1.5206461029409486        61.406455539286362     
   57.100000000000541       0.60521176007680777       0.25197700995445071        1.5216439474169148        63.699853088309879     
   57.200000000000543       0.58559259931580754       0.25161631310979077        1.5227590953929830        65.999463464724244     
   57.300000000000544       0.57033315907280702       0.25113227263618332        1.5239509661353416        68.215326010833934     
   57.400000000000546       0.55817254707119390       0.25052724379853364        1.5252138336207519        70.292005055674196     
   57.500000000000547       0.54822980809162003       0.24980394959033611        1.5265434544902412        72.204797599248622     
   57.600000000000549       0.53993553139516437       0.24896545372759979        1.5279348861580835        73.947063564521102     
   57.700000000000550       0.53293196860137870       0.24801513070688366        1.5293822964683688        75.522004841786966     
   57.800000000000551       0.52699946068547510       0.24695663436606152        1.5308790318948819        76.937606898978331     
   57.900000000000553       0.52201103690484219       0.24579386779541607        1.5324175986900042        78.203621494509008     
   58.000000000000554       0.51790047447131471       0.24453094945858281        1.5339896917836973        79.329799995678684     
   58.100000000000556       0.51464504289775592       0.24317218151613490        1.5355861185175119        80.324919195301206     
   58.200000000000557       0.51233473333362778       0.24172201830076301        1.5371943098849536        81.195960370600190     
   58.300000000000558       0.51198775464811397       0.24018503385541420        1.5387702406657533        81.939076981002103     
   58.400000000000560       0.51485866846747419       0.23856589148569482        1.5402497965713382        82.525944700718341     
   58.500000000000561       0.52144686523853545       0.23686931410877174        1.5415833482496000        82.917036676983244     
   58.600000000000563       0.53180437318284357       0.23510005601983744        1.5427344205169384        83.074962988799115     
   58.700000000000564       0.54561738049602393       0.23326287638898338        1.5436811523286773        82.971742653623537     
   58.800000000000566       0.56224888429299025       0.23136251448816009        1.5444169722846910        82.593646252783998     
   58.900000000000567       0.58073370194020235       0.22940366681146343        1.5449513585830563        81.944869330131866     
   59.000000000000568       0.59976473691075705       0.22739096654372135        1.5453103512904203        81.050703624383644     
   59.100000000000570       0.61772556375999232       0.22532896487697099        1.5455362089561779        79.960079260723319     
   59.200000000000571       0.63267060311126766       0.22322211434135053        1.5456890845742171        78.747551814050297     
   59.300000000000573       0.64311091518794594       0.22107475488012546        1.5458318175546366        77.509418620504647     
   59.400000000000574       0.64942464505363873       0.21889110125985858        1.5459933272916597        76.335883910168803     
   59.500000000000576       0.65275034894497508       0.21667523309597739        1.5461789226678608        75.282196834657611     
   59.600000000000577       0.65380472250487365       0.21443108634779609        1.5463948531919209        74.376424103956040     
   59.700000000000578       0.65316476677771051       0.21216244738748596        1.5466448350316266        73.629310749905770     
   59.800000000000580       0.65127459946788124       0.20987294757264438        1.5469311005924886        73.040018575171928     
   59.900000000000581       0.64849867799809191       0.20756606061338972        1.5472542233849222        72.600222330668331     
   60.000000000000583       0.64514329012333194       0.20524510062731036        1.5476132670973117        72.296747380278546     
   60.100000000000584       0.64147471172570703       0.20291322184772345        1.5480058358421942        72.113370749327686     
   60.200000000000585       0.63772916798724277       0.20057342190698282        1.5484282090693131        72.032032145000059     
   60.300000000000587       0.63411929082830032       0.19822853623534800        1.5488752929516576        72.033613207463986     
   60.400000000000588       0.63077056697042777       0.19588124988421837        1.5493423579642598        72.099121388532296     
   60.500000000000590       0.62770925859186189       0.19353409649602657        1.5498261445840498        72.211659913662658     
   60.600000000000591       0.62491387855974334       0.19118946227019870        1.5503244208814653        72.357420743037494     
   60.700000000000593       0.62233282304132809       0.18884959195060014        1.5508359637060853        72.525822438477690     
   60.800000000000594       0.61989540834583079       0.18651659407536925        1.5513605535063297        72.709386321404480     
   60.900000000000595       0.61751930484327255       0.18419244659258388        1.5518989667846115        72.903466144580960     
   61.000000000000597       0.61511371402280457       0.18187900259122933        1.5524530199544833        73.105933037026631     
   61.100000000000598       0.61258817754451589       0.17957799607300892        1.5530254347455785        73.316793823178799     
   61.200000000000600       0.60983668546895520       0.17729104829068243        1.5536203064720087        73.537967087579418     
   61.300000000000601       0.60680729344119311       0.17501967675056418        1.5542414153831909        73.772519915304187     
   61.400000000000603       0.60301700333518904       0.17276529851062564        1.5549047582840665        74.026882999127437     
   61.500000000000604       0.59723589107953712       0.17052923853413413        1.5556533907740200        74.323778664069053     
   61.600000000000605       0.58862574120204814       0.16831273607990005        1.5565350322001830        74.703878509813947     
   61.700000000000607       0.57721945790491191       0.16611695149931860        1.5575834410194604        75.207328759031014     
   61.800000000000608       0.56350264504566150       0.16394297270240915        1.5588209068047560        75.861595869340960     
   61.900000000000610       0.54821948308840918       0.16179182238755443        1.5602577645342011        76.677102732794481     
   62.000000000000611       0.53220718873956674       0.15966446359992206        1.5618929357269333        77.647026509966039     
   62.100000000000612       0.51629375267316879       0.15756180998342015        1.5637145454616608        78.749716654890833     
   62.200000000000614       0.50124673841837042       0.15548471999314170        1.5657004871517319        79.952112498155785     
   62.300000000000615       0.48773735093874276       0.15343405001738419        1.5678196664270008        81.213330827180386     
   62.400000000000617       0.47638294037236856       0.15141049217580016        1.5700314160042896        82.487357521396206     
   62.500000000000618       0.46712635136144309       0.14941589414189449        1.5723098750951554        83.729866972110145     
   62.600000000000620       0.45940816090095288       0.14745649672874789        1.5746498256276629        84.912401196369601     
   62.700000000000621       0.45287901356568588       0.14554416400828002        1.5770451765411826        86.020456207241125     
   62.800000000000622       0.44736527434057788       0.14369655610511989        1.5794872656324979        87.046988837578539     
   62.900000000000624       0.44280582544729113       0.14193890695164121        1.5819649822140673        87.988363293501834     
   63.000000000000625       0.43921240558214425       0.14030788806451383        1.5844648437326854        88.842011328082862     
   63.100000000000627       0.43664210909258921       0.13885825144898600        1.5869711857905433        89.605159494856451     
   63.200000000000628       0.43518501439529128       0.13767497909044249        1.5894661129375227        90.274104071127340     
   63.300000000000630       0.43482105715411767       0.13689017610441501        1.5919348304360992        90.844994271595027     
   63.400000000000631       0.43542503430803042       0.13671187595157289        1.5943674671323367        91.316658427382450     
   63.500000000000632       0.43690004741512828       0.13744888421543902        1.5967549358410429        91.690662972650202     
   63.600000000000634       0.43916038891419851       0.13949699253996234        1.5990892079861907        91.970550020957717     
   63.700000000000635       0.44211307158817703       0.14325530758041405        1.6013639054299065        92.161563642790682     
   63.800000000000637       0.44569255386506262       0.14897679117519652        1.6035730235749872        92.270033763504102     
   63.900000000000638       0.44972283131237883       0.15663255469568321        1.6057158086893975        92.303650005095506     
   64.000000000000639       0.45490293717888591       0.16591638834619174        1.6077627827988752        92.265669104427317     
   64.100000000000634       0.46295621150697891       0.17638534025846000        1.6096386976523507        92.132222386762223     
   64.200000000000628       0.47518865861869536       0.18761015536007941        1.6112684572056668        91.852304553191431     
   64.300000000000622       0.49217952684976835       0.19925144081646293        1.6125969841228309        91.366009110264301     
   64.400000000000617       0.51400557020528348       0.21106889237557216        1.6135888188666900        90.617648104705381     
   64.500000000000611       0.54022378268596849       0.22289795209266558        1.6142308462500849        89.564801269265914     
   64.600000000000605       0.56981160138229769       0.23462164893324550        1.6145338274232863        88.186631440629057     
   64.700000000000600       0.60107744278216491       0.24614671938195584        1.6145333096866028        86.491968394472167     
   64.800000000000594       0.63168373886147777       0.25738534466215363        1.6142881396297966        84.526908742197307     
   64.900000000000588       0.65853204586244152       0.26824059319522497        1.6138835180994691        82.381603947527907     
   65.000000000000583       0.67950340771529405       0.27859560123378724        1.6133995624468023        80.184473968598937     
   65.100000000000577       0.69522496715363502       0.28831018701480288        1.6128678421533722        78.053700217688387     
   65.200000000000571       0.70714138693339301       0.29723304066160389        1.6122949681361087        76.061200326626533     
   65.300000000000566       0.71620864764394310       0.30523814001653105        1.6116876348207283        74.243363146855643     
   65.400000000000560       0.72321732846673137       0.31226439657840926        1.6110491750163713        72.613243948001056     
   65.500000000000554       0.72877573670298867       0.31833317869249694        1.6103812183859911        71.168262785035083     
   65.600000000000549       0.73336638591999870       0.32354790931000321        1.6096837314981691        69.896070671853522     
   65.700000000000543       0.73737384080955304       0.32807656440058097        1.6089553366273361        68.778576083465140     
   65.800000000000537       0.74110562967713445       0.33212399941726756        1.6081935887501209        67.794693321834529     
   65.900000000000531       0.74480638747374428       0.33590463951511162        1.6073952750006373        66.922256366667256     
   66.000000000000526       0.74866548510774400       0.33962052857950270        1.6065567253494724        66.139321919719720     
   66.100000000000520       0.75282871722271216       0.34344348475905051        1.6056739950987304        65.425037861680735     
   66.200000000000514       0.75738232210509793       0.34749998433805546        1.6047434900437318        64.760301770206098     
   66.300000000000509       0.76231164536894103       0.35185605061448327        1.6037632133344346        64.128929483911932     
   66.400000000000503       0.76751779398870568       0.35652091984170131        1.6027330803714945        63.518910168449565     
   66.500000000000497       0.77286185984751565       0.36146637075010374        1.6016545225037042        62.922734798973465     
   66.600000000000492       0.77818371135515207       0.36663848925763920        1.6005303119186869        62.337069739890467     
   66.700000000000486       0.78331317982182191       0.37196588355273569        1.5993644377405503        61.762276752221418     
   66.800000000000480       0.78807934674729652       0.37736750071435987        1.5981619575995247        61.201821931546711     
   66.900000000000475       0.79231755877440446       0.38275813094215111        1.5969288311633081        60.661630222789810     
   67.000000000000469       0.79587401049772244       0.38805234406315409        1.5956718432358776        60.149498890224159     
   67.100000000000463       0.79861389510604108       0.39316746440631700        1.5943985614949019        59.674435293755757     
   67.200000000000458       0.80041190117388805       0.39802686942130278        1.5931175767211962        59.246239266199055     
   67.300000000000452       0.80129545575972350       0.40256420819817462        1.5918357906606422        58.874054058599938     
   67.400000000000446       0.80144779969539148       0.40672922595170674        1.5905570916743272        58.562911742066888     
   67.500000000000441       0.80105226688369546       0.41049513244382585        1.5892842705022379        58.313273165068011     
   67.600000000000435       0.80027348405297249       0.41386441516685318        1.5880193011260946        58.122186186919201     
   67.700000000000429       0.79925739472953949       0.41686446695494134        1.5867633403643375        57.984292993127632     
   67.800000000000423       0.79812755817157899       0.41954023313217892        1.5855168065278740        57.892702280887889     
   67.900000000000418       0.79698877324523043       0.42195027678592023        1.5842793655126979        57.839688181744307     
   68.000000000000412       0.79592902078864092       0.42416282253758247        1.5830498943730957        57.817184528631572     
   68.100000000000406       0.79502023541869993       0.42625101705394863        1.5818267580283196        57.817187391334244     
   68.200000000000401       0.79432675229084304       0.42828900732585584        1.5806079254336722        57.831944495134927     
   68.300000000000395       0.79387431034180644       0.43034775280366028        1.5793916484586805        57.854385939019117     
   68.400000000000389       0.79388370341345504       0.43249118711928847        1.5781724399475134        57.876986682688518     
   68.500000000000384       0.79476944719754061       0.43477239421077846        1.5769394636277698        57.886901780881509     
   68.600000000000378       0.79676934731622351       0.43723028864113306        1.5756825737053137        57.867098246474448     
   68.700000000000372       0.79989862719849947       0.43989302411347958        1.5743945693635444        57.801465190646276     
   68.800000000000367       0.80404163037785692       0.44278269139746818        1.5730708321820948        57.677931979198128     
   68.900000000000361       0.80898887546981768       0.44591524562169887        1.5717093799206467        57.489818841099741     
   69.000000000000355       0.81446456366892184       0.44930055692789256        1.5703108431403086        57.236370373115157     
   69.100000000000350       0.82014360754570692       0.45294251775494099        1.5688784533182218        56.922768185583308     
   69.200000000000344       0.82566283152930064       0.45683932552776974        1.5674180404204803        56.559879153144479     
   69.300000000000338       0.83063338968456635       0.46098391695341912        1.5659379634773996        56.163824789945046     
   69.400000000000333       0.83465350447966635       0.46536453433921710        1.5644490405150990        55.755494766828406     
   69.500000000000327       0.83752770384361575       0.46996541484016818        1.5629608814198304        55.358098497783189     
   69.600000000000321       0.83928113902246237       0.47476753403999028        1.5614802007075235        54.991807724566456     
   69.700000000000315       0.83999294889939990       0.47974936946346791        1.5600125790598323        54.672047926235912     
   69.800000000000310       0.83978036042969795       0.48488762533616742        1.5585624439943393        54.409506320723473     
   69.900000000000304       0.83878398803310283       0.49015789346301614        1.5571331078104866        54.210433360243528     
   70.000000000000298       0.83716043973744936       0.49553519928914863        1.5557267361808509        54.077035172307596     
   70.100000000000293       0.83507498196788754       0.50099444254287673        1.5543443740905327        54.008008632528529     
   70.200000000000287       0.83270143557330167       0.50651065119300553        1.5529858650111155        53.998994358358011     
   70.300000000000281       0.83016745684939031       0.51205924414022608        1.5516507058637092        54.043294910814964     
   70.400000000000276       0.82732559777143622       0.51761505958836185        1.5503425092266145        54.135347370155841     
   70.500000000000270       0.82397538292128747       0.52315122574701189        1.5490671305213437        54.274809695211893     
   70.600000000000264       0.82012716724909418       0.52863940802417531        1.5478278406421286        54.462993293638654     
   70.700000000000259       0.81590778695413069       0.53405006175855563        1.5466257002983470        54.699505680034164     
   70.800000000000253       0.81152749279638925       0.53935234672693477        1.5454593769882430        54.980678584120170     
   70.900000000000247       0.80724468582496345       0.54451379022730750        1.5443252069240463        55.298912923489034     
   71.000000000000242       0.80336456866899864       0.54949980537171517        1.5432168588050614        55.642489071179597     
   71.100000000000236       0.80021088115498973       0.55427313804003564        1.5421256371267316        55.995962876310720     
   71.200000000000230       0.79892946759647521       0.55879339042123022        1.5410254446495195        56.333894834206077     
   71.300000000000225       0.80091843552536646       0.56301659289758488        1.5398772958498319        56.607751599065843     
   71.400000000000219       0.80675109506903475       0.56689647943038923        1.5386503015689188        56.759119522681935     
   71.500000000000213       0.81642963376011857       0.57038694405763735        1.5373225254986003        56.735045004895774     
   71.600000000000207       0.82954661916341432       0.57344368736641493        1.5358811580868541        56.496233786286695     
   71.700000000000202       0.84538357871509384       0.57602615512796040        1.5343223902279874        56.021437809903595     
   71.800000000000196       0.86296357862353246       0.57810003888082906        1.5326511879915734        55.309511040654790     
   71.900000000000190       0.88108373308676846       0.57964009276063178        1.5308810638659314        54.380470316987292     
   72.000000000000185       0.89834545095601781       0.58063286593720276        1.5290338312227441        53.275736108295526     
   72.100000000000179       0.91319779225574782       0.58107886418020993        1.5271393545952252        52.057570416358502     
   72.200000000000173       0.92398103136321075       0.58099398722531503        1.5252357609664942        50.807942214149151     
   72.300000000000168       0.92909520434839177       0.58040974875774787        1.5233684494811592        49.625835941109081     
   72.400000000000162       0.92771399225444717       0.57937257631272043        1.5215807981320739        48.616854345058215     
   72.500000000000156       0.92007058591143565       0.57794241246968470        1.5199063064978999        47.872516094519440     
   72.600000000000151       0.90708615573816731       0.57618951213947101        1.5183685849568265        47.456149069318556     
   72.700000000000145       0.89009248905923322       0.57418949028284627        1.5169810390464966        47.397739612530025     
   72.800000000000139       0.87061763925602131       0.57201919523696498        1.5157466071600301        47.694305465787437     
   72.900000000000134       0.85023749698291029       0.56975353858675570        1.5146575239992577        48.313614607095069     
   73.000000000000128       0.83049275608280049       0.56746287320615307        1.5136951160889649        49.199502871114092     
   73.100000000000122       0.81282816329542396       0.56521069341702335        1.5128301722170057        50.277450748189011     
   73.200000000000117       0.79868460480047543       0.56305145283174241        1.5120215483122352        51.458934581335235     
   73.300000000000111       0.78891548744700635       0.56102827819605350        1.5112277713835607        52.647829716185434     
   73.400000000000105       0.78292309509189273       0.55917031342696266        1.5104301024450935        53.763083040437209     
   73.500000000000099       0.77964104421625102       0.55749078048746503        1.5096243062664985        54.757272647828678     
   73.600000000000094       0.77835868920999285       0.55597932238727810        1.5088061684054637        55.608031202729336     
   73.700000000000088       0.77848628064855374       0.55459350869807444        1.5079738976702191        56.309365875927391     
   73.800000000000082       0.77954498122868243       0.55326281139446076        1.5071274603933564        56.866365031781783     
   73.900000000000077       0.78112936843515468       0.55189746497725711        1.5062685733168921        57.291470657288798     
   74.000000000000071       0.78289162389259126       0.55039675587120029        1.5054005008557401        57.601876752534999     
   74.100000000000065       0.78453009948386609       0.54865812260692393        1.5045279148040323        57.817699564684965     
   74.200000000000060       0.78578129848920009       0.54658564180244429        1.5036567615167753        57.960639699960780     
   74.300000000000054       0.78643885132041935       0.54410278309730764        1.5027937988937947        58.052922650455713     
   74.400000000000048       0.78650110425225028       0.54115165718049485        1.5019434304981496        58.114862203866913     
   74.500000000000043       0.78613115508643872       0.53773702434630255        1.5011068391179028        58.160997110698020     
   74.600000000000009       0.78537963941232658       0.53380319355031913        1.5002864049188827        58.201199804634506     
